=====
{"n": 14, "noise": "ti-qubit", "circ": "cnx-lin-borrowed-1"}: 0.1.0 1543616391.20   1.0000001343113012
{"n": 14, "noise": "ti-qubit", "circ": "cnx-lin-borrowed-1"}: 0.1.0 1543616469.74   2.1049263395664574e-05
{"n": 14, "noise": "ti-qubit", "circ": "cnx-lin-borrowed-1"}: 0.1.0 1543616544.87   1.0000001782561307
{"n": 14, "noise": "ti-qubit", "circ": "cnx-lin-borrowed-1"}: 0.1.0 1543616621.46   1.000000016892014
{"n": 14, "noise": "ti-qubit", "circ": "cnx-lin-borrowed-1"}: 0.1.0 1543616703.74   1.000000098289602
{"n": 14, "noise": "ti-qubit", "circ": "cnx-lin-borrowed-1"}: 0.1.0 1543616777.97   1.0000001138460062
{"n": 14, "noise": "ti-qubit", "circ": "cnx-lin-borrowed-1"}: 0.1.0 1543616855.83   0.999999827732918
{"n": 14, "noise": "ti-qubit", "circ": "cnx-lin-borrowed-1"}: 0.1.0 1543616924.88   0.9999999998580877
{"n": 14, "noise": "ti-qubit", "circ": "cnx-lin-borrowed-1"}: 0.1.0 1543617000.06   0.9999999975552059
{"n": 14, "noise": "ti-qubit", "circ": "cnx-lin-borrowed-1"}: 0.1.0 1543617084.39   0.9999998429349783
{"n": 14, "noise": "ti-qubit", "circ": "cnx-lin-borrowed-1"}: 0.1.0 1543617160.11   0.9999999477818373
{"n": 14, "noise": "ti-qubit", "circ": "cnx-lin-borrowed-1"}: 0.1.0 1543617228.41   0.9999999714146057
{"n": 14, "noise": "ti-qubit", "circ": "cnx-lin-borrowed-1"}: 0.1.0 1543617310.68   1.0000000399330369
{"n": 14, "noise": "ti-qubit", "circ": "cnx-lin-borrowed-1"}: 0.1.0 1543617382.41   1.0000000348953348
{"n": 14, "noise": "ti-qubit", "circ": "cnx-lin-borrowed-1"}: 0.1.0 1543617456.89   0.999999921233008
{"n": 14, "noise": "ti-qubit", "circ": "cnx-lin-borrowed-1"}: 0.1.0 1543617533.02   0.9999999383181738
{"n": 14, "noise": "ti-qubit", "circ": "cnx-lin-borrowed-1"}: 0.1.0 1543617608.42   1.0000001728360157
{"n": 14, "noise": "ti-qubit", "circ": "cnx-lin-borrowed-1"}: 0.1.0 1543617682.01   0.9999999894646825
{"n": 14, "noise": "ti-qubit", "circ": "cnx-lin-borrowed-1"}: 0.1.0 1543617756.07   0.9999998876083995
{"n": 14, "noise": "ti-qubit", "circ": "cnx-lin-borrowed-1"}: 0.1.0 1543617833.41   1.000000134089945
{"n": 14, "noise": "ti-qubit", "circ": "cnx-lin-borrowed-1"}: 0.1.0 1543617909.30   0.9999999485361528
{"n": 14, "noise": "ti-qubit", "circ": "cnx-lin-borrowed-1"}: 0.1.0 1543617985.09   0.9999998967311439
{"n": 14, "noise": "ti-qubit", "circ": "cnx-lin-borrowed-1"}: 0.1.0 1543618056.39   0.999999963433435
{"n": 14, "noise": "ti-qubit", "circ": "cnx-lin-borrowed-1"}: 0.1.0 1543618129.53   1.0000000167614553
{"n": 14, "noise": "ti-qubit", "circ": "cnx-lin-borrowed-1"}: 0.1.0 1543618205.35   1.0000000271127398
{"n": 14, "noise": "ti-qubit", "circ": "cnx-lin-borrowed-1"}: 0.1.0 1543618279.12   1.0000000192550202
{"n": 14, "noise": "ti-qubit", "circ": "cnx-lin-borrowed-1"}: 0.1.0 1543618352.80   0.9999999633316664
{"n": 14, "noise": "ti-qubit", "circ": "cnx-lin-borrowed-1"}: 0.1.0 1543618425.35   1.0000000080689424
{"n": 14, "noise": "ti-qubit", "circ": "cnx-lin-borrowed-1"}: 0.1.0 1543618498.46   0.999999969404654
{"n": 14, "noise": "ti-qubit", "circ": "cnx-lin-borrowed-1"}: 0.1.0 1543618572.56   1.0000001308138262
{"n": 14, "noise": "ti-qubit", "circ": "cnx-lin-borrowed-1"}: 0.1.0 1543618642.27   0.9999998542462987
{"n": 14, "noise": "ti-qubit", "circ": "cnx-lin-borrowed-1"}: 0.1.0 1543618716.78   0.9999999196222636
{"n": 14, "noise": "ti-qubit", "circ": "cnx-lin-borrowed-1"}: 0.1.0 1543618791.56   0.9999999741005277
{"n": 14, "noise": "ti-qubit", "circ": "cnx-lin-borrowed-1"}: 0.1.0 1543618867.86   1.000000027018592
{"n": 14, "noise": "ti-qubit", "circ": "cnx-lin-borrowed-1"}: 0.1.0 1543618939.15   0.99999991507755
{"n": 14, "noise": "ti-qubit", "circ": "cnx-lin-borrowed-1"}: 0.1.0 1543619010.95   0.9999998119807421
=====
{"n": 14, "noise": "ti-qubit", "circ": "cnx-lin"}: 0.1.0 1543619437.74   1.00000016394393
{"n": 14, "noise": "ti-qubit", "circ": "cnx-lin"}: 0.1.0 1543619832.93   5.7762936357696424e-05
{"n": 14, "noise": "ti-qubit", "circ": "cnx-lin"}: 0.1.0 1543620245.39   0.9999998794184893
{"n": 14, "noise": "ti-qubit", "circ": "cnx-lin"}: 0.1.0 1543620649.94   1.000000189506344
{"n": 14, "noise": "ti-qubit", "circ": "cnx-lin"}: 0.1.0 1543621079.26   0.99999992741214
{"n": 14, "noise": "ti-qubit", "circ": "cnx-lin"}: 0.1.0 1543621506.02   1.0000001097195144
{"n": 14, "noise": "ti-qubit", "circ": "cnx-lin"}: 0.1.0 1543621913.94   0.9999999933401071
{"n": 14, "noise": "ti-qubit", "circ": "cnx-lin"}: 0.1.0 1543622333.00   1.0000000230123438
{"n": 14, "noise": "ti-qubit", "circ": "cnx-lin"}: 0.1.0 1543622744.60   4.689116765130232e-05
