=====
{"n": 14, "noise": "ti-qubit", "circ": "cnx-lin-borrowed-1"}: 0.1.0 1543616402.61   1.0000000801611304
{"n": 14, "noise": "ti-qubit", "circ": "cnx-lin-borrowed-1"}: 0.1.0 1543616492.06   1.000000046949673
{"n": 14, "noise": "ti-qubit", "circ": "cnx-lin-borrowed-1"}: 0.1.0 1543616580.61   1.0000000331458534
{"n": 14, "noise": "ti-qubit", "circ": "cnx-lin-borrowed-1"}: 0.1.0 1543616668.81   1.0000001056101004
{"n": 14, "noise": "ti-qubit", "circ": "cnx-lin-borrowed-1"}: 0.1.0 1543616753.77   1.0000000227540273
{"n": 14, "noise": "ti-qubit", "circ": "cnx-lin-borrowed-1"}: 0.1.0 1543616843.96   0.9999998430645199
{"n": 14, "noise": "ti-qubit", "circ": "cnx-lin-borrowed-1"}: 0.1.0 1543616926.94   0.9999998798106103
{"n": 14, "noise": "ti-qubit", "circ": "cnx-lin-borrowed-1"}: 0.1.0 1543617011.29   1.0000000792970798
{"n": 14, "noise": "ti-qubit", "circ": "cnx-lin-borrowed-1"}: 0.1.0 1543617099.64   0.9999998677528846
{"n": 14, "noise": "ti-qubit", "circ": "cnx-lin-borrowed-1"}: 0.1.0 1543617182.81   1.0000000712173667
{"n": 14, "noise": "ti-qubit", "circ": "cnx-lin-borrowed-1"}: 0.1.0 1543617271.72   0.9999999711771725
{"n": 14, "noise": "ti-qubit", "circ": "cnx-lin-borrowed-1"}: 0.1.0 1543617355.20   0.9999999361609629
{"n": 14, "noise": "ti-qubit", "circ": "cnx-lin-borrowed-1"}: 0.1.0 1543617434.41   1.0000000592703717
{"n": 14, "noise": "ti-qubit", "circ": "cnx-lin-borrowed-1"}: 0.1.0 1543617520.54   1.0000000028342484
{"n": 14, "noise": "ti-qubit", "circ": "cnx-lin-borrowed-1"}: 0.1.0 1543617601.27   1.0000000812581533
{"n": 14, "noise": "ti-qubit", "circ": "cnx-lin-borrowed-1"}: 0.1.0 1543617686.46   0.9999998002966168
{"n": 14, "noise": "ti-qubit", "circ": "cnx-lin-borrowed-1"}: 0.1.0 1543617775.31   1.0000000219670346
{"n": 14, "noise": "ti-qubit", "circ": "cnx-lin-borrowed-1"}: 0.1.0 1543617851.12   3.200584347402254e-05
{"n": 14, "noise": "ti-qubit", "circ": "cnx-lin-borrowed-1"}: 0.1.0 1543617934.20   4.986443252749527e-06
{"n": 14, "noise": "ti-qubit", "circ": "cnx-lin-borrowed-1"}: 0.1.0 1543618012.67   1.0000000264234086
{"n": 14, "noise": "ti-qubit", "circ": "cnx-lin-borrowed-1"}: 0.1.0 1543618091.85   0.9999999728990596
{"n": 14, "noise": "ti-qubit", "circ": "cnx-lin-borrowed-1"}: 0.1.0 1543618178.08   0.999999872605931
{"n": 14, "noise": "ti-qubit", "circ": "cnx-lin-borrowed-1"}: 0.1.0 1543618266.40   0.9999998006040884
{"n": 14, "noise": "ti-qubit", "circ": "cnx-lin-borrowed-1"}: 0.1.0 1543618348.50   1.0000000487223122
{"n": 14, "noise": "ti-qubit", "circ": "cnx-lin-borrowed-1"}: 0.1.0 1543618429.54   0.9999999696427129
{"n": 14, "noise": "ti-qubit", "circ": "cnx-lin-borrowed-1"}: 0.1.0 1543618513.02   1.0000000603691364
{"n": 14, "noise": "ti-qubit", "circ": "cnx-lin-borrowed-1"}: 0.1.0 1543618599.41   0.9999999380347405
{"n": 14, "noise": "ti-qubit", "circ": "cnx-lin-borrowed-1"}: 0.1.0 1543618687.36   1.00000001471764
{"n": 14, "noise": "ti-qubit", "circ": "cnx-lin-borrowed-1"}: 0.1.0 1543618775.64   0.99999990739328
{"n": 14, "noise": "ti-qubit", "circ": "cnx-lin-borrowed-1"}: 0.1.0 1543618864.04   2.511800466470817e-05
{"n": 14, "noise": "ti-qubit", "circ": "cnx-lin-borrowed-1"}: 0.1.0 1543618947.74   1.0000000654656243
=====
{"n": 14, "noise": "ti-qubit", "circ": "cnx-lin"}: 0.1.0 1543619505.22   1.0000000531942053
{"n": 14, "noise": "ti-qubit", "circ": "cnx-lin"}: 0.1.0 1543619934.37   1.3440048795149075e-06
{"n": 14, "noise": "ti-qubit", "circ": "cnx-lin"}: 0.1.0 1543620393.03   0.9999999472208816
{"n": 14, "noise": "ti-qubit", "circ": "cnx-lin"}: 0.1.0 1543620847.16   0.9999998238927614
{"n": 14, "noise": "ti-qubit", "circ": "cnx-lin"}: 0.1.0 1543621312.04   1.3248052471925347e-06
{"n": 14, "noise": "ti-qubit", "circ": "cnx-lin"}: 0.1.0 1543621775.05   4.651956104685574e-06
{"n": 14, "noise": "ti-qubit", "circ": "cnx-lin"}: 0.1.0 1543622250.62   1.0000000693193416
{"n": 14, "noise": "ti-qubit", "circ": "cnx-lin"}: 0.1.0 1543622689.59   1.000000019320952
