=====
{"n": 14, "noise": "ti-qubit", "circ": "cnx-lin-borrowed-1"}: 0.1.0 1543616402.93   1.0000000208899777
{"n": 14, "noise": "ti-qubit", "circ": "cnx-lin-borrowed-1"}: 0.1.0 1543616491.31   0.9999999837595505
{"n": 14, "noise": "ti-qubit", "circ": "cnx-lin-borrowed-1"}: 0.1.0 1543616572.77   0.9999999545924513
{"n": 14, "noise": "ti-qubit", "circ": "cnx-lin-borrowed-1"}: 0.1.0 1543616658.01   1.0000000470769899
{"n": 14, "noise": "ti-qubit", "circ": "cnx-lin-borrowed-1"}: 0.1.0 1543616742.32   0.9999999384375587
{"n": 14, "noise": "ti-qubit", "circ": "cnx-lin-borrowed-1"}: 0.1.0 1543616831.48   0.9999999312327973
{"n": 14, "noise": "ti-qubit", "circ": "cnx-lin-borrowed-1"}: 0.1.0 1543616916.65   6.5511897659095636e-06
{"n": 14, "noise": "ti-qubit", "circ": "cnx-lin-borrowed-1"}: 0.1.0 1543617004.59   1.000000088794047
{"n": 14, "noise": "ti-qubit", "circ": "cnx-lin-borrowed-1"}: 0.1.0 1543617089.58   0.9999998727354305
{"n": 14, "noise": "ti-qubit", "circ": "cnx-lin-borrowed-1"}: 0.1.0 1543617172.80   0.9999999926924754
{"n": 14, "noise": "ti-qubit", "circ": "cnx-lin-borrowed-1"}: 0.1.0 1543617258.53   1.000000132600833
{"n": 14, "noise": "ti-qubit", "circ": "cnx-lin-borrowed-1"}: 0.1.0 1543617340.21   0.999999951147312
{"n": 14, "noise": "ti-qubit", "circ": "cnx-lin-borrowed-1"}: 0.1.0 1543617423.77   1.0000000313127784
{"n": 14, "noise": "ti-qubit", "circ": "cnx-lin-borrowed-1"}: 0.1.0 1543617510.46   1.0000000103653157
{"n": 14, "noise": "ti-qubit", "circ": "cnx-lin-borrowed-1"}: 0.1.0 1543617589.98   1.0000001601611104
{"n": 14, "noise": "ti-qubit", "circ": "cnx-lin-borrowed-1"}: 0.1.0 1543617677.08   1.0000000789014647
{"n": 14, "noise": "ti-qubit", "circ": "cnx-lin-borrowed-1"}: 0.1.0 1543617763.79   0.9999999313894209
{"n": 14, "noise": "ti-qubit", "circ": "cnx-lin-borrowed-1"}: 0.1.0 1543617848.64   0.9999998511797965
{"n": 14, "noise": "ti-qubit", "circ": "cnx-lin-borrowed-1"}: 0.1.0 1543617936.53   1.0000001629353128
{"n": 14, "noise": "ti-qubit", "circ": "cnx-lin-borrowed-1"}: 0.1.0 1543618024.42   0.9999999405443654
{"n": 14, "noise": "ti-qubit", "circ": "cnx-lin-borrowed-1"}: 0.1.0 1543618109.50   0.9999999641962182
{"n": 14, "noise": "ti-qubit", "circ": "cnx-lin-borrowed-1"}: 0.1.0 1543618195.47   5.981282485909216e-06
{"n": 14, "noise": "ti-qubit", "circ": "cnx-lin-borrowed-1"}: 0.1.0 1543618279.15   1.0000000911752116
{"n": 14, "noise": "ti-qubit", "circ": "cnx-lin-borrowed-1"}: 0.1.0 1543618363.49   1.0000000893055996
{"n": 14, "noise": "ti-qubit", "circ": "cnx-lin-borrowed-1"}: 0.1.0 1543618451.12   0.9999999269360134
{"n": 14, "noise": "ti-qubit", "circ": "cnx-lin-borrowed-1"}: 0.1.0 1543618533.12   0.9999999954627088
{"n": 14, "noise": "ti-qubit", "circ": "cnx-lin-borrowed-1"}: 0.1.0 1543618618.17   1.0000000301274217
{"n": 14, "noise": "ti-qubit", "circ": "cnx-lin-borrowed-1"}: 0.1.0 1543618707.07   0.9999998703711446
{"n": 14, "noise": "ti-qubit", "circ": "cnx-lin-borrowed-1"}: 0.1.0 1543618795.43   1.0000000050659956
{"n": 14, "noise": "ti-qubit", "circ": "cnx-lin-borrowed-1"}: 0.1.0 1543618881.36   0.9999999177601681
{"n": 14, "noise": "ti-qubit", "circ": "cnx-lin-borrowed-1"}: 0.1.0 1543618969.24   0.999999964651931
=====
{"n": 14, "noise": "ti-qubit", "circ": "cnx-lin"}: 0.1.0 1543619506.79   2.5076918477407223e-05
{"n": 14, "noise": "ti-qubit", "circ": "cnx-lin"}: 0.1.0 1543619931.29   1.000000051024611
{"n": 14, "noise": "ti-qubit", "circ": "cnx-lin"}: 0.1.0 1543620395.62   0.00012547700111606504
{"n": 14, "noise": "ti-qubit", "circ": "cnx-lin"}: 0.1.0 1543620840.84   0.00024358813581763986
{"n": 14, "noise": "ti-qubit", "circ": "cnx-lin"}: 0.1.0 1543621273.69   1.967432298939111e-05
{"n": 14, "noise": "ti-qubit", "circ": "cnx-lin"}: 0.1.0 1543621713.24   8.375684259170748e-06
{"n": 14, "noise": "ti-qubit", "circ": "cnx-lin"}: 0.1.0 1543622205.06   0.999999992849923
{"n": 14, "noise": "ti-qubit", "circ": "cnx-lin"}: 0.1.0 1543622676.72   1.917797072677984e-05
