=====
{"n": 14, "noise": "ti-qubit", "circ": "cnx-lin-borrowed-1"}: 0.1.0 1543616401.42   1.0000000643798976
{"n": 14, "noise": "ti-qubit", "circ": "cnx-lin-borrowed-1"}: 0.1.0 1543616489.69   1.0000001597219008
{"n": 14, "noise": "ti-qubit", "circ": "cnx-lin-borrowed-1"}: 0.1.0 1543616577.96   0.9999999967885875
{"n": 14, "noise": "ti-qubit", "circ": "cnx-lin-borrowed-1"}: 0.1.0 1543616657.76   0.9999999975539766
{"n": 14, "noise": "ti-qubit", "circ": "cnx-lin-borrowed-1"}: 0.1.0 1543616741.05   1.0000001399135017
{"n": 14, "noise": "ti-qubit", "circ": "cnx-lin-borrowed-1"}: 0.1.0 1543616822.03   1.0000001146950244
{"n": 14, "noise": "ti-qubit", "circ": "cnx-lin-borrowed-1"}: 0.1.0 1543616902.71   0.9999999654639445
{"n": 14, "noise": "ti-qubit", "circ": "cnx-lin-borrowed-1"}: 0.1.0 1543616987.53   1.0000000153517044
{"n": 14, "noise": "ti-qubit", "circ": "cnx-lin-borrowed-1"}: 0.1.0 1543617075.69   0.9999998505788794
{"n": 14, "noise": "ti-qubit", "circ": "cnx-lin-borrowed-1"}: 0.1.0 1543617153.91   1.0000000263289464
{"n": 14, "noise": "ti-qubit", "circ": "cnx-lin-borrowed-1"}: 0.1.0 1543617234.48   0.9999999750765868
{"n": 14, "noise": "ti-qubit", "circ": "cnx-lin-borrowed-1"}: 0.1.0 1543617326.19   0.9999999201951224
{"n": 14, "noise": "ti-qubit", "circ": "cnx-lin-borrowed-1"}: 0.1.0 1543617415.25   1.0000001182779354
{"n": 14, "noise": "ti-qubit", "circ": "cnx-lin-borrowed-1"}: 0.1.0 1543617502.21   0.9999998725029345
{"n": 14, "noise": "ti-qubit", "circ": "cnx-lin-borrowed-1"}: 0.1.0 1543617582.34   0.9999999445061184
{"n": 14, "noise": "ti-qubit", "circ": "cnx-lin-borrowed-1"}: 0.1.0 1543617661.65   1.000000057484518
{"n": 14, "noise": "ti-qubit", "circ": "cnx-lin-borrowed-1"}: 0.1.0 1543617740.12   0.9999998971519022
{"n": 14, "noise": "ti-qubit", "circ": "cnx-lin-borrowed-1"}: 0.1.0 1543617823.27   1.3841306787353542e-05
{"n": 14, "noise": "ti-qubit", "circ": "cnx-lin-borrowed-1"}: 0.1.0 1543617908.64   9.590430245314775e-05
{"n": 14, "noise": "ti-qubit", "circ": "cnx-lin-borrowed-1"}: 0.1.0 1543617996.37   1.0000000385704753
{"n": 14, "noise": "ti-qubit", "circ": "cnx-lin-borrowed-1"}: 0.1.0 1543618084.26   0.9999999134252736
{"n": 14, "noise": "ti-qubit", "circ": "cnx-lin-borrowed-1"}: 0.1.0 1543618174.71   1.0000000343824091
{"n": 14, "noise": "ti-qubit", "circ": "cnx-lin-borrowed-1"}: 0.1.0 1543618260.88   0.9999998668055907
{"n": 14, "noise": "ti-qubit", "circ": "cnx-lin-borrowed-1"}: 0.1.0 1543618343.29   1.0000000026902391
{"n": 14, "noise": "ti-qubit", "circ": "cnx-lin-borrowed-1"}: 0.1.0 1543618431.61   0.9999999695308837
{"n": 14, "noise": "ti-qubit", "circ": "cnx-lin-borrowed-1"}: 0.1.0 1543618515.31   6.060582075730789e-07
{"n": 14, "noise": "ti-qubit", "circ": "cnx-lin-borrowed-1"}: 0.1.0 1543618604.60   1.000000127649613
{"n": 14, "noise": "ti-qubit", "circ": "cnx-lin-borrowed-1"}: 0.1.0 1543618696.03   0.9999998264843364
{"n": 14, "noise": "ti-qubit", "circ": "cnx-lin-borrowed-1"}: 0.1.0 1543618782.79   1.00000011894058
{"n": 14, "noise": "ti-qubit", "circ": "cnx-lin-borrowed-1"}: 0.1.0 1543618870.89   0.9999998637096492
{"n": 14, "noise": "ti-qubit", "circ": "cnx-lin-borrowed-1"}: 0.1.0 1543618952.67   0.9999999325178108
=====
{"n": 14, "noise": "ti-qubit", "circ": "cnx-lin"}: 0.1.0 1543619477.48   8.36587507464136e-05
{"n": 14, "noise": "ti-qubit", "circ": "cnx-lin"}: 0.1.0 1543619906.52   0.9999999624731452
{"n": 14, "noise": "ti-qubit", "circ": "cnx-lin"}: 0.1.0 1543620346.85   0.00011536529988677658
{"n": 14, "noise": "ti-qubit", "circ": "cnx-lin"}: 0.1.0 1543620813.66   1.000000027987326
{"n": 14, "noise": "ti-qubit", "circ": "cnx-lin"}: 0.1.0 1543621271.47   1.0000000503427773
{"n": 14, "noise": "ti-qubit", "circ": "cnx-lin"}: 0.1.0 1543621712.58   1.0000000110574785
{"n": 14, "noise": "ti-qubit", "circ": "cnx-lin"}: 0.1.0 1543622173.19   1.0000000938463933
{"n": 14, "noise": "ti-qubit", "circ": "cnx-lin"}: 0.1.0 1543622602.33   1.0000000329164906
