=====
{"n": 14, "noise": "ti-qubit", "circ": "cnx-lin-borrowed-1"}: 0.1.0 1543616396.49   0.9999999986497028
{"n": 14, "noise": "ti-qubit", "circ": "cnx-lin-borrowed-1"}: 0.1.0 1543616476.12   1.0000001712164532
{"n": 14, "noise": "ti-qubit", "circ": "cnx-lin-borrowed-1"}: 0.1.0 1543616555.57   0.999999967375141
{"n": 14, "noise": "ti-qubit", "circ": "cnx-lin-borrowed-1"}: 0.1.0 1543616634.80   1.0332774753304887e-05
{"n": 14, "noise": "ti-qubit", "circ": "cnx-lin-borrowed-1"}: 0.1.0 1543616720.04   1.0000000876995794
{"n": 14, "noise": "ti-qubit", "circ": "cnx-lin-borrowed-1"}: 0.1.0 1543616799.98   3.869912197363031e-05
{"n": 14, "noise": "ti-qubit", "circ": "cnx-lin-borrowed-1"}: 0.1.0 1543616879.87   3.646488989806817e-06
{"n": 14, "noise": "ti-qubit", "circ": "cnx-lin-borrowed-1"}: 0.1.0 1543616957.12   1.0000000694986133
{"n": 14, "noise": "ti-qubit", "circ": "cnx-lin-borrowed-1"}: 0.1.0 1543617035.22   1.0000000928227868
{"n": 14, "noise": "ti-qubit", "circ": "cnx-lin-borrowed-1"}: 0.1.0 1543617117.32   1.0000000790990702
{"n": 14, "noise": "ti-qubit", "circ": "cnx-lin-borrowed-1"}: 0.1.0 1543617193.72   0.9999999449415092
{"n": 14, "noise": "ti-qubit", "circ": "cnx-lin-borrowed-1"}: 0.1.0 1543617275.54   0.9999999581296237
{"n": 14, "noise": "ti-qubit", "circ": "cnx-lin-borrowed-1"}: 0.1.0 1543617358.01   0.9999998903019983
{"n": 14, "noise": "ti-qubit", "circ": "cnx-lin-borrowed-1"}: 0.1.0 1543617435.69   6.834855536245663e-06
{"n": 14, "noise": "ti-qubit", "circ": "cnx-lin-borrowed-1"}: 0.1.0 1543617513.45   1.0000000692556756
{"n": 14, "noise": "ti-qubit", "circ": "cnx-lin-borrowed-1"}: 0.1.0 1543617593.97   0.9999998930582954
{"n": 14, "noise": "ti-qubit", "circ": "cnx-lin-borrowed-1"}: 0.1.0 1543617680.71   1.0000000734402046
{"n": 14, "noise": "ti-qubit", "circ": "cnx-lin-borrowed-1"}: 0.1.0 1543617762.73   1.000000054878867
{"n": 14, "noise": "ti-qubit", "circ": "cnx-lin-borrowed-1"}: 0.1.0 1543617842.44   1.000000036037654
{"n": 14, "noise": "ti-qubit", "circ": "cnx-lin-borrowed-1"}: 0.1.0 1543617926.72   1.000000135277835
{"n": 14, "noise": "ti-qubit", "circ": "cnx-lin-borrowed-1"}: 0.1.0 1543618006.53   0.9999999588179422
{"n": 14, "noise": "ti-qubit", "circ": "cnx-lin-borrowed-1"}: 0.1.0 1543618082.00   0.9999999155109136
{"n": 14, "noise": "ti-qubit", "circ": "cnx-lin-borrowed-1"}: 0.1.0 1543618165.18   0.9999999954908683
{"n": 14, "noise": "ti-qubit", "circ": "cnx-lin-borrowed-1"}: 0.1.0 1543618239.46   0.9999999471685699
{"n": 14, "noise": "ti-qubit", "circ": "cnx-lin-borrowed-1"}: 0.1.0 1543618319.23   6.877651581426933e-06
{"n": 14, "noise": "ti-qubit", "circ": "cnx-lin-borrowed-1"}: 0.1.0 1543618402.15   6.205947527126617e-05
{"n": 14, "noise": "ti-qubit", "circ": "cnx-lin-borrowed-1"}: 0.1.0 1543618486.88   0.9999999126519917
{"n": 14, "noise": "ti-qubit", "circ": "cnx-lin-borrowed-1"}: 0.1.0 1543618568.98   1.0000001865673618
{"n": 14, "noise": "ti-qubit", "circ": "cnx-lin-borrowed-1"}: 0.1.0 1543618653.97   0.9999999048290917
{"n": 14, "noise": "ti-qubit", "circ": "cnx-lin-borrowed-1"}: 0.1.0 1543618732.87   3.7677794084003522e-06
{"n": 14, "noise": "ti-qubit", "circ": "cnx-lin-borrowed-1"}: 0.1.0 1543618811.64   1.0000000899393673
{"n": 14, "noise": "ti-qubit", "circ": "cnx-lin-borrowed-1"}: 0.1.0 1543618895.14   4.235462945472581e-05
{"n": 14, "noise": "ti-qubit", "circ": "cnx-lin-borrowed-1"}: 0.1.0 1543618972.92   0.9999999634021192
=====
{"n": 14, "noise": "ti-qubit", "circ": "cnx-lin"}: 0.1.0 1543619455.04   0.9999998821710253
{"n": 14, "noise": "ti-qubit", "circ": "cnx-lin"}: 0.1.0 1543619905.84   5.343805677797085e-06
{"n": 14, "noise": "ti-qubit", "circ": "cnx-lin"}: 0.1.0 1543620334.66   0.9999998935414687
{"n": 14, "noise": "ti-qubit", "circ": "cnx-lin"}: 0.1.0 1543620768.46   1.0000001475766302
{"n": 14, "noise": "ti-qubit", "circ": "cnx-lin"}: 0.1.0 1543621208.00   1.0000000185969888
{"n": 14, "noise": "ti-qubit", "circ": "cnx-lin"}: 0.1.0 1543621631.10   0.9999999412564771
{"n": 14, "noise": "ti-qubit", "circ": "cnx-lin"}: 0.1.0 1543622025.96   6.277417418068898e-05
{"n": 14, "noise": "ti-qubit", "circ": "cnx-lin"}: 0.1.0 1543622482.94   3.066607173967002e-05
