=====
{"n": 14, "noise": "ti-qubit", "circ": "cnx-lin-borrowed-1"}: 0.1.0 1543616404.99   0.9999999118559687
{"n": 14, "noise": "ti-qubit", "circ": "cnx-lin-borrowed-1"}: 0.1.0 1543616491.32   0.9999999827630422
{"n": 14, "noise": "ti-qubit", "circ": "cnx-lin-borrowed-1"}: 0.1.0 1543616572.64   0.9999999297605021
{"n": 14, "noise": "ti-qubit", "circ": "cnx-lin-borrowed-1"}: 0.1.0 1543616657.92   0.9999998916575672
{"n": 14, "noise": "ti-qubit", "circ": "cnx-lin-borrowed-1"}: 0.1.0 1543616737.08   1.0000000039851304
{"n": 14, "noise": "ti-qubit", "circ": "cnx-lin-borrowed-1"}: 0.1.0 1543616823.51   1.000000155699403
{"n": 14, "noise": "ti-qubit", "circ": "cnx-lin-borrowed-1"}: 0.1.0 1543616907.75   1.2048749197710478e-05
{"n": 14, "noise": "ti-qubit", "circ": "cnx-lin-borrowed-1"}: 0.1.0 1543616996.38   1.0000001193487194
{"n": 14, "noise": "ti-qubit", "circ": "cnx-lin-borrowed-1"}: 0.1.0 1543617084.18   0.9999999898609624
{"n": 14, "noise": "ti-qubit", "circ": "cnx-lin-borrowed-1"}: 0.1.0 1543617168.62   3.640975975782638e-05
{"n": 14, "noise": "ti-qubit", "circ": "cnx-lin-borrowed-1"}: 0.1.0 1543617257.98   1.0000000870816115
{"n": 14, "noise": "ti-qubit", "circ": "cnx-lin-borrowed-1"}: 0.1.0 1543617348.92   0.9999999089237238
{"n": 14, "noise": "ti-qubit", "circ": "cnx-lin-borrowed-1"}: 0.1.0 1543617433.85   1.000000033699583
{"n": 14, "noise": "ti-qubit", "circ": "cnx-lin-borrowed-1"}: 0.1.0 1543617520.15   1.000000016990839
{"n": 14, "noise": "ti-qubit", "circ": "cnx-lin-borrowed-1"}: 0.1.0 1543617610.01   0.00015508508004971266
{"n": 14, "noise": "ti-qubit", "circ": "cnx-lin-borrowed-1"}: 0.1.0 1543617700.16   0.999999939877674
{"n": 14, "noise": "ti-qubit", "circ": "cnx-lin-borrowed-1"}: 0.1.0 1543617780.55   0.9999998882373953
{"n": 14, "noise": "ti-qubit", "circ": "cnx-lin-borrowed-1"}: 0.1.0 1543617870.62   0.9999999512307919
{"n": 14, "noise": "ti-qubit", "circ": "cnx-lin-borrowed-1"}: 0.1.0 1543617956.45   3.450057608468836e-05
{"n": 14, "noise": "ti-qubit", "circ": "cnx-lin-borrowed-1"}: 0.1.0 1543618043.00   0.9999999003475482
{"n": 14, "noise": "ti-qubit", "circ": "cnx-lin-borrowed-1"}: 0.1.0 1543618122.74   1.0000001282559106
{"n": 14, "noise": "ti-qubit", "circ": "cnx-lin-borrowed-1"}: 0.1.0 1543618209.15   0.9999999232227429
{"n": 14, "noise": "ti-qubit", "circ": "cnx-lin-borrowed-1"}: 0.1.0 1543618290.75   1.1313995439461612e-06
{"n": 14, "noise": "ti-qubit", "circ": "cnx-lin-borrowed-1"}: 0.1.0 1543618374.26   1.000000044736801
{"n": 14, "noise": "ti-qubit", "circ": "cnx-lin-borrowed-1"}: 0.1.0 1543618461.02   1.000000168777404
{"n": 14, "noise": "ti-qubit", "circ": "cnx-lin-borrowed-1"}: 0.1.0 1543618548.31   0.9999999845499722
{"n": 14, "noise": "ti-qubit", "circ": "cnx-lin-borrowed-1"}: 0.1.0 1543618627.15   1.0000000924222676
{"n": 14, "noise": "ti-qubit", "circ": "cnx-lin-borrowed-1"}: 0.1.0 1543618715.77   1.0000000309426038
{"n": 14, "noise": "ti-qubit", "circ": "cnx-lin-borrowed-1"}: 0.1.0 1543618803.44   0.9999999091467883
{"n": 14, "noise": "ti-qubit", "circ": "cnx-lin-borrowed-1"}: 0.1.0 1543618893.04   0.9999999850022673
{"n": 14, "noise": "ti-qubit", "circ": "cnx-lin-borrowed-1"}: 0.1.0 1543618973.17   0.9999999463399876
=====
{"n": 14, "noise": "ti-qubit", "circ": "cnx-lin"}: 0.1.0 1543619500.95   0.0002839487529979822
{"n": 14, "noise": "ti-qubit", "circ": "cnx-lin"}: 0.1.0 1543619955.93   1.5239563391826189e-05
{"n": 14, "noise": "ti-qubit", "circ": "cnx-lin"}: 0.1.0 1543620424.95   5.668407981287326e-06
{"n": 14, "noise": "ti-qubit", "circ": "cnx-lin"}: 0.1.0 1543620880.19   0.9999999693219961
{"n": 14, "noise": "ti-qubit", "circ": "cnx-lin"}: 0.1.0 1543621333.07   0.9999999269299702
{"n": 14, "noise": "ti-qubit", "circ": "cnx-lin"}: 0.1.0 1543621806.49   0.00036600597032194386
{"n": 14, "noise": "ti-qubit", "circ": "cnx-lin"}: 0.1.0 1543622274.06   0.00032931889974240135
{"n": 14, "noise": "ti-qubit", "circ": "cnx-lin"}: 0.1.0 1543622729.27   1.00000001534513
