=====
{"n": 14, "noise": "ti-qubit", "circ": "cnx-lin-borrowed-1"}: 0.1.0 1543616396.49   0.9999999764284001
{"n": 14, "noise": "ti-qubit", "circ": "cnx-lin-borrowed-1"}: 0.1.0 1543616479.71   0.999999965051772
{"n": 14, "noise": "ti-qubit", "circ": "cnx-lin-borrowed-1"}: 0.1.0 1543616565.34   1.0000000607548838
{"n": 14, "noise": "ti-qubit", "circ": "cnx-lin-borrowed-1"}: 0.1.0 1543616649.90   1.0000000559180018
{"n": 14, "noise": "ti-qubit", "circ": "cnx-lin-borrowed-1"}: 0.1.0 1543616731.94   0.9999999484317492
{"n": 14, "noise": "ti-qubit", "circ": "cnx-lin-borrowed-1"}: 0.1.0 1543616808.88   3.3268524542423264e-05
{"n": 14, "noise": "ti-qubit", "circ": "cnx-lin-borrowed-1"}: 0.1.0 1543616883.86   5.361025446629656e-06
{"n": 14, "noise": "ti-qubit", "circ": "cnx-lin-borrowed-1"}: 0.1.0 1543616963.74   0.999999984132577
{"n": 14, "noise": "ti-qubit", "circ": "cnx-lin-borrowed-1"}: 0.1.0 1543617044.06   0.9999999576905512
{"n": 14, "noise": "ti-qubit", "circ": "cnx-lin-borrowed-1"}: 0.1.0 1543617126.72   1.0000000154116293
{"n": 14, "noise": "ti-qubit", "circ": "cnx-lin-borrowed-1"}: 0.1.0 1543617214.47   1.0000000942220106
{"n": 14, "noise": "ti-qubit", "circ": "cnx-lin-borrowed-1"}: 0.1.0 1543617300.60   1.0000000583753441
{"n": 14, "noise": "ti-qubit", "circ": "cnx-lin-borrowed-1"}: 0.1.0 1543617385.60   0.9999998248874183
{"n": 14, "noise": "ti-qubit", "circ": "cnx-lin-borrowed-1"}: 0.1.0 1543617463.14   0.9999999555098547
{"n": 14, "noise": "ti-qubit", "circ": "cnx-lin-borrowed-1"}: 0.1.0 1543617546.76   1.0000000256417751
{"n": 14, "noise": "ti-qubit", "circ": "cnx-lin-borrowed-1"}: 0.1.0 1543617628.22   0.999999988958741
{"n": 14, "noise": "ti-qubit", "circ": "cnx-lin-borrowed-1"}: 0.1.0 1543617709.02   1.0000000497260408
{"n": 14, "noise": "ti-qubit", "circ": "cnx-lin-borrowed-1"}: 0.1.0 1543617786.14   1.000000018866638
{"n": 14, "noise": "ti-qubit", "circ": "cnx-lin-borrowed-1"}: 0.1.0 1543617868.78   0.9999999804408816
{"n": 14, "noise": "ti-qubit", "circ": "cnx-lin-borrowed-1"}: 0.1.0 1543617944.43   0.9999999226260711
{"n": 14, "noise": "ti-qubit", "circ": "cnx-lin-borrowed-1"}: 0.1.0 1543618019.47   0.9999998517499892
{"n": 14, "noise": "ti-qubit", "circ": "cnx-lin-borrowed-1"}: 0.1.0 1543618099.06   0.9999999783140282
{"n": 14, "noise": "ti-qubit", "circ": "cnx-lin-borrowed-1"}: 0.1.0 1543618177.04   1.0000000090213623
{"n": 14, "noise": "ti-qubit", "circ": "cnx-lin-borrowed-1"}: 0.1.0 1543618261.02   1.0000000865899006
{"n": 14, "noise": "ti-qubit", "circ": "cnx-lin-borrowed-1"}: 0.1.0 1543618340.06   1.0000000420572337
{"n": 14, "noise": "ti-qubit", "circ": "cnx-lin-borrowed-1"}: 0.1.0 1543618426.02   6.47111881327381e-05
{"n": 14, "noise": "ti-qubit", "circ": "cnx-lin-borrowed-1"}: 0.1.0 1543618505.65   1.0000000045222346
{"n": 14, "noise": "ti-qubit", "circ": "cnx-lin-borrowed-1"}: 0.1.0 1543618579.65   1.0000001230855522
{"n": 14, "noise": "ti-qubit", "circ": "cnx-lin-borrowed-1"}: 0.1.0 1543618659.79   0.9999999949342353
{"n": 14, "noise": "ti-qubit", "circ": "cnx-lin-borrowed-1"}: 0.1.0 1543618737.32   1.0000000181182855
{"n": 14, "noise": "ti-qubit", "circ": "cnx-lin-borrowed-1"}: 0.1.0 1543618821.22   1.0000000456864964
{"n": 14, "noise": "ti-qubit", "circ": "cnx-lin-borrowed-1"}: 0.1.0 1543618900.61   1.0000001175296056
{"n": 14, "noise": "ti-qubit", "circ": "cnx-lin-borrowed-1"}: 0.1.0 1543618980.02   2.7846052982924696e-05
=====
{"n": 14, "noise": "ti-qubit", "circ": "cnx-lin"}: 0.1.0 1543619462.94   8.896677821467027e-07
{"n": 14, "noise": "ti-qubit", "circ": "cnx-lin"}: 0.1.0 1543619905.85   5.340863658382349e-10
{"n": 14, "noise": "ti-qubit", "circ": "cnx-lin"}: 0.1.0 1543620325.75   8.639413990122708e-05
{"n": 14, "noise": "ti-qubit", "circ": "cnx-lin"}: 0.1.0 1543620767.99   0.00010880555000098681
{"n": 14, "noise": "ti-qubit", "circ": "cnx-lin"}: 0.1.0 1543621217.00   0.00020655210910264105
{"n": 14, "noise": "ti-qubit", "circ": "cnx-lin"}: 0.1.0 1543621655.24   1.0000002150582734
{"n": 14, "noise": "ti-qubit", "circ": "cnx-lin"}: 0.1.0 1543622092.11   3.439287158317473e-05
{"n": 14, "noise": "ti-qubit", "circ": "cnx-lin"}: 0.1.0 1543622531.14   1.0000000554138484
