=====
{"n": 14, "noise": "ti-qubit", "circ": "cnx-lin-borrowed-1"}: 0.1.0 1543616389.07   1.0000000754213318
{"n": 14, "noise": "ti-qubit", "circ": "cnx-lin-borrowed-1"}: 0.1.0 1543616458.72   0.9999998323750229
{"n": 14, "noise": "ti-qubit", "circ": "cnx-lin-borrowed-1"}: 0.1.0 1543616532.46   0.999999983498368
{"n": 14, "noise": "ti-qubit", "circ": "cnx-lin-borrowed-1"}: 0.1.0 1543616606.63   0.9999998530925941
{"n": 14, "noise": "ti-qubit", "circ": "cnx-lin-borrowed-1"}: 0.1.0 1543616679.89   0.9999999552959246
{"n": 14, "noise": "ti-qubit", "circ": "cnx-lin-borrowed-1"}: 0.1.0 1543616757.80   0.9999999759481847
{"n": 14, "noise": "ti-qubit", "circ": "cnx-lin-borrowed-1"}: 0.1.0 1543616833.38   0.999999954786675
{"n": 14, "noise": "ti-qubit", "circ": "cnx-lin-borrowed-1"}: 0.1.0 1543616910.18   0.9999999284692547
{"n": 14, "noise": "ti-qubit", "circ": "cnx-lin-borrowed-1"}: 0.1.0 1543616986.85   1.0000000871369334
{"n": 14, "noise": "ti-qubit", "circ": "cnx-lin-borrowed-1"}: 0.1.0 1543617060.76   1.0000001110768872
{"n": 14, "noise": "ti-qubit", "circ": "cnx-lin-borrowed-1"}: 0.1.0 1543617136.70   1.0000000510492322
{"n": 14, "noise": "ti-qubit", "circ": "cnx-lin-borrowed-1"}: 0.1.0 1543617215.18   0.9999999168113323
{"n": 14, "noise": "ti-qubit", "circ": "cnx-lin-borrowed-1"}: 0.1.0 1543617287.50   0.9999998092385125
{"n": 14, "noise": "ti-qubit", "circ": "cnx-lin-borrowed-1"}: 0.1.0 1543617355.26   0.9999999478621164
{"n": 14, "noise": "ti-qubit", "circ": "cnx-lin-borrowed-1"}: 0.1.0 1543617431.13   1.0000000702380327
{"n": 14, "noise": "ti-qubit", "circ": "cnx-lin-borrowed-1"}: 0.1.0 1543617504.66   0.9999999304182806
{"n": 14, "noise": "ti-qubit", "circ": "cnx-lin-borrowed-1"}: 0.1.0 1543617575.51   0.9999999897133547
{"n": 14, "noise": "ti-qubit", "circ": "cnx-lin-borrowed-1"}: 0.1.0 1543617654.17   1.000000054307449
{"n": 14, "noise": "ti-qubit", "circ": "cnx-lin-borrowed-1"}: 0.1.0 1543617730.90   0.999999997768074
{"n": 14, "noise": "ti-qubit", "circ": "cnx-lin-borrowed-1"}: 0.1.0 1543617805.05   1.0000001305596704
{"n": 14, "noise": "ti-qubit", "circ": "cnx-lin-borrowed-1"}: 0.1.0 1543617877.39   1.0000000315553408
{"n": 14, "noise": "ti-qubit", "circ": "cnx-lin-borrowed-1"}: 0.1.0 1543617950.49   4.067584540184857e-06
{"n": 14, "noise": "ti-qubit", "circ": "cnx-lin-borrowed-1"}: 0.1.0 1543618023.53   1.00000008769224
{"n": 14, "noise": "ti-qubit", "circ": "cnx-lin-borrowed-1"}: 0.1.0 1543618093.67   0.9999999444633282
{"n": 14, "noise": "ti-qubit", "circ": "cnx-lin-borrowed-1"}: 0.1.0 1543618159.58   1.0000000206560302
{"n": 14, "noise": "ti-qubit", "circ": "cnx-lin-borrowed-1"}: 0.1.0 1543618228.03   0.9999998939859688
{"n": 14, "noise": "ti-qubit", "circ": "cnx-lin-borrowed-1"}: 0.1.0 1543618302.30   0.9999998444839904
{"n": 14, "noise": "ti-qubit", "circ": "cnx-lin-borrowed-1"}: 0.1.0 1543618375.71   0.9999999127894804
{"n": 14, "noise": "ti-qubit", "circ": "cnx-lin-borrowed-1"}: 0.1.0 1543618447.32   0.9999999463614728
{"n": 14, "noise": "ti-qubit", "circ": "cnx-lin-borrowed-1"}: 0.1.0 1543618518.05   0.9999999142418795
{"n": 14, "noise": "ti-qubit", "circ": "cnx-lin-borrowed-1"}: 0.1.0 1543618589.52   0.9999998383250323
{"n": 14, "noise": "ti-qubit", "circ": "cnx-lin-borrowed-1"}: 0.1.0 1543618660.15   3.600927567823309e-05
{"n": 14, "noise": "ti-qubit", "circ": "cnx-lin-borrowed-1"}: 0.1.0 1543618730.18   1.0000000854984532
{"n": 14, "noise": "ti-qubit", "circ": "cnx-lin-borrowed-1"}: 0.1.0 1543618796.89   0.9999998198722452
{"n": 14, "noise": "ti-qubit", "circ": "cnx-lin-borrowed-1"}: 0.1.0 1543618869.58   0.9999999597756872
{"n": 14, "noise": "ti-qubit", "circ": "cnx-lin-borrowed-1"}: 0.1.0 1543618940.80   1.0000000921133547
{"n": 14, "noise": "ti-qubit", "circ": "cnx-lin-borrowed-1"}: 0.1.0 1543619009.03   1.000000139921506
=====
{"n": 14, "noise": "ti-qubit", "circ": "cnx-lin"}: 0.1.0 1543619411.45   2.3487534052173847e-07
{"n": 14, "noise": "ti-qubit", "circ": "cnx-lin"}: 0.1.0 1543619800.94   0.999999910524787
{"n": 14, "noise": "ti-qubit", "circ": "cnx-lin"}: 0.1.0 1543620175.85   2.689005648925763e-07
{"n": 14, "noise": "ti-qubit", "circ": "cnx-lin"}: 0.1.0 1543620526.47   9.847891467229282e-05
{"n": 14, "noise": "ti-qubit", "circ": "cnx-lin"}: 0.1.0 1543620907.86   5.26165759933605e-05
{"n": 14, "noise": "ti-qubit", "circ": "cnx-lin"}: 0.1.0 1543621310.81   1.0000000641509807
{"n": 14, "noise": "ti-qubit", "circ": "cnx-lin"}: 0.1.0 1543621710.42   0.0001719917345646433
{"n": 14, "noise": "ti-qubit", "circ": "cnx-lin"}: 0.1.0 1543622092.43   1.000000110122024
{"n": 14, "noise": "ti-qubit", "circ": "cnx-lin"}: 0.1.0 1543622474.71   1.3148792492639144e-05
