=====
{"n": 14, "noise": "sc-better-gates", "circ": "cnx-btb"}: 0.1.0 1543473532.25   0.9997310914844653
{"n": 14, "noise": "sc-better-gates", "circ": "cnx-btb"}: 0.1.0 1543474814.65   0.9997314064275185
{"n": 14, "noise": "sc-better-gates", "circ": "cnx-btb"}: 0.1.0 1543476106.01   0.9997376416345967
{"n": 14, "noise": "sc-better-gates", "circ": "cnx-btb"}: 0.1.0 1543477395.05   0.9997308710279018
{"n": 14, "noise": "sc-better-gates", "circ": "cnx-btb"}: 0.1.0 1543478688.31   0.999733536206146
{"n": 14, "noise": "sc-better-gates", "circ": "cnx-btb"}: 0.1.0 1543479977.48   0.999732740205973
{"n": 14, "noise": "sc-better-gates", "circ": "cnx-btb"}: 0.1.0 1543481258.48   5.5195648701592445e-05
{"n": 14, "noise": "sc-better-gates", "circ": "cnx-btb"}: 0.1.0 1543482550.23   0.9997370005562501
{"n": 14, "noise": "sc-better-gates", "circ": "cnx-btb"}: 0.1.0 1543483846.97   0.9997320849951542
{"n": 14, "noise": "sc-better-gates", "circ": "cnx-btb"}: 0.1.0 1543485131.83   0.9997315793047911
{"n": 14, "noise": "sc-better-gates", "circ": "cnx-btb"}: 0.1.0 1543486423.32   0.0
{"n": 14, "noise": "sc-better-gates", "circ": "cnx-btb"}: 0.1.0 1543487717.46   0.9997340388544285
{"n": 14, "noise": "sc-better-gates", "circ": "cnx-btb"}: 0.1.0 1543489025.03   0.0
{"n": 14, "noise": "sc-better-gates", "circ": "cnx-btb"}: 0.1.0 1543490330.25   0.9997361958983368
{"n": 14, "noise": "sc-better-gates", "circ": "cnx-btb"}: 0.1.0 1543491632.04   0.9997316170401422
{"n": 14, "noise": "sc-better-gates", "circ": "cnx-btb"}: 0.1.0 1543492930.66   0.9997322862773641
{"n": 14, "noise": "sc-better-gates", "circ": "cnx-btb"}: 0.1.0 1543494233.44   0.9997361006982405
{"n": 14, "noise": "sc-better-gates", "circ": "cnx-btb"}: 0.1.0 1543495540.69   0.9997330983728325
{"n": 14, "noise": "sc-better-gates", "circ": "cnx-btb"}: 0.1.0 1543496843.40   0.9997320831662979
{"n": 14, "noise": "sc-better-gates", "circ": "cnx-btb"}: 0.1.0 1543498152.08   1.9964624992924426e-05
{"n": 14, "noise": "sc-better-gates", "circ": "cnx-btb"}: 0.1.0 1543499459.02   1.4570181387135912e-05
{"n": 14, "noise": "sc-better-gates", "circ": "cnx-btb"}: 0.1.0 1543500763.86   0.9997367495236174
{"n": 14, "noise": "sc-better-gates", "circ": "cnx-btb"}: 0.1.0 1543502065.19   0.9997351020042557
{"n": 14, "noise": "sc-better-gates", "circ": "cnx-btb"}: 0.1.0 1543503376.60   0.9997352257581974
{"n": 14, "noise": "sc-better-gates", "circ": "cnx-btb"}: 0.1.0 1543504677.14   0.999733515596139
{"n": 14, "noise": "sc-better-gates", "circ": "cnx-btb"}: 0.1.0 1543505980.57   0.9997348174212086
{"n": 14, "noise": "sc-better-gates", "circ": "cnx-btb"}: 0.1.0 1543507278.62   0.9997332477681349
{"n": 14, "noise": "sc-better-gates", "circ": "cnx-btb"}: 0.1.0 1543508578.53   6.08911826831572e-05
{"n": 14, "noise": "sc-better-gates", "circ": "cnx-btb"}: 0.1.0 1543509887.82   1.7321947974611636e-12
{"n": 14, "noise": "sc-better-gates", "circ": "cnx-btb"}: 0.1.0 1543511186.32   0.9997425985389732
{"n": 14, "noise": "sc-better-gates", "circ": "cnx-btb"}: 0.1.0 1543512502.76   0.9997362004315751
{"n": 14, "noise": "sc-better-gates", "circ": "cnx-btb"}: 0.1.0 1543513817.41   0.9997401278238865
{"n": 14, "noise": "sc-better-gates", "circ": "cnx-btb"}: 0.1.0 1543515119.28   0.9997303764169437
{"n": 14, "noise": "sc-better-gates", "circ": "cnx-btb"}: 0.1.0 1543516414.11   0.9997347118404767
{"n": 14, "noise": "sc-better-gates", "circ": "cnx-btb"}: 0.1.0 1543517721.38   0.9997393492778488
{"n": 14, "noise": "sc-better-gates", "circ": "cnx-btb"}: 0.1.0 1543519025.78   0.9997370142115644
{"n": 14, "noise": "sc-better-gates", "circ": "cnx-btb"}: 0.1.0 1543520328.65   0.9997322797355112
{"n": 14, "noise": "sc-better-gates", "circ": "cnx-btb"}: 0.1.0 1543521628.17   0.9997287705648232
{"n": 14, "noise": "sc-better-gates", "circ": "cnx-btb"}: 0.1.0 1543522925.16   0.0
=====
{"n": 14, "noise": "sc", "circ": "cnx-lin"}: 0.1.0 1543525692.01   1.1701429792472455e-05
{"n": 14, "noise": "sc", "circ": "cnx-lin"}: 0.1.0 1543526598.72   0.0003159264930113584
{"n": 14, "noise": "sc", "circ": "cnx-lin"}: 0.1.0 1543527465.53   5.286596472435877e-06
{"n": 14, "noise": "sc", "circ": "cnx-lin"}: 0.1.0 1543528387.60   2.2514125916999776e-05
{"n": 14, "noise": "sc", "circ": "cnx-lin"}: 0.1.0 1543529264.72   0.00014954936198238988
{"n": 14, "noise": "sc", "circ": "cnx-lin"}: 0.1.0 1543530219.44   7.262736106580594e-05
{"n": 14, "noise": "sc", "circ": "cnx-lin"}: 0.1.0 1543531116.57   0.00020998434768539155
{"n": 14, "noise": "sc", "circ": "cnx-lin"}: 0.1.0 1543532069.78   0.00015101861359989227
{"n": 14, "noise": "sc", "circ": "cnx-lin"}: 0.1.0 1543532945.49   5.4956880591304106e-05
{"n": 14, "noise": "sc", "circ": "cnx-lin"}: 0.1.0 1543533825.74   7.966034270173131e-06
{"n": 14, "noise": "sc", "circ": "cnx-lin"}: 0.1.0 1543534703.31   0.00016326206639056623
{"n": 14, "noise": "sc", "circ": "cnx-lin"}: 0.1.0 1543535629.85   5.9658041893876155e-05
{"n": 14, "noise": "sc", "circ": "cnx-lin"}: 0.1.0 1543536578.13   2.2464197565327152e-05
{"n": 14, "noise": "sc", "circ": "cnx-lin"}: 0.1.0 1543537498.68   7.255922643104099e-05
{"n": 14, "noise": "sc", "circ": "cnx-lin"}: 0.1.0 1543538441.46   1.738989054829405e-05
=====
{"n": 14, "noise": "sc-better-gates", "circ": "cnx-btb"}: 0.1.0 1543540204.76   0.9997310942796718
{"n": 14, "noise": "sc-better-gates", "circ": "cnx-btb"}: 0.1.0 1543541495.79   9.200798999213729e-06
{"n": 14, "noise": "sc-better-gates", "circ": "cnx-btb"}: 0.1.0 1543542794.85   0.9997365120321665
{"n": 14, "noise": "sc-better-gates", "circ": "cnx-btb"}: 0.1.0 1543544088.03   0.9997335635982973
{"n": 14, "noise": "sc-better-gates", "circ": "cnx-btb"}: 0.1.0 1543545377.94   0.9997334377957526
{"n": 14, "noise": "sc-better-gates", "circ": "cnx-btb"}: 0.1.0 1543546666.05   0.9997369909299758
=====
{"n": 14, "noise": "sc-better-t1", "circ": "cnx-btb"}: 0.1.0 1543548878.13   1.2177405099662481e-05
{"n": 14, "noise": "sc-better-t1", "circ": "cnx-btb"}: 0.1.0 1543550176.50   0.999997244447395
{"n": 14, "noise": "sc-better-t1", "circ": "cnx-btb"}: 0.1.0 1543551470.51   5.025544666271756e-06
{"n": 14, "noise": "sc-better-t1", "circ": "cnx-btb"}: 0.1.0 1543552758.33   0.9999972959485383
{"n": 14, "noise": "sc-better-t1", "circ": "cnx-btb"}: 0.1.0 1543554049.62   0.9999973409624455
{"n": 14, "noise": "sc-better-t1", "circ": "cnx-btb"}: 0.1.0 1543555345.09   0.9999973782950261
{"n": 14, "noise": "sc-better-t1", "circ": "cnx-btb"}: 0.1.0 1543556642.92   0.9999973737826019
{"n": 14, "noise": "sc-better-t1", "circ": "cnx-btb"}: 0.1.0 1543557946.42   3.0003244920903634e-06
{"n": 14, "noise": "sc-better-t1", "circ": "cnx-btb"}: 0.1.0 1543559250.18   1.0436979761421074e-05
{"n": 14, "noise": "sc-better-t1", "circ": "cnx-btb"}: 0.1.0 1543560548.76   0.9999975021033982
{"n": 14, "noise": "sc-better-t1", "circ": "cnx-btb"}: 0.1.0 1543561851.21   6.225660227026461e-07
{"n": 14, "noise": "sc-better-t1", "circ": "cnx-btb"}: 0.1.0 1543563148.96   1.879808834004854e-05
{"n": 14, "noise": "sc-better-t1", "circ": "cnx-btb"}: 0.1.0 1543564451.01   7.695248582814111e-06
{"n": 14, "noise": "sc-better-t1", "circ": "cnx-btb"}: 0.1.0 1543565751.21   4.3767411499941926e-05
{"n": 14, "noise": "sc-better-t1", "circ": "cnx-btb"}: 0.1.0 1543567043.91   2.0597729928412844e-05
{"n": 14, "noise": "sc-better-t1", "circ": "cnx-btb"}: 0.1.0 1543568346.20   0.999997309933904
{"n": 14, "noise": "sc-better-t1", "circ": "cnx-btb"}: 0.1.0 1543569646.47   0.9999973249795117
{"n": 14, "noise": "sc-better-t1", "circ": "cnx-btb"}: 0.1.0 1543570946.95   0.9999974803223455
{"n": 14, "noise": "sc-better-t1", "circ": "cnx-btb"}: 0.1.0 1543572242.74   0.9999974094224715
{"n": 14, "noise": "sc-better-t1", "circ": "cnx-btb"}: 0.1.0 1543573552.58   0.9999973963974134
{"n": 14, "noise": "sc-better-t1", "circ": "cnx-btb"}: 0.1.0 1543574843.78   0.9999973078356273
{"n": 14, "noise": "sc-better-t1", "circ": "cnx-btb"}: 0.1.0 1543576139.25   0.9999974496486508
{"n": 14, "noise": "sc-better-t1", "circ": "cnx-btb"}: 0.1.0 1543577438.86   0.99999717566929
{"n": 14, "noise": "sc-better-t1", "circ": "cnx-btb"}: 0.1.0 1543578747.75   0.9999973418701089
{"n": 14, "noise": "sc-better-t1", "circ": "cnx-btb"}: 0.1.0 1543580047.14   0.001844840342578213
{"n": 14, "noise": "sc-better-t1", "circ": "cnx-btb"}: 0.1.0 1543581342.64   0.026976873814373532
{"n": 14, "noise": "sc-better-t1", "circ": "cnx-btb"}: 0.1.0 1543582637.58   0.9999973009016935
{"n": 14, "noise": "sc-better-t1", "circ": "cnx-btb"}: 0.1.0 1543583939.28   0.08566022216250688
{"n": 14, "noise": "sc-better-t1", "circ": "cnx-btb"}: 0.1.0 1543585242.50   0.00488163566685581
{"n": 14, "noise": "sc-better-t1", "circ": "cnx-btb"}: 0.1.0 1543586540.61   0.9999973170438646
{"n": 14, "noise": "sc-better-t1", "circ": "cnx-btb"}: 0.1.0 1543587838.28   0.9999974143829364
{"n": 14, "noise": "sc-better-t1", "circ": "cnx-btb"}: 0.1.0 1543589149.72   0.9999974334341181
{"n": 14, "noise": "sc-better-t1", "circ": "cnx-btb"}: 0.1.0 1543590450.97   0.9999972889843105
{"n": 14, "noise": "sc-better-t1", "circ": "cnx-btb"}: 0.1.0 1543591750.86   0.9999973634442868
{"n": 14, "noise": "sc-better-t1", "circ": "cnx-btb"}: 0.1.0 1543593053.93   0.9999974074828509
{"n": 14, "noise": "sc-better-t1", "circ": "cnx-btb"}: 0.1.0 1543594357.32   0.9999973016629468
{"n": 14, "noise": "sc-better-t1", "circ": "cnx-btb"}: 0.1.0 1543595660.87   0.9999975810789685
{"n": 14, "noise": "sc-better-t1", "circ": "cnx-btb"}: 0.1.0 1543596961.22   0.9999973367833225
{"n": 14, "noise": "sc-better-t1", "circ": "cnx-btb"}: 0.1.0 1543598259.31   0.9999974638825214
{"n": 14, "noise": "sc-better-t1", "circ": "cnx-btb"}: 0.1.0 1543599557.44   0.013109153819812517
{"n": 14, "noise": "sc-better-t1", "circ": "cnx-btb"}: 0.1.0 1543600858.32   0.9999971701034932
{"n": 14, "noise": "sc-better-t1", "circ": "cnx-btb"}: 0.1.0 1543602159.35   0.9999973755295526
{"n": 14, "noise": "sc-better-t1", "circ": "cnx-btb"}: 0.1.0 1543603462.33   1.1665046256713486e-05
{"n": 14, "noise": "sc-better-t1", "circ": "cnx-btb"}: 0.1.0 1543604774.11   0.9999973412734258
{"n": 14, "noise": "sc-better-t1", "circ": "cnx-btb"}: 0.1.0 1543606069.96   0.9999973391637743
{"n": 14, "noise": "sc-better-t1", "circ": "cnx-btb"}: 0.1.0 1543607368.83   7.214252820034017e-05
{"n": 14, "noise": "sc-better-t1", "circ": "cnx-btb"}: 0.1.0 1543608663.69   4.807966450068096e-15
{"n": 14, "noise": "sc-better-t1", "circ": "cnx-btb"}: 0.1.0 1543609959.80   0.9999974630978721
{"n": 14, "noise": "sc-better-t1", "circ": "cnx-btb"}: 0.1.0 1543611264.14   0.9999973961158977
{"n": 14, "noise": "sc-better-t1", "circ": "cnx-btb"}: 0.1.0 1543612556.54   0.9999973680492383
{"n": 14, "noise": "sc-better-t1", "circ": "cnx-btb"}: 0.1.0 1543613851.67   0.999997475948919
{"n": 14, "noise": "sc-better-t1", "circ": "cnx-btb"}: 0.1.0 1543615151.56   0.9999973985019519
