=====
{"n": 14, "noise": "sc-better-t1-and-gates", "circ": "cnx-lin"}: 0.1.0 1543473045.96   0.9984437029154376
{"n": 14, "noise": "sc-better-t1-and-gates", "circ": "cnx-lin"}: 0.1.0 1543473809.72   1.6230026598810047e-05
{"n": 14, "noise": "sc-better-t1-and-gates", "circ": "cnx-lin"}: 0.1.0 1543474641.21   6.522835914204705e-05
{"n": 14, "noise": "sc-better-t1-and-gates", "circ": "cnx-lin"}: 0.1.0 1543475426.58   0.0001507380088250987
{"n": 14, "noise": "sc-better-t1-and-gates", "circ": "cnx-lin"}: 0.1.0 1543476135.66   0.9984205650469542
{"n": 14, "noise": "sc-better-t1-and-gates", "circ": "cnx-lin"}: 0.1.0 1543476944.18   5.2129043888894704e-05
{"n": 14, "noise": "sc-better-t1-and-gates", "circ": "cnx-lin"}: 0.1.0 1543477689.37   4.688890962425631e-06
{"n": 14, "noise": "sc-better-t1-and-gates", "circ": "cnx-lin"}: 0.1.0 1543478439.31   4.165586576784808e-06
{"n": 14, "noise": "sc-better-t1-and-gates", "circ": "cnx-lin"}: 0.1.0 1543479237.81   0.9984310177069446
{"n": 14, "noise": "sc-better-t1-and-gates", "circ": "cnx-lin"}: 0.1.0 1543480042.56   3.059102500111979e-05
{"n": 14, "noise": "sc-better-t1-and-gates", "circ": "cnx-lin"}: 0.1.0 1543480763.78   6.195269204089547e-05
{"n": 14, "noise": "sc-better-t1-and-gates", "circ": "cnx-lin"}: 0.1.0 1543481576.72   0.00011547910658077858
{"n": 14, "noise": "sc-better-t1-and-gates", "circ": "cnx-lin"}: 0.1.0 1543482416.77   1.1414552941873864e-05
{"n": 14, "noise": "sc-better-t1-and-gates", "circ": "cnx-lin"}: 0.1.0 1543483235.67   9.65098384292249e-05
{"n": 14, "noise": "sc-better-t1-and-gates", "circ": "cnx-lin"}: 0.1.0 1543484063.29   0.00016986662625668737
{"n": 14, "noise": "sc-better-t1-and-gates", "circ": "cnx-lin"}: 0.1.0 1543484877.79   0.9984438821316889
{"n": 14, "noise": "sc-better-t1-and-gates", "circ": "cnx-lin"}: 0.1.0 1543485684.10   0.9984115312733932
{"n": 14, "noise": "sc-better-t1-and-gates", "circ": "cnx-lin"}: 0.1.0 1543486488.82   5.777557812431857e-05
{"n": 14, "noise": "sc-better-t1-and-gates", "circ": "cnx-lin"}: 0.1.0 1543487252.47   0.9984301146191258
{"n": 14, "noise": "sc-better-t1-and-gates", "circ": "cnx-lin"}: 0.1.0 1543487985.43   3.542768361174506e-05
{"n": 14, "noise": "sc-better-t1-and-gates", "circ": "cnx-lin"}: 0.1.0 1543488730.21   1.737082262410125e-05
{"n": 14, "noise": "sc-better-t1-and-gates", "circ": "cnx-lin"}: 0.1.0 1543489490.91   1.785874185695634e-05
{"n": 14, "noise": "sc-better-t1-and-gates", "circ": "cnx-lin"}: 0.1.0 1543490285.67   3.5418345367859134e-05
{"n": 14, "noise": "sc-better-t1-and-gates", "circ": "cnx-lin"}: 0.1.0 1543491124.95   6.30004889659972e-05
{"n": 14, "noise": "sc-better-t1-and-gates", "circ": "cnx-lin"}: 0.1.0 1543491990.50   7.390438964850285e-05
{"n": 14, "noise": "sc-better-t1-and-gates", "circ": "cnx-lin"}: 0.1.0 1543492815.38   8.970275813128061e-06
{"n": 14, "noise": "sc-better-t1-and-gates", "circ": "cnx-lin"}: 0.1.0 1543493635.29   5.715490066014022e-07
{"n": 14, "noise": "sc-better-t1-and-gates", "circ": "cnx-lin"}: 0.1.0 1543494452.07   0.9984281639830535
{"n": 14, "noise": "sc-better-t1-and-gates", "circ": "cnx-lin"}: 0.1.0 1543495254.75   0.9984438296053915
{"n": 14, "noise": "sc-better-t1-and-gates", "circ": "cnx-lin"}: 0.1.0 1543496059.14   3.2029370916500775e-05
{"n": 14, "noise": "sc-better-t1-and-gates", "circ": "cnx-lin"}: 0.1.0 1543496895.25   4.427119469141271e-06
{"n": 14, "noise": "sc-better-t1-and-gates", "circ": "cnx-lin"}: 0.1.0 1543497678.98   8.020994624633459e-05
{"n": 14, "noise": "sc-better-t1-and-gates", "circ": "cnx-lin"}: 0.1.0 1543498511.17   0.9984399989258756
{"n": 14, "noise": "sc-better-t1-and-gates", "circ": "cnx-lin"}: 0.1.0 1543499331.82   0.9984260816670346
{"n": 14, "noise": "sc-better-t1-and-gates", "circ": "cnx-lin"}: 0.1.0 1543500123.31   0.998418966867661
{"n": 14, "noise": "sc-better-t1-and-gates", "circ": "cnx-lin"}: 0.1.0 1543500887.78   0.9984206444623113
{"n": 14, "noise": "sc-better-t1-and-gates", "circ": "cnx-lin"}: 0.1.0 1543501717.31   9.199930815354628e-05
{"n": 14, "noise": "sc-better-t1-and-gates", "circ": "cnx-lin"}: 0.1.0 1543502578.70   4.158862938177576e-05
{"n": 14, "noise": "sc-better-t1-and-gates", "circ": "cnx-lin"}: 0.1.0 1543503430.14   7.28136419161604e-05
{"n": 14, "noise": "sc-better-t1-and-gates", "circ": "cnx-lin"}: 0.1.0 1543504232.14   1.3005934050119309e-05
{"n": 14, "noise": "sc-better-t1-and-gates", "circ": "cnx-lin"}: 0.1.0 1543505107.99   4.301079337876876e-05
{"n": 14, "noise": "sc-better-t1-and-gates", "circ": "cnx-lin"}: 0.1.0 1543505945.01   1.9310826291513856e-06
{"n": 14, "noise": "sc-better-t1-and-gates", "circ": "cnx-lin"}: 0.1.0 1543506872.36   2.638788747813109e-05
{"n": 14, "noise": "sc-better-t1-and-gates", "circ": "cnx-lin"}: 0.1.0 1543507718.89   0.9984296113901258
{"n": 14, "noise": "sc-better-t1-and-gates", "circ": "cnx-lin"}: 0.1.0 1543508552.52   0.9984180977942022
{"n": 14, "noise": "sc-better-t1-and-gates", "circ": "cnx-lin"}: 0.1.0 1543509414.61   0.9984321734696138
{"n": 14, "noise": "sc-better-t1-and-gates", "circ": "cnx-lin"}: 0.1.0 1543510335.26   0.00011834240711576304
{"n": 14, "noise": "sc-better-t1-and-gates", "circ": "cnx-lin"}: 0.1.0 1543511138.20   3.159091695604966e-05
{"n": 14, "noise": "sc-better-t1-and-gates", "circ": "cnx-lin"}: 0.1.0 1543512008.89   9.088842869889793e-05
{"n": 14, "noise": "sc-better-t1-and-gates", "circ": "cnx-lin"}: 0.1.0 1543512843.88   2.6980994486410305e-05
{"n": 14, "noise": "sc-better-t1-and-gates", "circ": "cnx-lin"}: 0.1.0 1543513709.83   5.686295486285826e-05
{"n": 14, "noise": "sc-better-t1-and-gates", "circ": "cnx-lin"}: 0.1.0 1543514505.97   7.068400569514989e-06
{"n": 14, "noise": "sc-better-t1-and-gates", "circ": "cnx-lin"}: 0.1.0 1543515358.87   0.00010407453499247521
{"n": 14, "noise": "sc-better-t1-and-gates", "circ": "cnx-lin"}: 0.1.0 1543516215.89   3.830715691378773e-05
{"n": 14, "noise": "sc-better-t1-and-gates", "circ": "cnx-lin"}: 0.1.0 1543517119.20   2.3961660950119126e-05
{"n": 14, "noise": "sc-better-t1-and-gates", "circ": "cnx-lin"}: 0.1.0 1543518030.85   1.93649055429619e-05
{"n": 14, "noise": "sc-better-t1-and-gates", "circ": "cnx-lin"}: 0.1.0 1543518933.46   2.0995471767036923e-05
{"n": 14, "noise": "sc-better-t1-and-gates", "circ": "cnx-lin"}: 0.1.0 1543519785.32   2.046555192063268e-07
{"n": 14, "noise": "sc-better-t1-and-gates", "circ": "cnx-lin"}: 0.1.0 1543520706.76   4.1459028483360734e-05
{"n": 14, "noise": "sc-better-t1-and-gates", "circ": "cnx-lin"}: 0.1.0 1543521509.26   1.1597457887896977e-05
{"n": 14, "noise": "sc-better-t1-and-gates", "circ": "cnx-lin"}: 0.1.0 1543522368.11   1.8027469344266094e-05
{"n": 14, "noise": "sc-better-t1-and-gates", "circ": "cnx-lin"}: 0.1.0 1543523254.84   0.9984257509571449
=====
{"n": 14, "noise": "sc-better-t1-and-gates", "circ": "cnx-lin-borrowed-1"}: 0.1.0 1543525035.04   0.9998502333960334
{"n": 14, "noise": "sc-better-t1-and-gates", "circ": "cnx-lin-borrowed-1"}: 0.1.0 1543525207.08   0.9998511723033275
{"n": 14, "noise": "sc-better-t1-and-gates", "circ": "cnx-lin-borrowed-1"}: 0.1.0 1543525387.15   0.9998515732592912
{"n": 14, "noise": "sc-better-t1-and-gates", "circ": "cnx-lin-borrowed-1"}: 0.1.0 1543525567.06   0.9998499710221997
{"n": 14, "noise": "sc-better-t1-and-gates", "circ": "cnx-lin-borrowed-1"}: 0.1.0 1543525733.87   7.804760316419925e-07
{"n": 14, "noise": "sc-better-t1-and-gates", "circ": "cnx-lin-borrowed-1"}: 0.1.0 1543525918.29   0.9998509873500145
{"n": 14, "noise": "sc-better-t1-and-gates", "circ": "cnx-lin-borrowed-1"}: 0.1.0 1543526097.80   7.637931438297374e-05
{"n": 14, "noise": "sc-better-t1-and-gates", "circ": "cnx-lin-borrowed-1"}: 0.1.0 1543526276.33   0.9998532260976289
{"n": 14, "noise": "sc-better-t1-and-gates", "circ": "cnx-lin-borrowed-1"}: 0.1.0 1543526461.13   0.9998512590951751
{"n": 14, "noise": "sc-better-t1-and-gates", "circ": "cnx-lin-borrowed-1"}: 0.1.0 1543526615.93   0.9998504731278164
{"n": 14, "noise": "sc-better-t1-and-gates", "circ": "cnx-lin-borrowed-1"}: 0.1.0 1543526782.52   0.9998516356617414
{"n": 14, "noise": "sc-better-t1-and-gates", "circ": "cnx-lin-borrowed-1"}: 0.1.0 1543526937.23   0.9998523074432978
{"n": 14, "noise": "sc-better-t1-and-gates", "circ": "cnx-lin-borrowed-1"}: 0.1.0 1543527110.29   0.9998506389039803
{"n": 14, "noise": "sc-better-t1-and-gates", "circ": "cnx-lin-borrowed-1"}: 0.1.0 1543527266.45   0.999850687743271
{"n": 14, "noise": "sc-better-t1-and-gates", "circ": "cnx-lin-borrowed-1"}: 0.1.0 1543527435.05   0.9998509137028415
{"n": 14, "noise": "sc-better-t1-and-gates", "circ": "cnx-lin-borrowed-1"}: 0.1.0 1543527603.67   0.9998509477452727
{"n": 14, "noise": "sc-better-t1-and-gates", "circ": "cnx-lin-borrowed-1"}: 0.1.0 1543527761.54   0.9998506472704093
{"n": 14, "noise": "sc-better-t1-and-gates", "circ": "cnx-lin-borrowed-1"}: 0.1.0 1543527915.60   0.9998494742828835
{"n": 14, "noise": "sc-better-t1-and-gates", "circ": "cnx-lin-borrowed-1"}: 0.1.0 1543528084.43   0.9998501750801405
{"n": 14, "noise": "sc-better-t1-and-gates", "circ": "cnx-lin-borrowed-1"}: 0.1.0 1543528254.00   0.9998517409378384
{"n": 14, "noise": "sc-better-t1-and-gates", "circ": "cnx-lin-borrowed-1"}: 0.1.0 1543528422.25   0.9998527074640426
{"n": 14, "noise": "sc-better-t1-and-gates", "circ": "cnx-lin-borrowed-1"}: 0.1.0 1543528592.17   0.9998526008860116
{"n": 14, "noise": "sc-better-t1-and-gates", "circ": "cnx-lin-borrowed-1"}: 0.1.0 1543528756.35   1.5569440123636967e-06
{"n": 14, "noise": "sc-better-t1-and-gates", "circ": "cnx-lin-borrowed-1"}: 0.1.0 1543528927.24   0.9998530668535385
{"n": 14, "noise": "sc-better-t1-and-gates", "circ": "cnx-lin-borrowed-1"}: 0.1.0 1543529100.74   0.9998510866321015
{"n": 14, "noise": "sc-better-t1-and-gates", "circ": "cnx-lin-borrowed-1"}: 0.1.0 1543529268.67   0.9998505504060501
{"n": 14, "noise": "sc-better-t1-and-gates", "circ": "cnx-lin-borrowed-1"}: 0.1.0 1543529420.45   0.9998507863464686
{"n": 14, "noise": "sc-better-t1-and-gates", "circ": "cnx-lin-borrowed-1"}: 0.1.0 1543529578.88   0.9998507775247052
{"n": 14, "noise": "sc-better-t1-and-gates", "circ": "cnx-lin-borrowed-1"}: 0.1.0 1543529751.87   0.9998501492824993
{"n": 14, "noise": "sc-better-t1-and-gates", "circ": "cnx-lin-borrowed-1"}: 0.1.0 1543529915.45   0.999848987938023
{"n": 14, "noise": "sc-better-t1-and-gates", "circ": "cnx-lin-borrowed-1"}: 0.1.0 1543530082.49   0.9998497723304578
{"n": 14, "noise": "sc-better-t1-and-gates", "circ": "cnx-lin-borrowed-1"}: 0.1.0 1543530248.95   1.6906189612615934e-06
{"n": 14, "noise": "sc-better-t1-and-gates", "circ": "cnx-lin-borrowed-1"}: 0.1.0 1543530425.19   7.83806130162457e-05
{"n": 14, "noise": "sc-better-t1-and-gates", "circ": "cnx-lin-borrowed-1"}: 0.1.0 1543530601.02   2.8040512743660794e-08
{"n": 14, "noise": "sc-better-t1-and-gates", "circ": "cnx-lin-borrowed-1"}: 0.1.0 1543530782.32   0.9998515201603113
{"n": 14, "noise": "sc-better-t1-and-gates", "circ": "cnx-lin-borrowed-1"}: 0.1.0 1543530961.96   0.9998500573126381
{"n": 14, "noise": "sc-better-t1-and-gates", "circ": "cnx-lin-borrowed-1"}: 0.1.0 1543531129.10   0.9998509174486404
{"n": 14, "noise": "sc-better-t1-and-gates", "circ": "cnx-lin-borrowed-1"}: 0.1.0 1543531288.60   0.9998500197427407
{"n": 14, "noise": "sc-better-t1-and-gates", "circ": "cnx-lin-borrowed-1"}: 0.1.0 1543531473.23   0.9998488074080376
{"n": 14, "noise": "sc-better-t1-and-gates", "circ": "cnx-lin-borrowed-1"}: 0.1.0 1543531638.45   0.9998518035517523
{"n": 14, "noise": "sc-better-t1-and-gates", "circ": "cnx-lin-borrowed-1"}: 0.1.0 1543531828.44   0.9998513069416303
{"n": 14, "noise": "sc-better-t1-and-gates", "circ": "cnx-lin-borrowed-1"}: 0.1.0 1543531996.11   0.9998499086002786
{"n": 14, "noise": "sc-better-t1-and-gates", "circ": "cnx-lin-borrowed-1"}: 0.1.0 1543532158.02   0.9998518868272956
{"n": 14, "noise": "sc-better-t1-and-gates", "circ": "cnx-lin-borrowed-1"}: 0.1.0 1543532341.63   0.9998526876397075
{"n": 14, "noise": "sc-better-t1-and-gates", "circ": "cnx-lin-borrowed-1"}: 0.1.0 1543532520.35   0.9998504278343306
{"n": 14, "noise": "sc-better-t1-and-gates", "circ": "cnx-lin-borrowed-1"}: 0.1.0 1543532695.42   0.9998514042144655
{"n": 14, "noise": "sc-better-t1-and-gates", "circ": "cnx-lin-borrowed-1"}: 0.1.0 1543532870.84   0.9998499037999661
{"n": 14, "noise": "sc-better-t1-and-gates", "circ": "cnx-lin-borrowed-1"}: 0.1.0 1543533049.64   0.9998513134421353
{"n": 14, "noise": "sc-better-t1-and-gates", "circ": "cnx-lin-borrowed-1"}: 0.1.0 1543533212.83   0.9998493545880737
{"n": 14, "noise": "sc-better-t1-and-gates", "circ": "cnx-lin-borrowed-1"}: 0.1.0 1543533373.98   8.010652823512939e-07
{"n": 14, "noise": "sc-better-t1-and-gates", "circ": "cnx-lin-borrowed-1"}: 0.1.0 1543533540.33   1.1206400291903915e-05
{"n": 14, "noise": "sc-better-t1-and-gates", "circ": "cnx-lin-borrowed-1"}: 0.1.0 1543533716.54   0.9998501266110791
{"n": 14, "noise": "sc-better-t1-and-gates", "circ": "cnx-lin-borrowed-1"}: 0.1.0 1543533882.08   0.9998505718396639
{"n": 14, "noise": "sc-better-t1-and-gates", "circ": "cnx-lin-borrowed-1"}: 0.1.0 1543534047.12   0.9998506895396523
{"n": 14, "noise": "sc-better-t1-and-gates", "circ": "cnx-lin-borrowed-1"}: 0.1.0 1543534206.00   0.9998510764146554
{"n": 14, "noise": "sc-better-t1-and-gates", "circ": "cnx-lin-borrowed-1"}: 0.1.0 1543534360.92   0.9998504782466247
{"n": 14, "noise": "sc-better-t1-and-gates", "circ": "cnx-lin-borrowed-1"}: 0.1.0 1543534531.24   0.9998502921018328
{"n": 14, "noise": "sc-better-t1-and-gates", "circ": "cnx-lin-borrowed-1"}: 0.1.0 1543534711.77   0.9998509842068082
{"n": 14, "noise": "sc-better-t1-and-gates", "circ": "cnx-lin-borrowed-1"}: 0.1.0 1543534884.87   0.9998504400512437
{"n": 14, "noise": "sc-better-t1-and-gates", "circ": "cnx-lin-borrowed-1"}: 0.1.0 1543535049.30   0.9998516194473351
{"n": 14, "noise": "sc-better-t1-and-gates", "circ": "cnx-lin-borrowed-1"}: 0.1.0 1543535218.58   0.9998520828174702
{"n": 14, "noise": "sc-better-t1-and-gates", "circ": "cnx-lin-borrowed-1"}: 0.1.0 1543535385.23   0.9998488204279898
{"n": 14, "noise": "sc-better-t1-and-gates", "circ": "cnx-lin-borrowed-1"}: 0.1.0 1543535558.17   0.999851744867109
{"n": 14, "noise": "sc-better-t1-and-gates", "circ": "cnx-lin-borrowed-1"}: 0.1.0 1543535725.87   0.9998517274851945
{"n": 14, "noise": "sc-better-t1-and-gates", "circ": "cnx-lin-borrowed-1"}: 0.1.0 1543535898.80   0.9998512747587881
{"n": 14, "noise": "sc-better-t1-and-gates", "circ": "cnx-lin-borrowed-1"}: 0.1.0 1543536070.58   0.9998494732127715
{"n": 14, "noise": "sc-better-t1-and-gates", "circ": "cnx-lin-borrowed-1"}: 0.1.0 1543536244.78   0.9998485105324572
{"n": 14, "noise": "sc-better-t1-and-gates", "circ": "cnx-lin-borrowed-1"}: 0.1.0 1543536415.49   0.9998516420679537
{"n": 14, "noise": "sc-better-t1-and-gates", "circ": "cnx-lin-borrowed-1"}: 0.1.0 1543536593.78   0.9998518560560081
{"n": 14, "noise": "sc-better-t1-and-gates", "circ": "cnx-lin-borrowed-1"}: 0.1.0 1543536770.17   0.9998513957001556
{"n": 14, "noise": "sc-better-t1-and-gates", "circ": "cnx-lin-borrowed-1"}: 0.1.0 1543536939.33   0.00013497481305566769
{"n": 14, "noise": "sc-better-t1-and-gates", "circ": "cnx-lin-borrowed-1"}: 0.1.0 1543537103.90   0.9998506373589903
{"n": 14, "noise": "sc-better-t1-and-gates", "circ": "cnx-lin-borrowed-1"}: 0.1.0 1543537280.78   0.999852047516753
{"n": 14, "noise": "sc-better-t1-and-gates", "circ": "cnx-lin-borrowed-1"}: 0.1.0 1543537439.97   0.999852009176653
{"n": 14, "noise": "sc-better-t1-and-gates", "circ": "cnx-lin-borrowed-1"}: 0.1.0 1543537610.30   0.9998495675456756
{"n": 14, "noise": "sc-better-t1-and-gates", "circ": "cnx-lin-borrowed-1"}: 0.1.0 1543537786.97   0.999853248190125
{"n": 14, "noise": "sc-better-t1-and-gates", "circ": "cnx-lin-borrowed-1"}: 0.1.0 1543537954.36   0.9998511579369035
{"n": 14, "noise": "sc-better-t1-and-gates", "circ": "cnx-lin-borrowed-1"}: 0.1.0 1543538133.29   0.9998509643643491
{"n": 14, "noise": "sc-better-t1-and-gates", "circ": "cnx-lin-borrowed-1"}: 0.1.0 1543538314.18   0.999849431803272
{"n": 14, "noise": "sc-better-t1-and-gates", "circ": "cnx-lin-borrowed-1"}: 0.1.0 1543538469.56   0.9998510798564184
{"n": 14, "noise": "sc-better-t1-and-gates", "circ": "cnx-lin-borrowed-1"}: 0.1.0 1543538634.55   0.9998502635946067
{"n": 14, "noise": "sc-better-t1-and-gates", "circ": "cnx-lin-borrowed-1"}: 0.1.0 1543538806.77   0.9998510949084006
=====
{"n": 14, "noise": "sc-better-t1-and-gates", "circ": "cnx-lin"}: 0.1.0 1543539728.76   0.0002976485448118012
{"n": 14, "noise": "sc-better-t1-and-gates", "circ": "cnx-lin"}: 0.1.0 1543540523.36   0.9984102951462079
{"n": 14, "noise": "sc-better-t1-and-gates", "circ": "cnx-lin"}: 0.1.0 1543541364.54   0.9984267987760236
{"n": 14, "noise": "sc-better-t1-and-gates", "circ": "cnx-lin"}: 0.1.0 1543542144.82   2.705500881922317e-05
{"n": 14, "noise": "sc-better-t1-and-gates", "circ": "cnx-lin"}: 0.1.0 1543542927.13   9.152336860465033e-05
{"n": 14, "noise": "sc-better-t1-and-gates", "circ": "cnx-lin"}: 0.1.0 1543543755.88   2.6158099351549092e-05
{"n": 14, "noise": "sc-better-t1-and-gates", "circ": "cnx-lin"}: 0.1.0 1543544627.69   0.0002927663819689107
{"n": 14, "noise": "sc-better-t1-and-gates", "circ": "cnx-lin"}: 0.1.0 1543545397.17   4.7199243844841976e-05
{"n": 14, "noise": "sc-better-t1-and-gates", "circ": "cnx-lin"}: 0.1.0 1543546247.13   0.9984535744756116
{"n": 14, "noise": "sc-better-t1-and-gates", "circ": "cnx-lin"}: 0.1.0 1543547052.77   0.0002119462551978802
=====
{"n": 14, "noise": "sc-better-t1", "circ": "cnx-lin"}: 0.1.0 1543548418.29   8.667564816039798e-06
{"n": 14, "noise": "sc-better-t1", "circ": "cnx-lin"}: 0.1.0 1543549236.38   2.5950429332126732e-05
{"n": 14, "noise": "sc-better-t1", "circ": "cnx-lin"}: 0.1.0 1543550039.52   6.805968218405335e-05
{"n": 14, "noise": "sc-better-t1", "circ": "cnx-lin"}: 0.1.0 1543550825.42   2.705705113133219e-06
{"n": 14, "noise": "sc-better-t1", "circ": "cnx-lin"}: 0.1.0 1543551645.87   9.974522315722952e-06
{"n": 14, "noise": "sc-better-t1", "circ": "cnx-lin"}: 0.1.0 1543552519.26   1.0312807737477824e-05
{"n": 14, "noise": "sc-better-t1", "circ": "cnx-lin"}: 0.1.0 1543553319.18   0.00010703493613903889
{"n": 14, "noise": "sc-better-t1", "circ": "cnx-lin"}: 0.1.0 1543554150.09   0.00016609790554494446
{"n": 14, "noise": "sc-better-t1", "circ": "cnx-lin"}: 0.1.0 1543555039.01   0.00011147442995817411
{"n": 14, "noise": "sc-better-t1", "circ": "cnx-lin"}: 0.1.0 1543555853.14   1.547684388677051e-05
{"n": 14, "noise": "sc-better-t1", "circ": "cnx-lin"}: 0.1.0 1543556639.93   7.289219055197618e-05
{"n": 14, "noise": "sc-better-t1", "circ": "cnx-lin"}: 0.1.0 1543557436.00   1.3414173643581233e-05
{"n": 14, "noise": "sc-better-t1", "circ": "cnx-lin"}: 0.1.0 1543558176.74   0.00010605189238834312
{"n": 14, "noise": "sc-better-t1", "circ": "cnx-lin"}: 0.1.0 1543558924.81   1.4795896669217636e-05
{"n": 14, "noise": "sc-better-t1", "circ": "cnx-lin"}: 0.1.0 1543559763.42   1.602457289311035e-06
{"n": 14, "noise": "sc-better-t1", "circ": "cnx-lin"}: 0.1.0 1543560598.17   0.00013821040784795316
{"n": 14, "noise": "sc-better-t1", "circ": "cnx-lin"}: 0.1.0 1543561429.84   3.672285363352875e-05
{"n": 14, "noise": "sc-better-t1", "circ": "cnx-lin"}: 0.1.0 1543562226.19   4.050206306305352e-05
{"n": 14, "noise": "sc-better-t1", "circ": "cnx-lin"}: 0.1.0 1543563043.67   3.170282299473534e-05
{"n": 14, "noise": "sc-better-t1", "circ": "cnx-lin"}: 0.1.0 1543563859.84   0.00014196847057009184
{"n": 14, "noise": "sc-better-t1", "circ": "cnx-lin"}: 0.1.0 1543564645.45   2.0290897560950853e-05
{"n": 14, "noise": "sc-better-t1", "circ": "cnx-lin"}: 0.1.0 1543565471.47   2.323491419563912e-05
{"n": 14, "noise": "sc-better-t1", "circ": "cnx-lin"}: 0.1.0 1543566255.09   7.209619169516927e-06
{"n": 14, "noise": "sc-better-t1", "circ": "cnx-lin"}: 0.1.0 1543567009.00   4.181818031719991e-05
{"n": 14, "noise": "sc-better-t1", "circ": "cnx-lin"}: 0.1.0 1543567743.82   1.3622855962462006e-05
{"n": 14, "noise": "sc-better-t1", "circ": "cnx-lin"}: 0.1.0 1543568556.09   5.487322594790962e-07
{"n": 14, "noise": "sc-better-t1", "circ": "cnx-lin"}: 0.1.0 1543569338.88   0.00010891096069852499
{"n": 14, "noise": "sc-better-t1", "circ": "cnx-lin"}: 0.1.0 1543570128.00   9.325411932057066e-06
{"n": 14, "noise": "sc-better-t1", "circ": "cnx-lin"}: 0.1.0 1543570923.69   0.00011371899020008382
{"n": 14, "noise": "sc-better-t1", "circ": "cnx-lin"}: 0.1.0 1543571687.59   6.715799373691558e-05
{"n": 14, "noise": "sc-better-t1", "circ": "cnx-lin"}: 0.1.0 1543572448.46   3.568224520632452e-05
{"n": 14, "noise": "sc-better-t1", "circ": "cnx-lin"}: 0.1.0 1543573258.19   1.529290288365834e-05
{"n": 14, "noise": "sc-better-t1", "circ": "cnx-lin"}: 0.1.0 1543574021.90   1.3329969923165463e-05
{"n": 14, "noise": "sc-better-t1", "circ": "cnx-lin"}: 0.1.0 1543574835.20   7.476864855345576e-05
{"n": 14, "noise": "sc-better-t1", "circ": "cnx-lin"}: 0.1.0 1543575661.53   3.171660893908323e-06
{"n": 14, "noise": "sc-better-t1", "circ": "cnx-lin"}: 0.1.0 1543576433.60   6.093612828910752e-05
{"n": 14, "noise": "sc-better-t1", "circ": "cnx-lin"}: 0.1.0 1543577165.28   9.45818961983269e-05
{"n": 14, "noise": "sc-better-t1", "circ": "cnx-lin"}: 0.1.0 1543577876.51   2.0677373122996627e-05
{"n": 14, "noise": "sc-better-t1", "circ": "cnx-lin"}: 0.1.0 1543578640.09   5.570143238852252e-05
{"n": 14, "noise": "sc-better-t1", "circ": "cnx-lin"}: 0.1.0 1543579424.75   0.00011154889731588476
{"n": 14, "noise": "sc-better-t1", "circ": "cnx-lin"}: 0.1.0 1543580201.23   0.0001400023908016036
{"n": 14, "noise": "sc-better-t1", "circ": "cnx-lin"}: 0.1.0 1543580945.76   0.00018846726857705054
{"n": 14, "noise": "sc-better-t1", "circ": "cnx-lin"}: 0.1.0 1543581751.91   9.332461103422832e-05
{"n": 14, "noise": "sc-better-t1", "circ": "cnx-lin"}: 0.1.0 1543582516.51   1.0212576779888062e-05
{"n": 14, "noise": "sc-better-t1", "circ": "cnx-lin"}: 0.1.0 1543583282.11   6.632025575802437e-06
{"n": 14, "noise": "sc-better-t1", "circ": "cnx-lin"}: 0.1.0 1543584111.01   0.00010585000775451282
{"n": 14, "noise": "sc-better-t1", "circ": "cnx-lin"}: 0.1.0 1543584907.48   5.704191807885619e-06
{"n": 14, "noise": "sc-better-t1", "circ": "cnx-lin"}: 0.1.0 1543585696.88   8.951358198870114e-06
{"n": 14, "noise": "sc-better-t1", "circ": "cnx-lin"}: 0.1.0 1543586474.57   0.00014051524875689688
{"n": 14, "noise": "sc-better-t1", "circ": "cnx-lin"}: 0.1.0 1543587240.18   0.0001637673636124902
{"n": 14, "noise": "sc-better-t1", "circ": "cnx-lin"}: 0.1.0 1543588027.28   4.733442096221375e-06
{"n": 14, "noise": "sc-better-t1", "circ": "cnx-lin"}: 0.1.0 1543588821.43   9.007607396741929e-06
{"n": 14, "noise": "sc-better-t1", "circ": "cnx-lin"}: 0.1.0 1543589623.32   3.54348365670517e-05
{"n": 14, "noise": "sc-better-t1", "circ": "cnx-lin"}: 0.1.0 1543590408.32   3.220015690992838e-05
{"n": 14, "noise": "sc-better-t1", "circ": "cnx-lin"}: 0.1.0 1543591150.55   2.7943738518061307e-05
{"n": 14, "noise": "sc-better-t1", "circ": "cnx-lin"}: 0.1.0 1543591961.37   4.8291900396198e-05
{"n": 14, "noise": "sc-better-t1", "circ": "cnx-lin"}: 0.1.0 1543592763.15   1.5136944304906964e-05
{"n": 14, "noise": "sc-better-t1", "circ": "cnx-lin"}: 0.1.0 1543593468.15   6.460506352724833e-05
{"n": 14, "noise": "sc-better-t1", "circ": "cnx-lin"}: 0.1.0 1543594241.47   0.0002696662054513663
{"n": 14, "noise": "sc-better-t1", "circ": "cnx-lin"}: 0.1.0 1543595049.89   6.452938987927743e-05
{"n": 14, "noise": "sc-better-t1", "circ": "cnx-lin"}: 0.1.0 1543595827.48   0.00012098470795414181
{"n": 14, "noise": "sc-better-t1", "circ": "cnx-lin"}: 0.1.0 1543596599.09   0.00016070009221576435
{"n": 14, "noise": "sc-better-t1", "circ": "cnx-lin"}: 0.1.0 1543597352.25   0.00010588910805286627
{"n": 14, "noise": "sc-better-t1", "circ": "cnx-lin"}: 0.1.0 1543598146.13   3.872635953670382e-05
{"n": 14, "noise": "sc-better-t1", "circ": "cnx-lin"}: 0.1.0 1543598922.68   6.5371443160257344e-06
{"n": 14, "noise": "sc-better-t1", "circ": "cnx-lin"}: 0.1.0 1543599714.55   6.172216392762532e-05
{"n": 14, "noise": "sc-better-t1", "circ": "cnx-lin"}: 0.1.0 1543600482.93   5.054670308852941e-05
{"n": 14, "noise": "sc-better-t1", "circ": "cnx-lin"}: 0.1.0 1543601302.63   1.3150301561509321e-05
{"n": 14, "noise": "sc-better-t1", "circ": "cnx-lin"}: 0.1.0 1543602059.12   0.0002793995897645123
{"n": 14, "noise": "sc-better-t1", "circ": "cnx-lin"}: 0.1.0 1543602867.30   0.00019894405656203216
{"n": 14, "noise": "sc-better-t1", "circ": "cnx-lin"}: 0.1.0 1543603663.95   0.00012989510779851798
{"n": 14, "noise": "sc-better-t1", "circ": "cnx-lin"}: 0.1.0 1543604426.93   6.176929351295755e-05
{"n": 14, "noise": "sc-better-t1", "circ": "cnx-lin"}: 0.1.0 1543605265.08   3.566755720254559e-06
{"n": 14, "noise": "sc-better-t1", "circ": "cnx-lin"}: 0.1.0 1543606121.10   1.3950812848098679e-05
{"n": 14, "noise": "sc-better-t1", "circ": "cnx-lin"}: 0.1.0 1543606969.85   1.1790098609916269e-05
{"n": 14, "noise": "sc-better-t1", "circ": "cnx-lin"}: 0.1.0 1543607814.51   1.0948874704353809e-07
{"n": 14, "noise": "sc-better-t1", "circ": "cnx-lin"}: 0.1.0 1543608616.03   7.524013246785021e-05
{"n": 14, "noise": "sc-better-t1", "circ": "cnx-lin"}: 0.1.0 1543609428.26   1.7805820362472587e-05
{"n": 14, "noise": "sc-better-t1", "circ": "cnx-lin"}: 0.1.0 1543610208.41   5.253665471532123e-05
{"n": 14, "noise": "sc-better-t1", "circ": "cnx-lin"}: 0.1.0 1543610984.96   5.1719273912324873e-05
{"n": 14, "noise": "sc-better-t1", "circ": "cnx-lin"}: 0.1.0 1543611811.08   0.000160869046670568
{"n": 14, "noise": "sc-better-t1", "circ": "cnx-lin"}: 0.1.0 1543612622.80   7.230420686529383e-05
{"n": 14, "noise": "sc-better-t1", "circ": "cnx-lin"}: 0.1.0 1543613429.39   9.131704463866725e-05
{"n": 14, "noise": "sc-better-t1", "circ": "cnx-lin"}: 0.1.0 1543614229.28   1.9546434302739244e-05
{"n": 14, "noise": "sc-better-t1", "circ": "cnx-lin"}: 0.1.0 1543615029.58   3.748092217277327e-05
