=====
{"n": 14, "noise": "sc", "circ": "cnx-lin"}: 0.1.0 1543473089.19   0.000144803945838109
{"n": 14, "noise": "sc", "circ": "cnx-lin"}: 0.1.0 1543473918.84   1.2038276967023598e-05
{"n": 14, "noise": "sc", "circ": "cnx-lin"}: 0.1.0 1543474751.13   9.684565968691223e-05
{"n": 14, "noise": "sc", "circ": "cnx-lin"}: 0.1.0 1543475628.54   0.00014922587339664966
{"n": 14, "noise": "sc", "circ": "cnx-lin"}: 0.1.0 1543476504.36   7.768541398864626e-05
{"n": 14, "noise": "sc", "circ": "cnx-lin"}: 0.1.0 1543477319.71   8.632189000021686e-06
{"n": 14, "noise": "sc", "circ": "cnx-lin"}: 0.1.0 1543478178.52   7.360765411663294e-05
{"n": 14, "noise": "sc", "circ": "cnx-lin"}: 0.1.0 1543479044.54   2.9560112286405636e-05
{"n": 14, "noise": "sc", "circ": "cnx-lin"}: 0.1.0 1543479927.37   1.8996669976351928e-06
{"n": 14, "noise": "sc", "circ": "cnx-lin"}: 0.1.0 1543480765.78   0.00011159220568720869
{"n": 14, "noise": "sc", "circ": "cnx-lin"}: 0.1.0 1543481608.35   3.896960305232185e-05
{"n": 14, "noise": "sc", "circ": "cnx-lin"}: 0.1.0 1543482410.38   3.297600004932138e-05
{"n": 14, "noise": "sc", "circ": "cnx-lin"}: 0.1.0 1543483216.46   2.505102798891178e-05
{"n": 14, "noise": "sc", "circ": "cnx-lin"}: 0.1.0 1543484037.61   0.00017982067798552408
{"n": 14, "noise": "sc", "circ": "cnx-lin"}: 0.1.0 1543484893.12   5.939845480982647e-06
{"n": 14, "noise": "sc", "circ": "cnx-lin"}: 0.1.0 1543485700.11   8.660775682993522e-05
{"n": 14, "noise": "sc", "circ": "cnx-lin"}: 0.1.0 1543486561.43   4.178373090378664e-05
{"n": 14, "noise": "sc", "circ": "cnx-lin"}: 0.1.0 1543487451.84   5.143732952214093e-05
{"n": 14, "noise": "sc", "circ": "cnx-lin"}: 0.1.0 1543488348.23   1.144785900716826e-05
{"n": 14, "noise": "sc", "circ": "cnx-lin"}: 0.1.0 1543489270.41   2.9484555160726503e-05
{"n": 14, "noise": "sc", "circ": "cnx-lin"}: 0.1.0 1543490191.43   2.8347518726361027e-05
{"n": 14, "noise": "sc", "circ": "cnx-lin"}: 0.1.0 1543491136.58   0.00021160552345113047
{"n": 14, "noise": "sc", "circ": "cnx-lin"}: 0.1.0 1543491976.18   2.9841571875911866e-06
{"n": 14, "noise": "sc", "circ": "cnx-lin"}: 0.1.0 1543492880.92   1.4984893489051598e-05
{"n": 14, "noise": "sc", "circ": "cnx-lin"}: 0.1.0 1543493814.46   3.36519630175362e-05
{"n": 14, "noise": "sc", "circ": "cnx-lin"}: 0.1.0 1543494725.73   7.343125952297692e-05
{"n": 14, "noise": "sc", "circ": "cnx-lin"}: 0.1.0 1543495615.79   3.011232823333073e-05
{"n": 14, "noise": "sc", "circ": "cnx-lin"}: 0.1.0 1543496485.68   0.00018670535090278278
{"n": 14, "noise": "sc", "circ": "cnx-lin"}: 0.1.0 1543497294.65   1.3833481133841575e-05
{"n": 14, "noise": "sc", "circ": "cnx-lin"}: 0.1.0 1543498215.97   0.00011783522501252311
{"n": 14, "noise": "sc", "circ": "cnx-lin"}: 0.1.0 1543499136.26   9.382925008355988e-05
{"n": 14, "noise": "sc", "circ": "cnx-lin"}: 0.1.0 1543500072.18   5.3105461464121656e-05
{"n": 14, "noise": "sc", "circ": "cnx-lin"}: 0.1.0 1543501029.43   8.20744572552734e-05
{"n": 14, "noise": "sc", "circ": "cnx-lin"}: 0.1.0 1543502027.17   5.924584224194071e-05
{"n": 14, "noise": "sc", "circ": "cnx-lin"}: 0.1.0 1543502910.07   2.967586793243463e-06
{"n": 14, "noise": "sc", "circ": "cnx-lin"}: 0.1.0 1543503828.76   1.4222913276638241e-05
{"n": 14, "noise": "sc", "circ": "cnx-lin"}: 0.1.0 1543504653.89   6.090202683983335e-06
{"n": 14, "noise": "sc", "circ": "cnx-lin"}: 0.1.0 1543505618.58   5.468688953740775e-05
{"n": 14, "noise": "sc", "circ": "cnx-lin"}: 0.1.0 1543506568.10   2.3182325794860236e-05
{"n": 14, "noise": "sc", "circ": "cnx-lin"}: 0.1.0 1543507489.45   5.3014150531565555e-06
{"n": 14, "noise": "sc", "circ": "cnx-lin"}: 0.1.0 1543508462.94   6.182244741037239e-06
{"n": 14, "noise": "sc", "circ": "cnx-lin"}: 0.1.0 1543509405.88   0.00016629155900422675
{"n": 14, "noise": "sc", "circ": "cnx-lin"}: 0.1.0 1543510334.80   1.0690411746884923e-05
{"n": 14, "noise": "sc", "circ": "cnx-lin"}: 0.1.0 1543511270.10   0.00017808407925684554
{"n": 14, "noise": "sc", "circ": "cnx-lin"}: 0.1.0 1543512199.41   1.3667116180030587e-05
{"n": 14, "noise": "sc", "circ": "cnx-lin"}: 0.1.0 1543513149.13   2.8896016448168335e-06
{"n": 14, "noise": "sc", "circ": "cnx-lin"}: 0.1.0 1543514080.46   8.439932416803842e-06
{"n": 14, "noise": "sc", "circ": "cnx-lin"}: 0.1.0 1543514983.51   0.00011092898768897891
{"n": 14, "noise": "sc", "circ": "cnx-lin"}: 0.1.0 1543515850.66   9.75874864862263e-05
{"n": 14, "noise": "sc", "circ": "cnx-lin"}: 0.1.0 1543516786.50   5.826609050636168e-05
{"n": 14, "noise": "sc", "circ": "cnx-lin"}: 0.1.0 1543517742.03   4.203578653933731e-05
{"n": 14, "noise": "sc", "circ": "cnx-lin"}: 0.1.0 1543518675.39   5.5323179194771684e-05
{"n": 14, "noise": "sc", "circ": "cnx-lin"}: 0.1.0 1543519578.44   0.00017298533415724727
{"n": 14, "noise": "sc", "circ": "cnx-lin"}: 0.1.0 1543520446.86   1.3139143029353129e-06
{"n": 14, "noise": "sc", "circ": "cnx-lin"}: 0.1.0 1543521325.46   3.4032077744647576e-06
{"n": 14, "noise": "sc", "circ": "cnx-lin"}: 0.1.0 1543522267.47   0.0002099680745517484
{"n": 14, "noise": "sc", "circ": "cnx-lin"}: 0.1.0 1543523163.83   0.0001871257792315543
=====
{"n": 14, "noise": "sc", "circ": "cnx-lin-borrowed-1"}: 0.1.0 1543525051.89   1.1746348572957012e-05
{"n": 14, "noise": "sc", "circ": "cnx-lin-borrowed-1"}: 0.1.0 1543525242.97   6.322906072927129e-05
{"n": 14, "noise": "sc", "circ": "cnx-lin-borrowed-1"}: 0.1.0 1543525440.11   0.9849946041888595
{"n": 14, "noise": "sc", "circ": "cnx-lin-borrowed-1"}: 0.1.0 1543525627.89   1.3122829269247337e-05
{"n": 14, "noise": "sc", "circ": "cnx-lin-borrowed-1"}: 0.1.0 1543525812.70   1.5872699533323377e-05
{"n": 14, "noise": "sc", "circ": "cnx-lin-borrowed-1"}: 0.1.0 1543526007.64   0.9847603041580612
{"n": 14, "noise": "sc", "circ": "cnx-lin-borrowed-1"}: 0.1.0 1543526198.22   7.781107717309473e-07
{"n": 14, "noise": "sc", "circ": "cnx-lin-borrowed-1"}: 0.1.0 1543526391.64   1.0339304115546055e-05
{"n": 14, "noise": "sc", "circ": "cnx-lin-borrowed-1"}: 0.1.0 1543526588.55   0.984837177640431
{"n": 14, "noise": "sc", "circ": "cnx-lin-borrowed-1"}: 0.1.0 1543526774.35   2.179012806604126e-06
{"n": 14, "noise": "sc", "circ": "cnx-lin-borrowed-1"}: 0.1.0 1543526970.59   9.2055478579148e-05
{"n": 14, "noise": "sc", "circ": "cnx-lin-borrowed-1"}: 0.1.0 1543527149.11   7.687838653841802e-07
{"n": 14, "noise": "sc", "circ": "cnx-lin-borrowed-1"}: 0.1.0 1543527335.91   0.9850355547165351
{"n": 14, "noise": "sc", "circ": "cnx-lin-borrowed-1"}: 0.1.0 1543527530.71   7.759507652233564e-06
{"n": 14, "noise": "sc", "circ": "cnx-lin-borrowed-1"}: 0.1.0 1543527731.18   9.64052129327897e-06
{"n": 14, "noise": "sc", "circ": "cnx-lin-borrowed-1"}: 0.1.0 1543527916.27   2.2537976771058433e-05
{"n": 14, "noise": "sc", "circ": "cnx-lin-borrowed-1"}: 0.1.0 1543528102.26   7.994189703351377e-06
{"n": 14, "noise": "sc", "circ": "cnx-lin-borrowed-1"}: 0.1.0 1543528298.74   0.0003040694893174365
{"n": 14, "noise": "sc", "circ": "cnx-lin-borrowed-1"}: 0.1.0 1543528496.43   0.0001956282159251353
{"n": 14, "noise": "sc", "circ": "cnx-lin-borrowed-1"}: 0.1.0 1543528686.76   0.9847611152246044
{"n": 14, "noise": "sc", "circ": "cnx-lin-borrowed-1"}: 0.1.0 1543528867.52   0.00021357844332722266
{"n": 14, "noise": "sc", "circ": "cnx-lin-borrowed-1"}: 0.1.0 1543529054.91   2.1293971277766495e-05
{"n": 14, "noise": "sc", "circ": "cnx-lin-borrowed-1"}: 0.1.0 1543529255.42   0.00011033333569215162
{"n": 14, "noise": "sc", "circ": "cnx-lin-borrowed-1"}: 0.1.0 1543529452.80   5.892851181452201e-05
{"n": 14, "noise": "sc", "circ": "cnx-lin-borrowed-1"}: 0.1.0 1543529641.91   3.60696367520078e-05
{"n": 14, "noise": "sc", "circ": "cnx-lin-borrowed-1"}: 0.1.0 1543529830.86   1.8039457390816326e-06
{"n": 14, "noise": "sc", "circ": "cnx-lin-borrowed-1"}: 0.1.0 1543530031.45   7.032374393715944e-05
{"n": 14, "noise": "sc", "circ": "cnx-lin-borrowed-1"}: 0.1.0 1543530225.43   2.3866238381461507e-05
{"n": 14, "noise": "sc", "circ": "cnx-lin-borrowed-1"}: 0.1.0 1543530417.39   9.900491440288454e-06
{"n": 14, "noise": "sc", "circ": "cnx-lin-borrowed-1"}: 0.1.0 1543530614.45   1.31387430975653e-06
{"n": 14, "noise": "sc", "circ": "cnx-lin-borrowed-1"}: 0.1.0 1543530788.73   4.6961813562925314e-05
{"n": 14, "noise": "sc", "circ": "cnx-lin-borrowed-1"}: 0.1.0 1543530980.79   0.0009191371307527966
{"n": 14, "noise": "sc", "circ": "cnx-lin-borrowed-1"}: 0.1.0 1543531176.49   9.482782614395287e-07
{"n": 14, "noise": "sc", "circ": "cnx-lin-borrowed-1"}: 0.1.0 1543531356.47   0.9851007844154716
{"n": 14, "noise": "sc", "circ": "cnx-lin-borrowed-1"}: 0.1.0 1543531547.53   0.9849510923195368
{"n": 14, "noise": "sc", "circ": "cnx-lin-borrowed-1"}: 0.1.0 1543531735.58   0.9848043897885079
{"n": 14, "noise": "sc", "circ": "cnx-lin-borrowed-1"}: 0.1.0 1543531917.88   9.080432074613353e-05
{"n": 14, "noise": "sc", "circ": "cnx-lin-borrowed-1"}: 0.1.0 1543532113.82   0.984855540255901
{"n": 14, "noise": "sc", "circ": "cnx-lin-borrowed-1"}: 0.1.0 1543532310.65   2.31797600820027e-06
{"n": 14, "noise": "sc", "circ": "cnx-lin-borrowed-1"}: 0.1.0 1543532486.80   0.9848990758139978
{"n": 14, "noise": "sc", "circ": "cnx-lin-borrowed-1"}: 0.1.0 1543532663.51   4.000968966580793e-05
{"n": 14, "noise": "sc", "circ": "cnx-lin-borrowed-1"}: 0.1.0 1543532849.52   0.9848253165539739
{"n": 14, "noise": "sc", "circ": "cnx-lin-borrowed-1"}: 0.1.0 1543533046.54   0.9850090034821095
{"n": 14, "noise": "sc", "circ": "cnx-lin-borrowed-1"}: 0.1.0 1543533238.47   7.343855038104893e-05
{"n": 14, "noise": "sc", "circ": "cnx-lin-borrowed-1"}: 0.1.0 1543533436.52   4.266552298978298e-06
{"n": 14, "noise": "sc", "circ": "cnx-lin-borrowed-1"}: 0.1.0 1543533634.88   5.261546359489107e-06
{"n": 14, "noise": "sc", "circ": "cnx-lin-borrowed-1"}: 0.1.0 1543533818.29   0.0001027904777381939
{"n": 14, "noise": "sc", "circ": "cnx-lin-borrowed-1"}: 0.1.0 1543534008.57   0.00014069135534879601
{"n": 14, "noise": "sc", "circ": "cnx-lin-borrowed-1"}: 0.1.0 1543534183.12   0.9849661796966223
{"n": 14, "noise": "sc", "circ": "cnx-lin-borrowed-1"}: 0.1.0 1543534366.82   3.260066858803363e-05
{"n": 14, "noise": "sc", "circ": "cnx-lin-borrowed-1"}: 0.1.0 1543534549.76   1.2510427920103215e-05
{"n": 14, "noise": "sc", "circ": "cnx-lin-borrowed-1"}: 0.1.0 1543534740.53   0.00010462084428040021
{"n": 14, "noise": "sc", "circ": "cnx-lin-borrowed-1"}: 0.1.0 1543534935.67   0.0002195057999178074
{"n": 14, "noise": "sc", "circ": "cnx-lin-borrowed-1"}: 0.1.0 1543535130.82   1.8878003915960307e-05
{"n": 14, "noise": "sc", "circ": "cnx-lin-borrowed-1"}: 0.1.0 1543535311.52   3.927683565598965e-05
{"n": 14, "noise": "sc", "circ": "cnx-lin-borrowed-1"}: 0.1.0 1543535494.82   1.0811591645799448e-05
{"n": 14, "noise": "sc", "circ": "cnx-lin-borrowed-1"}: 0.1.0 1543535681.99   2.615974569962578e-05
{"n": 14, "noise": "sc", "circ": "cnx-lin-borrowed-1"}: 0.1.0 1543535888.01   2.874790032879326e-05
{"n": 14, "noise": "sc", "circ": "cnx-lin-borrowed-1"}: 0.1.0 1543536071.52   8.928394235090941e-07
{"n": 14, "noise": "sc", "circ": "cnx-lin-borrowed-1"}: 0.1.0 1543536281.26   2.649229443431478e-05
{"n": 14, "noise": "sc", "circ": "cnx-lin-borrowed-1"}: 0.1.0 1543536470.53   0.9848497476311867
{"n": 14, "noise": "sc", "circ": "cnx-lin-borrowed-1"}: 0.1.0 1543536654.14   0.9849750667449036
{"n": 14, "noise": "sc", "circ": "cnx-lin-borrowed-1"}: 0.1.0 1543536839.39   3.429671677864149e-06
{"n": 14, "noise": "sc", "circ": "cnx-lin-borrowed-1"}: 0.1.0 1543537025.29   4.9574598588994605e-05
{"n": 14, "noise": "sc", "circ": "cnx-lin-borrowed-1"}: 0.1.0 1543537216.80   0.007089178953371701
{"n": 14, "noise": "sc", "circ": "cnx-lin-borrowed-1"}: 0.1.0 1543537403.02   5.014166190191291e-05
{"n": 14, "noise": "sc", "circ": "cnx-lin-borrowed-1"}: 0.1.0 1543537583.36   6.367247148055682e-05
{"n": 14, "noise": "sc", "circ": "cnx-lin-borrowed-1"}: 0.1.0 1543537764.91   0.9848928231796593
{"n": 14, "noise": "sc", "circ": "cnx-lin-borrowed-1"}: 0.1.0 1543537946.68   3.504782521358812e-05
{"n": 14, "noise": "sc", "circ": "cnx-lin-borrowed-1"}: 0.1.0 1543538132.89   0.9850953106870541
{"n": 14, "noise": "sc", "circ": "cnx-lin-borrowed-1"}: 0.1.0 1543538315.45   3.226721540178359e-05
{"n": 14, "noise": "sc", "circ": "cnx-lin-borrowed-1"}: 0.1.0 1543538517.35   1.1158391147557774e-06
{"n": 14, "noise": "sc", "circ": "cnx-lin-borrowed-1"}: 0.1.0 1543538714.11   9.444250754348666e-05
=====
{"n": 14, "noise": "sc", "circ": "cnx-lin"}: 0.1.0 1543539833.85   0.00016849555586246576
{"n": 14, "noise": "sc", "circ": "cnx-lin"}: 0.1.0 1543540723.69   0.00014563322298080577
{"n": 14, "noise": "sc", "circ": "cnx-lin"}: 0.1.0 1543541660.17   7.225383572582463e-05
{"n": 14, "noise": "sc", "circ": "cnx-lin"}: 0.1.0 1543542600.38   5.423840599086356e-06
{"n": 14, "noise": "sc", "circ": "cnx-lin"}: 0.1.0 1543543572.90   3.1432352142777916e-05
{"n": 14, "noise": "sc", "circ": "cnx-lin"}: 0.1.0 1543544558.41   2.2281998986969582e-05
{"n": 14, "noise": "sc", "circ": "cnx-lin"}: 0.1.0 1543545543.88   0.00012077427099785337
{"n": 14, "noise": "sc", "circ": "cnx-lin"}: 0.1.0 1543546536.20   2.1022148865696262e-05
{"n": 14, "noise": "sc", "circ": "cnx-lin"}: 0.1.0 1543547474.45   2.438225182161096e-05
=====
{"n": 14, "noise": "sc-better-gates", "circ": "cnx-btb"}: 0.1.0 1543548917.17   0.9997315009743704
{"n": 14, "noise": "sc-better-gates", "circ": "cnx-btb"}: 0.1.0 1543550245.13   0.999737676342601
{"n": 14, "noise": "sc-better-gates", "circ": "cnx-btb"}: 0.1.0 1543551572.75   0.9997320557782808
{"n": 14, "noise": "sc-better-gates", "circ": "cnx-btb"}: 0.1.0 1543552891.11   0.9997311219317068
{"n": 14, "noise": "sc-better-gates", "circ": "cnx-btb"}: 0.1.0 1543554236.74   0.9997329059500754
{"n": 14, "noise": "sc-better-gates", "circ": "cnx-btb"}: 0.1.0 1543555561.14   1.6562925627356052e-05
{"n": 14, "noise": "sc-better-gates", "circ": "cnx-btb"}: 0.1.0 1543556879.58   0.9997317832436018
{"n": 14, "noise": "sc-better-gates", "circ": "cnx-btb"}: 0.1.0 1543558198.07   0.9997342617709534
{"n": 14, "noise": "sc-better-gates", "circ": "cnx-btb"}: 0.1.0 1543559529.96   3.2634815277735673e-07
{"n": 14, "noise": "sc-better-gates", "circ": "cnx-btb"}: 0.1.0 1543560843.91   0.9997355501771714
{"n": 14, "noise": "sc-better-gates", "circ": "cnx-btb"}: 0.1.0 1543562170.68   0.999736874836291
{"n": 14, "noise": "sc-better-gates", "circ": "cnx-btb"}: 0.1.0 1543563487.32   0.9997302294314169
{"n": 14, "noise": "sc-better-gates", "circ": "cnx-btb"}: 0.1.0 1543564813.29   0.00012834707668185966
{"n": 14, "noise": "sc-better-gates", "circ": "cnx-btb"}: 0.1.0 1543566124.06   0.999736332707704
{"n": 14, "noise": "sc-better-gates", "circ": "cnx-btb"}: 0.1.0 1543567447.61   0.9997358775050977
{"n": 14, "noise": "sc-better-gates", "circ": "cnx-btb"}: 0.1.0 1543568760.60   0.9997376439109305
{"n": 14, "noise": "sc-better-gates", "circ": "cnx-btb"}: 0.1.0 1543570088.17   0.9997357343949591
{"n": 14, "noise": "sc-better-gates", "circ": "cnx-btb"}: 0.1.0 1543571395.96   0.9997357968307574
{"n": 14, "noise": "sc-better-gates", "circ": "cnx-btb"}: 0.1.0 1543572711.84   0.9997328518702724
{"n": 14, "noise": "sc-better-gates", "circ": "cnx-btb"}: 0.1.0 1543574027.20   0.9997377061791198
{"n": 14, "noise": "sc-better-gates", "circ": "cnx-btb"}: 0.1.0 1543575350.85   9.187645409749439e-05
{"n": 14, "noise": "sc-better-gates", "circ": "cnx-btb"}: 0.1.0 1543576666.18   0.9997387520633323
{"n": 14, "noise": "sc-better-gates", "circ": "cnx-btb"}: 0.1.0 1543577987.69   0.9997352941911375
{"n": 14, "noise": "sc-better-gates", "circ": "cnx-btb"}: 0.1.0 1543579308.81   0.999738688518411
{"n": 14, "noise": "sc-better-gates", "circ": "cnx-btb"}: 0.1.0 1543580636.23   0.9997356368859679
{"n": 14, "noise": "sc-better-gates", "circ": "cnx-btb"}: 0.1.0 1543581952.37   0.0
{"n": 14, "noise": "sc-better-gates", "circ": "cnx-btb"}: 0.1.0 1543583279.73   0.9997330409170624
{"n": 14, "noise": "sc-better-gates", "circ": "cnx-btb"}: 0.1.0 1543584594.52   0.9997330474369348
{"n": 14, "noise": "sc-better-gates", "circ": "cnx-btb"}: 0.1.0 1543585909.35   0.9997353548852799
{"n": 14, "noise": "sc-better-gates", "circ": "cnx-btb"}: 0.1.0 1543587232.91   0.9997313000303494
{"n": 14, "noise": "sc-better-gates", "circ": "cnx-btb"}: 0.1.0 1543588555.65   0.9997320803642304
{"n": 14, "noise": "sc-better-gates", "circ": "cnx-btb"}: 0.1.0 1543589872.00   0.00013301563707389762
{"n": 14, "noise": "sc-better-gates", "circ": "cnx-btb"}: 0.1.0 1543591189.56   0.9997339294714935
{"n": 14, "noise": "sc-better-gates", "circ": "cnx-btb"}: 0.1.0 1543592506.65   0.9997301149536679
{"n": 14, "noise": "sc-better-gates", "circ": "cnx-btb"}: 0.1.0 1543593825.94   0.9997314194031328
{"n": 14, "noise": "sc-better-gates", "circ": "cnx-btb"}: 0.1.0 1543595148.25   0.9997333567156542
{"n": 14, "noise": "sc-better-gates", "circ": "cnx-btb"}: 0.1.0 1543596465.01   0.9997361311980656
{"n": 14, "noise": "sc-better-gates", "circ": "cnx-btb"}: 0.1.0 1543597787.98   0.9997321623657931
{"n": 14, "noise": "sc-better-gates", "circ": "cnx-btb"}: 0.1.0 1543599108.69   0.9997350818133793
{"n": 14, "noise": "sc-better-gates", "circ": "cnx-btb"}: 0.1.0 1543600433.03   0.9997380071762259
{"n": 14, "noise": "sc-better-gates", "circ": "cnx-btb"}: 0.1.0 1543601760.44   0.9997326158985634
{"n": 14, "noise": "sc-better-gates", "circ": "cnx-btb"}: 0.1.0 1543603079.46   5.584349658837021e-05
{"n": 14, "noise": "sc-better-gates", "circ": "cnx-btb"}: 0.1.0 1543604406.38   1.0056439661305713e-05
{"n": 14, "noise": "sc-better-gates", "circ": "cnx-btb"}: 0.1.0 1543605733.64   0.9997332321021147
{"n": 14, "noise": "sc-better-gates", "circ": "cnx-btb"}: 0.1.0 1543607052.22   0.9997367759238875
{"n": 14, "noise": "sc-better-gates", "circ": "cnx-btb"}: 0.1.0 1543608366.33   0.9997376743630491
{"n": 14, "noise": "sc-better-gates", "circ": "cnx-btb"}: 0.1.0 1543609686.21   8.883275444149786e-12
{"n": 14, "noise": "sc-better-gates", "circ": "cnx-btb"}: 0.1.0 1543611007.47   0.9997305352397687
{"n": 14, "noise": "sc-better-gates", "circ": "cnx-btb"}: 0.1.0 1543612325.49   0.9997351075221272
{"n": 14, "noise": "sc-better-gates", "circ": "cnx-btb"}: 0.1.0 1543613640.82   0.9997368735070473
{"n": 14, "noise": "sc-better-gates", "circ": "cnx-btb"}: 0.1.0 1543614958.71   0.9997341087352458
