=====
{"n": 14, "noise": "sc-better-gates", "circ": "cnx-lin"}: 0.1.0 1543472977.43   7.30755633519074e-05
{"n": 14, "noise": "sc-better-gates", "circ": "cnx-lin"}: 0.1.0 1543473655.26   3.417552348727585e-05
{"n": 14, "noise": "sc-better-gates", "circ": "cnx-lin"}: 0.1.0 1543474328.49   9.339860833123932e-06
{"n": 14, "noise": "sc-better-gates", "circ": "cnx-lin"}: 0.1.0 1543475084.58   2.5187488700278383e-06
{"n": 14, "noise": "sc-better-gates", "circ": "cnx-lin"}: 0.1.0 1543475815.76   0.00013691144346496682
{"n": 14, "noise": "sc-better-gates", "circ": "cnx-lin"}: 0.1.0 1543476584.16   0.00011953098193064056
{"n": 14, "noise": "sc-better-gates", "circ": "cnx-lin"}: 0.1.0 1543477336.92   8.42982707554436e-06
{"n": 14, "noise": "sc-better-gates", "circ": "cnx-lin"}: 0.1.0 1543478066.18   1.1000403143115265e-05
{"n": 14, "noise": "sc-better-gates", "circ": "cnx-lin"}: 0.1.0 1543478819.36   9.287176567859974e-06
{"n": 14, "noise": "sc-better-gates", "circ": "cnx-lin"}: 0.1.0 1543479565.47   1.942016840323982e-05
{"n": 14, "noise": "sc-better-gates", "circ": "cnx-lin"}: 0.1.0 1543480305.59   1.0630171503162046e-05
{"n": 14, "noise": "sc-better-gates", "circ": "cnx-lin"}: 0.1.0 1543481032.63   7.454711995691636e-05
{"n": 14, "noise": "sc-better-gates", "circ": "cnx-lin"}: 0.1.0 1543481776.89   8.005158209883584e-06
{"n": 14, "noise": "sc-better-gates", "circ": "cnx-lin"}: 0.1.0 1543482504.82   3.153466505510108e-05
{"n": 14, "noise": "sc-better-gates", "circ": "cnx-lin"}: 0.1.0 1543483249.46   1.3037593918611246e-05
{"n": 14, "noise": "sc-better-gates", "circ": "cnx-lin"}: 0.1.0 1543483932.99   3.530638041132446e-05
{"n": 14, "noise": "sc-better-gates", "circ": "cnx-lin"}: 0.1.0 1543484665.82   1.493719941742493e-05
{"n": 14, "noise": "sc-better-gates", "circ": "cnx-lin"}: 0.1.0 1543485404.22   3.645719446491198e-05
{"n": 14, "noise": "sc-better-gates", "circ": "cnx-lin"}: 0.1.0 1543486068.67   6.501663385147562e-06
{"n": 14, "noise": "sc-better-gates", "circ": "cnx-lin"}: 0.1.0 1543486790.88   3.397546281419467e-05
{"n": 14, "noise": "sc-better-gates", "circ": "cnx-lin"}: 0.1.0 1543487552.69   0.00016531162850890938
{"n": 14, "noise": "sc-better-gates", "circ": "cnx-lin"}: 0.1.0 1543488207.26   7.075107379967513e-05
{"n": 14, "noise": "sc-better-gates", "circ": "cnx-lin"}: 0.1.0 1543488956.74   0.00013501614547609987
{"n": 14, "noise": "sc-better-gates", "circ": "cnx-lin"}: 0.1.0 1543489682.62   8.743155985646975e-05
{"n": 14, "noise": "sc-better-gates", "circ": "cnx-lin"}: 0.1.0 1543490333.92   3.933733312001145e-05
{"n": 14, "noise": "sc-better-gates", "circ": "cnx-lin"}: 0.1.0 1543491037.81   0.00010047300380675348
{"n": 14, "noise": "sc-better-gates", "circ": "cnx-lin"}: 0.1.0 1543491710.86   1.6150107076809824e-05
{"n": 14, "noise": "sc-better-gates", "circ": "cnx-lin"}: 0.1.0 1543492486.64   6.171218089082408e-05
{"n": 14, "noise": "sc-better-gates", "circ": "cnx-lin"}: 0.1.0 1543493228.91   0.00015025053391554488
{"n": 14, "noise": "sc-better-gates", "circ": "cnx-lin"}: 0.1.0 1543493971.09   3.2885551917159654e-05
{"n": 14, "noise": "sc-better-gates", "circ": "cnx-lin"}: 0.1.0 1543494773.85   5.5811699226338856e-05
{"n": 14, "noise": "sc-better-gates", "circ": "cnx-lin"}: 0.1.0 1543495441.52   0.00013916173883957367
{"n": 14, "noise": "sc-better-gates", "circ": "cnx-lin"}: 0.1.0 1543496191.33   0.00015792885913311602
{"n": 14, "noise": "sc-better-gates", "circ": "cnx-lin"}: 0.1.0 1543496921.81   2.259461070917639e-05
{"n": 14, "noise": "sc-better-gates", "circ": "cnx-lin"}: 0.1.0 1543497711.91   6.565138277115929e-05
{"n": 14, "noise": "sc-better-gates", "circ": "cnx-lin"}: 0.1.0 1543498474.53   3.858698938426953e-06
{"n": 14, "noise": "sc-better-gates", "circ": "cnx-lin"}: 0.1.0 1543499193.63   4.3679714181567305e-05
{"n": 14, "noise": "sc-better-gates", "circ": "cnx-lin"}: 0.1.0 1543499921.86   7.139464563339138e-05
{"n": 14, "noise": "sc-better-gates", "circ": "cnx-lin"}: 0.1.0 1543500647.28   3.206679473106934e-05
{"n": 14, "noise": "sc-better-gates", "circ": "cnx-lin"}: 0.1.0 1543501412.17   4.503955203127149e-05
{"n": 14, "noise": "sc-better-gates", "circ": "cnx-lin"}: 0.1.0 1543502168.97   0.00012631264715121722
{"n": 14, "noise": "sc-better-gates", "circ": "cnx-lin"}: 0.1.0 1543502929.09   6.745859163639918e-05
{"n": 14, "noise": "sc-better-gates", "circ": "cnx-lin"}: 0.1.0 1543503694.48   0.00010083279566788049
{"n": 14, "noise": "sc-better-gates", "circ": "cnx-lin"}: 0.1.0 1543504486.34   5.5785298993879015e-06
{"n": 14, "noise": "sc-better-gates", "circ": "cnx-lin"}: 0.1.0 1543505288.19   8.49410770419374e-05
{"n": 14, "noise": "sc-better-gates", "circ": "cnx-lin"}: 0.1.0 1543506038.43   4.790897735187149e-05
{"n": 14, "noise": "sc-better-gates", "circ": "cnx-lin"}: 0.1.0 1543506790.98   0.0001345233964982523
{"n": 14, "noise": "sc-better-gates", "circ": "cnx-lin"}: 0.1.0 1543507576.22   7.00175283890285e-06
{"n": 14, "noise": "sc-better-gates", "circ": "cnx-lin"}: 0.1.0 1543508303.26   1.9615912844027226e-05
{"n": 14, "noise": "sc-better-gates", "circ": "cnx-lin"}: 0.1.0 1543509020.02   6.146269620902438e-05
{"n": 14, "noise": "sc-better-gates", "circ": "cnx-lin"}: 0.1.0 1543509835.69   1.1694442548277535e-05
{"n": 14, "noise": "sc-better-gates", "circ": "cnx-lin"}: 0.1.0 1543510603.31   0.00011454883515320668
{"n": 14, "noise": "sc-better-gates", "circ": "cnx-lin"}: 0.1.0 1543511373.99   3.7539274337909493e-05
{"n": 14, "noise": "sc-better-gates", "circ": "cnx-lin"}: 0.1.0 1543512179.02   0.0001652218209094957
{"n": 14, "noise": "sc-better-gates", "circ": "cnx-lin"}: 0.1.0 1543513038.08   3.3743241033117705e-05
{"n": 14, "noise": "sc-better-gates", "circ": "cnx-lin"}: 0.1.0 1543513818.44   4.404789131208841e-05
{"n": 14, "noise": "sc-better-gates", "circ": "cnx-lin"}: 0.1.0 1543514654.91   0.00014009977485175985
{"n": 14, "noise": "sc-better-gates", "circ": "cnx-lin"}: 0.1.0 1543515526.44   0.00012102889076290623
{"n": 14, "noise": "sc-better-gates", "circ": "cnx-lin"}: 0.1.0 1543516360.59   0.00010117277361207476
{"n": 14, "noise": "sc-better-gates", "circ": "cnx-lin"}: 0.1.0 1543517150.67   8.119894829905445e-05
{"n": 14, "noise": "sc-better-gates", "circ": "cnx-lin"}: 0.1.0 1543517937.59   3.979865024489069e-07
{"n": 14, "noise": "sc-better-gates", "circ": "cnx-lin"}: 0.1.0 1543518747.67   3.616144892623132e-05
{"n": 14, "noise": "sc-better-gates", "circ": "cnx-lin"}: 0.1.0 1543519504.34   1.9274286926780714e-05
{"n": 14, "noise": "sc-better-gates", "circ": "cnx-lin"}: 0.1.0 1543520344.59   0.0001293954084452193
{"n": 14, "noise": "sc-better-gates", "circ": "cnx-lin"}: 0.1.0 1543521215.02   4.9862753497116104e-06
{"n": 14, "noise": "sc-better-gates", "circ": "cnx-lin"}: 0.1.0 1543522070.28   5.810775066650309e-06
{"n": 14, "noise": "sc-better-gates", "circ": "cnx-lin"}: 0.1.0 1543522935.93   4.692334064558373e-06
{"n": 14, "noise": "sc-better-gates", "circ": "cnx-lin"}: 0.1.0 1543523769.74   3.9490647850789504e-05
=====
{"n": 14, "noise": "sc-better-gates", "circ": "cnx-lin-borrowed-1"}: 0.1.0 1543525042.37   7.595685403140028e-06
{"n": 14, "noise": "sc-better-gates", "circ": "cnx-lin-borrowed-1"}: 0.1.0 1543525225.99   1.9872658633788746e-05
{"n": 14, "noise": "sc-better-gates", "circ": "cnx-lin-borrowed-1"}: 0.1.0 1543525402.68   0.985038657633542
{"n": 14, "noise": "sc-better-gates", "circ": "cnx-lin-borrowed-1"}: 0.1.0 1543525584.28   1.538247211163055e-05
{"n": 14, "noise": "sc-better-gates", "circ": "cnx-lin-borrowed-1"}: 0.1.0 1543525742.56   0.00016283616956222916
{"n": 14, "noise": "sc-better-gates", "circ": "cnx-lin-borrowed-1"}: 0.1.0 1543525907.48   0.9848032406955578
{"n": 14, "noise": "sc-better-gates", "circ": "cnx-lin-borrowed-1"}: 0.1.0 1543526070.50   1.7297907091487197e-05
{"n": 14, "noise": "sc-better-gates", "circ": "cnx-lin-borrowed-1"}: 0.1.0 1543526237.56   2.421177581814641e-05
{"n": 14, "noise": "sc-better-gates", "circ": "cnx-lin-borrowed-1"}: 0.1.0 1543526405.85   0.9848854553377852
{"n": 14, "noise": "sc-better-gates", "circ": "cnx-lin-borrowed-1"}: 0.1.0 1543526573.22   0.0002907785900509119
{"n": 14, "noise": "sc-better-gates", "circ": "cnx-lin-borrowed-1"}: 0.1.0 1543526736.44   0.9848037970175715
{"n": 14, "noise": "sc-better-gates", "circ": "cnx-lin-borrowed-1"}: 0.1.0 1543526908.50   0.9849600948416707
{"n": 14, "noise": "sc-better-gates", "circ": "cnx-lin-borrowed-1"}: 0.1.0 1543527074.05   0.9846995121106646
{"n": 14, "noise": "sc-better-gates", "circ": "cnx-lin-borrowed-1"}: 0.1.0 1543527242.13   4.0098675277730226e-05
{"n": 14, "noise": "sc-better-gates", "circ": "cnx-lin-borrowed-1"}: 0.1.0 1543527401.69   4.376563483591352e-05
{"n": 14, "noise": "sc-better-gates", "circ": "cnx-lin-borrowed-1"}: 0.1.0 1543527568.49   3.528771114428082e-05
{"n": 14, "noise": "sc-better-gates", "circ": "cnx-lin-borrowed-1"}: 0.1.0 1543527734.16   0.984957840309603
{"n": 14, "noise": "sc-better-gates", "circ": "cnx-lin-borrowed-1"}: 0.1.0 1543527910.46   2.139609878753101e-05
{"n": 14, "noise": "sc-better-gates", "circ": "cnx-lin-borrowed-1"}: 0.1.0 1543528064.08   1.3287925303380798e-05
{"n": 14, "noise": "sc-better-gates", "circ": "cnx-lin-borrowed-1"}: 0.1.0 1543528225.79   1.0524431076900592e-05
{"n": 14, "noise": "sc-better-gates", "circ": "cnx-lin-borrowed-1"}: 0.1.0 1543528387.04   0.9849259708176252
{"n": 14, "noise": "sc-better-gates", "circ": "cnx-lin-borrowed-1"}: 0.1.0 1543528560.63   3.1122523695357416e-05
{"n": 14, "noise": "sc-better-gates", "circ": "cnx-lin-borrowed-1"}: 0.1.0 1543528730.34   1.1611088807124384e-05
{"n": 14, "noise": "sc-better-gates", "circ": "cnx-lin-borrowed-1"}: 0.1.0 1543528908.46   0.0002209876434929007
{"n": 14, "noise": "sc-better-gates", "circ": "cnx-lin-borrowed-1"}: 0.1.0 1543529088.47   9.03585032882526e-05
{"n": 14, "noise": "sc-better-gates", "circ": "cnx-lin-borrowed-1"}: 0.1.0 1543529251.73   0.9847896441341906
{"n": 14, "noise": "sc-better-gates", "circ": "cnx-lin-borrowed-1"}: 0.1.0 1543529415.47   3.354868919235663e-05
{"n": 14, "noise": "sc-better-gates", "circ": "cnx-lin-borrowed-1"}: 0.1.0 1543529590.62   5.2371296639238086e-05
{"n": 14, "noise": "sc-better-gates", "circ": "cnx-lin-borrowed-1"}: 0.1.0 1543529759.89   5.5673393926518894e-05
{"n": 14, "noise": "sc-better-gates", "circ": "cnx-lin-borrowed-1"}: 0.1.0 1543529940.97   0.984882528348002
{"n": 14, "noise": "sc-better-gates", "circ": "cnx-lin-borrowed-1"}: 0.1.0 1543530115.09   3.0316659906977644e-05
{"n": 14, "noise": "sc-better-gates", "circ": "cnx-lin-borrowed-1"}: 0.1.0 1543530305.71   0.9847822439657596
{"n": 14, "noise": "sc-better-gates", "circ": "cnx-lin-borrowed-1"}: 0.1.0 1543530471.94   5.791650729076025e-06
{"n": 14, "noise": "sc-better-gates", "circ": "cnx-lin-borrowed-1"}: 0.1.0 1543530637.40   0.9847996542056118
{"n": 14, "noise": "sc-better-gates", "circ": "cnx-lin-borrowed-1"}: 0.1.0 1543530828.45   4.3495517308830195e-05
{"n": 14, "noise": "sc-better-gates", "circ": "cnx-lin-borrowed-1"}: 0.1.0 1543531005.29   3.936302275084907e-06
{"n": 14, "noise": "sc-better-gates", "circ": "cnx-lin-borrowed-1"}: 0.1.0 1543531172.59   2.7486608430010266e-05
{"n": 14, "noise": "sc-better-gates", "circ": "cnx-lin-borrowed-1"}: 0.1.0 1543531346.48   2.660752489355908e-05
{"n": 14, "noise": "sc-better-gates", "circ": "cnx-lin-borrowed-1"}: 0.1.0 1543531520.66   5.3199985121058965e-06
{"n": 14, "noise": "sc-better-gates", "circ": "cnx-lin-borrowed-1"}: 0.1.0 1543531696.98   4.061940820012499e-06
{"n": 14, "noise": "sc-better-gates", "circ": "cnx-lin-borrowed-1"}: 0.1.0 1543531878.68   5.275759133332659e-06
{"n": 14, "noise": "sc-better-gates", "circ": "cnx-lin-borrowed-1"}: 0.1.0 1543532050.99   0.9848539602468083
{"n": 14, "noise": "sc-better-gates", "circ": "cnx-lin-borrowed-1"}: 0.1.0 1543532229.36   3.2483375442865586e-05
{"n": 14, "noise": "sc-better-gates", "circ": "cnx-lin-borrowed-1"}: 0.1.0 1543532415.55   0.9848939718740537
{"n": 14, "noise": "sc-better-gates", "circ": "cnx-lin-borrowed-1"}: 0.1.0 1543532587.02   7.53644424777652e-06
{"n": 14, "noise": "sc-better-gates", "circ": "cnx-lin-borrowed-1"}: 0.1.0 1543532771.32   9.455755970918381e-05
{"n": 14, "noise": "sc-better-gates", "circ": "cnx-lin-borrowed-1"}: 0.1.0 1543532948.50   0.9847889425833377
{"n": 14, "noise": "sc-better-gates", "circ": "cnx-lin-borrowed-1"}: 0.1.0 1543533129.25   0.9848850343861797
{"n": 14, "noise": "sc-better-gates", "circ": "cnx-lin-borrowed-1"}: 0.1.0 1543533301.94   0.9850369155484384
{"n": 14, "noise": "sc-better-gates", "circ": "cnx-lin-borrowed-1"}: 0.1.0 1543533480.98   0.9849951395910646
{"n": 14, "noise": "sc-better-gates", "circ": "cnx-lin-borrowed-1"}: 0.1.0 1543533663.81   0.00023520763798739964
{"n": 14, "noise": "sc-better-gates", "circ": "cnx-lin-borrowed-1"}: 0.1.0 1543533846.93   4.777250396159046e-05
{"n": 14, "noise": "sc-better-gates", "circ": "cnx-lin-borrowed-1"}: 0.1.0 1543534034.10   3.382480838401139e-05
{"n": 14, "noise": "sc-better-gates", "circ": "cnx-lin-borrowed-1"}: 0.1.0 1543534211.20   3.895103312408215e-05
{"n": 14, "noise": "sc-better-gates", "circ": "cnx-lin-borrowed-1"}: 0.1.0 1543534391.27   5.756937586736117e-05
{"n": 14, "noise": "sc-better-gates", "circ": "cnx-lin-borrowed-1"}: 0.1.0 1543534559.76   9.361487180753999e-05
{"n": 14, "noise": "sc-better-gates", "circ": "cnx-lin-borrowed-1"}: 0.1.0 1543534728.34   0.9848510034162881
{"n": 14, "noise": "sc-better-gates", "circ": "cnx-lin-borrowed-1"}: 0.1.0 1543534902.81   1.7133695274218065e-05
{"n": 14, "noise": "sc-better-gates", "circ": "cnx-lin-borrowed-1"}: 0.1.0 1543535089.57   0.9847933504131432
{"n": 14, "noise": "sc-better-gates", "circ": "cnx-lin-borrowed-1"}: 0.1.0 1543535263.62   8.946585289691096e-06
{"n": 14, "noise": "sc-better-gates", "circ": "cnx-lin-borrowed-1"}: 0.1.0 1543535426.05   8.610239077605053e-06
{"n": 14, "noise": "sc-better-gates", "circ": "cnx-lin-borrowed-1"}: 0.1.0 1543535608.66   0.984871786634775
{"n": 14, "noise": "sc-better-gates", "circ": "cnx-lin-borrowed-1"}: 0.1.0 1543535788.79   0.9847430549626123
{"n": 14, "noise": "sc-better-gates", "circ": "cnx-lin-borrowed-1"}: 0.1.0 1543535964.97   2.2996051591662903e-05
{"n": 14, "noise": "sc-better-gates", "circ": "cnx-lin-borrowed-1"}: 0.1.0 1543536135.60   7.742894926219565e-05
{"n": 14, "noise": "sc-better-gates", "circ": "cnx-lin-borrowed-1"}: 0.1.0 1543536325.96   8.453605488615665e-06
{"n": 14, "noise": "sc-better-gates", "circ": "cnx-lin-borrowed-1"}: 0.1.0 1543536519.48   5.120091555922668e-06
{"n": 14, "noise": "sc-better-gates", "circ": "cnx-lin-borrowed-1"}: 0.1.0 1543536697.21   0.9849454897412065
{"n": 14, "noise": "sc-better-gates", "circ": "cnx-lin-borrowed-1"}: 0.1.0 1543536875.20   0.9848173196606227
{"n": 14, "noise": "sc-better-gates", "circ": "cnx-lin-borrowed-1"}: 0.1.0 1543537043.78   0.9849754584805057
{"n": 14, "noise": "sc-better-gates", "circ": "cnx-lin-borrowed-1"}: 0.1.0 1543537205.28   3.1705174688548966e-06
{"n": 14, "noise": "sc-better-gates", "circ": "cnx-lin-borrowed-1"}: 0.1.0 1543537377.79   3.7928729946121634e-05
{"n": 14, "noise": "sc-better-gates", "circ": "cnx-lin-borrowed-1"}: 0.1.0 1543537559.50   1.967185420487321e-05
{"n": 14, "noise": "sc-better-gates", "circ": "cnx-lin-borrowed-1"}: 0.1.0 1543537743.91   3.797824027020036e-05
{"n": 14, "noise": "sc-better-gates", "circ": "cnx-lin-borrowed-1"}: 0.1.0 1543537928.04   2.4966091863112838e-05
{"n": 14, "noise": "sc-better-gates", "circ": "cnx-lin-borrowed-1"}: 0.1.0 1543538114.43   0.9849912476315327
{"n": 14, "noise": "sc-better-gates", "circ": "cnx-lin-borrowed-1"}: 0.1.0 1543538303.89   0.9849611564664883
{"n": 14, "noise": "sc-better-gates", "circ": "cnx-lin-borrowed-1"}: 0.1.0 1543538488.20   1.3511702250516615e-05
{"n": 14, "noise": "sc-better-gates", "circ": "cnx-lin-borrowed-1"}: 0.1.0 1543538666.43   9.592597491300733e-05
{"n": 14, "noise": "sc-better-gates", "circ": "cnx-lin-borrowed-1"}: 0.1.0 1543538839.26   8.981284701027584e-06
=====
{"n": 14, "noise": "sc-better-gates", "circ": "cnx-lin"}: 0.1.0 1543539709.81   1.8404418178125925e-05
{"n": 14, "noise": "sc-better-gates", "circ": "cnx-lin"}: 0.1.0 1543540497.44   7.734379155266182e-05
{"n": 14, "noise": "sc-better-gates", "circ": "cnx-lin"}: 0.1.0 1543541371.00   0.0003213957826415773
{"n": 14, "noise": "sc-better-gates", "circ": "cnx-lin"}: 0.1.0 1543542173.07   0.00011558617108285277
{"n": 14, "noise": "sc-better-gates", "circ": "cnx-lin"}: 0.1.0 1543543041.83   3.957424452919783e-05
{"n": 14, "noise": "sc-better-gates", "circ": "cnx-lin"}: 0.1.0 1543543880.86   2.0769350532738377e-06
{"n": 14, "noise": "sc-better-gates", "circ": "cnx-lin"}: 0.1.0 1543544781.69   5.5906935959922226e-05
{"n": 14, "noise": "sc-better-gates", "circ": "cnx-lin"}: 0.1.0 1543545562.81   2.1735508936634245e-05
{"n": 14, "noise": "sc-better-gates", "circ": "cnx-lin"}: 0.1.0 1543546333.51   0.00032390913799810827
{"n": 14, "noise": "sc-better-gates", "circ": "cnx-lin"}: 0.1.0 1543547270.92   0.000247865956275896
=====
{"n": 14, "noise": "sc", "circ": "cnx-lin"}: 0.1.0 1543548465.88   3.305694228946391e-05
{"n": 14, "noise": "sc", "circ": "cnx-lin"}: 0.1.0 1543549335.10   9.530362027248788e-06
{"n": 14, "noise": "sc", "circ": "cnx-lin"}: 0.1.0 1543550217.14   1.8547065099782844e-05
{"n": 14, "noise": "sc", "circ": "cnx-lin"}: 0.1.0 1543551013.49   5.898426989713448e-05
{"n": 14, "noise": "sc", "circ": "cnx-lin"}: 0.1.0 1543551868.20   1.4541664466495535e-05
{"n": 14, "noise": "sc", "circ": "cnx-lin"}: 0.1.0 1543552741.82   9.318032104711222e-05
{"n": 14, "noise": "sc", "circ": "cnx-lin"}: 0.1.0 1543553644.39   2.473187834525113e-05
{"n": 14, "noise": "sc", "circ": "cnx-lin"}: 0.1.0 1543554612.03   5.0631858885384746e-05
{"n": 14, "noise": "sc", "circ": "cnx-lin"}: 0.1.0 1543555530.44   7.944091706212329e-05
{"n": 14, "noise": "sc", "circ": "cnx-lin"}: 0.1.0 1543556461.12   0.0003502981109199217
{"n": 14, "noise": "sc", "circ": "cnx-lin"}: 0.1.0 1543557406.53   0.00012755093928916135
{"n": 14, "noise": "sc", "circ": "cnx-lin"}: 0.1.0 1543558341.20   1.9083425345208694e-05
{"n": 14, "noise": "sc", "circ": "cnx-lin"}: 0.1.0 1543559211.64   2.0450385165900082e-05
{"n": 14, "noise": "sc", "circ": "cnx-lin"}: 0.1.0 1543560130.21   6.253745597145999e-05
{"n": 14, "noise": "sc", "circ": "cnx-lin"}: 0.1.0 1543561077.27   1.112539907175709e-05
{"n": 14, "noise": "sc", "circ": "cnx-lin"}: 0.1.0 1543561997.94   2.9976315997999886e-06
{"n": 14, "noise": "sc", "circ": "cnx-lin"}: 0.1.0 1543562910.31   7.722886623124655e-06
{"n": 14, "noise": "sc", "circ": "cnx-lin"}: 0.1.0 1543563805.44   9.369104145626306e-06
{"n": 14, "noise": "sc", "circ": "cnx-lin"}: 0.1.0 1543564699.22   3.988520475103877e-06
{"n": 14, "noise": "sc", "circ": "cnx-lin"}: 0.1.0 1543565592.20   0.0002349323063271095
{"n": 14, "noise": "sc", "circ": "cnx-lin"}: 0.1.0 1543566500.73   3.0228670713248042e-05
{"n": 14, "noise": "sc", "circ": "cnx-lin"}: 0.1.0 1543567328.67   7.547800498382562e-05
{"n": 14, "noise": "sc", "circ": "cnx-lin"}: 0.1.0 1543568205.14   0.00013592726880295428
{"n": 14, "noise": "sc", "circ": "cnx-lin"}: 0.1.0 1543569047.02   1.8277972737296592e-06
{"n": 14, "noise": "sc", "circ": "cnx-lin"}: 0.1.0 1543569882.64   0.0003222038650123742
{"n": 14, "noise": "sc", "circ": "cnx-lin"}: 0.1.0 1543570721.71   4.452552072191684e-05
{"n": 14, "noise": "sc", "circ": "cnx-lin"}: 0.1.0 1543571536.03   7.683605088705699e-05
{"n": 14, "noise": "sc", "circ": "cnx-lin"}: 0.1.0 1543572332.05   0.00011172445998450403
{"n": 14, "noise": "sc", "circ": "cnx-lin"}: 0.1.0 1543573140.26   7.115495421603687e-06
{"n": 14, "noise": "sc", "circ": "cnx-lin"}: 0.1.0 1543573976.38   2.057684479178665e-05
{"n": 14, "noise": "sc", "circ": "cnx-lin"}: 0.1.0 1543574799.22   4.528215981365061e-05
{"n": 14, "noise": "sc", "circ": "cnx-lin"}: 0.1.0 1543575643.28   0.000216664950048832
{"n": 14, "noise": "sc", "circ": "cnx-lin"}: 0.1.0 1543576509.10   6.34285439485851e-05
{"n": 14, "noise": "sc", "circ": "cnx-lin"}: 0.1.0 1543577375.89   1.9839825356731183e-05
{"n": 14, "noise": "sc", "circ": "cnx-lin"}: 0.1.0 1543578230.27   8.448698037474956e-06
{"n": 14, "noise": "sc", "circ": "cnx-lin"}: 0.1.0 1543579098.38   4.0682891856317796e-05
{"n": 14, "noise": "sc", "circ": "cnx-lin"}: 0.1.0 1543580012.62   1.3857165662331622e-06
{"n": 14, "noise": "sc", "circ": "cnx-lin"}: 0.1.0 1543580921.63   4.580549760140002e-06
{"n": 14, "noise": "sc", "circ": "cnx-lin"}: 0.1.0 1543581769.41   3.704184958015971e-05
{"n": 14, "noise": "sc", "circ": "cnx-lin"}: 0.1.0 1543582632.68   0.0002859033503115198
{"n": 14, "noise": "sc", "circ": "cnx-lin"}: 0.1.0 1543583537.14   2.4262591997336446e-05
{"n": 14, "noise": "sc", "circ": "cnx-lin"}: 0.1.0 1543584530.81   1.723840357931549e-05
{"n": 14, "noise": "sc", "circ": "cnx-lin"}: 0.1.0 1543585490.83   1.4349107173701662e-05
{"n": 14, "noise": "sc", "circ": "cnx-lin"}: 0.1.0 1543586433.48   3.393532985876182e-05
{"n": 14, "noise": "sc", "circ": "cnx-lin"}: 0.1.0 1543587310.50   1.0199639825532805e-05
{"n": 14, "noise": "sc", "circ": "cnx-lin"}: 0.1.0 1543588300.25   1.1521887575038537e-05
{"n": 14, "noise": "sc", "circ": "cnx-lin"}: 0.1.0 1543589298.23   4.2141454419340395e-05
{"n": 14, "noise": "sc", "circ": "cnx-lin"}: 0.1.0 1543590277.38   1.2498042887314872e-05
{"n": 14, "noise": "sc", "circ": "cnx-lin"}: 0.1.0 1543591229.81   4.433715106865984e-05
{"n": 14, "noise": "sc", "circ": "cnx-lin"}: 0.1.0 1543592180.57   1.347288148299254e-05
{"n": 14, "noise": "sc", "circ": "cnx-lin"}: 0.1.0 1543593116.46   3.1597111246965932e-06
{"n": 14, "noise": "sc", "circ": "cnx-lin"}: 0.1.0 1543594099.23   7.869914260219554e-06
{"n": 14, "noise": "sc", "circ": "cnx-lin"}: 0.1.0 1543595076.18   9.702600377466044e-05
{"n": 14, "noise": "sc", "circ": "cnx-lin"}: 0.1.0 1543596055.91   9.025265651913085e-05
{"n": 14, "noise": "sc", "circ": "cnx-lin"}: 0.1.0 1543597037.84   6.256836128223707e-05
{"n": 14, "noise": "sc", "circ": "cnx-lin"}: 0.1.0 1543598012.21   1.002713386587057e-05
{"n": 14, "noise": "sc", "circ": "cnx-lin"}: 0.1.0 1543599026.09   4.46503872781947e-06
{"n": 14, "noise": "sc", "circ": "cnx-lin"}: 0.1.0 1543599968.43   1.359024168037715e-05
{"n": 14, "noise": "sc", "circ": "cnx-lin"}: 0.1.0 1543600941.45   6.943386988539824e-05
{"n": 14, "noise": "sc", "circ": "cnx-lin"}: 0.1.0 1543601932.56   2.3059942051132476e-05
{"n": 14, "noise": "sc", "circ": "cnx-lin"}: 0.1.0 1543602867.12   6.412067947724963e-05
{"n": 14, "noise": "sc", "circ": "cnx-lin"}: 0.1.0 1543603819.10   5.761016896375576e-05
{"n": 14, "noise": "sc", "circ": "cnx-lin"}: 0.1.0 1543604759.85   2.409060044427985e-05
{"n": 14, "noise": "sc", "circ": "cnx-lin"}: 0.1.0 1543605644.50   2.446039862486814e-05
{"n": 14, "noise": "sc", "circ": "cnx-lin"}: 0.1.0 1543606692.88   0.00010481491279797703
{"n": 14, "noise": "sc", "circ": "cnx-lin"}: 0.1.0 1543607615.34   0.00010930408143380784
{"n": 14, "noise": "sc", "circ": "cnx-lin"}: 0.1.0 1543608551.78   7.443192745065277e-05
{"n": 14, "noise": "sc", "circ": "cnx-lin"}: 0.1.0 1543609414.62   4.9923421245873615e-05
{"n": 14, "noise": "sc", "circ": "cnx-lin"}: 0.1.0 1543610300.26   6.892615702966427e-05
{"n": 14, "noise": "sc", "circ": "cnx-lin"}: 0.1.0 1543611147.52   6.982069110625301e-05
{"n": 14, "noise": "sc", "circ": "cnx-lin"}: 0.1.0 1543612025.68   9.896808251055918e-05
{"n": 14, "noise": "sc", "circ": "cnx-lin"}: 0.1.0 1543612948.78   4.797605797178257e-05
{"n": 14, "noise": "sc", "circ": "cnx-lin"}: 0.1.0 1543613834.42   1.7487472309244253e-05
{"n": 14, "noise": "sc", "circ": "cnx-lin"}: 0.1.0 1543614700.55   1.119381615473349e-05
