=====
{"n": 14, "noise": "sc", "circ": "cnx-lin"}: 0.1.0 1543473106.95   0.00020595555812171154
{"n": 14, "noise": "sc", "circ": "cnx-lin"}: 0.1.0 1543473959.37   2.7615900688462e-05
{"n": 14, "noise": "sc", "circ": "cnx-lin"}: 0.1.0 1543474862.34   9.597281427875747e-05
{"n": 14, "noise": "sc", "circ": "cnx-lin"}: 0.1.0 1543475757.75   2.2750916479705505e-05
{"n": 14, "noise": "sc", "circ": "cnx-lin"}: 0.1.0 1543476614.66   7.989158919242153e-05
{"n": 14, "noise": "sc", "circ": "cnx-lin"}: 0.1.0 1543477456.60   9.06570843097591e-06
{"n": 14, "noise": "sc", "circ": "cnx-lin"}: 0.1.0 1543478311.45   0.0001367584146820175
{"n": 14, "noise": "sc", "circ": "cnx-lin"}: 0.1.0 1543479151.35   9.87940264907206e-05
{"n": 14, "noise": "sc", "circ": "cnx-lin"}: 0.1.0 1543479977.41   6.982971244470378e-07
{"n": 14, "noise": "sc", "circ": "cnx-lin"}: 0.1.0 1543480837.50   2.0187427188305683e-05
{"n": 14, "noise": "sc", "circ": "cnx-lin"}: 0.1.0 1543481633.82   0.00015898581084386338
{"n": 14, "noise": "sc", "circ": "cnx-lin"}: 0.1.0 1543482420.60   5.2899430953343584e-05
{"n": 14, "noise": "sc", "circ": "cnx-lin"}: 0.1.0 1543483221.51   0.0002097750585226099
{"n": 14, "noise": "sc", "circ": "cnx-lin"}: 0.1.0 1543484065.12   0.0002094711035463145
{"n": 14, "noise": "sc", "circ": "cnx-lin"}: 0.1.0 1543484885.20   9.907124723933041e-07
{"n": 14, "noise": "sc", "circ": "cnx-lin"}: 0.1.0 1543485711.84   6.424767311069717e-05
{"n": 14, "noise": "sc", "circ": "cnx-lin"}: 0.1.0 1543486533.88   0.00011316956978485885
{"n": 14, "noise": "sc", "circ": "cnx-lin"}: 0.1.0 1543487364.23   0.00011641950184865757
{"n": 14, "noise": "sc", "circ": "cnx-lin"}: 0.1.0 1543488231.67   2.6165820969200707e-05
{"n": 14, "noise": "sc", "circ": "cnx-lin"}: 0.1.0 1543489080.81   1.1888725904926567e-05
{"n": 14, "noise": "sc", "circ": "cnx-lin"}: 0.1.0 1543489966.28   1.7420784790343194e-05
{"n": 14, "noise": "sc", "circ": "cnx-lin"}: 0.1.0 1543490815.77   3.611111819587872e-05
{"n": 14, "noise": "sc", "circ": "cnx-lin"}: 0.1.0 1543491671.01   4.886558617458766e-07
{"n": 14, "noise": "sc", "circ": "cnx-lin"}: 0.1.0 1543492548.72   7.237369737929234e-05
{"n": 14, "noise": "sc", "circ": "cnx-lin"}: 0.1.0 1543493439.54   3.6151115328866465e-05
{"n": 14, "noise": "sc", "circ": "cnx-lin"}: 0.1.0 1543494400.16   0.0001238808849624372
{"n": 14, "noise": "sc", "circ": "cnx-lin"}: 0.1.0 1543495310.98   7.056056545640791e-05
{"n": 14, "noise": "sc", "circ": "cnx-lin"}: 0.1.0 1543496222.35   8.27636579801362e-05
{"n": 14, "noise": "sc", "circ": "cnx-lin"}: 0.1.0 1543497208.97   4.650690214179416e-05
{"n": 14, "noise": "sc", "circ": "cnx-lin"}: 0.1.0 1543498081.96   0.00011323856816200643
{"n": 14, "noise": "sc", "circ": "cnx-lin"}: 0.1.0 1543499029.94   0.000205642202113391
{"n": 14, "noise": "sc", "circ": "cnx-lin"}: 0.1.0 1543499949.15   8.747207387128212e-05
{"n": 14, "noise": "sc", "circ": "cnx-lin"}: 0.1.0 1543500884.04   7.16831383060911e-05
{"n": 14, "noise": "sc", "circ": "cnx-lin"}: 0.1.0 1543501909.86   1.4369212125982779e-05
{"n": 14, "noise": "sc", "circ": "cnx-lin"}: 0.1.0 1543502855.43   1.022035723319111e-05
{"n": 14, "noise": "sc", "circ": "cnx-lin"}: 0.1.0 1543503795.77   4.153672228978947e-05
{"n": 14, "noise": "sc", "circ": "cnx-lin"}: 0.1.0 1543504775.14   2.474542511845521e-05
{"n": 14, "noise": "sc", "circ": "cnx-lin"}: 0.1.0 1543505714.41   1.649982396308602e-05
{"n": 14, "noise": "sc", "circ": "cnx-lin"}: 0.1.0 1543506666.97   5.703360024500935e-05
{"n": 14, "noise": "sc", "circ": "cnx-lin"}: 0.1.0 1543507652.43   3.120835867278832e-05
{"n": 14, "noise": "sc", "circ": "cnx-lin"}: 0.1.0 1543508575.67   0.00012049879207609964
{"n": 14, "noise": "sc", "circ": "cnx-lin"}: 0.1.0 1543509541.42   1.185562556045009e-07
{"n": 14, "noise": "sc", "circ": "cnx-lin"}: 0.1.0 1543510496.68   6.973657940253186e-05
{"n": 14, "noise": "sc", "circ": "cnx-lin"}: 0.1.0 1543511338.89   1.8732736090008082e-07
{"n": 14, "noise": "sc", "circ": "cnx-lin"}: 0.1.0 1543512301.82   4.870484327281348e-05
{"n": 14, "noise": "sc", "circ": "cnx-lin"}: 0.1.0 1543513279.36   8.139878369700782e-06
{"n": 14, "noise": "sc", "circ": "cnx-lin"}: 0.1.0 1543514231.38   4.599191287918578e-05
{"n": 14, "noise": "sc", "circ": "cnx-lin"}: 0.1.0 1543515163.42   4.5609895854052734e-05
{"n": 14, "noise": "sc", "circ": "cnx-lin"}: 0.1.0 1543516019.00   0.00013879032575302575
{"n": 14, "noise": "sc", "circ": "cnx-lin"}: 0.1.0 1543516864.00   8.113904083687475e-05
{"n": 14, "noise": "sc", "circ": "cnx-lin"}: 0.1.0 1543517758.51   5.317224892856142e-05
{"n": 14, "noise": "sc", "circ": "cnx-lin"}: 0.1.0 1543518612.90   6.807800138934448e-06
{"n": 14, "noise": "sc", "circ": "cnx-lin"}: 0.1.0 1543519503.19   0.00010965475846540293
{"n": 14, "noise": "sc", "circ": "cnx-lin"}: 0.1.0 1543520397.81   1.717970081725654e-05
{"n": 14, "noise": "sc", "circ": "cnx-lin"}: 0.1.0 1543521365.03   4.9375784087369306e-05
{"n": 14, "noise": "sc", "circ": "cnx-lin"}: 0.1.0 1543522253.06   6.359519648499299e-05
{"n": 14, "noise": "sc", "circ": "cnx-lin"}: 0.1.0 1543523119.74   1.138264979636824e-05
=====
{"n": 14, "noise": "sc", "circ": "cnx-lin-borrowed-1"}: 0.1.0 1543525066.79   9.786383770354287e-07
{"n": 14, "noise": "sc", "circ": "cnx-lin-borrowed-1"}: 0.1.0 1543525262.56   2.110814525378234e-05
{"n": 14, "noise": "sc", "circ": "cnx-lin-borrowed-1"}: 0.1.0 1543525457.01   7.319401495515744e-06
{"n": 14, "noise": "sc", "circ": "cnx-lin-borrowed-1"}: 0.1.0 1543525634.84   6.604945210742658e-06
{"n": 14, "noise": "sc", "circ": "cnx-lin-borrowed-1"}: 0.1.0 1543525809.16   7.316107456415711e-05
{"n": 14, "noise": "sc", "circ": "cnx-lin-borrowed-1"}: 0.1.0 1543526003.78   0.00014189444497053106
{"n": 14, "noise": "sc", "circ": "cnx-lin-borrowed-1"}: 0.1.0 1543526177.80   2.467422508812746e-05
{"n": 14, "noise": "sc", "circ": "cnx-lin-borrowed-1"}: 0.1.0 1543526358.75   0.9851730422462593
{"n": 14, "noise": "sc", "circ": "cnx-lin-borrowed-1"}: 0.1.0 1543526555.57   1.248031088406032e-05
{"n": 14, "noise": "sc", "circ": "cnx-lin-borrowed-1"}: 0.1.0 1543526753.22   0.00011334284557409613
{"n": 14, "noise": "sc", "circ": "cnx-lin-borrowed-1"}: 0.1.0 1543526955.50   1.3472233689184778e-05
{"n": 14, "noise": "sc", "circ": "cnx-lin-borrowed-1"}: 0.1.0 1543527152.12   1.7012641896052524e-06
{"n": 14, "noise": "sc", "circ": "cnx-lin-borrowed-1"}: 0.1.0 1543527339.73   3.800234216374822e-05
{"n": 14, "noise": "sc", "circ": "cnx-lin-borrowed-1"}: 0.1.0 1543527515.65   0.984983738830802
{"n": 14, "noise": "sc", "circ": "cnx-lin-borrowed-1"}: 0.1.0 1543527702.83   1.2204833814315054e-05
{"n": 14, "noise": "sc", "circ": "cnx-lin-borrowed-1"}: 0.1.0 1543527894.20   4.570305179537946e-05
{"n": 14, "noise": "sc", "circ": "cnx-lin-borrowed-1"}: 0.1.0 1543528084.53   3.484925869743315e-05
{"n": 14, "noise": "sc", "circ": "cnx-lin-borrowed-1"}: 0.1.0 1543528284.40   0.00013507082191662563
{"n": 14, "noise": "sc", "circ": "cnx-lin-borrowed-1"}: 0.1.0 1543528483.53   0.9848395536153761
{"n": 14, "noise": "sc", "circ": "cnx-lin-borrowed-1"}: 0.1.0 1543528675.37   6.496091074182869e-06
{"n": 14, "noise": "sc", "circ": "cnx-lin-borrowed-1"}: 0.1.0 1543528871.21   0.9850192500669709
{"n": 14, "noise": "sc", "circ": "cnx-lin-borrowed-1"}: 0.1.0 1543529060.22   5.735852271010661e-05
{"n": 14, "noise": "sc", "circ": "cnx-lin-borrowed-1"}: 0.1.0 1543529254.70   0.9849117429453995
{"n": 14, "noise": "sc", "circ": "cnx-lin-borrowed-1"}: 0.1.0 1543529448.71   9.658675902024665e-06
{"n": 14, "noise": "sc", "circ": "cnx-lin-borrowed-1"}: 0.1.0 1543529633.96   3.3292698506482336e-05
{"n": 14, "noise": "sc", "circ": "cnx-lin-borrowed-1"}: 0.1.0 1543529820.49   0.9852002438051548
{"n": 14, "noise": "sc", "circ": "cnx-lin-borrowed-1"}: 0.1.0 1543530007.20   0.9848222801037863
{"n": 14, "noise": "sc", "circ": "cnx-lin-borrowed-1"}: 0.1.0 1543530189.92   2.2141164146814898e-05
{"n": 14, "noise": "sc", "circ": "cnx-lin-borrowed-1"}: 0.1.0 1543530375.78   3.4036883488624e-05
{"n": 14, "noise": "sc", "circ": "cnx-lin-borrowed-1"}: 0.1.0 1543530580.20   2.041235143342743e-06
{"n": 14, "noise": "sc", "circ": "cnx-lin-borrowed-1"}: 0.1.0 1543530754.60   6.208574076282291e-05
{"n": 14, "noise": "sc", "circ": "cnx-lin-borrowed-1"}: 0.1.0 1543530941.77   4.309527127600702e-06
{"n": 14, "noise": "sc", "circ": "cnx-lin-borrowed-1"}: 0.1.0 1543531127.94   1.623054639362634e-05
{"n": 14, "noise": "sc", "circ": "cnx-lin-borrowed-1"}: 0.1.0 1543531323.50   1.4912079342818784e-05
{"n": 14, "noise": "sc", "circ": "cnx-lin-borrowed-1"}: 0.1.0 1543531513.63   1.097559284577297e-05
{"n": 14, "noise": "sc", "circ": "cnx-lin-borrowed-1"}: 0.1.0 1543531695.95   7.239185367971776e-05
{"n": 14, "noise": "sc", "circ": "cnx-lin-borrowed-1"}: 0.1.0 1543531885.33   1.9942077980961355e-05
{"n": 14, "noise": "sc", "circ": "cnx-lin-borrowed-1"}: 0.1.0 1543532084.44   2.6530409111254644e-05
{"n": 14, "noise": "sc", "circ": "cnx-lin-borrowed-1"}: 0.1.0 1543532267.26   1.8220722228708288e-05
{"n": 14, "noise": "sc", "circ": "cnx-lin-borrowed-1"}: 0.1.0 1543532447.61   4.9728802978467825e-05
{"n": 14, "noise": "sc", "circ": "cnx-lin-borrowed-1"}: 0.1.0 1543532622.85   4.781038681894623e-05
{"n": 14, "noise": "sc", "circ": "cnx-lin-borrowed-1"}: 0.1.0 1543532807.84   0.00011070924506203632
{"n": 14, "noise": "sc", "circ": "cnx-lin-borrowed-1"}: 0.1.0 1543533004.85   3.5829949293556534e-06
{"n": 14, "noise": "sc", "circ": "cnx-lin-borrowed-1"}: 0.1.0 1543533198.52   0.9849567527154024
{"n": 14, "noise": "sc", "circ": "cnx-lin-borrowed-1"}: 0.1.0 1543533392.20   4.769234298102549e-05
{"n": 14, "noise": "sc", "circ": "cnx-lin-borrowed-1"}: 0.1.0 1543533577.40   3.380881201240267e-05
{"n": 14, "noise": "sc", "circ": "cnx-lin-borrowed-1"}: 0.1.0 1543533775.49   0.00010816791119210194
{"n": 14, "noise": "sc", "circ": "cnx-lin-borrowed-1"}: 0.1.0 1543533962.15   0.9847556468226054
{"n": 14, "noise": "sc", "circ": "cnx-lin-borrowed-1"}: 0.1.0 1543534154.46   5.894220448298085e-06
{"n": 14, "noise": "sc", "circ": "cnx-lin-borrowed-1"}: 0.1.0 1543534358.56   1.0604953592865494e-05
{"n": 14, "noise": "sc", "circ": "cnx-lin-borrowed-1"}: 0.1.0 1543534539.95   2.1221689870443573e-05
{"n": 14, "noise": "sc", "circ": "cnx-lin-borrowed-1"}: 0.1.0 1543534714.34   9.240349792333664e-05
{"n": 14, "noise": "sc", "circ": "cnx-lin-borrowed-1"}: 0.1.0 1543534886.29   6.496194120169794e-05
{"n": 14, "noise": "sc", "circ": "cnx-lin-borrowed-1"}: 0.1.0 1543535078.93   5.554855559840149e-05
{"n": 14, "noise": "sc", "circ": "cnx-lin-borrowed-1"}: 0.1.0 1543535279.28   9.958456173541312e-05
{"n": 14, "noise": "sc", "circ": "cnx-lin-borrowed-1"}: 0.1.0 1543535478.61   8.436797470141973e-07
{"n": 14, "noise": "sc", "circ": "cnx-lin-borrowed-1"}: 0.1.0 1543535653.91   0.9850204238756308
{"n": 14, "noise": "sc", "circ": "cnx-lin-borrowed-1"}: 0.1.0 1543535851.50   1.0449091090420754e-05
{"n": 14, "noise": "sc", "circ": "cnx-lin-borrowed-1"}: 0.1.0 1543536050.53   9.726121277582208e-06
{"n": 14, "noise": "sc", "circ": "cnx-lin-borrowed-1"}: 0.1.0 1543536231.81   6.852742315657604e-05
{"n": 14, "noise": "sc", "circ": "cnx-lin-borrowed-1"}: 0.1.0 1543536401.12   0.9849024361896409
{"n": 14, "noise": "sc", "circ": "cnx-lin-borrowed-1"}: 0.1.0 1543536591.44   1.929415156934805e-05
{"n": 14, "noise": "sc", "circ": "cnx-lin-borrowed-1"}: 0.1.0 1543536769.37   7.51230518505795e-05
{"n": 14, "noise": "sc", "circ": "cnx-lin-borrowed-1"}: 0.1.0 1543536954.93   2.140589181425281e-05
{"n": 14, "noise": "sc", "circ": "cnx-lin-borrowed-1"}: 0.1.0 1543537143.60   0.9850270258734862
{"n": 14, "noise": "sc", "circ": "cnx-lin-borrowed-1"}: 0.1.0 1543537331.17   2.692402249108667e-06
{"n": 14, "noise": "sc", "circ": "cnx-lin-borrowed-1"}: 0.1.0 1543537504.19   1.2552303550371785e-05
{"n": 14, "noise": "sc", "circ": "cnx-lin-borrowed-1"}: 0.1.0 1543537697.38   3.225905646462489e-05
{"n": 14, "noise": "sc", "circ": "cnx-lin-borrowed-1"}: 0.1.0 1543537891.39   0.00010844885543479908
{"n": 14, "noise": "sc", "circ": "cnx-lin-borrowed-1"}: 0.1.0 1543538084.43   5.0058798792513106e-05
{"n": 14, "noise": "sc", "circ": "cnx-lin-borrowed-1"}: 0.1.0 1543538266.28   2.8906336145277467e-05
{"n": 14, "noise": "sc", "circ": "cnx-lin-borrowed-1"}: 0.1.0 1543538452.77   6.107710419786537e-05
{"n": 14, "noise": "sc", "circ": "cnx-lin-borrowed-1"}: 0.1.0 1543538640.52   0.9848029462883766
{"n": 14, "noise": "sc", "circ": "cnx-lin-borrowed-1"}: 0.1.0 1543538835.55   4.28929712182292e-05
=====
{"n": 14, "noise": "sc", "circ": "cnx-lin"}: 0.1.0 1543539780.75   0.00013665386386329595
{"n": 14, "noise": "sc", "circ": "cnx-lin"}: 0.1.0 1543540634.82   8.090765864228508e-05
{"n": 14, "noise": "sc", "circ": "cnx-lin"}: 0.1.0 1543541514.84   0.0001745213146308451
{"n": 14, "noise": "sc", "circ": "cnx-lin"}: 0.1.0 1543542399.67   0.00013117995187809318
{"n": 14, "noise": "sc", "circ": "cnx-lin"}: 0.1.0 1543543280.14   4.491781743683089e-05
{"n": 14, "noise": "sc", "circ": "cnx-lin"}: 0.1.0 1543544220.64   0.00010283403645930235
{"n": 14, "noise": "sc", "circ": "cnx-lin"}: 0.1.0 1543545155.49   2.7712611265353196e-05
{"n": 14, "noise": "sc", "circ": "cnx-lin"}: 0.1.0 1543546046.63   3.663835770692944e-05
{"n": 14, "noise": "sc", "circ": "cnx-lin"}: 0.1.0 1543546956.89   1.1714323968488197e-05
=====
{"n": 14, "noise": "sc-better-gates", "circ": "cnx-btb"}: 0.1.0 1543548929.29   0.9997341741457261
{"n": 14, "noise": "sc-better-gates", "circ": "cnx-btb"}: 0.1.0 1543550249.71   0.9997362269020916
{"n": 14, "noise": "sc-better-gates", "circ": "cnx-btb"}: 0.1.0 1543551581.77   4.427760653266214e-05
{"n": 14, "noise": "sc-better-gates", "circ": "cnx-btb"}: 0.1.0 1543552919.10   0.9997371526037309
{"n": 14, "noise": "sc-better-gates", "circ": "cnx-btb"}: 0.1.0 1543554257.54   0.9997349650341812
{"n": 14, "noise": "sc-better-gates", "circ": "cnx-btb"}: 0.1.0 1543555587.49   0.9997345286789765
{"n": 14, "noise": "sc-better-gates", "circ": "cnx-btb"}: 0.1.0 1543556920.77   2.3659363277836645e-06
{"n": 14, "noise": "sc-better-gates", "circ": "cnx-btb"}: 0.1.0 1543558249.26   0.999730314130435
{"n": 14, "noise": "sc-better-gates", "circ": "cnx-btb"}: 0.1.0 1543559572.48   0.999734391425416
{"n": 14, "noise": "sc-better-gates", "circ": "cnx-btb"}: 0.1.0 1543560903.26   0.9997299075877104
{"n": 14, "noise": "sc-better-gates", "circ": "cnx-btb"}: 0.1.0 1543562230.36   0.9997326803946099
{"n": 14, "noise": "sc-better-gates", "circ": "cnx-btb"}: 0.1.0 1543563565.58   0.9997327038927583
{"n": 14, "noise": "sc-better-gates", "circ": "cnx-btb"}: 0.1.0 1543564890.16   0.9997371038389659
{"n": 14, "noise": "sc-better-gates", "circ": "cnx-btb"}: 0.1.0 1543566217.41   1.8074907218974986e-05
{"n": 14, "noise": "sc-better-gates", "circ": "cnx-btb"}: 0.1.0 1543567545.47   0.9997343405356192
{"n": 14, "noise": "sc-better-gates", "circ": "cnx-btb"}: 0.1.0 1543568879.45   0.9997327197585181
{"n": 14, "noise": "sc-better-gates", "circ": "cnx-btb"}: 0.1.0 1543570205.76   0.9997320688336693
{"n": 14, "noise": "sc-better-gates", "circ": "cnx-btb"}: 0.1.0 1543571539.18   0.9997398958943461
{"n": 14, "noise": "sc-better-gates", "circ": "cnx-btb"}: 0.1.0 1543572872.21   0.9997282600171238
{"n": 14, "noise": "sc-better-gates", "circ": "cnx-btb"}: 0.1.0 1543574204.23   0.9997318387837135
{"n": 14, "noise": "sc-better-gates", "circ": "cnx-btb"}: 0.1.0 1543575532.79   0.9997362499853569
{"n": 14, "noise": "sc-better-gates", "circ": "cnx-btb"}: 0.1.0 1543576862.96   0.9997350475987076
{"n": 14, "noise": "sc-better-gates", "circ": "cnx-btb"}: 0.1.0 1543578198.08   0.9997326731968601
{"n": 14, "noise": "sc-better-gates", "circ": "cnx-btb"}: 0.1.0 1543579528.27   0.9997331589955669
{"n": 14, "noise": "sc-better-gates", "circ": "cnx-btb"}: 0.1.0 1543580854.87   0.9997342300994961
{"n": 14, "noise": "sc-better-gates", "circ": "cnx-btb"}: 0.1.0 1543582191.50   0.9997331536134045
{"n": 14, "noise": "sc-better-gates", "circ": "cnx-btb"}: 0.1.0 1543583521.14   0.9997334484939064
{"n": 14, "noise": "sc-better-gates", "circ": "cnx-btb"}: 0.1.0 1543584851.57   0.9997326793200555
{"n": 14, "noise": "sc-better-gates", "circ": "cnx-btb"}: 0.1.0 1543586185.70   0.9997327796495747
{"n": 14, "noise": "sc-better-gates", "circ": "cnx-btb"}: 0.1.0 1543587505.95   0.999731695648298
{"n": 14, "noise": "sc-better-gates", "circ": "cnx-btb"}: 0.1.0 1543588828.91   0.999731661747383
{"n": 14, "noise": "sc-better-gates", "circ": "cnx-btb"}: 0.1.0 1543590152.49   0.999734200668698
{"n": 14, "noise": "sc-better-gates", "circ": "cnx-btb"}: 0.1.0 1543591485.43   0.9997318020170725
{"n": 14, "noise": "sc-better-gates", "circ": "cnx-btb"}: 0.1.0 1543592819.23   0.0
{"n": 14, "noise": "sc-better-gates", "circ": "cnx-btb"}: 0.1.0 1543594137.95   0.9997342117905865
{"n": 14, "noise": "sc-better-gates", "circ": "cnx-btb"}: 0.1.0 1543595460.10   0.9997349376546547
{"n": 14, "noise": "sc-better-gates", "circ": "cnx-btb"}: 0.1.0 1543596785.40   0.9997365797979955
{"n": 14, "noise": "sc-better-gates", "circ": "cnx-btb"}: 0.1.0 1543598115.39   0.9997336611209355
{"n": 14, "noise": "sc-better-gates", "circ": "cnx-btb"}: 0.1.0 1543599447.98   0.9997350766319895
{"n": 14, "noise": "sc-better-gates", "circ": "cnx-btb"}: 0.1.0 1543600777.26   0.9997354767845646
{"n": 14, "noise": "sc-better-gates", "circ": "cnx-btb"}: 0.1.0 1543602110.27   0.9997326254305502
{"n": 14, "noise": "sc-better-gates", "circ": "cnx-btb"}: 0.1.0 1543603444.02   0.9997394321158417
{"n": 14, "noise": "sc-better-gates", "circ": "cnx-btb"}: 0.1.0 1543604766.78   0.9997324919630947
{"n": 14, "noise": "sc-better-gates", "circ": "cnx-btb"}: 0.1.0 1543606089.73   0.9997373818224095
{"n": 14, "noise": "sc-better-gates", "circ": "cnx-btb"}: 0.1.0 1543607422.97   0.9997314073639219
{"n": 14, "noise": "sc-better-gates", "circ": "cnx-btb"}: 0.1.0 1543608743.57   0.00018949259647146362
{"n": 14, "noise": "sc-better-gates", "circ": "cnx-btb"}: 0.1.0 1543610063.50   0.9997372407403923
{"n": 14, "noise": "sc-better-gates", "circ": "cnx-btb"}: 0.1.0 1543611389.11   2.4862861140386887e-05
{"n": 14, "noise": "sc-better-gates", "circ": "cnx-btb"}: 0.1.0 1543612710.97   0.9997376641024928
{"n": 14, "noise": "sc-better-gates", "circ": "cnx-btb"}: 0.1.0 1543614037.35   0.9997327395060142
{"n": 14, "noise": "sc-better-gates", "circ": "cnx-btb"}: 0.1.0 1543615363.19   0.9997317454508917
