=====
{"n": 14, "noise": "sc", "circ": "cnx-lin"}: 0.1.0 1543473066.76   7.865975457556091e-07
{"n": 14, "noise": "sc", "circ": "cnx-lin"}: 0.1.0 1543473937.68   3.3609713873020176e-05
{"n": 14, "noise": "sc", "circ": "cnx-lin"}: 0.1.0 1543474815.45   3.0013612142042834e-05
{"n": 14, "noise": "sc", "circ": "cnx-lin"}: 0.1.0 1543475685.27   2.7335306778859835e-05
{"n": 14, "noise": "sc", "circ": "cnx-lin"}: 0.1.0 1543476559.13   6.337777812636246e-05
{"n": 14, "noise": "sc", "circ": "cnx-lin"}: 0.1.0 1543477419.62   0.00011050934477247036
{"n": 14, "noise": "sc", "circ": "cnx-lin"}: 0.1.0 1543478290.98   2.7004025693154236e-05
{"n": 14, "noise": "sc", "circ": "cnx-lin"}: 0.1.0 1543479199.70   3.00188235844388e-05
{"n": 14, "noise": "sc", "circ": "cnx-lin"}: 0.1.0 1543480108.70   1.0131580286734129e-05
{"n": 14, "noise": "sc", "circ": "cnx-lin"}: 0.1.0 1543480993.51   7.870329125814061e-05
{"n": 14, "noise": "sc", "circ": "cnx-lin"}: 0.1.0 1543481884.73   2.4821917402909622e-05
{"n": 14, "noise": "sc", "circ": "cnx-lin"}: 0.1.0 1543482770.79   1.183967788192318e-05
{"n": 14, "noise": "sc", "circ": "cnx-lin"}: 0.1.0 1543483657.50   4.390141643635072e-05
{"n": 14, "noise": "sc", "circ": "cnx-lin"}: 0.1.0 1543484560.69   1.884300826402984e-05
{"n": 14, "noise": "sc", "circ": "cnx-lin"}: 0.1.0 1543485453.50   7.642836057436913e-05
{"n": 14, "noise": "sc", "circ": "cnx-lin"}: 0.1.0 1543486387.43   1.5629368652318686e-05
{"n": 14, "noise": "sc", "circ": "cnx-lin"}: 0.1.0 1543487262.72   5.08162473220147e-05
{"n": 14, "noise": "sc", "circ": "cnx-lin"}: 0.1.0 1543488181.01   5.571270619990654e-05
{"n": 14, "noise": "sc", "circ": "cnx-lin"}: 0.1.0 1543488994.68   3.123530382291424e-05
{"n": 14, "noise": "sc", "circ": "cnx-lin"}: 0.1.0 1543489865.36   5.580973975466316e-05
{"n": 14, "noise": "sc", "circ": "cnx-lin"}: 0.1.0 1543490767.17   2.7721962761013987e-06
{"n": 14, "noise": "sc", "circ": "cnx-lin"}: 0.1.0 1543491624.90   7.815196369442274e-05
{"n": 14, "noise": "sc", "circ": "cnx-lin"}: 0.1.0 1543492440.76   3.9168822556835025e-05
{"n": 14, "noise": "sc", "circ": "cnx-lin"}: 0.1.0 1543493273.77   0.00016277118631014174
{"n": 14, "noise": "sc", "circ": "cnx-lin"}: 0.1.0 1543494104.67   0.0001564763937954107
{"n": 14, "noise": "sc", "circ": "cnx-lin"}: 0.1.0 1543494982.57   1.1664576962885114e-05
{"n": 14, "noise": "sc", "circ": "cnx-lin"}: 0.1.0 1543495893.94   0.0001100750034133305
{"n": 14, "noise": "sc", "circ": "cnx-lin"}: 0.1.0 1543496684.76   4.159034973660434e-05
{"n": 14, "noise": "sc", "circ": "cnx-lin"}: 0.1.0 1543497577.12   8.23124384022146e-05
{"n": 14, "noise": "sc", "circ": "cnx-lin"}: 0.1.0 1543498516.41   8.259236267666207e-05
{"n": 14, "noise": "sc", "circ": "cnx-lin"}: 0.1.0 1543499419.08   1.2612945230718945e-05
{"n": 14, "noise": "sc", "circ": "cnx-lin"}: 0.1.0 1543500362.95   7.138546866779954e-06
{"n": 14, "noise": "sc", "circ": "cnx-lin"}: 0.1.0 1543501333.55   8.340209813656791e-05
{"n": 14, "noise": "sc", "circ": "cnx-lin"}: 0.1.0 1543502318.20   4.5603451377624e-05
{"n": 14, "noise": "sc", "circ": "cnx-lin"}: 0.1.0 1543503280.11   1.9703793867656777e-05
{"n": 14, "noise": "sc", "circ": "cnx-lin"}: 0.1.0 1543504230.36   3.108313893168692e-06
{"n": 14, "noise": "sc", "circ": "cnx-lin"}: 0.1.0 1543505175.01   9.176213583268105e-05
{"n": 14, "noise": "sc", "circ": "cnx-lin"}: 0.1.0 1543505990.93   0.0001551912387353032
{"n": 14, "noise": "sc", "circ": "cnx-lin"}: 0.1.0 1543506943.97   5.296285932646771e-05
{"n": 14, "noise": "sc", "circ": "cnx-lin"}: 0.1.0 1543507884.28   4.291582095667067e-05
{"n": 14, "noise": "sc", "circ": "cnx-lin"}: 0.1.0 1543508831.68   0.00017335161846375783
{"n": 14, "noise": "sc", "circ": "cnx-lin"}: 0.1.0 1543509643.60   4.7129685914014364e-05
{"n": 14, "noise": "sc", "circ": "cnx-lin"}: 0.1.0 1543510569.19   3.598441782963561e-05
{"n": 14, "noise": "sc", "circ": "cnx-lin"}: 0.1.0 1543511449.98   3.909277833553076e-05
{"n": 14, "noise": "sc", "circ": "cnx-lin"}: 0.1.0 1543512397.46   5.037598987379295e-06
{"n": 14, "noise": "sc", "circ": "cnx-lin"}: 0.1.0 1543513333.21   0.0002121526440074854
{"n": 14, "noise": "sc", "circ": "cnx-lin"}: 0.1.0 1543514244.72   0.00010240055078760608
{"n": 14, "noise": "sc", "circ": "cnx-lin"}: 0.1.0 1543515102.04   1.1607012501482841e-05
{"n": 14, "noise": "sc", "circ": "cnx-lin"}: 0.1.0 1543515956.06   8.192910838116958e-06
{"n": 14, "noise": "sc", "circ": "cnx-lin"}: 0.1.0 1543516852.83   3.3398584992832646e-05
{"n": 14, "noise": "sc", "circ": "cnx-lin"}: 0.1.0 1543517745.01   4.648649072209753e-05
{"n": 14, "noise": "sc", "circ": "cnx-lin"}: 0.1.0 1543518638.84   0.00016576225503031521
{"n": 14, "noise": "sc", "circ": "cnx-lin"}: 0.1.0 1543519587.84   7.154521070570793e-05
{"n": 14, "noise": "sc", "circ": "cnx-lin"}: 0.1.0 1543520455.19   2.842293285182946e-05
{"n": 14, "noise": "sc", "circ": "cnx-lin"}: 0.1.0 1543521411.98   2.095255482754568e-05
{"n": 14, "noise": "sc", "circ": "cnx-lin"}: 0.1.0 1543522370.68   1.0215080152651295e-05
{"n": 14, "noise": "sc", "circ": "cnx-lin"}: 0.1.0 1543523277.71   3.224931790823621e-05
=====
{"n": 14, "noise": "sc", "circ": "cnx-lin-borrowed-1"}: 0.1.0 1543525042.49   0.0001807430876550949
{"n": 14, "noise": "sc", "circ": "cnx-lin-borrowed-1"}: 0.1.0 1543525245.31   3.606522496874779e-05
{"n": 14, "noise": "sc", "circ": "cnx-lin-borrowed-1"}: 0.1.0 1543525443.72   0.9849609035034427
{"n": 14, "noise": "sc", "circ": "cnx-lin-borrowed-1"}: 0.1.0 1543525637.78   8.524380894533541e-05
{"n": 14, "noise": "sc", "circ": "cnx-lin-borrowed-1"}: 0.1.0 1543525821.96   3.908802720818756e-06
{"n": 14, "noise": "sc", "circ": "cnx-lin-borrowed-1"}: 0.1.0 1543526012.58   0.9850009639674747
{"n": 14, "noise": "sc", "circ": "cnx-lin-borrowed-1"}: 0.1.0 1543526210.34   5.763805938461932e-05
{"n": 14, "noise": "sc", "circ": "cnx-lin-borrowed-1"}: 0.1.0 1543526396.74   7.617411253132448e-06
{"n": 14, "noise": "sc", "circ": "cnx-lin-borrowed-1"}: 0.1.0 1543526591.74   3.2610376251926026e-05
{"n": 14, "noise": "sc", "circ": "cnx-lin-borrowed-1"}: 0.1.0 1543526791.48   0.0001471815034852877
{"n": 14, "noise": "sc", "circ": "cnx-lin-borrowed-1"}: 0.1.0 1543526976.15   0.9849923730990803
{"n": 14, "noise": "sc", "circ": "cnx-lin-borrowed-1"}: 0.1.0 1543527150.81   1.9356582557118455e-06
{"n": 14, "noise": "sc", "circ": "cnx-lin-borrowed-1"}: 0.1.0 1543527346.96   3.166536214454836e-05
{"n": 14, "noise": "sc", "circ": "cnx-lin-borrowed-1"}: 0.1.0 1543527524.70   2.368942689293245e-05
{"n": 14, "noise": "sc", "circ": "cnx-lin-borrowed-1"}: 0.1.0 1543527723.72   2.459563061945532e-05
{"n": 14, "noise": "sc", "circ": "cnx-lin-borrowed-1"}: 0.1.0 1543527918.84   1.2732745051700198e-05
{"n": 14, "noise": "sc", "circ": "cnx-lin-borrowed-1"}: 0.1.0 1543528105.31   4.624137320274904e-05
{"n": 14, "noise": "sc", "circ": "cnx-lin-borrowed-1"}: 0.1.0 1543528308.59   6.54391700529871e-05
{"n": 14, "noise": "sc", "circ": "cnx-lin-borrowed-1"}: 0.1.0 1543528495.57   2.780804549860614e-06
{"n": 14, "noise": "sc", "circ": "cnx-lin-borrowed-1"}: 0.1.0 1543528687.00   8.284336611822742e-05
{"n": 14, "noise": "sc", "circ": "cnx-lin-borrowed-1"}: 0.1.0 1543528882.81   5.6226471011646656e-06
{"n": 14, "noise": "sc", "circ": "cnx-lin-borrowed-1"}: 0.1.0 1543529058.10   0.9848843637944302
{"n": 14, "noise": "sc", "circ": "cnx-lin-borrowed-1"}: 0.1.0 1543529251.55   1.9562069299418858e-05
{"n": 14, "noise": "sc", "circ": "cnx-lin-borrowed-1"}: 0.1.0 1543529431.73   1.650111253792648e-05
{"n": 14, "noise": "sc", "circ": "cnx-lin-borrowed-1"}: 0.1.0 1543529629.24   1.6601414648899772e-05
{"n": 14, "noise": "sc", "circ": "cnx-lin-borrowed-1"}: 0.1.0 1543529817.65   7.42663884546252e-05
{"n": 14, "noise": "sc", "circ": "cnx-lin-borrowed-1"}: 0.1.0 1543530005.67   6.993056118910245e-05
{"n": 14, "noise": "sc", "circ": "cnx-lin-borrowed-1"}: 0.1.0 1543530199.93   6.820028127301668e-05
{"n": 14, "noise": "sc", "circ": "cnx-lin-borrowed-1"}: 0.1.0 1543530401.32   3.365530063436785e-05
{"n": 14, "noise": "sc", "circ": "cnx-lin-borrowed-1"}: 0.1.0 1543530594.47   2.529099715453289e-06
{"n": 14, "noise": "sc", "circ": "cnx-lin-borrowed-1"}: 0.1.0 1543530772.40   5.492160165300892e-05
{"n": 14, "noise": "sc", "circ": "cnx-lin-borrowed-1"}: 0.1.0 1543530963.04   0.9848437789675203
{"n": 14, "noise": "sc", "circ": "cnx-lin-borrowed-1"}: 0.1.0 1543531150.92   3.533279127250124e-06
{"n": 14, "noise": "sc", "circ": "cnx-lin-borrowed-1"}: 0.1.0 1543531349.30   1.3848484260338694e-06
{"n": 14, "noise": "sc", "circ": "cnx-lin-borrowed-1"}: 0.1.0 1543531544.27   0.9849436824877594
{"n": 14, "noise": "sc", "circ": "cnx-lin-borrowed-1"}: 0.1.0 1543531738.16   5.363324225930634e-06
{"n": 14, "noise": "sc", "circ": "cnx-lin-borrowed-1"}: 0.1.0 1543531914.84   3.640013532332988e-06
{"n": 14, "noise": "sc", "circ": "cnx-lin-borrowed-1"}: 0.1.0 1543532100.36   0.9851474513298215
{"n": 14, "noise": "sc", "circ": "cnx-lin-borrowed-1"}: 0.1.0 1543532286.79   2.132681161093724e-05
{"n": 14, "noise": "sc", "circ": "cnx-lin-borrowed-1"}: 0.1.0 1543532475.21   0.00011187035912983604
{"n": 14, "noise": "sc", "circ": "cnx-lin-borrowed-1"}: 0.1.0 1543532655.51   2.4684128421930496e-05
{"n": 14, "noise": "sc", "circ": "cnx-lin-borrowed-1"}: 0.1.0 1543532831.32   9.152577005357365e-06
{"n": 14, "noise": "sc", "circ": "cnx-lin-borrowed-1"}: 0.1.0 1543533030.30   7.498131822621176e-07
{"n": 14, "noise": "sc", "circ": "cnx-lin-borrowed-1"}: 0.1.0 1543533222.65   4.4918278184006076e-05
{"n": 14, "noise": "sc", "circ": "cnx-lin-borrowed-1"}: 0.1.0 1543533403.00   0.00010031572193522184
{"n": 14, "noise": "sc", "circ": "cnx-lin-borrowed-1"}: 0.1.0 1543533604.26   0.00014215810988422474
{"n": 14, "noise": "sc", "circ": "cnx-lin-borrowed-1"}: 0.1.0 1543533789.05   0.9848813944149751
{"n": 14, "noise": "sc", "circ": "cnx-lin-borrowed-1"}: 0.1.0 1543533978.88   0.9849125607775553
{"n": 14, "noise": "sc", "circ": "cnx-lin-borrowed-1"}: 0.1.0 1543534173.12   1.8043308735534828e-05
{"n": 14, "noise": "sc", "circ": "cnx-lin-borrowed-1"}: 0.1.0 1543534360.65   1.104412412836797e-05
{"n": 14, "noise": "sc", "circ": "cnx-lin-borrowed-1"}: 0.1.0 1543534543.62   3.669827067243385e-06
{"n": 14, "noise": "sc", "circ": "cnx-lin-borrowed-1"}: 0.1.0 1543534722.72   0.9849223207462517
{"n": 14, "noise": "sc", "circ": "cnx-lin-borrowed-1"}: 0.1.0 1543534926.18   0.984952384326
{"n": 14, "noise": "sc", "circ": "cnx-lin-borrowed-1"}: 0.1.0 1543535117.98   4.008713960379734e-05
{"n": 14, "noise": "sc", "circ": "cnx-lin-borrowed-1"}: 0.1.0 1543535320.82   2.2798779088520976e-05
{"n": 14, "noise": "sc", "circ": "cnx-lin-borrowed-1"}: 0.1.0 1543535505.19   2.078634740947355e-06
{"n": 14, "noise": "sc", "circ": "cnx-lin-borrowed-1"}: 0.1.0 1543535684.13   1.2514681505920672e-06
{"n": 14, "noise": "sc", "circ": "cnx-lin-borrowed-1"}: 0.1.0 1543535873.54   5.343680816271881e-06
{"n": 14, "noise": "sc", "circ": "cnx-lin-borrowed-1"}: 0.1.0 1543536061.61   7.63002379431665e-06
{"n": 14, "noise": "sc", "circ": "cnx-lin-borrowed-1"}: 0.1.0 1543536262.80   2.2770283378393576e-05
{"n": 14, "noise": "sc", "circ": "cnx-lin-borrowed-1"}: 0.1.0 1543536445.64   3.3186308300009474e-05
{"n": 14, "noise": "sc", "circ": "cnx-lin-borrowed-1"}: 0.1.0 1543536641.94   4.9986058618647265e-06
{"n": 14, "noise": "sc", "circ": "cnx-lin-borrowed-1"}: 0.1.0 1543536841.23   0.9848595699902828
{"n": 14, "noise": "sc", "circ": "cnx-lin-borrowed-1"}: 0.1.0 1543537032.99   2.4316932796781314e-06
{"n": 14, "noise": "sc", "circ": "cnx-lin-borrowed-1"}: 0.1.0 1543537227.44   0.00012993390969246767
{"n": 14, "noise": "sc", "circ": "cnx-lin-borrowed-1"}: 0.1.0 1543537417.25   0.9848430127679294
{"n": 14, "noise": "sc", "circ": "cnx-lin-borrowed-1"}: 0.1.0 1543537612.08   3.249349213817502e-05
{"n": 14, "noise": "sc", "circ": "cnx-lin-borrowed-1"}: 0.1.0 1543537805.40   0.9848297597155357
{"n": 14, "noise": "sc", "circ": "cnx-lin-borrowed-1"}: 0.1.0 1543537991.11   3.136680778787412e-05
{"n": 14, "noise": "sc", "circ": "cnx-lin-borrowed-1"}: 0.1.0 1543538179.39   0.9847813505553399
{"n": 14, "noise": "sc", "circ": "cnx-lin-borrowed-1"}: 0.1.0 1543538364.41   0.00018812405785664416
{"n": 14, "noise": "sc", "circ": "cnx-lin-borrowed-1"}: 0.1.0 1543538559.44   0.9849508944651537
{"n": 14, "noise": "sc", "circ": "cnx-lin-borrowed-1"}: 0.1.0 1543538746.49   2.0117457071079294e-06
=====
{"n": 14, "noise": "sc", "circ": "cnx-lin"}: 0.1.0 1543539780.67   0.00014034260065852496
{"n": 14, "noise": "sc", "circ": "cnx-lin"}: 0.1.0 1543540659.30   8.420168502803376e-05
{"n": 14, "noise": "sc", "circ": "cnx-lin"}: 0.1.0 1543541582.63   9.659204649012078e-05
{"n": 14, "noise": "sc", "circ": "cnx-lin"}: 0.1.0 1543542442.89   4.412155758008168e-05
{"n": 14, "noise": "sc", "circ": "cnx-lin"}: 0.1.0 1543543285.23   1.152932150249866e-05
{"n": 14, "noise": "sc", "circ": "cnx-lin"}: 0.1.0 1543544230.64   4.3805382055194364e-05
{"n": 14, "noise": "sc", "circ": "cnx-lin"}: 0.1.0 1543545157.94   0.00010033050610536267
{"n": 14, "noise": "sc", "circ": "cnx-lin"}: 0.1.0 1543546108.03   0.00012238744523712072
{"n": 14, "noise": "sc", "circ": "cnx-lin"}: 0.1.0 1543547010.56   2.6277884877209947e-05
=====
{"n": 14, "noise": "sc-better-gates", "circ": "cnx-btb"}: 0.1.0 1543548913.36   0.9997343195922579
{"n": 14, "noise": "sc-better-gates", "circ": "cnx-btb"}: 0.1.0 1543550243.83   0.9997364331233223
{"n": 14, "noise": "sc-better-gates", "circ": "cnx-btb"}: 0.1.0 1543551574.97   0.9997347464205724
{"n": 14, "noise": "sc-better-gates", "circ": "cnx-btb"}: 0.1.0 1543552898.92   9.067800812093596e-05
{"n": 14, "noise": "sc-better-gates", "circ": "cnx-btb"}: 0.1.0 1543554248.35   3.595871130703243e-05
{"n": 14, "noise": "sc-better-gates", "circ": "cnx-btb"}: 0.1.0 1543555581.07   0.9997350336952918
{"n": 14, "noise": "sc-better-gates", "circ": "cnx-btb"}: 0.1.0 1543556905.46   0.9997408567611542
{"n": 14, "noise": "sc-better-gates", "circ": "cnx-btb"}: 0.1.0 1543558236.56   0.999735210267343
{"n": 14, "noise": "sc-better-gates", "circ": "cnx-btb"}: 0.1.0 1543559558.80   0.9997333150890145
{"n": 14, "noise": "sc-better-gates", "circ": "cnx-btb"}: 0.1.0 1543560892.95   0.9997394086788055
{"n": 14, "noise": "sc-better-gates", "circ": "cnx-btb"}: 0.1.0 1543562215.73   4.383948639798999e-05
{"n": 14, "noise": "sc-better-gates", "circ": "cnx-btb"}: 0.1.0 1543563539.03   4.943581754462939e-06
{"n": 14, "noise": "sc-better-gates", "circ": "cnx-btb"}: 0.1.0 1543564866.63   0.9997385004572998
{"n": 14, "noise": "sc-better-gates", "circ": "cnx-btb"}: 0.1.0 1543566197.49   0.9997311804773523
{"n": 14, "noise": "sc-better-gates", "circ": "cnx-btb"}: 0.1.0 1543567524.53   0.9997323410861745
{"n": 14, "noise": "sc-better-gates", "circ": "cnx-btb"}: 0.1.0 1543568852.43   8.898292131728871e-07
{"n": 14, "noise": "sc-better-gates", "circ": "cnx-btb"}: 0.1.0 1543570174.48   3.124782383501136e-05
{"n": 14, "noise": "sc-better-gates", "circ": "cnx-btb"}: 0.1.0 1543571499.15   0.9997326405389143
{"n": 14, "noise": "sc-better-gates", "circ": "cnx-btb"}: 0.1.0 1543572831.80   0.9997352079207114
{"n": 14, "noise": "sc-better-gates", "circ": "cnx-btb"}: 0.1.0 1543574160.30   0.9997362625441996
{"n": 14, "noise": "sc-better-gates", "circ": "cnx-btb"}: 0.1.0 1543575493.56   0.999732205132767
{"n": 14, "noise": "sc-better-gates", "circ": "cnx-btb"}: 0.1.0 1543576824.06   0.9997354365445585
{"n": 14, "noise": "sc-better-gates", "circ": "cnx-btb"}: 0.1.0 1543578154.73   0.999733771847576
{"n": 14, "noise": "sc-better-gates", "circ": "cnx-btb"}: 0.1.0 1543579483.48   0.9997341682362585
{"n": 14, "noise": "sc-better-gates", "circ": "cnx-btb"}: 0.1.0 1543580812.20   0.9997333406304365
{"n": 14, "noise": "sc-better-gates", "circ": "cnx-btb"}: 0.1.0 1543582128.93   0.9997372068778111
{"n": 14, "noise": "sc-better-gates", "circ": "cnx-btb"}: 0.1.0 1543583449.67   0.9997310626116936
{"n": 14, "noise": "sc-better-gates", "circ": "cnx-btb"}: 0.1.0 1543584769.11   0.9997258714527985
{"n": 14, "noise": "sc-better-gates", "circ": "cnx-btb"}: 0.1.0 1543586097.99   0.9997334491642537
{"n": 14, "noise": "sc-better-gates", "circ": "cnx-btb"}: 0.1.0 1543587426.84   0.9997328670436365
{"n": 14, "noise": "sc-better-gates", "circ": "cnx-btb"}: 0.1.0 1543588754.49   0.9997333017042234
{"n": 14, "noise": "sc-better-gates", "circ": "cnx-btb"}: 0.1.0 1543590086.22   0.9997303952079499
{"n": 14, "noise": "sc-better-gates", "circ": "cnx-btb"}: 0.1.0 1543591409.37   4.083803391490954e-05
{"n": 14, "noise": "sc-better-gates", "circ": "cnx-btb"}: 0.1.0 1543592728.84   0.9997350176604702
{"n": 14, "noise": "sc-better-gates", "circ": "cnx-btb"}: 0.1.0 1543594050.56   0.9997358009926612
{"n": 14, "noise": "sc-better-gates", "circ": "cnx-btb"}: 0.1.0 1543595364.63   0.9997305300529984
{"n": 14, "noise": "sc-better-gates", "circ": "cnx-btb"}: 0.1.0 1543596681.48   0.9997322638906896
{"n": 14, "noise": "sc-better-gates", "circ": "cnx-btb"}: 0.1.0 1543598004.55   0.9997336958949039
{"n": 14, "noise": "sc-better-gates", "circ": "cnx-btb"}: 0.1.0 1543599335.66   0.9997331943238049
{"n": 14, "noise": "sc-better-gates", "circ": "cnx-btb"}: 0.1.0 1543600659.17   2.5924129386622995e-05
{"n": 14, "noise": "sc-better-gates", "circ": "cnx-btb"}: 0.1.0 1543601992.09   0.9997358901719621
{"n": 14, "noise": "sc-better-gates", "circ": "cnx-btb"}: 0.1.0 1543603317.40   0.9997305217226535
{"n": 14, "noise": "sc-better-gates", "circ": "cnx-btb"}: 0.1.0 1543604650.36   0.9997309278495451
{"n": 14, "noise": "sc-better-gates", "circ": "cnx-btb"}: 0.1.0 1543605976.38   0.9997333288942646
{"n": 14, "noise": "sc-better-gates", "circ": "cnx-btb"}: 0.1.0 1543607306.26   0.9997325413189897
{"n": 14, "noise": "sc-better-gates", "circ": "cnx-btb"}: 0.1.0 1543608637.78   0.9997350313229434
{"n": 14, "noise": "sc-better-gates", "circ": "cnx-btb"}: 0.1.0 1543609964.82   0.999729737502146
{"n": 14, "noise": "sc-better-gates", "circ": "cnx-btb"}: 0.1.0 1543611288.37   0.9997360111247828
{"n": 14, "noise": "sc-better-gates", "circ": "cnx-btb"}: 0.1.0 1543612614.08   0.9997350089503323
{"n": 14, "noise": "sc-better-gates", "circ": "cnx-btb"}: 0.1.0 1543613942.05   0.999732159878474
{"n": 14, "noise": "sc-better-gates", "circ": "cnx-btb"}: 0.1.0 1543615261.62   0.999734636907735
