=====
{"n": 14, "noise": "sc-better-t1", "circ": "cnx-lin-borrowed-1"}: 0.1.0 1543539134.81   9.879979997304762e-05
{"n": 14, "noise": "sc-better-t1", "circ": "cnx-lin-borrowed-1"}: 0.1.0 1543539321.25   0.9998506248639342
{"n": 14, "noise": "sc-better-t1", "circ": "cnx-lin-borrowed-1"}: 0.1.0 1543539505.58   0.9998507378092572
{"n": 14, "noise": "sc-better-t1", "circ": "cnx-lin-borrowed-1"}: 0.1.0 1543539695.33   0.9998526107272993
{"n": 14, "noise": "sc-better-t1", "circ": "cnx-lin-borrowed-1"}: 0.1.0 1543539872.78   0.9998500918864218
{"n": 14, "noise": "sc-better-t1", "circ": "cnx-lin-borrowed-1"}: 0.1.0 1543540058.49   8.257615893311557e-08
{"n": 14, "noise": "sc-better-t1", "circ": "cnx-lin-borrowed-1"}: 0.1.0 1543540228.96   1.3516472025590883e-05
{"n": 14, "noise": "sc-better-t1", "circ": "cnx-lin-borrowed-1"}: 0.1.0 1543540405.08   0.9998510044750738
{"n": 14, "noise": "sc-better-t1", "circ": "cnx-lin-borrowed-1"}: 0.1.0 1543540571.46   0.9998509976559891
{"n": 14, "noise": "sc-better-t1", "circ": "cnx-lin-borrowed-1"}: 0.1.0 1543540738.39   0.9998484945365811
{"n": 14, "noise": "sc-better-t1", "circ": "cnx-lin-borrowed-1"}: 0.1.0 1543540907.56   2.3288262948096552e-07
{"n": 14, "noise": "sc-better-t1", "circ": "cnx-lin-borrowed-1"}: 0.1.0 1543541083.93   1.0949412000885326e-05
{"n": 14, "noise": "sc-better-t1", "circ": "cnx-lin-borrowed-1"}: 0.1.0 1543541261.14   1.537911316816046e-05
{"n": 14, "noise": "sc-better-t1", "circ": "cnx-lin-borrowed-1"}: 0.1.0 1543541434.26   2.7002419461951782e-05
{"n": 14, "noise": "sc-better-t1", "circ": "cnx-lin-borrowed-1"}: 0.1.0 1543541617.15   6.924354673860307e-06
{"n": 14, "noise": "sc-better-t1", "circ": "cnx-lin-borrowed-1"}: 0.1.0 1543541794.68   0.9998502698997882
{"n": 14, "noise": "sc-better-t1", "circ": "cnx-lin-borrowed-1"}: 0.1.0 1543541969.00   1.4795637442919824e-06
{"n": 14, "noise": "sc-better-t1", "circ": "cnx-lin-borrowed-1"}: 0.1.0 1543542145.97   8.916137921383573e-05
{"n": 14, "noise": "sc-better-t1", "circ": "cnx-lin-borrowed-1"}: 0.1.0 1543542331.77   1.3895425875565541e-05
{"n": 14, "noise": "sc-better-t1", "circ": "cnx-lin-borrowed-1"}: 0.1.0 1543542516.83   1.985757651054051e-06
{"n": 14, "noise": "sc-better-t1", "circ": "cnx-lin-borrowed-1"}: 0.1.0 1543542688.77   0.9998508755454003
{"n": 14, "noise": "sc-better-t1", "circ": "cnx-lin-borrowed-1"}: 0.1.0 1543542875.29   9.59003833505434e-06
{"n": 14, "noise": "sc-better-t1", "circ": "cnx-lin-borrowed-1"}: 0.1.0 1543543043.74   0.999853205082931
{"n": 14, "noise": "sc-better-t1", "circ": "cnx-lin-borrowed-1"}: 0.1.0 1543543221.77   1.7955270969244686e-07
{"n": 14, "noise": "sc-better-t1", "circ": "cnx-lin-borrowed-1"}: 0.1.0 1543543400.77   0.9998502706455069
{"n": 14, "noise": "sc-better-t1", "circ": "cnx-lin-borrowed-1"}: 0.1.0 1543543590.41   0.9998533588054567
{"n": 14, "noise": "sc-better-t1", "circ": "cnx-lin-borrowed-1"}: 0.1.0 1543543784.80   0.9998496207140006
{"n": 14, "noise": "sc-better-t1", "circ": "cnx-lin-borrowed-1"}: 0.1.0 1543543964.08   0.9998506203241653
{"n": 14, "noise": "sc-better-t1", "circ": "cnx-lin-borrowed-1"}: 0.1.0 1543544158.11   5.2586539985828344e-05
{"n": 14, "noise": "sc-better-t1", "circ": "cnx-lin-borrowed-1"}: 0.1.0 1543544336.08   1.69905502661493e-05
{"n": 14, "noise": "sc-better-t1", "circ": "cnx-lin-borrowed-1"}: 0.1.0 1543544516.61   2.9069517100136425e-05
{"n": 14, "noise": "sc-better-t1", "circ": "cnx-lin-borrowed-1"}: 0.1.0 1543544695.42   0.9998508895001976
{"n": 14, "noise": "sc-better-t1", "circ": "cnx-lin-borrowed-1"}: 0.1.0 1543544868.57   3.1593122252750946e-05
{"n": 14, "noise": "sc-better-t1", "circ": "cnx-lin-borrowed-1"}: 0.1.0 1543545045.97   0.9998528152318497
{"n": 14, "noise": "sc-better-t1", "circ": "cnx-lin-borrowed-1"}: 0.1.0 1543545221.13   0.999852903795016
{"n": 14, "noise": "sc-better-t1", "circ": "cnx-lin-borrowed-1"}: 0.1.0 1543545383.38   0.9998520936640549
{"n": 14, "noise": "sc-better-t1", "circ": "cnx-lin-borrowed-1"}: 0.1.0 1543545568.21   2.477813293426889e-05
{"n": 14, "noise": "sc-better-t1", "circ": "cnx-lin-borrowed-1"}: 0.1.0 1543545739.51   0.9998506717091123
{"n": 14, "noise": "sc-better-t1", "circ": "cnx-lin-borrowed-1"}: 0.1.0 1543545933.79   0.9998498291677688
{"n": 14, "noise": "sc-better-t1", "circ": "cnx-lin-borrowed-1"}: 0.1.0 1543546106.90   0.9998507872840319
{"n": 14, "noise": "sc-better-t1", "circ": "cnx-lin-borrowed-1"}: 0.1.0 1543546287.82   0.9998506511074834
{"n": 14, "noise": "sc-better-t1", "circ": "cnx-lin-borrowed-1"}: 0.1.0 1543546474.49   0.9998501004122403
{"n": 14, "noise": "sc-better-t1", "circ": "cnx-lin-borrowed-1"}: 0.1.0 1543546641.65   0.9998519808925707
{"n": 14, "noise": "sc-better-t1", "circ": "cnx-lin-borrowed-1"}: 0.1.0 1543546823.67   0.9998519655973611
{"n": 14, "noise": "sc-better-t1", "circ": "cnx-lin-borrowed-1"}: 0.1.0 1543546998.25   0.9998483780061068
{"n": 14, "noise": "sc-better-t1", "circ": "cnx-lin-borrowed-1"}: 0.1.0 1543547173.25   0.999850645729701
{"n": 14, "noise": "sc-better-t1", "circ": "cnx-lin-borrowed-1"}: 0.1.0 1543547355.04   6.707554308557195e-06
{"n": 14, "noise": "sc-better-t1", "circ": "cnx-lin-borrowed-1"}: 0.1.0 1543547532.93   1.0981775334416064e-05
=====
{"n": 14, "noise": "sc-better-gates", "circ": "cnx-lin"}: 0.1.0 1543548446.95   0.00018811796545259248
{"n": 14, "noise": "sc-better-gates", "circ": "cnx-lin"}: 0.1.0 1543549282.69   0.00015048844199184208
{"n": 14, "noise": "sc-better-gates", "circ": "cnx-lin"}: 0.1.0 1543550063.20   1.161111526172854e-05
{"n": 14, "noise": "sc-better-gates", "circ": "cnx-lin"}: 0.1.0 1543550951.07   2.7684556173035996e-05
{"n": 14, "noise": "sc-better-gates", "circ": "cnx-lin"}: 0.1.0 1543551782.52   5.1663033208395143e-05
{"n": 14, "noise": "sc-better-gates", "circ": "cnx-lin"}: 0.1.0 1543552675.86   4.871902174623707e-06
{"n": 14, "noise": "sc-better-gates", "circ": "cnx-lin"}: 0.1.0 1543553554.74   3.049060887913301e-05
{"n": 14, "noise": "sc-better-gates", "circ": "cnx-lin"}: 0.1.0 1543554424.13   9.539978470872837e-05
{"n": 14, "noise": "sc-better-gates", "circ": "cnx-lin"}: 0.1.0 1543555355.13   0.00010040289823619318
{"n": 14, "noise": "sc-better-gates", "circ": "cnx-lin"}: 0.1.0 1543556221.77   0.0001404659204999576
{"n": 14, "noise": "sc-better-gates", "circ": "cnx-lin"}: 0.1.0 1543557112.35   6.961259260750075e-05
{"n": 14, "noise": "sc-better-gates", "circ": "cnx-lin"}: 0.1.0 1543557961.40   1.3891594707329714e-05
{"n": 14, "noise": "sc-better-gates", "circ": "cnx-lin"}: 0.1.0 1543558880.90   5.680152777690209e-05
{"n": 14, "noise": "sc-better-gates", "circ": "cnx-lin"}: 0.1.0 1543559834.37   0.00017384922142878154
{"n": 14, "noise": "sc-better-gates", "circ": "cnx-lin"}: 0.1.0 1543560707.21   3.315489843140242e-05
{"n": 14, "noise": "sc-better-gates", "circ": "cnx-lin"}: 0.1.0 1543561643.07   5.234393203368949e-05
{"n": 14, "noise": "sc-better-gates", "circ": "cnx-lin"}: 0.1.0 1543562599.03   5.235833225839147e-05
{"n": 14, "noise": "sc-better-gates", "circ": "cnx-lin"}: 0.1.0 1543563533.97   0.00010994383875580158
{"n": 14, "noise": "sc-better-gates", "circ": "cnx-lin"}: 0.1.0 1543564445.07   7.171088255419401e-05
{"n": 14, "noise": "sc-better-gates", "circ": "cnx-lin"}: 0.1.0 1543565350.66   0.00015658893059843188
{"n": 14, "noise": "sc-better-gates", "circ": "cnx-lin"}: 0.1.0 1543566235.83   1.2781792951448892e-05
{"n": 14, "noise": "sc-better-gates", "circ": "cnx-lin"}: 0.1.0 1543567177.56   0.00014019169501296503
{"n": 14, "noise": "sc-better-gates", "circ": "cnx-lin"}: 0.1.0 1543568088.03   0.00010376085503858748
{"n": 14, "noise": "sc-better-gates", "circ": "cnx-lin"}: 0.1.0 1543568969.20   5.108075856236859e-05
{"n": 14, "noise": "sc-better-gates", "circ": "cnx-lin"}: 0.1.0 1543569914.08   0.0001510480404485593
{"n": 14, "noise": "sc-better-gates", "circ": "cnx-lin"}: 0.1.0 1543570863.02   3.5713812626753094e-05
{"n": 14, "noise": "sc-better-gates", "circ": "cnx-lin"}: 0.1.0 1543571777.31   7.018602852028887e-05
{"n": 14, "noise": "sc-better-gates", "circ": "cnx-lin"}: 0.1.0 1543572676.36   2.5103741157803658e-05
{"n": 14, "noise": "sc-better-gates", "circ": "cnx-lin"}: 0.1.0 1543573576.63   8.834638468819726e-05
{"n": 14, "noise": "sc-better-gates", "circ": "cnx-lin"}: 0.1.0 1543574526.42   2.080319104520075e-05
{"n": 14, "noise": "sc-better-gates", "circ": "cnx-lin"}: 0.1.0 1543575371.00   0.00020006019216508666
{"n": 14, "noise": "sc-better-gates", "circ": "cnx-lin"}: 0.1.0 1543576237.21   4.96196147324104e-05
{"n": 14, "noise": "sc-better-gates", "circ": "cnx-lin"}: 0.1.0 1543577102.72   2.9105912306268602e-05
{"n": 14, "noise": "sc-better-gates", "circ": "cnx-lin"}: 0.1.0 1543577974.18   2.1416274702732993e-05
{"n": 14, "noise": "sc-better-gates", "circ": "cnx-lin"}: 0.1.0 1543578873.75   5.7737778361550546e-05
{"n": 14, "noise": "sc-better-gates", "circ": "cnx-lin"}: 0.1.0 1543579745.30   0.00019286673416160714
{"n": 14, "noise": "sc-better-gates", "circ": "cnx-lin"}: 0.1.0 1543580664.19   5.401735362532847e-05
{"n": 14, "noise": "sc-better-gates", "circ": "cnx-lin"}: 0.1.0 1543581571.81   1.0574540366370789e-05
{"n": 14, "noise": "sc-better-gates", "circ": "cnx-lin"}: 0.1.0 1543582449.04   4.026279907271286e-06
{"n": 14, "noise": "sc-better-gates", "circ": "cnx-lin"}: 0.1.0 1543583289.25   0.0001519476434652455
{"n": 14, "noise": "sc-better-gates", "circ": "cnx-lin"}: 0.1.0 1543584155.42   0.00016585631032811212
{"n": 14, "noise": "sc-better-gates", "circ": "cnx-lin"}: 0.1.0 1543585040.79   1.8505754199762088e-05
{"n": 14, "noise": "sc-better-gates", "circ": "cnx-lin"}: 0.1.0 1543585966.01   5.149405919799587e-06
{"n": 14, "noise": "sc-better-gates", "circ": "cnx-lin"}: 0.1.0 1543586836.18   3.241046989877762e-06
{"n": 14, "noise": "sc-better-gates", "circ": "cnx-lin"}: 0.1.0 1543587799.58   0.0003393508821929495
{"n": 14, "noise": "sc-better-gates", "circ": "cnx-lin"}: 0.1.0 1543588821.71   1.5741219312147396e-05
{"n": 14, "noise": "sc-better-gates", "circ": "cnx-lin"}: 0.1.0 1543589797.09   1.8099355632631102e-05
{"n": 14, "noise": "sc-better-gates", "circ": "cnx-lin"}: 0.1.0 1543590698.86   1.637870560237442e-05
{"n": 14, "noise": "sc-better-gates", "circ": "cnx-lin"}: 0.1.0 1543591609.50   2.2010393668455134e-06
{"n": 14, "noise": "sc-better-gates", "circ": "cnx-lin"}: 0.1.0 1543592584.55   6.784722876376428e-05
{"n": 14, "noise": "sc-better-gates", "circ": "cnx-lin"}: 0.1.0 1543593525.14   6.858986967369682e-05
{"n": 14, "noise": "sc-better-gates", "circ": "cnx-lin"}: 0.1.0 1543594479.90   0.00024686824946787065
{"n": 14, "noise": "sc-better-gates", "circ": "cnx-lin"}: 0.1.0 1543595386.39   8.085170852908175e-05
{"n": 14, "noise": "sc-better-gates", "circ": "cnx-lin"}: 0.1.0 1543596343.95   2.5624104435351728e-05
{"n": 14, "noise": "sc-better-gates", "circ": "cnx-lin"}: 0.1.0 1543597158.06   0.0002017606166476744
{"n": 14, "noise": "sc-better-gates", "circ": "cnx-lin"}: 0.1.0 1543597997.10   6.694446149240343e-05
{"n": 14, "noise": "sc-better-gates", "circ": "cnx-lin"}: 0.1.0 1543598842.23   6.740781651590318e-05
{"n": 14, "noise": "sc-better-gates", "circ": "cnx-lin"}: 0.1.0 1543599719.38   1.2425977692846123e-05
{"n": 14, "noise": "sc-better-gates", "circ": "cnx-lin"}: 0.1.0 1543600611.71   5.798030394005888e-05
{"n": 14, "noise": "sc-better-gates", "circ": "cnx-lin"}: 0.1.0 1543601486.22   7.143652554371479e-05
{"n": 14, "noise": "sc-better-gates", "circ": "cnx-lin"}: 0.1.0 1543602306.65   2.8235475467653547e-05
{"n": 14, "noise": "sc-better-gates", "circ": "cnx-lin"}: 0.1.0 1543603203.07   4.948905449133621e-05
{"n": 14, "noise": "sc-better-gates", "circ": "cnx-lin"}: 0.1.0 1543604077.72   6.885940852280956e-05
{"n": 14, "noise": "sc-better-gates", "circ": "cnx-lin"}: 0.1.0 1543604983.75   2.0944745613317556e-05
{"n": 14, "noise": "sc-better-gates", "circ": "cnx-lin"}: 0.1.0 1543605850.26   0.00012464327059657427
{"n": 14, "noise": "sc-better-gates", "circ": "cnx-lin"}: 0.1.0 1543606736.95   9.47011973269949e-05
{"n": 14, "noise": "sc-better-gates", "circ": "cnx-lin"}: 0.1.0 1543607577.24   8.528216690777702e-05
{"n": 14, "noise": "sc-better-gates", "circ": "cnx-lin"}: 0.1.0 1543608369.78   8.121824291893491e-06
{"n": 14, "noise": "sc-better-gates", "circ": "cnx-lin"}: 0.1.0 1543609289.41   3.520745958722928e-05
{"n": 14, "noise": "sc-better-gates", "circ": "cnx-lin"}: 0.1.0 1543610216.71   7.932219926627241e-06
{"n": 14, "noise": "sc-better-gates", "circ": "cnx-lin"}: 0.1.0 1543611108.35   5.504560166087331e-05
{"n": 14, "noise": "sc-better-gates", "circ": "cnx-lin"}: 0.1.0 1543612000.64   1.7527668517304004e-06
{"n": 14, "noise": "sc-better-gates", "circ": "cnx-lin"}: 0.1.0 1543612895.02   0.00015722510115630616
{"n": 14, "noise": "sc-better-gates", "circ": "cnx-lin"}: 0.1.0 1543613776.82   0.00011547122270209523
{"n": 14, "noise": "sc-better-gates", "circ": "cnx-lin"}: 0.1.0 1543614653.19   3.634454259876245e-05
