=====
{"n": 14, "noise": "sc-better-t1-and-gates", "circ": "cnx-lin-borrowed-1"}: 0.1.0 1543539160.51   0.9998489219358554
{"n": 14, "noise": "sc-better-t1-and-gates", "circ": "cnx-lin-borrowed-1"}: 0.1.0 1543539355.04   0.9998510199032216
{"n": 14, "noise": "sc-better-t1-and-gates", "circ": "cnx-lin-borrowed-1"}: 0.1.0 1543539536.79   4.114623397158814e-06
{"n": 14, "noise": "sc-better-t1-and-gates", "circ": "cnx-lin-borrowed-1"}: 0.1.0 1543539729.99   0.9998521578428818
{"n": 14, "noise": "sc-better-t1-and-gates", "circ": "cnx-lin-borrowed-1"}: 0.1.0 1543539921.30   0.999850127635296
{"n": 14, "noise": "sc-better-t1-and-gates", "circ": "cnx-lin-borrowed-1"}: 0.1.0 1543540113.66   0.9998516686832345
{"n": 14, "noise": "sc-better-t1-and-gates", "circ": "cnx-lin-borrowed-1"}: 0.1.0 1543540305.96   0.999850379672387
{"n": 14, "noise": "sc-better-t1-and-gates", "circ": "cnx-lin-borrowed-1"}: 0.1.0 1543540490.75   2.8227715112310675e-05
{"n": 14, "noise": "sc-better-t1-and-gates", "circ": "cnx-lin-borrowed-1"}: 0.1.0 1543540658.43   5.625578056153946e-06
{"n": 14, "noise": "sc-better-t1-and-gates", "circ": "cnx-lin-borrowed-1"}: 0.1.0 1543540846.43   0.9998517165095867
{"n": 14, "noise": "sc-better-t1-and-gates", "circ": "cnx-lin-borrowed-1"}: 0.1.0 1543541031.06   0.9998493807982747
{"n": 14, "noise": "sc-better-t1-and-gates", "circ": "cnx-lin-borrowed-1"}: 0.1.0 1543541220.15   0.9998504064904213
{"n": 14, "noise": "sc-better-t1-and-gates", "circ": "cnx-lin-borrowed-1"}: 0.1.0 1543541392.57   0.9998529336078638
{"n": 14, "noise": "sc-better-t1-and-gates", "circ": "cnx-lin-borrowed-1"}: 0.1.0 1543541575.88   0.9998493942729602
{"n": 14, "noise": "sc-better-t1-and-gates", "circ": "cnx-lin-borrowed-1"}: 0.1.0 1543541763.05   0.9998507828422827
{"n": 14, "noise": "sc-better-t1-and-gates", "circ": "cnx-lin-borrowed-1"}: 0.1.0 1543541941.11   0.9998507072643781
{"n": 14, "noise": "sc-better-t1-and-gates", "circ": "cnx-lin-borrowed-1"}: 0.1.0 1543542120.71   0.9998521266529838
{"n": 14, "noise": "sc-better-t1-and-gates", "circ": "cnx-lin-borrowed-1"}: 0.1.0 1543542302.95   1.4467141669846727e-05
{"n": 14, "noise": "sc-better-t1-and-gates", "circ": "cnx-lin-borrowed-1"}: 0.1.0 1543542485.17   1.2754212309164722e-05
{"n": 14, "noise": "sc-better-t1-and-gates", "circ": "cnx-lin-borrowed-1"}: 0.1.0 1543542662.14   0.9998496098958912
{"n": 14, "noise": "sc-better-t1-and-gates", "circ": "cnx-lin-borrowed-1"}: 0.1.0 1543542837.59   0.9998534504728501
{"n": 14, "noise": "sc-better-t1-and-gates", "circ": "cnx-lin-borrowed-1"}: 0.1.0 1543543015.48   0.9998490796774628
{"n": 14, "noise": "sc-better-t1-and-gates", "circ": "cnx-lin-borrowed-1"}: 0.1.0 1543543197.25   2.7074639958255935e-05
{"n": 14, "noise": "sc-better-t1-and-gates", "circ": "cnx-lin-borrowed-1"}: 0.1.0 1543543382.65   0.9998513846439682
{"n": 14, "noise": "sc-better-t1-and-gates", "circ": "cnx-lin-borrowed-1"}: 0.1.0 1543543556.26   0.9998498546634834
{"n": 14, "noise": "sc-better-t1-and-gates", "circ": "cnx-lin-borrowed-1"}: 0.1.0 1543543723.81   0.999851083221004
{"n": 14, "noise": "sc-better-t1-and-gates", "circ": "cnx-lin-borrowed-1"}: 0.1.0 1543543908.09   0.9998506916547222
{"n": 14, "noise": "sc-better-t1-and-gates", "circ": "cnx-lin-borrowed-1"}: 0.1.0 1543544101.61   0.00013852474414622912
{"n": 14, "noise": "sc-better-t1-and-gates", "circ": "cnx-lin-borrowed-1"}: 0.1.0 1543544301.13   0.9998525484516007
{"n": 14, "noise": "sc-better-t1-and-gates", "circ": "cnx-lin-borrowed-1"}: 0.1.0 1543544490.12   0.9998518942152809
{"n": 14, "noise": "sc-better-t1-and-gates", "circ": "cnx-lin-borrowed-1"}: 0.1.0 1543544676.17   0.9998503583335964
{"n": 14, "noise": "sc-better-t1-and-gates", "circ": "cnx-lin-borrowed-1"}: 0.1.0 1543544841.98   0.9998515245709437
{"n": 14, "noise": "sc-better-t1-and-gates", "circ": "cnx-lin-borrowed-1"}: 0.1.0 1543545008.82   7.143245354310967e-05
{"n": 14, "noise": "sc-better-t1-and-gates", "circ": "cnx-lin-borrowed-1"}: 0.1.0 1543545186.73   0.9998515360005612
{"n": 14, "noise": "sc-better-t1-and-gates", "circ": "cnx-lin-borrowed-1"}: 0.1.0 1543545351.49   0.9998510717005126
{"n": 14, "noise": "sc-better-t1-and-gates", "circ": "cnx-lin-borrowed-1"}: 0.1.0 1543545532.60   0.9998523606483642
{"n": 14, "noise": "sc-better-t1-and-gates", "circ": "cnx-lin-borrowed-1"}: 0.1.0 1543545716.92   0.9998497026802701
{"n": 14, "noise": "sc-better-t1-and-gates", "circ": "cnx-lin-borrowed-1"}: 0.1.0 1543545897.60   0.9998505630864241
{"n": 14, "noise": "sc-better-t1-and-gates", "circ": "cnx-lin-borrowed-1"}: 0.1.0 1543546080.65   0.9998493308005031
{"n": 14, "noise": "sc-better-t1-and-gates", "circ": "cnx-lin-borrowed-1"}: 0.1.0 1543546262.61   0.9998513214794212
{"n": 14, "noise": "sc-better-t1-and-gates", "circ": "cnx-lin-borrowed-1"}: 0.1.0 1543546435.35   0.9998486302741925
{"n": 14, "noise": "sc-better-t1-and-gates", "circ": "cnx-lin-borrowed-1"}: 0.1.0 1543546603.64   0.999849817783805
{"n": 14, "noise": "sc-better-t1-and-gates", "circ": "cnx-lin-borrowed-1"}: 0.1.0 1543546785.90   7.354419642813282e-05
{"n": 14, "noise": "sc-better-t1-and-gates", "circ": "cnx-lin-borrowed-1"}: 0.1.0 1543546972.34   0.9998509667689114
{"n": 14, "noise": "sc-better-t1-and-gates", "circ": "cnx-lin-borrowed-1"}: 0.1.0 1543547156.83   3.934818968622069e-06
{"n": 14, "noise": "sc-better-t1-and-gates", "circ": "cnx-lin-borrowed-1"}: 0.1.0 1543547343.10   8.241386377364346e-06
{"n": 14, "noise": "sc-better-t1-and-gates", "circ": "cnx-lin-borrowed-1"}: 0.1.0 1543547519.03   0.999852597572517
=====
{"n": 14, "noise": "sc-better-t1-and-gates", "circ": "cnx-lin"}: 0.1.0 1543548472.35   2.554044702202391e-05
{"n": 14, "noise": "sc-better-t1-and-gates", "circ": "cnx-lin"}: 0.1.0 1543549304.30   0.9984288662231268
{"n": 14, "noise": "sc-better-t1-and-gates", "circ": "cnx-lin"}: 0.1.0 1543550167.57   4.9600859256227395e-05
{"n": 14, "noise": "sc-better-t1-and-gates", "circ": "cnx-lin"}: 0.1.0 1543550993.59   5.737713364941666e-05
{"n": 14, "noise": "sc-better-t1-and-gates", "circ": "cnx-lin"}: 0.1.0 1543551862.75   0.9984385389262848
{"n": 14, "noise": "sc-better-t1-and-gates", "circ": "cnx-lin"}: 0.1.0 1543552721.05   0.00014100952043118837
{"n": 14, "noise": "sc-better-t1-and-gates", "circ": "cnx-lin"}: 0.1.0 1543553585.21   0.9984337401627681
{"n": 14, "noise": "sc-better-t1-and-gates", "circ": "cnx-lin"}: 0.1.0 1543554460.42   0.9984314910817701
{"n": 14, "noise": "sc-better-t1-and-gates", "circ": "cnx-lin"}: 0.1.0 1543555318.70   0.9984461241242301
{"n": 14, "noise": "sc-better-t1-and-gates", "circ": "cnx-lin"}: 0.1.0 1543556099.04   4.10567089809145e-05
{"n": 14, "noise": "sc-better-t1-and-gates", "circ": "cnx-lin"}: 0.1.0 1543557011.84   3.28648711137167e-05
{"n": 14, "noise": "sc-better-t1-and-gates", "circ": "cnx-lin"}: 0.1.0 1543557891.90   2.8934132263422675e-05
{"n": 14, "noise": "sc-better-t1-and-gates", "circ": "cnx-lin"}: 0.1.0 1543558738.68   2.349576859898648e-05
{"n": 14, "noise": "sc-better-t1-and-gates", "circ": "cnx-lin"}: 0.1.0 1543559556.62   3.9728998484365145e-05
{"n": 14, "noise": "sc-better-t1-and-gates", "circ": "cnx-lin"}: 0.1.0 1543560436.68   0.9984401640177616
{"n": 14, "noise": "sc-better-t1-and-gates", "circ": "cnx-lin"}: 0.1.0 1543561285.44   3.2643664290989125e-05
{"n": 14, "noise": "sc-better-t1-and-gates", "circ": "cnx-lin"}: 0.1.0 1543562164.69   3.567571207035424e-05
{"n": 14, "noise": "sc-better-t1-and-gates", "circ": "cnx-lin"}: 0.1.0 1543563070.13   0.0002391958420792581
{"n": 14, "noise": "sc-better-t1-and-gates", "circ": "cnx-lin"}: 0.1.0 1543563942.43   6.988689335865624e-05
{"n": 14, "noise": "sc-better-t1-and-gates", "circ": "cnx-lin"}: 0.1.0 1543564803.53   4.107109198078996e-05
{"n": 14, "noise": "sc-better-t1-and-gates", "circ": "cnx-lin"}: 0.1.0 1543565708.07   0.9984458671087539
{"n": 14, "noise": "sc-better-t1-and-gates", "circ": "cnx-lin"}: 0.1.0 1543566653.00   9.505804644703574e-05
{"n": 14, "noise": "sc-better-t1-and-gates", "circ": "cnx-lin"}: 0.1.0 1543567513.04   7.986063862869289e-06
{"n": 14, "noise": "sc-better-t1-and-gates", "circ": "cnx-lin"}: 0.1.0 1543568382.70   5.716442221006535e-05
{"n": 14, "noise": "sc-better-t1-and-gates", "circ": "cnx-lin"}: 0.1.0 1543569286.80   0.9984391240835482
{"n": 14, "noise": "sc-better-t1-and-gates", "circ": "cnx-lin"}: 0.1.0 1543570213.92   0.9984225349672766
{"n": 14, "noise": "sc-better-t1-and-gates", "circ": "cnx-lin"}: 0.1.0 1543571049.37   2.0261865617735166e-05
{"n": 14, "noise": "sc-better-t1-and-gates", "circ": "cnx-lin"}: 0.1.0 1543571907.62   1.5569228856896842e-05
{"n": 14, "noise": "sc-better-t1-and-gates", "circ": "cnx-lin"}: 0.1.0 1543572768.52   1.1470084384567747e-05
{"n": 14, "noise": "sc-better-t1-and-gates", "circ": "cnx-lin"}: 0.1.0 1543573669.81   0.9984234715567247
{"n": 14, "noise": "sc-better-t1-and-gates", "circ": "cnx-lin"}: 0.1.0 1543574584.63   0.9984011437659193
{"n": 14, "noise": "sc-better-t1-and-gates", "circ": "cnx-lin"}: 0.1.0 1543575437.74   0.004601266658764175
{"n": 14, "noise": "sc-better-t1-and-gates", "circ": "cnx-lin"}: 0.1.0 1543576300.78   1.4525181437840274e-05
{"n": 14, "noise": "sc-better-t1-and-gates", "circ": "cnx-lin"}: 0.1.0 1543577201.18   4.0356391491299575e-05
{"n": 14, "noise": "sc-better-t1-and-gates", "circ": "cnx-lin"}: 0.1.0 1543578090.45   8.231396625038276e-06
{"n": 14, "noise": "sc-better-t1-and-gates", "circ": "cnx-lin"}: 0.1.0 1543578967.73   7.114296922576269e-06
{"n": 14, "noise": "sc-better-t1-and-gates", "circ": "cnx-lin"}: 0.1.0 1543579864.96   0.9984347352150367
{"n": 14, "noise": "sc-better-t1-and-gates", "circ": "cnx-lin"}: 0.1.0 1543580759.55   9.001102468079012e-06
{"n": 14, "noise": "sc-better-t1-and-gates", "circ": "cnx-lin"}: 0.1.0 1543581646.21   3.658653721479882e-06
{"n": 14, "noise": "sc-better-t1-and-gates", "circ": "cnx-lin"}: 0.1.0 1543582477.27   6.285304698245355e-05
{"n": 14, "noise": "sc-better-t1-and-gates", "circ": "cnx-lin"}: 0.1.0 1543583343.69   5.272761359521399e-05
{"n": 14, "noise": "sc-better-t1-and-gates", "circ": "cnx-lin"}: 0.1.0 1543584167.81   0.9984630451265756
{"n": 14, "noise": "sc-better-t1-and-gates", "circ": "cnx-lin"}: 0.1.0 1543585025.58   5.2415786832918053e-05
{"n": 14, "noise": "sc-better-t1-and-gates", "circ": "cnx-lin"}: 0.1.0 1543585932.13   1.827402256107555e-05
{"n": 14, "noise": "sc-better-t1-and-gates", "circ": "cnx-lin"}: 0.1.0 1543586785.64   0.9984191724590851
{"n": 14, "noise": "sc-better-t1-and-gates", "circ": "cnx-lin"}: 0.1.0 1543587703.10   0.9984188617649604
{"n": 14, "noise": "sc-better-t1-and-gates", "circ": "cnx-lin"}: 0.1.0 1543588612.28   4.596143005852849e-05
{"n": 14, "noise": "sc-better-t1-and-gates", "circ": "cnx-lin"}: 0.1.0 1543589456.59   0.9983967200336764
{"n": 14, "noise": "sc-better-t1-and-gates", "circ": "cnx-lin"}: 0.1.0 1543590342.35   0.4877129318361056
{"n": 14, "noise": "sc-better-t1-and-gates", "circ": "cnx-lin"}: 0.1.0 1543591241.19   0.9984190178128984
{"n": 14, "noise": "sc-better-t1-and-gates", "circ": "cnx-lin"}: 0.1.0 1543592136.73   0.9984231584492074
{"n": 14, "noise": "sc-better-t1-and-gates", "circ": "cnx-lin"}: 0.1.0 1543593052.54   6.240864269235969e-05
{"n": 14, "noise": "sc-better-t1-and-gates", "circ": "cnx-lin"}: 0.1.0 1543593959.95   0.00011949136875182484
{"n": 14, "noise": "sc-better-t1-and-gates", "circ": "cnx-lin"}: 0.1.0 1543594854.81   4.300737755619887e-07
{"n": 14, "noise": "sc-better-t1-and-gates", "circ": "cnx-lin"}: 0.1.0 1543595796.59   0.9984687574664896
{"n": 14, "noise": "sc-better-t1-and-gates", "circ": "cnx-lin"}: 0.1.0 1543596762.04   0.9984653209841415
{"n": 14, "noise": "sc-better-t1-and-gates", "circ": "cnx-lin"}: 0.1.0 1543597727.09   2.696493462426123e-06
{"n": 14, "noise": "sc-better-t1-and-gates", "circ": "cnx-lin"}: 0.1.0 1543598674.48   0.9984588832338092
{"n": 14, "noise": "sc-better-t1-and-gates", "circ": "cnx-lin"}: 0.1.0 1543599602.78   0.998424207975355
{"n": 14, "noise": "sc-better-t1-and-gates", "circ": "cnx-lin"}: 0.1.0 1543600449.54   7.821482979215107e-05
{"n": 14, "noise": "sc-better-t1-and-gates", "circ": "cnx-lin"}: 0.1.0 1543601309.85   3.3605732755589815e-05
{"n": 14, "noise": "sc-better-t1-and-gates", "circ": "cnx-lin"}: 0.1.0 1543602291.32   0.00017457028663506164
{"n": 14, "noise": "sc-better-t1-and-gates", "circ": "cnx-lin"}: 0.1.0 1543603198.43   0.9984234947821973
{"n": 14, "noise": "sc-better-t1-and-gates", "circ": "cnx-lin"}: 0.1.0 1543604041.72   0.9984216290786204
{"n": 14, "noise": "sc-better-t1-and-gates", "circ": "cnx-lin"}: 0.1.0 1543604914.71   1.4377622975333207e-06
{"n": 14, "noise": "sc-better-t1-and-gates", "circ": "cnx-lin"}: 0.1.0 1543605851.98   3.8535670166467415e-06
{"n": 14, "noise": "sc-better-t1-and-gates", "circ": "cnx-lin"}: 0.1.0 1543606765.53   0.9984318026439388
{"n": 14, "noise": "sc-better-t1-and-gates", "circ": "cnx-lin"}: 0.1.0 1543607657.90   0.0001317311480145037
{"n": 14, "noise": "sc-better-t1-and-gates", "circ": "cnx-lin"}: 0.1.0 1543608554.48   0.9984250637580238
{"n": 14, "noise": "sc-better-t1-and-gates", "circ": "cnx-lin"}: 0.1.0 1543609424.71   4.3873336622477036e-05
{"n": 14, "noise": "sc-better-t1-and-gates", "circ": "cnx-lin"}: 0.1.0 1543610266.04   0.9984231879105531
{"n": 14, "noise": "sc-better-t1-and-gates", "circ": "cnx-lin"}: 0.1.0 1543611239.73   0.9984450650754214
{"n": 14, "noise": "sc-better-t1-and-gates", "circ": "cnx-lin"}: 0.1.0 1543612108.62   0.9984457623833565
{"n": 14, "noise": "sc-better-t1-and-gates", "circ": "cnx-lin"}: 0.1.0 1543612941.23   0.00010428019269901386
{"n": 14, "noise": "sc-better-t1-and-gates", "circ": "cnx-lin"}: 0.1.0 1543613864.82   0.00014915725989155795
{"n": 14, "noise": "sc-better-t1-and-gates", "circ": "cnx-lin"}: 0.1.0 1543614848.32   0.9984337999375255
