=====
{"n": 14, "noise": "sc-better-gates", "circ": "cnx-lin"}: 0.1.0 1543473082.37   0.0001451810649839711
{"n": 14, "noise": "sc-better-gates", "circ": "cnx-lin"}: 0.1.0 1543473955.36   5.172972858912486e-05
{"n": 14, "noise": "sc-better-gates", "circ": "cnx-lin"}: 0.1.0 1543474803.98   1.0623158154959011e-05
{"n": 14, "noise": "sc-better-gates", "circ": "cnx-lin"}: 0.1.0 1543475678.25   5.1371343408635736e-05
{"n": 14, "noise": "sc-better-gates", "circ": "cnx-lin"}: 0.1.0 1543476570.42   7.102283725349466e-06
{"n": 14, "noise": "sc-better-gates", "circ": "cnx-lin"}: 0.1.0 1543477391.81   1.2470363852424436e-05
{"n": 14, "noise": "sc-better-gates", "circ": "cnx-lin"}: 0.1.0 1543478175.91   1.3207367174495082e-05
{"n": 14, "noise": "sc-better-gates", "circ": "cnx-lin"}: 0.1.0 1543479027.36   0.00011770341120066726
{"n": 14, "noise": "sc-better-gates", "circ": "cnx-lin"}: 0.1.0 1543479889.82   5.840931846798177e-05
{"n": 14, "noise": "sc-better-gates", "circ": "cnx-lin"}: 0.1.0 1543480719.06   7.5390441352135055e-06
{"n": 14, "noise": "sc-better-gates", "circ": "cnx-lin"}: 0.1.0 1543481592.83   4.0939324553493586e-05
{"n": 14, "noise": "sc-better-gates", "circ": "cnx-lin"}: 0.1.0 1543482431.35   4.779791188183569e-06
{"n": 14, "noise": "sc-better-gates", "circ": "cnx-lin"}: 0.1.0 1543483295.49   5.24800528520815e-05
{"n": 14, "noise": "sc-better-gates", "circ": "cnx-lin"}: 0.1.0 1543484131.64   0.00017780886811662096
{"n": 14, "noise": "sc-better-gates", "circ": "cnx-lin"}: 0.1.0 1543485031.94   9.897413465801544e-05
{"n": 14, "noise": "sc-better-gates", "circ": "cnx-lin"}: 0.1.0 1543485897.34   4.5836494997547427e-05
{"n": 14, "noise": "sc-better-gates", "circ": "cnx-lin"}: 0.1.0 1543486794.69   9.951801792749712e-05
{"n": 14, "noise": "sc-better-gates", "circ": "cnx-lin"}: 0.1.0 1543487677.17   5.1555405468024136e-05
{"n": 14, "noise": "sc-better-gates", "circ": "cnx-lin"}: 0.1.0 1543488527.33   2.5109712693309055e-05
{"n": 14, "noise": "sc-better-gates", "circ": "cnx-lin"}: 0.1.0 1543489365.63   4.812196716480188e-05
{"n": 14, "noise": "sc-better-gates", "circ": "cnx-lin"}: 0.1.0 1543490257.82   4.2978055655224e-05
{"n": 14, "noise": "sc-better-gates", "circ": "cnx-lin"}: 0.1.0 1543491157.77   0.00011538547738778038
{"n": 14, "noise": "sc-better-gates", "circ": "cnx-lin"}: 0.1.0 1543491958.11   4.8478273383011764e-05
{"n": 14, "noise": "sc-better-gates", "circ": "cnx-lin"}: 0.1.0 1543492853.35   6.26405055360991e-05
{"n": 14, "noise": "sc-better-gates", "circ": "cnx-lin"}: 0.1.0 1543493700.52   1.1279547694141147e-05
{"n": 14, "noise": "sc-better-gates", "circ": "cnx-lin"}: 0.1.0 1543494594.40   3.795948933339159e-06
{"n": 14, "noise": "sc-better-gates", "circ": "cnx-lin"}: 0.1.0 1543495472.08   5.93966890705746e-05
{"n": 14, "noise": "sc-better-gates", "circ": "cnx-lin"}: 0.1.0 1543496391.94   5.845410749983432e-05
{"n": 14, "noise": "sc-better-gates", "circ": "cnx-lin"}: 0.1.0 1543497354.23   2.961062729759667e-05
{"n": 14, "noise": "sc-better-gates", "circ": "cnx-lin"}: 0.1.0 1543498265.69   1.7109122353554448e-05
{"n": 14, "noise": "sc-better-gates", "circ": "cnx-lin"}: 0.1.0 1543499154.49   2.2012726126463606e-05
{"n": 14, "noise": "sc-better-gates", "circ": "cnx-lin"}: 0.1.0 1543500067.73   7.997876188626514e-06
{"n": 14, "noise": "sc-better-gates", "circ": "cnx-lin"}: 0.1.0 1543500945.06   0.00011326433279339532
{"n": 14, "noise": "sc-better-gates", "circ": "cnx-lin"}: 0.1.0 1543501856.99   2.5941676833150952e-05
{"n": 14, "noise": "sc-better-gates", "circ": "cnx-lin"}: 0.1.0 1543502790.40   6.76864982545121e-05
{"n": 14, "noise": "sc-better-gates", "circ": "cnx-lin"}: 0.1.0 1543503669.98   0.0001805659602083086
{"n": 14, "noise": "sc-better-gates", "circ": "cnx-lin"}: 0.1.0 1543504617.55   8.882899393240465e-05
{"n": 14, "noise": "sc-better-gates", "circ": "cnx-lin"}: 0.1.0 1543505545.63   0.00015781935134622364
{"n": 14, "noise": "sc-better-gates", "circ": "cnx-lin"}: 0.1.0 1543506508.38   2.632422989436554e-05
{"n": 14, "noise": "sc-better-gates", "circ": "cnx-lin"}: 0.1.0 1543507375.63   1.0382999472818968e-05
{"n": 14, "noise": "sc-better-gates", "circ": "cnx-lin"}: 0.1.0 1543508240.53   8.46687515755031e-06
{"n": 14, "noise": "sc-better-gates", "circ": "cnx-lin"}: 0.1.0 1543509085.26   6.395631126845156e-05
{"n": 14, "noise": "sc-better-gates", "circ": "cnx-lin"}: 0.1.0 1543509975.57   8.555259324612246e-05
{"n": 14, "noise": "sc-better-gates", "circ": "cnx-lin"}: 0.1.0 1543510850.83   8.58542766475238e-05
{"n": 14, "noise": "sc-better-gates", "circ": "cnx-lin"}: 0.1.0 1543511782.13   2.237425860221102e-05
{"n": 14, "noise": "sc-better-gates", "circ": "cnx-lin"}: 0.1.0 1543512642.47   8.606396556557305e-06
{"n": 14, "noise": "sc-better-gates", "circ": "cnx-lin"}: 0.1.0 1543513545.73   9.303559338325459e-06
{"n": 14, "noise": "sc-better-gates", "circ": "cnx-lin"}: 0.1.0 1543514407.08   5.3393629098171785e-05
{"n": 14, "noise": "sc-better-gates", "circ": "cnx-lin"}: 0.1.0 1543515290.75   1.0808240870435221e-05
{"n": 14, "noise": "sc-better-gates", "circ": "cnx-lin"}: 0.1.0 1543516178.84   1.2071640697499473e-05
{"n": 14, "noise": "sc-better-gates", "circ": "cnx-lin"}: 0.1.0 1543517037.98   8.912797969479557e-05
{"n": 14, "noise": "sc-better-gates", "circ": "cnx-lin"}: 0.1.0 1543517899.65   3.097120740100418e-05
{"n": 14, "noise": "sc-better-gates", "circ": "cnx-lin"}: 0.1.0 1543518763.69   4.967939630132592e-05
{"n": 14, "noise": "sc-better-gates", "circ": "cnx-lin"}: 0.1.0 1543519619.80   0.000273686677585794
{"n": 14, "noise": "sc-better-gates", "circ": "cnx-lin"}: 0.1.0 1543520489.53   0.00018662609462047195
{"n": 14, "noise": "sc-better-gates", "circ": "cnx-lin"}: 0.1.0 1543521384.12   6.375626285205846e-05
{"n": 14, "noise": "sc-better-gates", "circ": "cnx-lin"}: 0.1.0 1543522229.90   4.475363743627991e-05
{"n": 14, "noise": "sc-better-gates", "circ": "cnx-lin"}: 0.1.0 1543523129.36   6.735861619172558e-06
{"n": 14, "noise": "sc-better-gates", "circ": "cnx-lin"}: 0.1.0 1543524015.42   4.032268680504469e-06
=====
{"n": 14, "noise": "sc-better-gates", "circ": "cnx-lin-borrowed-1"}: 0.1.0 1543525049.58   3.535282447295925e-05
{"n": 14, "noise": "sc-better-gates", "circ": "cnx-lin-borrowed-1"}: 0.1.0 1543525236.69   7.796592515025788e-05
{"n": 14, "noise": "sc-better-gates", "circ": "cnx-lin-borrowed-1"}: 0.1.0 1543525416.43   0.9849204134830903
{"n": 14, "noise": "sc-better-gates", "circ": "cnx-lin-borrowed-1"}: 0.1.0 1543525603.40   2.655675468459305e-05
{"n": 14, "noise": "sc-better-gates", "circ": "cnx-lin-borrowed-1"}: 0.1.0 1543525769.80   0.0001495401975745871
{"n": 14, "noise": "sc-better-gates", "circ": "cnx-lin-borrowed-1"}: 0.1.0 1543525952.71   2.2143598286317967e-06
{"n": 14, "noise": "sc-better-gates", "circ": "cnx-lin-borrowed-1"}: 0.1.0 1543526125.19   2.6128499568229718e-05
{"n": 14, "noise": "sc-better-gates", "circ": "cnx-lin-borrowed-1"}: 0.1.0 1543526300.81   1.959000914208651e-05
{"n": 14, "noise": "sc-better-gates", "circ": "cnx-lin-borrowed-1"}: 0.1.0 1543526487.09   0.9850948107216386
{"n": 14, "noise": "sc-better-gates", "circ": "cnx-lin-borrowed-1"}: 0.1.0 1543526676.44   1.6875623853760836e-05
{"n": 14, "noise": "sc-better-gates", "circ": "cnx-lin-borrowed-1"}: 0.1.0 1543526847.44   2.4784064714306466e-05
{"n": 14, "noise": "sc-better-gates", "circ": "cnx-lin-borrowed-1"}: 0.1.0 1543527019.47   3.1840158568994266e-05
{"n": 14, "noise": "sc-better-gates", "circ": "cnx-lin-borrowed-1"}: 0.1.0 1543527198.43   8.51577132914016e-05
{"n": 14, "noise": "sc-better-gates", "circ": "cnx-lin-borrowed-1"}: 0.1.0 1543527371.87   0.013720570840351906
{"n": 14, "noise": "sc-better-gates", "circ": "cnx-lin-borrowed-1"}: 0.1.0 1543527543.40   1.5643506030007867e-05
{"n": 14, "noise": "sc-better-gates", "circ": "cnx-lin-borrowed-1"}: 0.1.0 1543527714.81   5.043306959137198e-05
{"n": 14, "noise": "sc-better-gates", "circ": "cnx-lin-borrowed-1"}: 0.1.0 1543527898.41   3.1572912652509617e-06
{"n": 14, "noise": "sc-better-gates", "circ": "cnx-lin-borrowed-1"}: 0.1.0 1543528077.31   1.9153867264834083e-05
{"n": 14, "noise": "sc-better-gates", "circ": "cnx-lin-borrowed-1"}: 0.1.0 1543528251.19   4.4080346210956853e-05
{"n": 14, "noise": "sc-better-gates", "circ": "cnx-lin-borrowed-1"}: 0.1.0 1543528422.27   0.9847363033006854
{"n": 14, "noise": "sc-better-gates", "circ": "cnx-lin-borrowed-1"}: 0.1.0 1543528596.83   5.22504788850298e-05
{"n": 14, "noise": "sc-better-gates", "circ": "cnx-lin-borrowed-1"}: 0.1.0 1543528767.25   0.9851379390307802
{"n": 14, "noise": "sc-better-gates", "circ": "cnx-lin-borrowed-1"}: 0.1.0 1543528942.98   9.580047959102133e-06
{"n": 14, "noise": "sc-better-gates", "circ": "cnx-lin-borrowed-1"}: 0.1.0 1543529119.75   2.0348447167491485e-06
{"n": 14, "noise": "sc-better-gates", "circ": "cnx-lin-borrowed-1"}: 0.1.0 1543529295.50   8.414563844236639e-05
{"n": 14, "noise": "sc-better-gates", "circ": "cnx-lin-borrowed-1"}: 0.1.0 1543529477.03   0.9846085873377861
{"n": 14, "noise": "sc-better-gates", "circ": "cnx-lin-borrowed-1"}: 0.1.0 1543529649.18   0.0001757029504979607
{"n": 14, "noise": "sc-better-gates", "circ": "cnx-lin-borrowed-1"}: 0.1.0 1543529827.37   4.3135897987130706e-05
{"n": 14, "noise": "sc-better-gates", "circ": "cnx-lin-borrowed-1"}: 0.1.0 1543530004.77   0.9848253718823585
{"n": 14, "noise": "sc-better-gates", "circ": "cnx-lin-borrowed-1"}: 0.1.0 1543530178.05   0.9849313515684865
{"n": 14, "noise": "sc-better-gates", "circ": "cnx-lin-borrowed-1"}: 0.1.0 1543530359.19   0.9848677240785153
{"n": 14, "noise": "sc-better-gates", "circ": "cnx-lin-borrowed-1"}: 0.1.0 1543530531.62   7.36532706262196e-05
{"n": 14, "noise": "sc-better-gates", "circ": "cnx-lin-borrowed-1"}: 0.1.0 1543530700.25   1.371672035965301e-07
{"n": 14, "noise": "sc-better-gates", "circ": "cnx-lin-borrowed-1"}: 0.1.0 1543530875.31   0.0002323385513546497
{"n": 14, "noise": "sc-better-gates", "circ": "cnx-lin-borrowed-1"}: 0.1.0 1543531054.62   0.00013817260134195447
{"n": 14, "noise": "sc-better-gates", "circ": "cnx-lin-borrowed-1"}: 0.1.0 1543531233.70   3.741336269944839e-07
{"n": 14, "noise": "sc-better-gates", "circ": "cnx-lin-borrowed-1"}: 0.1.0 1543531411.74   4.953967665472963e-05
{"n": 14, "noise": "sc-better-gates", "circ": "cnx-lin-borrowed-1"}: 0.1.0 1543531598.12   1.652786021396732e-05
{"n": 14, "noise": "sc-better-gates", "circ": "cnx-lin-borrowed-1"}: 0.1.0 1543531781.00   1.4517371768669855e-05
{"n": 14, "noise": "sc-better-gates", "circ": "cnx-lin-borrowed-1"}: 0.1.0 1543531956.54   3.396678614525585e-05
{"n": 14, "noise": "sc-better-gates", "circ": "cnx-lin-borrowed-1"}: 0.1.0 1543532137.59   0.9848658913822801
{"n": 14, "noise": "sc-better-gates", "circ": "cnx-lin-borrowed-1"}: 0.1.0 1543532315.94   2.4192065336360777e-05
{"n": 14, "noise": "sc-better-gates", "circ": "cnx-lin-borrowed-1"}: 0.1.0 1543532477.29   3.451235816659766e-05
{"n": 14, "noise": "sc-better-gates", "circ": "cnx-lin-borrowed-1"}: 0.1.0 1543532669.73   0.9851124854776759
{"n": 14, "noise": "sc-better-gates", "circ": "cnx-lin-borrowed-1"}: 0.1.0 1543532845.53   1.2583286376746821e-05
{"n": 14, "noise": "sc-better-gates", "circ": "cnx-lin-borrowed-1"}: 0.1.0 1543533018.11   0.00015026535386149955
{"n": 14, "noise": "sc-better-gates", "circ": "cnx-lin-borrowed-1"}: 0.1.0 1543533192.78   0.9849885116798806
{"n": 14, "noise": "sc-better-gates", "circ": "cnx-lin-borrowed-1"}: 0.1.0 1543533366.09   2.7435887409418525e-05
{"n": 14, "noise": "sc-better-gates", "circ": "cnx-lin-borrowed-1"}: 0.1.0 1543533530.96   6.160088649031771e-05
{"n": 14, "noise": "sc-better-gates", "circ": "cnx-lin-borrowed-1"}: 0.1.0 1543533712.86   0.984862968235139
{"n": 14, "noise": "sc-better-gates", "circ": "cnx-lin-borrowed-1"}: 0.1.0 1543533886.89   0.985010188007003
{"n": 14, "noise": "sc-better-gates", "circ": "cnx-lin-borrowed-1"}: 0.1.0 1543534066.89   8.300486732588685e-06
{"n": 14, "noise": "sc-better-gates", "circ": "cnx-lin-borrowed-1"}: 0.1.0 1543534258.64   2.3888806016153037e-05
{"n": 14, "noise": "sc-better-gates", "circ": "cnx-lin-borrowed-1"}: 0.1.0 1543534421.46   0.9848582349853755
{"n": 14, "noise": "sc-better-gates", "circ": "cnx-lin-borrowed-1"}: 0.1.0 1543534595.02   1.191544723055379e-05
{"n": 14, "noise": "sc-better-gates", "circ": "cnx-lin-borrowed-1"}: 0.1.0 1543534767.89   1.2196664442254827e-06
{"n": 14, "noise": "sc-better-gates", "circ": "cnx-lin-borrowed-1"}: 0.1.0 1543534950.31   0.9851119786337198
{"n": 14, "noise": "sc-better-gates", "circ": "cnx-lin-borrowed-1"}: 0.1.0 1543535132.80   2.489764595232395e-05
{"n": 14, "noise": "sc-better-gates", "circ": "cnx-lin-borrowed-1"}: 0.1.0 1543535297.01   2.438114443240961e-05
{"n": 14, "noise": "sc-better-gates", "circ": "cnx-lin-borrowed-1"}: 0.1.0 1543535486.49   2.3924705794029178e-05
{"n": 14, "noise": "sc-better-gates", "circ": "cnx-lin-borrowed-1"}: 0.1.0 1543535657.21   0.9848778467517937
{"n": 14, "noise": "sc-better-gates", "circ": "cnx-lin-borrowed-1"}: 0.1.0 1543535829.25   7.966984246339478e-06
{"n": 14, "noise": "sc-better-gates", "circ": "cnx-lin-borrowed-1"}: 0.1.0 1543536021.97   0.01323622659274227
{"n": 14, "noise": "sc-better-gates", "circ": "cnx-lin-borrowed-1"}: 0.1.0 1543536185.96   3.324384711574275e-05
{"n": 14, "noise": "sc-better-gates", "circ": "cnx-lin-borrowed-1"}: 0.1.0 1543536351.19   0.9849137323578733
{"n": 14, "noise": "sc-better-gates", "circ": "cnx-lin-borrowed-1"}: 0.1.0 1543536530.88   0.9849066048675342
{"n": 14, "noise": "sc-better-gates", "circ": "cnx-lin-borrowed-1"}: 0.1.0 1543536696.77   0.9848334473504327
{"n": 14, "noise": "sc-better-gates", "circ": "cnx-lin-borrowed-1"}: 0.1.0 1543536881.02   1.3021262249976136e-05
{"n": 14, "noise": "sc-better-gates", "circ": "cnx-lin-borrowed-1"}: 0.1.0 1543537059.32   0.984854887246623
{"n": 14, "noise": "sc-better-gates", "circ": "cnx-lin-borrowed-1"}: 0.1.0 1543537245.68   1.79940484208116e-05
{"n": 14, "noise": "sc-better-gates", "circ": "cnx-lin-borrowed-1"}: 0.1.0 1543537425.04   0.00015415767279102936
{"n": 14, "noise": "sc-better-gates", "circ": "cnx-lin-borrowed-1"}: 0.1.0 1543537611.02   6.725912835889871e-06
{"n": 14, "noise": "sc-better-gates", "circ": "cnx-lin-borrowed-1"}: 0.1.0 1543537799.96   2.9383678861508962e-06
{"n": 14, "noise": "sc-better-gates", "circ": "cnx-lin-borrowed-1"}: 0.1.0 1543537986.35   6.17802399233777e-05
{"n": 14, "noise": "sc-better-gates", "circ": "cnx-lin-borrowed-1"}: 0.1.0 1543538173.33   0.9849030802007931
{"n": 14, "noise": "sc-better-gates", "circ": "cnx-lin-borrowed-1"}: 0.1.0 1543538350.43   1.592776319041249e-05
{"n": 14, "noise": "sc-better-gates", "circ": "cnx-lin-borrowed-1"}: 0.1.0 1543538513.04   0.9845654326437719
{"n": 14, "noise": "sc-better-gates", "circ": "cnx-lin-borrowed-1"}: 0.1.0 1543538688.49   1.764650135139758e-05
{"n": 14, "noise": "sc-better-gates", "circ": "cnx-lin-borrowed-1"}: 0.1.0 1543538863.70   6.6282887128553e-05
=====
{"n": 14, "noise": "sc-better-gates", "circ": "cnx-lin"}: 0.1.0 1543539782.81   5.1575746875286694e-05
{"n": 14, "noise": "sc-better-gates", "circ": "cnx-lin"}: 0.1.0 1543540608.78   0.00017839790311354484
{"n": 14, "noise": "sc-better-gates", "circ": "cnx-lin"}: 0.1.0 1543541372.37   2.4119015939934913e-05
{"n": 14, "noise": "sc-better-gates", "circ": "cnx-lin"}: 0.1.0 1543542250.81   9.497543254812964e-07
{"n": 14, "noise": "sc-better-gates", "circ": "cnx-lin"}: 0.1.0 1543543065.01   0.00010440927948265477
{"n": 14, "noise": "sc-better-gates", "circ": "cnx-lin"}: 0.1.0 1543543948.99   8.512380916655307e-06
{"n": 14, "noise": "sc-better-gates", "circ": "cnx-lin"}: 0.1.0 1543544798.91   3.920696627406714e-06
{"n": 14, "noise": "sc-better-gates", "circ": "cnx-lin"}: 0.1.0 1543545648.93   3.815491415454428e-06
{"n": 14, "noise": "sc-better-gates", "circ": "cnx-lin"}: 0.1.0 1543546445.60   5.766432445619945e-05
{"n": 14, "noise": "sc-better-gates", "circ": "cnx-lin"}: 0.1.0 1543547285.56   1.6914383667080173e-05
=====
{"n": 14, "noise": "sc", "circ": "cnx-lin"}: 0.1.0 1543548431.74   9.69823318023392e-05
{"n": 14, "noise": "sc", "circ": "cnx-lin"}: 0.1.0 1543549289.93   8.92215907975914e-06
{"n": 14, "noise": "sc", "circ": "cnx-lin"}: 0.1.0 1543550144.89   3.3675533642125354e-05
{"n": 14, "noise": "sc", "circ": "cnx-lin"}: 0.1.0 1543551023.17   5.494876779300017e-05
{"n": 14, "noise": "sc", "circ": "cnx-lin"}: 0.1.0 1543551915.05   3.987320164236533e-06
{"n": 14, "noise": "sc", "circ": "cnx-lin"}: 0.1.0 1543552814.07   1.9993301228780133e-05
{"n": 14, "noise": "sc", "circ": "cnx-lin"}: 0.1.0 1543553704.72   0.00013230998655758597
{"n": 14, "noise": "sc", "circ": "cnx-lin"}: 0.1.0 1543554580.06   1.962887601398305e-05
{"n": 14, "noise": "sc", "circ": "cnx-lin"}: 0.1.0 1543555528.50   5.506292736079682e-06
{"n": 14, "noise": "sc", "circ": "cnx-lin"}: 0.1.0 1543556441.31   6.164530588450376e-05
{"n": 14, "noise": "sc", "circ": "cnx-lin"}: 0.1.0 1543557396.69   0.00016909159226528227
{"n": 14, "noise": "sc", "circ": "cnx-lin"}: 0.1.0 1543558408.18   0.0001234682468470736
{"n": 14, "noise": "sc", "circ": "cnx-lin"}: 0.1.0 1543559331.42   0.00010248931952414037
{"n": 14, "noise": "sc", "circ": "cnx-lin"}: 0.1.0 1543560246.42   3.07475741126401e-05
{"n": 14, "noise": "sc", "circ": "cnx-lin"}: 0.1.0 1543561124.49   2.510529653451627e-05
{"n": 14, "noise": "sc", "circ": "cnx-lin"}: 0.1.0 1543561991.92   5.0974090388653576e-05
{"n": 14, "noise": "sc", "circ": "cnx-lin"}: 0.1.0 1543562895.19   6.950651747074852e-05
{"n": 14, "noise": "sc", "circ": "cnx-lin"}: 0.1.0 1543563790.50   7.204971955055172e-05
{"n": 14, "noise": "sc", "circ": "cnx-lin"}: 0.1.0 1543564693.07   0.0001373153825130874
{"n": 14, "noise": "sc", "circ": "cnx-lin"}: 0.1.0 1543565592.38   1.5526749391456367e-05
{"n": 14, "noise": "sc", "circ": "cnx-lin"}: 0.1.0 1543566503.03   7.080263610031095e-05
{"n": 14, "noise": "sc", "circ": "cnx-lin"}: 0.1.0 1543567330.59   0.00017423934365352675
{"n": 14, "noise": "sc", "circ": "cnx-lin"}: 0.1.0 1543568226.62   0.0002399527087203685
{"n": 14, "noise": "sc", "circ": "cnx-lin"}: 0.1.0 1543569102.03   1.341006514615745e-05
{"n": 14, "noise": "sc", "circ": "cnx-lin"}: 0.1.0 1543569965.51   0.0001455769267064002
{"n": 14, "noise": "sc", "circ": "cnx-lin"}: 0.1.0 1543570893.95   4.410367370637551e-06
{"n": 14, "noise": "sc", "circ": "cnx-lin"}: 0.1.0 1543571773.39   2.4484837208531632e-05
{"n": 14, "noise": "sc", "circ": "cnx-lin"}: 0.1.0 1543572710.18   5.1925341279569615e-05
{"n": 14, "noise": "sc", "circ": "cnx-lin"}: 0.1.0 1543573629.24   0.00021249048046011778
{"n": 14, "noise": "sc", "circ": "cnx-lin"}: 0.1.0 1543574552.62   1.5351700159190468e-05
{"n": 14, "noise": "sc", "circ": "cnx-lin"}: 0.1.0 1543575554.25   0.00012637570017862642
{"n": 14, "noise": "sc", "circ": "cnx-lin"}: 0.1.0 1543576508.73   4.0880903017758315e-05
{"n": 14, "noise": "sc", "circ": "cnx-lin"}: 0.1.0 1543577444.87   6.141403867195831e-05
{"n": 14, "noise": "sc", "circ": "cnx-lin"}: 0.1.0 1543578397.29   2.0859817637799132e-05
{"n": 14, "noise": "sc", "circ": "cnx-lin"}: 0.1.0 1543579244.90   1.0791664053946678e-05
{"n": 14, "noise": "sc", "circ": "cnx-lin"}: 0.1.0 1543580137.50   1.213867118613894e-05
{"n": 14, "noise": "sc", "circ": "cnx-lin"}: 0.1.0 1543581028.23   8.104136789484578e-05
{"n": 14, "noise": "sc", "circ": "cnx-lin"}: 0.1.0 1543581950.02   1.1786357191095214e-05
{"n": 14, "noise": "sc", "circ": "cnx-lin"}: 0.1.0 1543582886.59   6.372733820874146e-05
{"n": 14, "noise": "sc", "circ": "cnx-lin"}: 0.1.0 1543583754.10   1.9675186367438392e-05
{"n": 14, "noise": "sc", "circ": "cnx-lin"}: 0.1.0 1543584650.07   5.836946082865681e-05
{"n": 14, "noise": "sc", "circ": "cnx-lin"}: 0.1.0 1543585572.54   3.142001980330618e-05
{"n": 14, "noise": "sc", "circ": "cnx-lin"}: 0.1.0 1543586453.86   3.592364590276552e-05
{"n": 14, "noise": "sc", "circ": "cnx-lin"}: 0.1.0 1543587346.95   5.8757537780181676e-06
{"n": 14, "noise": "sc", "circ": "cnx-lin"}: 0.1.0 1543588265.24   7.316345963293771e-05
{"n": 14, "noise": "sc", "circ": "cnx-lin"}: 0.1.0 1543589185.00   5.223826685420317e-07
{"n": 14, "noise": "sc", "circ": "cnx-lin"}: 0.1.0 1543590083.71   7.327708746780998e-05
{"n": 14, "noise": "sc", "circ": "cnx-lin"}: 0.1.0 1543591024.28   9.967942734070353e-05
{"n": 14, "noise": "sc", "circ": "cnx-lin"}: 0.1.0 1543591947.92   2.839042474061196e-05
{"n": 14, "noise": "sc", "circ": "cnx-lin"}: 0.1.0 1543592883.83   8.236464698348972e-05
{"n": 14, "noise": "sc", "circ": "cnx-lin"}: 0.1.0 1543593800.07   0.00034253619457865636
{"n": 14, "noise": "sc", "circ": "cnx-lin"}: 0.1.0 1543594722.77   1.6463023281762177e-05
{"n": 14, "noise": "sc", "circ": "cnx-lin"}: 0.1.0 1543595578.08   6.233760861995158e-05
{"n": 14, "noise": "sc", "circ": "cnx-lin"}: 0.1.0 1543596517.19   2.048704464210176e-05
{"n": 14, "noise": "sc", "circ": "cnx-lin"}: 0.1.0 1543597422.35   0.00011150428041467535
{"n": 14, "noise": "sc", "circ": "cnx-lin"}: 0.1.0 1543598322.57   4.288677439748144e-05
{"n": 14, "noise": "sc", "circ": "cnx-lin"}: 0.1.0 1543599167.81   7.149404278743667e-05
{"n": 14, "noise": "sc", "circ": "cnx-lin"}: 0.1.0 1543600039.82   4.3227371854298084e-05
{"n": 14, "noise": "sc", "circ": "cnx-lin"}: 0.1.0 1543600983.37   0.00012461007541390213
{"n": 14, "noise": "sc", "circ": "cnx-lin"}: 0.1.0 1543601885.07   3.9509408906297e-05
{"n": 14, "noise": "sc", "circ": "cnx-lin"}: 0.1.0 1543602786.75   2.6821493524982986e-05
{"n": 14, "noise": "sc", "circ": "cnx-lin"}: 0.1.0 1543603699.56   2.5948120151038353e-05
{"n": 14, "noise": "sc", "circ": "cnx-lin"}: 0.1.0 1543604615.57   0.00010943997987632286
{"n": 14, "noise": "sc", "circ": "cnx-lin"}: 0.1.0 1543605493.00   1.4848252477766444e-05
{"n": 14, "noise": "sc", "circ": "cnx-lin"}: 0.1.0 1543606392.05   6.750934952888707e-05
{"n": 14, "noise": "sc", "circ": "cnx-lin"}: 0.1.0 1543607231.51   1.5050776648255994e-05
{"n": 14, "noise": "sc", "circ": "cnx-lin"}: 0.1.0 1543608080.73   1.3916338000203772e-06
{"n": 14, "noise": "sc", "circ": "cnx-lin"}: 0.1.0 1543608959.93   3.209515656396815e-05
{"n": 14, "noise": "sc", "circ": "cnx-lin"}: 0.1.0 1543609824.47   5.1653680820384615e-05
{"n": 14, "noise": "sc", "circ": "cnx-lin"}: 0.1.0 1543610682.96   6.030635365806755e-05
{"n": 14, "noise": "sc", "circ": "cnx-lin"}: 0.1.0 1543611567.16   1.769760464312185e-05
{"n": 14, "noise": "sc", "circ": "cnx-lin"}: 0.1.0 1543612436.46   3.451965869426238e-05
{"n": 14, "noise": "sc", "circ": "cnx-lin"}: 0.1.0 1543613291.31   3.456931516937876e-05
{"n": 14, "noise": "sc", "circ": "cnx-lin"}: 0.1.0 1543614110.31   1.010090800526058e-05
{"n": 14, "noise": "sc", "circ": "cnx-lin"}: 0.1.0 1543614929.56   7.913536331221956e-06
