=====
{"n": 14, "noise": "sc", "circ": "cnx-btb"}: 0.1.0 1543473532.77   0.9997320373227326
{"n": 14, "noise": "sc", "circ": "cnx-btb"}: 0.1.0 1543474818.53   0.9997342210678574
{"n": 14, "noise": "sc", "circ": "cnx-btb"}: 0.1.0 1543476106.64   0.9997356786241296
{"n": 14, "noise": "sc", "circ": "cnx-btb"}: 0.1.0 1543477389.75   4.019629753093763e-06
{"n": 14, "noise": "sc", "circ": "cnx-btb"}: 0.1.0 1543478677.24   0.9997314680198324
{"n": 14, "noise": "sc", "circ": "cnx-btb"}: 0.1.0 1543479970.16   0.9997362911269301
{"n": 14, "noise": "sc", "circ": "cnx-btb"}: 0.1.0 1543481265.22   5.422770710314186e-05
{"n": 14, "noise": "sc", "circ": "cnx-btb"}: 0.1.0 1543482553.94   3.629805099745537e-05
{"n": 14, "noise": "sc", "circ": "cnx-btb"}: 0.1.0 1543483847.07   0.9997314728112394
{"n": 14, "noise": "sc", "circ": "cnx-btb"}: 0.1.0 1543485128.22   0.9997355963133531
{"n": 14, "noise": "sc", "circ": "cnx-btb"}: 0.1.0 1543486417.85   0.9997310128727515
{"n": 14, "noise": "sc", "circ": "cnx-btb"}: 0.1.0 1543487702.80   1.8059768058584568e-05
{"n": 14, "noise": "sc", "circ": "cnx-btb"}: 0.1.0 1543489004.60   2.318588524426485e-05
{"n": 14, "noise": "sc", "circ": "cnx-btb"}: 0.1.0 1543490309.13   0.9997322125187281
{"n": 14, "noise": "sc", "circ": "cnx-btb"}: 0.1.0 1543491595.58   0.9997361002413759
{"n": 14, "noise": "sc", "circ": "cnx-btb"}: 0.1.0 1543492899.25   1.731493320336346e-05
{"n": 14, "noise": "sc", "circ": "cnx-btb"}: 0.1.0 1543494197.26   0.9997327411707633
{"n": 14, "noise": "sc", "circ": "cnx-btb"}: 0.1.0 1543495490.50   0.00014678371437597376
{"n": 14, "noise": "sc", "circ": "cnx-btb"}: 0.1.0 1543496781.82   0.9997299307305995
{"n": 14, "noise": "sc", "circ": "cnx-btb"}: 0.1.0 1543498076.33   0.9997307909268481
{"n": 14, "noise": "sc", "circ": "cnx-btb"}: 0.1.0 1543499364.45   0.9997366979106358
{"n": 14, "noise": "sc", "circ": "cnx-btb"}: 0.1.0 1543500664.40   0.9997371240866788
{"n": 14, "noise": "sc", "circ": "cnx-btb"}: 0.1.0 1543501958.52   0.999736860403281
{"n": 14, "noise": "sc", "circ": "cnx-btb"}: 0.1.0 1543503257.36   0.05000125157346258
{"n": 14, "noise": "sc", "circ": "cnx-btb"}: 0.1.0 1543504558.92   0.9997346143757172
{"n": 14, "noise": "sc", "circ": "cnx-btb"}: 0.1.0 1543505859.13   5.8763318244244894e-05
{"n": 14, "noise": "sc", "circ": "cnx-btb"}: 0.1.0 1543507154.25   0.9997333915735771
{"n": 14, "noise": "sc", "circ": "cnx-btb"}: 0.1.0 1543508452.70   1.3925616840247654e-05
{"n": 14, "noise": "sc", "circ": "cnx-btb"}: 0.1.0 1543509735.82   1.2469981255776854e-05
{"n": 14, "noise": "sc", "circ": "cnx-btb"}: 0.1.0 1543511031.63   1.2599053602324005e-05
{"n": 14, "noise": "sc", "circ": "cnx-btb"}: 0.1.0 1543512321.72   0.9997336929241208
{"n": 14, "noise": "sc", "circ": "cnx-btb"}: 0.1.0 1543513626.38   0.9997346911975094
{"n": 14, "noise": "sc", "circ": "cnx-btb"}: 0.1.0 1543514918.91   1.4747860823923e-06
{"n": 14, "noise": "sc", "circ": "cnx-btb"}: 0.1.0 1543516214.00   0.9997392370063676
{"n": 14, "noise": "sc", "circ": "cnx-btb"}: 0.1.0 1543517503.04   1.6016799455472245e-05
{"n": 14, "noise": "sc", "circ": "cnx-btb"}: 0.1.0 1543518807.23   7.299973930797557e-05
{"n": 14, "noise": "sc", "circ": "cnx-btb"}: 0.1.0 1543520107.08   0.9997289978292365
{"n": 14, "noise": "sc", "circ": "cnx-btb"}: 0.1.0 1543521400.96   6.25700110803202e-05
{"n": 14, "noise": "sc", "circ": "cnx-btb"}: 0.1.0 1543522698.88   0.9997359840848061
{"n": 14, "noise": "sc", "circ": "cnx-btb"}: 0.1.0 1543523984.89   5.314165580708602e-06
=====
{"n": 14, "noise": "sc-better-t1", "circ": "cnx-btb"}: 0.1.0 1543526162.35   0.9999971998077007
{"n": 14, "noise": "sc-better-t1", "circ": "cnx-btb"}: 0.1.0 1543527458.61   7.104259874016454e-06
{"n": 14, "noise": "sc-better-t1", "circ": "cnx-btb"}: 0.1.0 1543528764.82   0.9999971881024936
{"n": 14, "noise": "sc-better-t1", "circ": "cnx-btb"}: 0.1.0 1543530068.31   1.602032198740349e-05
{"n": 14, "noise": "sc-better-t1", "circ": "cnx-btb"}: 0.1.0 1543531366.36   0.9999974140587626
{"n": 14, "noise": "sc-better-t1", "circ": "cnx-btb"}: 0.1.0 1543532669.12   0.9999971896561736
{"n": 14, "noise": "sc-better-t1", "circ": "cnx-btb"}: 0.1.0 1543533965.50   0.9999972602769178
{"n": 14, "noise": "sc-better-t1", "circ": "cnx-btb"}: 0.1.0 1543535261.57   0.9999974216120884
{"n": 14, "noise": "sc-better-t1", "circ": "cnx-btb"}: 0.1.0 1543536566.16   6.42977808731111e-06
{"n": 14, "noise": "sc-better-t1", "circ": "cnx-btb"}: 0.1.0 1543537868.62   0.9999973718149491
=====
{"n": 14, "noise": "sc", "circ": "cnx-btb"}: 0.1.0 1543540221.73   0.9997313651684087
{"n": 14, "noise": "sc", "circ": "cnx-btb"}: 0.1.0 1543541531.40   2.0074095556312952e-05
{"n": 14, "noise": "sc", "circ": "cnx-btb"}: 0.1.0 1543542842.98   3.3737328609685286e-06
{"n": 14, "noise": "sc", "circ": "cnx-btb"}: 0.1.0 1543544155.90   0.9997279309256292
{"n": 14, "noise": "sc", "circ": "cnx-btb"}: 0.1.0 1543545464.45   0.9997354438997618
{"n": 14, "noise": "sc", "circ": "cnx-btb"}: 0.1.0 1543546774.88   4.695100288801719e-05
{"n": 14, "noise": "sc", "circ": "cnx-btb"}: 0.1.0 1543548089.61   0.9997305683065303
{"n": 14, "noise": "sc", "circ": "cnx-btb"}: 0.1.0 1543549397.86   0.9997324633197866
{"n": 14, "noise": "sc", "circ": "cnx-btb"}: 0.1.0 1543550700.31   0.9997319361179497
{"n": 14, "noise": "sc", "circ": "cnx-btb"}: 0.1.0 1543552007.02   1.183648001718189e-06
{"n": 14, "noise": "sc", "circ": "cnx-btb"}: 0.1.0 1543553319.62   0.00017608136765816834
{"n": 14, "noise": "sc", "circ": "cnx-btb"}: 0.1.0 1543554623.61   0.9997333583843154
{"n": 14, "noise": "sc", "circ": "cnx-btb"}: 0.1.0 1543555927.66   0.9997334256852531
{"n": 14, "noise": "sc", "circ": "cnx-btb"}: 0.1.0 1543557236.04   1.0255753891860261e-05
{"n": 14, "noise": "sc", "circ": "cnx-btb"}: 0.1.0 1543558546.25   0.999732840958139
{"n": 14, "noise": "sc", "circ": "cnx-btb"}: 0.1.0 1543559854.84   0.9997426752170059
{"n": 14, "noise": "sc", "circ": "cnx-btb"}: 0.1.0 1543561155.49   0.9997337483617715
{"n": 14, "noise": "sc", "circ": "cnx-btb"}: 0.1.0 1543562453.46   0.9997357310691567
{"n": 14, "noise": "sc", "circ": "cnx-btb"}: 0.1.0 1543563758.61   0.9997348955546721
{"n": 14, "noise": "sc", "circ": "cnx-btb"}: 0.1.0 1543565060.22   0.9997314068522639
{"n": 14, "noise": "sc", "circ": "cnx-btb"}: 0.1.0 1543566353.64   0.9997342691481307
{"n": 14, "noise": "sc", "circ": "cnx-btb"}: 0.1.0 1543567665.27   0.9997365409224844
{"n": 14, "noise": "sc", "circ": "cnx-btb"}: 0.1.0 1543568965.15   0.15232616234785354
{"n": 14, "noise": "sc", "circ": "cnx-btb"}: 0.1.0 1543570266.90   6.228215931017883e-06
{"n": 14, "noise": "sc", "circ": "cnx-btb"}: 0.1.0 1543571580.78   0.9997355430567623
{"n": 14, "noise": "sc", "circ": "cnx-btb"}: 0.1.0 1543572883.13   4.487997300607305e-05
{"n": 14, "noise": "sc", "circ": "cnx-btb"}: 0.1.0 1543574186.47   9.821953215287264e-07
{"n": 14, "noise": "sc", "circ": "cnx-btb"}: 0.1.0 1543575484.25   1.4913022414424612e-07
{"n": 14, "noise": "sc", "circ": "cnx-btb"}: 0.1.0 1543576784.96   6.620567619981879e-06
{"n": 14, "noise": "sc", "circ": "cnx-btb"}: 0.1.0 1543578081.29   1.1845100257982688e-05
{"n": 14, "noise": "sc", "circ": "cnx-btb"}: 0.1.0 1543579389.41   0.9997362254818303
{"n": 14, "noise": "sc", "circ": "cnx-btb"}: 0.1.0 1543580693.52   0.9997307215881646
{"n": 14, "noise": "sc", "circ": "cnx-btb"}: 0.1.0 1543581996.66   0.005710497630435353
{"n": 14, "noise": "sc", "circ": "cnx-btb"}: 0.1.0 1543583303.28   0.9997309364405248
{"n": 14, "noise": "sc", "circ": "cnx-btb"}: 0.1.0 1543584605.08   0.9997323979958338
{"n": 14, "noise": "sc", "circ": "cnx-btb"}: 0.1.0 1543585895.05   0.00010352273942699036
{"n": 14, "noise": "sc", "circ": "cnx-btb"}: 0.1.0 1543587201.13   2.3667608335321742e-05
{"n": 14, "noise": "sc", "circ": "cnx-btb"}: 0.1.0 1543588494.89   3.4634987604244348e-06
{"n": 14, "noise": "sc", "circ": "cnx-btb"}: 0.1.0 1543589797.30   0.005022316967556075
{"n": 14, "noise": "sc", "circ": "cnx-btb"}: 0.1.0 1543591095.42   0.9997358415111793
{"n": 14, "noise": "sc", "circ": "cnx-btb"}: 0.1.0 1543592395.85   0.9997351624240701
{"n": 14, "noise": "sc", "circ": "cnx-btb"}: 0.1.0 1543593695.89   0.030582211230462175
{"n": 14, "noise": "sc", "circ": "cnx-btb"}: 0.1.0 1543595007.48   1.5903087111705842e-06
{"n": 14, "noise": "sc", "circ": "cnx-btb"}: 0.1.0 1543596312.89   0.999732569849228
{"n": 14, "noise": "sc", "circ": "cnx-btb"}: 0.1.0 1543597617.80   0.9997353719995444
{"n": 14, "noise": "sc", "circ": "cnx-btb"}: 0.1.0 1543598916.24   0.9997383092858213
{"n": 14, "noise": "sc", "circ": "cnx-btb"}: 0.1.0 1543600228.17   0.12055258463260655
{"n": 14, "noise": "sc", "circ": "cnx-btb"}: 0.1.0 1543601533.61   7.715188052407356e-06
{"n": 14, "noise": "sc", "circ": "cnx-btb"}: 0.1.0 1543602836.31   0.9997315907551743
{"n": 14, "noise": "sc", "circ": "cnx-btb"}: 0.1.0 1543604137.42   0.9997307470553263
{"n": 14, "noise": "sc", "circ": "cnx-btb"}: 0.1.0 1543605446.45   0.0
{"n": 14, "noise": "sc", "circ": "cnx-btb"}: 0.1.0 1543606750.04   4.708872876240681e-05
{"n": 14, "noise": "sc", "circ": "cnx-btb"}: 0.1.0 1543608047.93   0.9997378906004615
{"n": 14, "noise": "sc", "circ": "cnx-btb"}: 0.1.0 1543609354.22   0.9997382237241281
{"n": 14, "noise": "sc", "circ": "cnx-btb"}: 0.1.0 1543610659.95   4.881419611794716e-06
{"n": 14, "noise": "sc", "circ": "cnx-btb"}: 0.1.0 1543611965.00   0.9997308133290324
{"n": 14, "noise": "sc", "circ": "cnx-btb"}: 0.1.0 1543613266.89   0.9997313720077196
{"n": 14, "noise": "sc", "circ": "cnx-btb"}: 0.1.0 1543614575.08   1.9154337140356976e-05
