=====
{"n": 14, "noise": "sc", "circ": "cnx-lin"}: 0.1.0 1543473087.46   9.923898149531024e-06
{"n": 14, "noise": "sc", "circ": "cnx-lin"}: 0.1.0 1543473910.08   5.848912527589785e-06
{"n": 14, "noise": "sc", "circ": "cnx-lin"}: 0.1.0 1543474792.44   2.3505970922631827e-05
{"n": 14, "noise": "sc", "circ": "cnx-lin"}: 0.1.0 1543475637.71   0.0001846030391322134
{"n": 14, "noise": "sc", "circ": "cnx-lin"}: 0.1.0 1543476475.16   4.547964113484115e-05
{"n": 14, "noise": "sc", "circ": "cnx-lin"}: 0.1.0 1543477280.15   0.00019662274689886714
{"n": 14, "noise": "sc", "circ": "cnx-lin"}: 0.1.0 1543478180.84   5.842205738014008e-05
{"n": 14, "noise": "sc", "circ": "cnx-lin"}: 0.1.0 1543479104.05   4.8081173100822436e-05
{"n": 14, "noise": "sc", "circ": "cnx-lin"}: 0.1.0 1543479974.73   5.815991756308495e-05
{"n": 14, "noise": "sc", "circ": "cnx-lin"}: 0.1.0 1543480809.40   0.0001026437428131165
{"n": 14, "noise": "sc", "circ": "cnx-lin"}: 0.1.0 1543481684.68   7.968188402491101e-05
{"n": 14, "noise": "sc", "circ": "cnx-lin"}: 0.1.0 1543482577.47   9.182861967384935e-06
{"n": 14, "noise": "sc", "circ": "cnx-lin"}: 0.1.0 1543483410.88   0.00018524568609537716
{"n": 14, "noise": "sc", "circ": "cnx-lin"}: 0.1.0 1543484252.12   6.033219039341887e-05
{"n": 14, "noise": "sc", "circ": "cnx-lin"}: 0.1.0 1543485097.72   3.240591000275968e-05
{"n": 14, "noise": "sc", "circ": "cnx-lin"}: 0.1.0 1543486001.98   0.00014105634495552982
{"n": 14, "noise": "sc", "circ": "cnx-lin"}: 0.1.0 1543486917.49   4.40819873471288e-05
{"n": 14, "noise": "sc", "circ": "cnx-lin"}: 0.1.0 1543487870.42   0.00014950727619288557
{"n": 14, "noise": "sc", "circ": "cnx-lin"}: 0.1.0 1543488796.87   6.583267844998403e-05
{"n": 14, "noise": "sc", "circ": "cnx-lin"}: 0.1.0 1543489718.77   4.316971393539784e-05
{"n": 14, "noise": "sc", "circ": "cnx-lin"}: 0.1.0 1543490694.35   3.443159329162873e-05
{"n": 14, "noise": "sc", "circ": "cnx-lin"}: 0.1.0 1543491640.76   0.0001774544748423773
{"n": 14, "noise": "sc", "circ": "cnx-lin"}: 0.1.0 1543492546.42   4.778953660168378e-05
{"n": 14, "noise": "sc", "circ": "cnx-lin"}: 0.1.0 1543493453.29   6.512256162616412e-05
{"n": 14, "noise": "sc", "circ": "cnx-lin"}: 0.1.0 1543494327.53   5.425238258934788e-05
{"n": 14, "noise": "sc", "circ": "cnx-lin"}: 0.1.0 1543495196.93   7.616444479461996e-05
{"n": 14, "noise": "sc", "circ": "cnx-lin"}: 0.1.0 1543496142.06   2.0551615816705305e-05
{"n": 14, "noise": "sc", "circ": "cnx-lin"}: 0.1.0 1543497027.71   2.6308167238360865e-05
{"n": 14, "noise": "sc", "circ": "cnx-lin"}: 0.1.0 1543497969.92   0.00013910110718742195
{"n": 14, "noise": "sc", "circ": "cnx-lin"}: 0.1.0 1543498823.53   3.933417571879425e-05
{"n": 14, "noise": "sc", "circ": "cnx-lin"}: 0.1.0 1543499690.23   5.933800693760012e-05
{"n": 14, "noise": "sc", "circ": "cnx-lin"}: 0.1.0 1543500536.90   5.90701532200825e-05
{"n": 14, "noise": "sc", "circ": "cnx-lin"}: 0.1.0 1543501410.18   4.9081416962120965e-05
{"n": 14, "noise": "sc", "circ": "cnx-lin"}: 0.1.0 1543502241.07   2.3598559198923826e-06
{"n": 14, "noise": "sc", "circ": "cnx-lin"}: 0.1.0 1543503037.44   4.8888377080090775e-05
{"n": 14, "noise": "sc", "circ": "cnx-lin"}: 0.1.0 1543503908.82   3.1829188635407035e-06
{"n": 14, "noise": "sc", "circ": "cnx-lin"}: 0.1.0 1543504844.09   2.5210274966945183e-05
{"n": 14, "noise": "sc", "circ": "cnx-lin"}: 0.1.0 1543505655.55   0.00011739543348400756
{"n": 14, "noise": "sc", "circ": "cnx-lin"}: 0.1.0 1543506528.84   0.00031094833514253635
{"n": 14, "noise": "sc", "circ": "cnx-lin"}: 0.1.0 1543507385.08   9.680776818023093e-05
{"n": 14, "noise": "sc", "circ": "cnx-lin"}: 0.1.0 1543508235.96   6.32841580818857e-05
{"n": 14, "noise": "sc", "circ": "cnx-lin"}: 0.1.0 1543509213.85   2.1433788393516554e-05
{"n": 14, "noise": "sc", "circ": "cnx-lin"}: 0.1.0 1543510036.12   6.6426356723953894e-06
{"n": 14, "noise": "sc", "circ": "cnx-lin"}: 0.1.0 1543510972.03   4.046133825397776e-05
{"n": 14, "noise": "sc", "circ": "cnx-lin"}: 0.1.0 1543511863.15   4.881330266277518e-07
{"n": 14, "noise": "sc", "circ": "cnx-lin"}: 0.1.0 1543512792.34   1.1004130965819219e-05
{"n": 14, "noise": "sc", "circ": "cnx-lin"}: 0.1.0 1543513691.20   7.417469208591195e-05
{"n": 14, "noise": "sc", "circ": "cnx-lin"}: 0.1.0 1543514596.02   9.612957755553789e-05
{"n": 14, "noise": "sc", "circ": "cnx-lin"}: 0.1.0 1543515563.12   4.3590140352175826e-05
{"n": 14, "noise": "sc", "circ": "cnx-lin"}: 0.1.0 1543516499.35   4.195023416149654e-05
{"n": 14, "noise": "sc", "circ": "cnx-lin"}: 0.1.0 1543517438.03   1.6499178456563104e-05
{"n": 14, "noise": "sc", "circ": "cnx-lin"}: 0.1.0 1543518362.59   5.312493603739059e-05
{"n": 14, "noise": "sc", "circ": "cnx-lin"}: 0.1.0 1543519280.99   5.885191559784987e-05
{"n": 14, "noise": "sc", "circ": "cnx-lin"}: 0.1.0 1543520126.26   6.115497309525564e-05
{"n": 14, "noise": "sc", "circ": "cnx-lin"}: 0.1.0 1543521050.29   1.1701778715437854e-07
{"n": 14, "noise": "sc", "circ": "cnx-lin"}: 0.1.0 1543521911.51   2.4049128401767e-05
{"n": 14, "noise": "sc", "circ": "cnx-lin"}: 0.1.0 1543522804.07   0.00010837375273653456
{"n": 14, "noise": "sc", "circ": "cnx-lin"}: 0.1.0 1543523718.17   1.6490133014345726e-05
=====
{"n": 14, "noise": "sc", "circ": "cnx-lin-borrowed-1"}: 0.1.0 1543525047.16   3.0191256591043368e-05
{"n": 14, "noise": "sc", "circ": "cnx-lin-borrowed-1"}: 0.1.0 1543525229.24   1.548170275541578e-05
{"n": 14, "noise": "sc", "circ": "cnx-lin-borrowed-1"}: 0.1.0 1543525410.94   0.008114444138311482
{"n": 14, "noise": "sc", "circ": "cnx-lin-borrowed-1"}: 0.1.0 1543525573.87   9.928565985537541e-06
{"n": 14, "noise": "sc", "circ": "cnx-lin-borrowed-1"}: 0.1.0 1543525741.87   9.22452695873222e-06
{"n": 14, "noise": "sc", "circ": "cnx-lin-borrowed-1"}: 0.1.0 1543525929.72   6.0060770201912316e-05
{"n": 14, "noise": "sc", "circ": "cnx-lin-borrowed-1"}: 0.1.0 1543526113.59   1.083297928062309e-05
{"n": 14, "noise": "sc", "circ": "cnx-lin-borrowed-1"}: 0.1.0 1543526291.78   0.9848470962929186
{"n": 14, "noise": "sc", "circ": "cnx-lin-borrowed-1"}: 0.1.0 1543526476.19   2.7186618240600794e-05
{"n": 14, "noise": "sc", "circ": "cnx-lin-borrowed-1"}: 0.1.0 1543526665.10   4.730888312166758e-05
{"n": 14, "noise": "sc", "circ": "cnx-lin-borrowed-1"}: 0.1.0 1543526859.43   1.0215685780354004e-05
{"n": 14, "noise": "sc", "circ": "cnx-lin-borrowed-1"}: 0.1.0 1543527032.22   6.17783215110544e-05
{"n": 14, "noise": "sc", "circ": "cnx-lin-borrowed-1"}: 0.1.0 1543527208.92   6.337653520426786e-06
{"n": 14, "noise": "sc", "circ": "cnx-lin-borrowed-1"}: 0.1.0 1543527384.07   0.0002176100908084126
{"n": 14, "noise": "sc", "circ": "cnx-lin-borrowed-1"}: 0.1.0 1543527562.57   0.9849578153718813
{"n": 14, "noise": "sc", "circ": "cnx-lin-borrowed-1"}: 0.1.0 1543527738.89   4.274909350869888e-06
{"n": 14, "noise": "sc", "circ": "cnx-lin-borrowed-1"}: 0.1.0 1543527904.60   0.0010940960893830553
{"n": 14, "noise": "sc", "circ": "cnx-lin-borrowed-1"}: 0.1.0 1543528080.43   8.195978454179727e-05
{"n": 14, "noise": "sc", "circ": "cnx-lin-borrowed-1"}: 0.1.0 1543528269.21   7.185449427454364e-06
{"n": 14, "noise": "sc", "circ": "cnx-lin-borrowed-1"}: 0.1.0 1543528454.74   3.794607757397988e-05
{"n": 14, "noise": "sc", "circ": "cnx-lin-borrowed-1"}: 0.1.0 1543528641.60   0.9846585224026773
{"n": 14, "noise": "sc", "circ": "cnx-lin-borrowed-1"}: 0.1.0 1543528815.50   2.418911458656891e-05
{"n": 14, "noise": "sc", "circ": "cnx-lin-borrowed-1"}: 0.1.0 1543529004.75   5.4801575421087257e-05
{"n": 14, "noise": "sc", "circ": "cnx-lin-borrowed-1"}: 0.1.0 1543529177.68   5.747196244412598e-07
{"n": 14, "noise": "sc", "circ": "cnx-lin-borrowed-1"}: 0.1.0 1543529369.33   4.5669790238601965e-05
{"n": 14, "noise": "sc", "circ": "cnx-lin-borrowed-1"}: 0.1.0 1543529545.21   1.8395206190118205e-05
{"n": 14, "noise": "sc", "circ": "cnx-lin-borrowed-1"}: 0.1.0 1543529710.08   0.9850146377924573
{"n": 14, "noise": "sc", "circ": "cnx-lin-borrowed-1"}: 0.1.0 1543529872.74   1.6459181890058102e-05
{"n": 14, "noise": "sc", "circ": "cnx-lin-borrowed-1"}: 0.1.0 1543530059.16   1.207424645004353e-05
{"n": 14, "noise": "sc", "circ": "cnx-lin-borrowed-1"}: 0.1.0 1543530238.70   6.583545197126878e-05
{"n": 14, "noise": "sc", "circ": "cnx-lin-borrowed-1"}: 0.1.0 1543530421.23   6.879717932038134e-05
{"n": 14, "noise": "sc", "circ": "cnx-lin-borrowed-1"}: 0.1.0 1543530603.95   0.13232386931764917
{"n": 14, "noise": "sc", "circ": "cnx-lin-borrowed-1"}: 0.1.0 1543530785.86   1.5666693945026362e-06
{"n": 14, "noise": "sc", "circ": "cnx-lin-borrowed-1"}: 0.1.0 1543530959.07   9.299344478268445e-08
{"n": 14, "noise": "sc", "circ": "cnx-lin-borrowed-1"}: 0.1.0 1543531152.75   0.00010246303553408645
{"n": 14, "noise": "sc", "circ": "cnx-lin-borrowed-1"}: 0.1.0 1543531329.97   9.554397583386679e-05
{"n": 14, "noise": "sc", "circ": "cnx-lin-borrowed-1"}: 0.1.0 1543531521.32   4.1318422503044215e-05
{"n": 14, "noise": "sc", "circ": "cnx-lin-borrowed-1"}: 0.1.0 1543531699.36   0.00011140338345598454
{"n": 14, "noise": "sc", "circ": "cnx-lin-borrowed-1"}: 0.1.0 1543531879.68   1.1294275548753821e-05
{"n": 14, "noise": "sc", "circ": "cnx-lin-borrowed-1"}: 0.1.0 1543532052.61   0.00011495716917289218
{"n": 14, "noise": "sc", "circ": "cnx-lin-borrowed-1"}: 0.1.0 1543532231.49   0.9850652289794866
{"n": 14, "noise": "sc", "circ": "cnx-lin-borrowed-1"}: 0.1.0 1543532428.26   2.9763960580778405e-05
{"n": 14, "noise": "sc", "circ": "cnx-lin-borrowed-1"}: 0.1.0 1543532606.50   4.76442315001403e-05
{"n": 14, "noise": "sc", "circ": "cnx-lin-borrowed-1"}: 0.1.0 1543532780.92   2.6567453353007246e-05
{"n": 14, "noise": "sc", "circ": "cnx-lin-borrowed-1"}: 0.1.0 1543532961.68   3.4732308565845623e-05
{"n": 14, "noise": "sc", "circ": "cnx-lin-borrowed-1"}: 0.1.0 1543533146.80   0.984834700791239
{"n": 14, "noise": "sc", "circ": "cnx-lin-borrowed-1"}: 0.1.0 1543533313.01   0.9850175028881484
{"n": 14, "noise": "sc", "circ": "cnx-lin-borrowed-1"}: 0.1.0 1543533491.26   0.00015150555926345905
{"n": 14, "noise": "sc", "circ": "cnx-lin-borrowed-1"}: 0.1.0 1543533672.92   1.235045427168681e-05
{"n": 14, "noise": "sc", "circ": "cnx-lin-borrowed-1"}: 0.1.0 1543533836.91   0.9849787091573772
{"n": 14, "noise": "sc", "circ": "cnx-lin-borrowed-1"}: 0.1.0 1543534009.91   0.9849775467800839
{"n": 14, "noise": "sc", "circ": "cnx-lin-borrowed-1"}: 0.1.0 1543534180.22   1.8207980911865714e-05
{"n": 14, "noise": "sc", "circ": "cnx-lin-borrowed-1"}: 0.1.0 1543534351.50   3.373902851212121e-05
{"n": 14, "noise": "sc", "circ": "cnx-lin-borrowed-1"}: 0.1.0 1543534533.84   1.2951390835357637e-05
{"n": 14, "noise": "sc", "circ": "cnx-lin-borrowed-1"}: 0.1.0 1543534707.27   0.984830190380324
{"n": 14, "noise": "sc", "circ": "cnx-lin-borrowed-1"}: 0.1.0 1543534871.38   2.4938900488388158e-05
{"n": 14, "noise": "sc", "circ": "cnx-lin-borrowed-1"}: 0.1.0 1543535052.65   9.125104967159656e-07
{"n": 14, "noise": "sc", "circ": "cnx-lin-borrowed-1"}: 0.1.0 1543535229.89   0.9849508574353992
{"n": 14, "noise": "sc", "circ": "cnx-lin-borrowed-1"}: 0.1.0 1543535405.90   2.0771519583923933e-06
{"n": 14, "noise": "sc", "circ": "cnx-lin-borrowed-1"}: 0.1.0 1543535584.13   0.9847850047073496
{"n": 14, "noise": "sc", "circ": "cnx-lin-borrowed-1"}: 0.1.0 1543535762.74   2.124740541461586e-05
{"n": 14, "noise": "sc", "circ": "cnx-lin-borrowed-1"}: 0.1.0 1543535949.36   1.141516556092852e-05
{"n": 14, "noise": "sc", "circ": "cnx-lin-borrowed-1"}: 0.1.0 1543536122.85   2.66311938538364e-05
{"n": 14, "noise": "sc", "circ": "cnx-lin-borrowed-1"}: 0.1.0 1543536298.84   0.9851818465899997
{"n": 14, "noise": "sc", "circ": "cnx-lin-borrowed-1"}: 0.1.0 1543536473.55   1.1250455038275734e-05
{"n": 14, "noise": "sc", "circ": "cnx-lin-borrowed-1"}: 0.1.0 1543536655.43   2.3895923615208195e-06
{"n": 14, "noise": "sc", "circ": "cnx-lin-borrowed-1"}: 0.1.0 1543536821.81   0.9850706343247658
{"n": 14, "noise": "sc", "circ": "cnx-lin-borrowed-1"}: 0.1.0 1543537004.64   1.5541111100521733e-05
{"n": 14, "noise": "sc", "circ": "cnx-lin-borrowed-1"}: 0.1.0 1543537193.22   1.898277416723489e-05
{"n": 14, "noise": "sc", "circ": "cnx-lin-borrowed-1"}: 0.1.0 1543537380.91   0.9848046323298213
{"n": 14, "noise": "sc", "circ": "cnx-lin-borrowed-1"}: 0.1.0 1543537555.63   0.9849064579908624
{"n": 14, "noise": "sc", "circ": "cnx-lin-borrowed-1"}: 0.1.0 1543537742.06   7.366354905516039e-06
{"n": 14, "noise": "sc", "circ": "cnx-lin-borrowed-1"}: 0.1.0 1543537928.48   1.8787546888559548e-06
{"n": 14, "noise": "sc", "circ": "cnx-lin-borrowed-1"}: 0.1.0 1543538113.31   2.399462025798394e-05
{"n": 14, "noise": "sc", "circ": "cnx-lin-borrowed-1"}: 0.1.0 1543538284.69   7.374796336073554e-05
{"n": 14, "noise": "sc", "circ": "cnx-lin-borrowed-1"}: 0.1.0 1543538462.58   0.984728080159462
{"n": 14, "noise": "sc", "circ": "cnx-lin-borrowed-1"}: 0.1.0 1543538644.07   5.172341963602911e-06
{"n": 14, "noise": "sc", "circ": "cnx-lin-borrowed-1"}: 0.1.0 1543538820.22   1.842409757649572e-05
=====
{"n": 14, "noise": "sc", "circ": "cnx-lin"}: 0.1.0 1543539767.53   6.338585342092547e-05
{"n": 14, "noise": "sc", "circ": "cnx-lin"}: 0.1.0 1543540606.54   2.0321523587017144e-05
{"n": 14, "noise": "sc", "circ": "cnx-lin"}: 0.1.0 1543541448.88   3.790567264244831e-05
{"n": 14, "noise": "sc", "circ": "cnx-lin"}: 0.1.0 1543542306.09   4.928626253802381e-05
{"n": 14, "noise": "sc", "circ": "cnx-lin"}: 0.1.0 1543543190.44   1.0520964473685211e-05
{"n": 14, "noise": "sc", "circ": "cnx-lin"}: 0.1.0 1543544041.72   1.7527004841156566e-05
{"n": 14, "noise": "sc", "circ": "cnx-lin"}: 0.1.0 1543544891.51   3.668134213213575e-05
{"n": 14, "noise": "sc", "circ": "cnx-lin"}: 0.1.0 1543545712.49   1.0373223412096786e-05
{"n": 14, "noise": "sc", "circ": "cnx-lin"}: 0.1.0 1543546610.14   5.11579514028501e-05
{"n": 14, "noise": "sc", "circ": "cnx-lin"}: 0.1.0 1543547512.10   5.433466341740611e-05
=====
{"n": 14, "noise": "sc-better-t1-and-gates", "circ": "cnx-btb"}: 0.1.0 1543548927.53   0.9999973743130963
{"n": 14, "noise": "sc-better-t1-and-gates", "circ": "cnx-btb"}: 0.1.0 1543550276.26   0.9999973466652506
{"n": 14, "noise": "sc-better-t1-and-gates", "circ": "cnx-btb"}: 0.1.0 1543551626.72   0.9999973025609304
{"n": 14, "noise": "sc-better-t1-and-gates", "circ": "cnx-btb"}: 0.1.0 1543552969.09   0.9999974975446803
{"n": 14, "noise": "sc-better-t1-and-gates", "circ": "cnx-btb"}: 0.1.0 1543554311.54   0.999997455312457
{"n": 14, "noise": "sc-better-t1-and-gates", "circ": "cnx-btb"}: 0.1.0 1543555652.93   0.9999972673436809
{"n": 14, "noise": "sc-better-t1-and-gates", "circ": "cnx-btb"}: 0.1.0 1543556995.43   0.9999971744215042
{"n": 14, "noise": "sc-better-t1-and-gates", "circ": "cnx-btb"}: 0.1.0 1543558347.32   0.9999973275266231
{"n": 14, "noise": "sc-better-t1-and-gates", "circ": "cnx-btb"}: 0.1.0 1543559691.06   0.9999973701610096
{"n": 14, "noise": "sc-better-t1-and-gates", "circ": "cnx-btb"}: 0.1.0 1543561042.74   0.9999973303316664
{"n": 14, "noise": "sc-better-t1-and-gates", "circ": "cnx-btb"}: 0.1.0 1543562384.28   0.9999973636537164
{"n": 14, "noise": "sc-better-t1-and-gates", "circ": "cnx-btb"}: 0.1.0 1543563707.49   0.9999974553964921
{"n": 14, "noise": "sc-better-t1-and-gates", "circ": "cnx-btb"}: 0.1.0 1543565050.75   0.9999974243375315
{"n": 14, "noise": "sc-better-t1-and-gates", "circ": "cnx-btb"}: 0.1.0 1543566394.93   0.9999971274582272
{"n": 14, "noise": "sc-better-t1-and-gates", "circ": "cnx-btb"}: 0.1.0 1543567734.18   0.9999972716454035
{"n": 14, "noise": "sc-better-t1-and-gates", "circ": "cnx-btb"}: 0.1.0 1543569067.39   0.999997356364205
{"n": 14, "noise": "sc-better-t1-and-gates", "circ": "cnx-btb"}: 0.1.0 1543570397.57   0.9999974530146336
{"n": 14, "noise": "sc-better-t1-and-gates", "circ": "cnx-btb"}: 0.1.0 1543571746.34   0.9999975449627612
{"n": 14, "noise": "sc-better-t1-and-gates", "circ": "cnx-btb"}: 0.1.0 1543573090.76   0.9999973567768131
{"n": 14, "noise": "sc-better-t1-and-gates", "circ": "cnx-btb"}: 0.1.0 1543574419.78   0.9999972894593474
{"n": 14, "noise": "sc-better-t1-and-gates", "circ": "cnx-btb"}: 0.1.0 1543575760.23   0.9999973752154665
{"n": 14, "noise": "sc-better-t1-and-gates", "circ": "cnx-btb"}: 0.1.0 1543577114.59   0.9999973739844681
{"n": 14, "noise": "sc-better-t1-and-gates", "circ": "cnx-btb"}: 0.1.0 1543578451.48   0.9999974131511206
{"n": 14, "noise": "sc-better-t1-and-gates", "circ": "cnx-btb"}: 0.1.0 1543579781.27   0.9999972460590303
{"n": 14, "noise": "sc-better-t1-and-gates", "circ": "cnx-btb"}: 0.1.0 1543581119.71   0.9999973165457942
{"n": 14, "noise": "sc-better-t1-and-gates", "circ": "cnx-btb"}: 0.1.0 1543582452.69   0.9999973326805117
{"n": 14, "noise": "sc-better-t1-and-gates", "circ": "cnx-btb"}: 0.1.0 1543583780.08   0.9999973953995194
{"n": 14, "noise": "sc-better-t1-and-gates", "circ": "cnx-btb"}: 0.1.0 1543585108.47   0.9999973104986004
{"n": 14, "noise": "sc-better-t1-and-gates", "circ": "cnx-btb"}: 0.1.0 1543586431.80   0.9999973704211443
{"n": 14, "noise": "sc-better-t1-and-gates", "circ": "cnx-btb"}: 0.1.0 1543587771.28   0.9999972710302623
{"n": 14, "noise": "sc-better-t1-and-gates", "circ": "cnx-btb"}: 0.1.0 1543589102.34   0.99999733815573
{"n": 14, "noise": "sc-better-t1-and-gates", "circ": "cnx-btb"}: 0.1.0 1543590428.65   0.9999974236082901
{"n": 14, "noise": "sc-better-t1-and-gates", "circ": "cnx-btb"}: 0.1.0 1543591756.85   0.9999975263716416
{"n": 14, "noise": "sc-better-t1-and-gates", "circ": "cnx-btb"}: 0.1.0 1543593086.59   0.9999973880051639
{"n": 14, "noise": "sc-better-t1-and-gates", "circ": "cnx-btb"}: 0.1.0 1543594415.37   0.9999971841027554
{"n": 14, "noise": "sc-better-t1-and-gates", "circ": "cnx-btb"}: 0.1.0 1543595743.88   0.9999972857477571
{"n": 14, "noise": "sc-better-t1-and-gates", "circ": "cnx-btb"}: 0.1.0 1543597069.02   0.9999974417303868
{"n": 14, "noise": "sc-better-t1-and-gates", "circ": "cnx-btb"}: 0.1.0 1543598391.77   0.999997197308437
{"n": 14, "noise": "sc-better-t1-and-gates", "circ": "cnx-btb"}: 0.1.0 1543599727.88   0.9999972061489485
{"n": 14, "noise": "sc-better-t1-and-gates", "circ": "cnx-btb"}: 0.1.0 1543601050.68   0.9999972226661223
{"n": 14, "noise": "sc-better-t1-and-gates", "circ": "cnx-btb"}: 0.1.0 1543602377.79   0.9999973062304952
{"n": 14, "noise": "sc-better-t1-and-gates", "circ": "cnx-btb"}: 0.1.0 1543603706.82   0.9999974143627879
{"n": 14, "noise": "sc-better-t1-and-gates", "circ": "cnx-btb"}: 0.1.0 1543605032.70   0.9999972815721796
{"n": 14, "noise": "sc-better-t1-and-gates", "circ": "cnx-btb"}: 0.1.0 1543606352.72   0.9999973854164091
{"n": 14, "noise": "sc-better-t1-and-gates", "circ": "cnx-btb"}: 0.1.0 1543607674.79   0.999997282181211
{"n": 14, "noise": "sc-better-t1-and-gates", "circ": "cnx-btb"}: 0.1.0 1543609000.02   0.999997535551044
{"n": 14, "noise": "sc-better-t1-and-gates", "circ": "cnx-btb"}: 0.1.0 1543610324.85   0.9999972086470973
{"n": 14, "noise": "sc-better-t1-and-gates", "circ": "cnx-btb"}: 0.1.0 1543611648.37   0.9999973997629054
{"n": 14, "noise": "sc-better-t1-and-gates", "circ": "cnx-btb"}: 0.1.0 1543612973.10   0.9999973556900755
{"n": 14, "noise": "sc-better-t1-and-gates", "circ": "cnx-btb"}: 0.1.0 1543614299.43   0.9999972884176148
