=====
{"n": 14, "noise": "sc-better-gates", "circ": "cnx-lin"}: 0.1.0 1543473006.66   5.9608534188997204e-05
{"n": 14, "noise": "sc-better-gates", "circ": "cnx-lin"}: 0.1.0 1543473763.23   0.00011206599500268897
{"n": 14, "noise": "sc-better-gates", "circ": "cnx-lin"}: 0.1.0 1543474493.65   5.913143756055998e-06
{"n": 14, "noise": "sc-better-gates", "circ": "cnx-lin"}: 0.1.0 1543475200.88   3.005007848628241e-05
{"n": 14, "noise": "sc-better-gates", "circ": "cnx-lin"}: 0.1.0 1543475958.66   6.842384159094704e-05
{"n": 14, "noise": "sc-better-gates", "circ": "cnx-lin"}: 0.1.0 1543476708.32   0.00014387876618797378
{"n": 14, "noise": "sc-better-gates", "circ": "cnx-lin"}: 0.1.0 1543477418.74   1.267006760373916e-05
{"n": 14, "noise": "sc-better-gates", "circ": "cnx-lin"}: 0.1.0 1543478149.24   0.000137678685046502
{"n": 14, "noise": "sc-better-gates", "circ": "cnx-lin"}: 0.1.0 1543478850.50   1.8756076206212498e-05
{"n": 14, "noise": "sc-better-gates", "circ": "cnx-lin"}: 0.1.0 1543479615.21   0.00010161560826997517
{"n": 14, "noise": "sc-better-gates", "circ": "cnx-lin"}: 0.1.0 1543480350.62   6.021575501364343e-05
{"n": 14, "noise": "sc-better-gates", "circ": "cnx-lin"}: 0.1.0 1543481058.96   1.0952062264282891e-05
{"n": 14, "noise": "sc-better-gates", "circ": "cnx-lin"}: 0.1.0 1543481728.14   5.606385799209763e-05
{"n": 14, "noise": "sc-better-gates", "circ": "cnx-lin"}: 0.1.0 1543482473.79   1.8080852552894197e-05
{"n": 14, "noise": "sc-better-gates", "circ": "cnx-lin"}: 0.1.0 1543483217.41   1.5078052526136586e-05
{"n": 14, "noise": "sc-better-gates", "circ": "cnx-lin"}: 0.1.0 1543483870.09   1.473764047687236e-05
{"n": 14, "noise": "sc-better-gates", "circ": "cnx-lin"}: 0.1.0 1543484632.12   0.00018773683672990022
{"n": 14, "noise": "sc-better-gates", "circ": "cnx-lin"}: 0.1.0 1543485355.99   7.38184005900466e-05
{"n": 14, "noise": "sc-better-gates", "circ": "cnx-lin"}: 0.1.0 1543486079.94   4.2079899414290754e-05
{"n": 14, "noise": "sc-better-gates", "circ": "cnx-lin"}: 0.1.0 1543486805.92   1.0435630769936702e-05
{"n": 14, "noise": "sc-better-gates", "circ": "cnx-lin"}: 0.1.0 1543487553.27   6.145009515990998e-05
{"n": 14, "noise": "sc-better-gates", "circ": "cnx-lin"}: 0.1.0 1543488241.84   1.5034368179134453e-05
{"n": 14, "noise": "sc-better-gates", "circ": "cnx-lin"}: 0.1.0 1543488984.77   7.260457877052104e-06
{"n": 14, "noise": "sc-better-gates", "circ": "cnx-lin"}: 0.1.0 1543489697.56   1.5547778587912345e-05
{"n": 14, "noise": "sc-better-gates", "circ": "cnx-lin"}: 0.1.0 1543490423.60   6.332872654806863e-05
{"n": 14, "noise": "sc-better-gates", "circ": "cnx-lin"}: 0.1.0 1543491144.31   1.1300102543971903e-05
{"n": 14, "noise": "sc-better-gates", "circ": "cnx-lin"}: 0.1.0 1543491883.98   4.720901669270734e-05
{"n": 14, "noise": "sc-better-gates", "circ": "cnx-lin"}: 0.1.0 1543492605.08   4.2645948745286546e-05
{"n": 14, "noise": "sc-better-gates", "circ": "cnx-lin"}: 0.1.0 1543493328.60   0.0002206726803927635
{"n": 14, "noise": "sc-better-gates", "circ": "cnx-lin"}: 0.1.0 1543494092.46   9.075507051052004e-05
{"n": 14, "noise": "sc-better-gates", "circ": "cnx-lin"}: 0.1.0 1543494846.52   6.707528727513565e-05
{"n": 14, "noise": "sc-better-gates", "circ": "cnx-lin"}: 0.1.0 1543495604.37   1.2714639355943746e-06
{"n": 14, "noise": "sc-better-gates", "circ": "cnx-lin"}: 0.1.0 1543496392.72   5.624099314786685e-05
{"n": 14, "noise": "sc-better-gates", "circ": "cnx-lin"}: 0.1.0 1543497138.37   4.504114684854015e-05
{"n": 14, "noise": "sc-better-gates", "circ": "cnx-lin"}: 0.1.0 1543497965.26   9.819056552218402e-05
{"n": 14, "noise": "sc-better-gates", "circ": "cnx-lin"}: 0.1.0 1543498768.19   3.4215186316185594e-05
{"n": 14, "noise": "sc-better-gates", "circ": "cnx-lin"}: 0.1.0 1543499557.01   8.850098604365653e-05
{"n": 14, "noise": "sc-better-gates", "circ": "cnx-lin"}: 0.1.0 1543500368.46   6.688274049646806e-05
{"n": 14, "noise": "sc-better-gates", "circ": "cnx-lin"}: 0.1.0 1543501172.44   2.087279493859501e-05
{"n": 14, "noise": "sc-better-gates", "circ": "cnx-lin"}: 0.1.0 1543501957.18   9.090688106181547e-05
{"n": 14, "noise": "sc-better-gates", "circ": "cnx-lin"}: 0.1.0 1543502747.32   4.0161715113458735e-05
{"n": 14, "noise": "sc-better-gates", "circ": "cnx-lin"}: 0.1.0 1543503517.46   0.00011538584605219481
{"n": 14, "noise": "sc-better-gates", "circ": "cnx-lin"}: 0.1.0 1543504338.75   4.513335726930288e-06
{"n": 14, "noise": "sc-better-gates", "circ": "cnx-lin"}: 0.1.0 1543505133.86   9.544667893819807e-06
{"n": 14, "noise": "sc-better-gates", "circ": "cnx-lin"}: 0.1.0 1543505931.52   9.705877796927668e-05
{"n": 14, "noise": "sc-better-gates", "circ": "cnx-lin"}: 0.1.0 1543506776.17   2.6685728674633835e-06
{"n": 14, "noise": "sc-better-gates", "circ": "cnx-lin"}: 0.1.0 1543507535.48   9.744214986261458e-06
{"n": 14, "noise": "sc-better-gates", "circ": "cnx-lin"}: 0.1.0 1543508213.28   4.770663539792529e-05
{"n": 14, "noise": "sc-better-gates", "circ": "cnx-lin"}: 0.1.0 1543508971.90   7.036037598463843e-05
{"n": 14, "noise": "sc-better-gates", "circ": "cnx-lin"}: 0.1.0 1543509783.04   2.1560277307967205e-05
{"n": 14, "noise": "sc-better-gates", "circ": "cnx-lin"}: 0.1.0 1543510539.08   4.278547649782137e-05
{"n": 14, "noise": "sc-better-gates", "circ": "cnx-lin"}: 0.1.0 1543511309.79   0.00010113992974826214
{"n": 14, "noise": "sc-better-gates", "circ": "cnx-lin"}: 0.1.0 1543512169.11   0.0011109273683868703
{"n": 14, "noise": "sc-better-gates", "circ": "cnx-lin"}: 0.1.0 1543512974.84   2.915432121227658e-05
{"n": 14, "noise": "sc-better-gates", "circ": "cnx-lin"}: 0.1.0 1543513793.58   0.0002342335302542963
{"n": 14, "noise": "sc-better-gates", "circ": "cnx-lin"}: 0.1.0 1543514599.43   3.052907412925824e-05
{"n": 14, "noise": "sc-better-gates", "circ": "cnx-lin"}: 0.1.0 1543515401.52   0.00010212797674706708
{"n": 14, "noise": "sc-better-gates", "circ": "cnx-lin"}: 0.1.0 1543516254.51   0.0005323446080943102
{"n": 14, "noise": "sc-better-gates", "circ": "cnx-lin"}: 0.1.0 1543517093.68   0.0002744787743832193
{"n": 14, "noise": "sc-better-gates", "circ": "cnx-lin"}: 0.1.0 1543517901.51   8.802577934213744e-05
{"n": 14, "noise": "sc-better-gates", "circ": "cnx-lin"}: 0.1.0 1543518685.86   0.00010052539255950452
{"n": 14, "noise": "sc-better-gates", "circ": "cnx-lin"}: 0.1.0 1543519492.01   0.00010350259406775426
{"n": 14, "noise": "sc-better-gates", "circ": "cnx-lin"}: 0.1.0 1543520312.84   9.713038111393327e-05
{"n": 14, "noise": "sc-better-gates", "circ": "cnx-lin"}: 0.1.0 1543521173.29   6.499666504041007e-05
{"n": 14, "noise": "sc-better-gates", "circ": "cnx-lin"}: 0.1.0 1543521966.54   8.291644355927253e-05
{"n": 14, "noise": "sc-better-gates", "circ": "cnx-lin"}: 0.1.0 1543522819.43   1.2773526860202812e-05
{"n": 14, "noise": "sc-better-gates", "circ": "cnx-lin"}: 0.1.0 1543523684.65   8.996371912529212e-06
=====
{"n": 14, "noise": "sc-better-gates", "circ": "cnx-lin-borrowed-1"}: 0.1.0 1543525036.08   4.990154385273064e-06
{"n": 14, "noise": "sc-better-gates", "circ": "cnx-lin-borrowed-1"}: 0.1.0 1543525218.24   6.263294873031103e-06
{"n": 14, "noise": "sc-better-gates", "circ": "cnx-lin-borrowed-1"}: 0.1.0 1543525404.57   0.9848270166450492
{"n": 14, "noise": "sc-better-gates", "circ": "cnx-lin-borrowed-1"}: 0.1.0 1543525586.85   4.704351227714294e-06
{"n": 14, "noise": "sc-better-gates", "circ": "cnx-lin-borrowed-1"}: 0.1.0 1543525745.98   4.374831832358172e-06
{"n": 14, "noise": "sc-better-gates", "circ": "cnx-lin-borrowed-1"}: 0.1.0 1543525923.24   1.9296657625066486e-05
{"n": 14, "noise": "sc-better-gates", "circ": "cnx-lin-borrowed-1"}: 0.1.0 1543526097.77   3.51807340340984e-07
{"n": 14, "noise": "sc-better-gates", "circ": "cnx-lin-borrowed-1"}: 0.1.0 1543526273.34   4.5424531555562313e-05
{"n": 14, "noise": "sc-better-gates", "circ": "cnx-lin-borrowed-1"}: 0.1.0 1543526450.85   1.2090701018495883e-05
{"n": 14, "noise": "sc-better-gates", "circ": "cnx-lin-borrowed-1"}: 0.1.0 1543526617.55   0.01892318435319537
{"n": 14, "noise": "sc-better-gates", "circ": "cnx-lin-borrowed-1"}: 0.1.0 1543526787.99   0.9848531361967138
{"n": 14, "noise": "sc-better-gates", "circ": "cnx-lin-borrowed-1"}: 0.1.0 1543526949.59   1.808563478232517e-05
{"n": 14, "noise": "sc-better-gates", "circ": "cnx-lin-borrowed-1"}: 0.1.0 1543527115.50   1.764382582734669e-05
{"n": 14, "noise": "sc-better-gates", "circ": "cnx-lin-borrowed-1"}: 0.1.0 1543527290.50   0.0001882738541554366
{"n": 14, "noise": "sc-better-gates", "circ": "cnx-lin-borrowed-1"}: 0.1.0 1543527461.48   2.3216967794133686e-06
{"n": 14, "noise": "sc-better-gates", "circ": "cnx-lin-borrowed-1"}: 0.1.0 1543527614.50   6.216056060105096e-06
{"n": 14, "noise": "sc-better-gates", "circ": "cnx-lin-borrowed-1"}: 0.1.0 1543527780.93   2.4294632583977508e-05
{"n": 14, "noise": "sc-better-gates", "circ": "cnx-lin-borrowed-1"}: 0.1.0 1543527948.77   0.0005599866767078528
{"n": 14, "noise": "sc-better-gates", "circ": "cnx-lin-borrowed-1"}: 0.1.0 1543528126.00   6.788565192655826e-05
{"n": 14, "noise": "sc-better-gates", "circ": "cnx-lin-borrowed-1"}: 0.1.0 1543528292.23   9.492049840608811e-06
{"n": 14, "noise": "sc-better-gates", "circ": "cnx-lin-borrowed-1"}: 0.1.0 1543528458.87   0.0001208279827930674
{"n": 14, "noise": "sc-better-gates", "circ": "cnx-lin-borrowed-1"}: 0.1.0 1543528622.21   0.9848870922893289
{"n": 14, "noise": "sc-better-gates", "circ": "cnx-lin-borrowed-1"}: 0.1.0 1543528787.87   9.218753199686744e-06
{"n": 14, "noise": "sc-better-gates", "circ": "cnx-lin-borrowed-1"}: 0.1.0 1543528962.51   1.645917941870635e-05
{"n": 14, "noise": "sc-better-gates", "circ": "cnx-lin-borrowed-1"}: 0.1.0 1543529126.39   0.985010863276974
{"n": 14, "noise": "sc-better-gates", "circ": "cnx-lin-borrowed-1"}: 0.1.0 1543529301.23   6.732125961311832e-07
{"n": 14, "noise": "sc-better-gates", "circ": "cnx-lin-borrowed-1"}: 0.1.0 1543529475.70   6.522711135985597e-06
{"n": 14, "noise": "sc-better-gates", "circ": "cnx-lin-borrowed-1"}: 0.1.0 1543529642.39   1.4185308172699623e-05
{"n": 14, "noise": "sc-better-gates", "circ": "cnx-lin-borrowed-1"}: 0.1.0 1543529814.70   7.766793701112256e-05
{"n": 14, "noise": "sc-better-gates", "circ": "cnx-lin-borrowed-1"}: 0.1.0 1543529988.44   0.9849060240796566
{"n": 14, "noise": "sc-better-gates", "circ": "cnx-lin-borrowed-1"}: 0.1.0 1543530171.79   0.9849760737729515
{"n": 14, "noise": "sc-better-gates", "circ": "cnx-lin-borrowed-1"}: 0.1.0 1543530351.65   0.9848929670018159
{"n": 14, "noise": "sc-better-gates", "circ": "cnx-lin-borrowed-1"}: 0.1.0 1543530515.36   0.9848682974844247
{"n": 14, "noise": "sc-better-gates", "circ": "cnx-lin-borrowed-1"}: 0.1.0 1543530697.88   1.9523102000073968e-05
{"n": 14, "noise": "sc-better-gates", "circ": "cnx-lin-borrowed-1"}: 0.1.0 1543530869.02   6.377504664670934e-05
{"n": 14, "noise": "sc-better-gates", "circ": "cnx-lin-borrowed-1"}: 0.1.0 1543531050.05   2.9974073787353328e-05
{"n": 14, "noise": "sc-better-gates", "circ": "cnx-lin-borrowed-1"}: 0.1.0 1543531229.13   0.9849377677178106
{"n": 14, "noise": "sc-better-gates", "circ": "cnx-lin-borrowed-1"}: 0.1.0 1543531405.62   2.734719493050642e-06
{"n": 14, "noise": "sc-better-gates", "circ": "cnx-lin-borrowed-1"}: 0.1.0 1543531584.68   4.218104028818129e-05
{"n": 14, "noise": "sc-better-gates", "circ": "cnx-lin-borrowed-1"}: 0.1.0 1543531764.24   3.701423262203853e-05
{"n": 14, "noise": "sc-better-gates", "circ": "cnx-lin-borrowed-1"}: 0.1.0 1543531948.25   5.740296908392547e-06
{"n": 14, "noise": "sc-better-gates", "circ": "cnx-lin-borrowed-1"}: 0.1.0 1543532133.17   4.232517539287873e-05
{"n": 14, "noise": "sc-better-gates", "circ": "cnx-lin-borrowed-1"}: 0.1.0 1543532313.85   1.3580957878277455e-05
{"n": 14, "noise": "sc-better-gates", "circ": "cnx-lin-borrowed-1"}: 0.1.0 1543532492.84   6.237826850522515e-05
{"n": 14, "noise": "sc-better-gates", "circ": "cnx-lin-borrowed-1"}: 0.1.0 1543532674.60   2.7466052207766804e-07
{"n": 14, "noise": "sc-better-gates", "circ": "cnx-lin-borrowed-1"}: 0.1.0 1543532846.17   1.0631365372447827e-06
{"n": 14, "noise": "sc-better-gates", "circ": "cnx-lin-borrowed-1"}: 0.1.0 1543533020.27   3.269165806921617e-05
{"n": 14, "noise": "sc-better-gates", "circ": "cnx-lin-borrowed-1"}: 0.1.0 1543533197.61   6.15552606321059e-06
{"n": 14, "noise": "sc-better-gates", "circ": "cnx-lin-borrowed-1"}: 0.1.0 1543533373.50   4.414910598549258e-05
{"n": 14, "noise": "sc-better-gates", "circ": "cnx-lin-borrowed-1"}: 0.1.0 1543533560.35   0.9849970975219128
{"n": 14, "noise": "sc-better-gates", "circ": "cnx-lin-borrowed-1"}: 0.1.0 1543533751.14   8.209144359771974e-05
{"n": 14, "noise": "sc-better-gates", "circ": "cnx-lin-borrowed-1"}: 0.1.0 1543533943.01   0.9849112502500792
{"n": 14, "noise": "sc-better-gates", "circ": "cnx-lin-borrowed-1"}: 0.1.0 1543534127.12   0.00013745629786653351
{"n": 14, "noise": "sc-better-gates", "circ": "cnx-lin-borrowed-1"}: 0.1.0 1543534297.00   4.778446336919374e-05
{"n": 14, "noise": "sc-better-gates", "circ": "cnx-lin-borrowed-1"}: 0.1.0 1543534466.50   1.0269760050981914e-05
{"n": 14, "noise": "sc-better-gates", "circ": "cnx-lin-borrowed-1"}: 0.1.0 1543534637.70   0.9849853307664018
{"n": 14, "noise": "sc-better-gates", "circ": "cnx-lin-borrowed-1"}: 0.1.0 1543534812.53   8.786892460985371e-05
{"n": 14, "noise": "sc-better-gates", "circ": "cnx-lin-borrowed-1"}: 0.1.0 1543534994.80   0.9849817861996607
{"n": 14, "noise": "sc-better-gates", "circ": "cnx-lin-borrowed-1"}: 0.1.0 1543535174.31   0.9850330393619875
{"n": 14, "noise": "sc-better-gates", "circ": "cnx-lin-borrowed-1"}: 0.1.0 1543535346.72   0.00011784141134321207
{"n": 14, "noise": "sc-better-gates", "circ": "cnx-lin-borrowed-1"}: 0.1.0 1543535517.13   4.039245834899605e-05
{"n": 14, "noise": "sc-better-gates", "circ": "cnx-lin-borrowed-1"}: 0.1.0 1543535693.80   1.64771369961597e-05
{"n": 14, "noise": "sc-better-gates", "circ": "cnx-lin-borrowed-1"}: 0.1.0 1543535871.86   2.453502096030878e-05
{"n": 14, "noise": "sc-better-gates", "circ": "cnx-lin-borrowed-1"}: 0.1.0 1543536043.86   7.0919060876321445e-06
{"n": 14, "noise": "sc-better-gates", "circ": "cnx-lin-borrowed-1"}: 0.1.0 1543536213.55   0.9850540717975205
{"n": 14, "noise": "sc-better-gates", "circ": "cnx-lin-borrowed-1"}: 0.1.0 1543536399.66   3.4644105166509814e-05
{"n": 14, "noise": "sc-better-gates", "circ": "cnx-lin-borrowed-1"}: 0.1.0 1543536573.61   4.649459869789743e-06
{"n": 14, "noise": "sc-better-gates", "circ": "cnx-lin-borrowed-1"}: 0.1.0 1543536748.75   4.63461246913941e-05
{"n": 14, "noise": "sc-better-gates", "circ": "cnx-lin-borrowed-1"}: 0.1.0 1543536929.99   0.9848658932277251
{"n": 14, "noise": "sc-better-gates", "circ": "cnx-lin-borrowed-1"}: 0.1.0 1543537098.86   0.9850835415968788
{"n": 14, "noise": "sc-better-gates", "circ": "cnx-lin-borrowed-1"}: 0.1.0 1543537271.15   4.037301098069893e-05
{"n": 14, "noise": "sc-better-gates", "circ": "cnx-lin-borrowed-1"}: 0.1.0 1543537451.41   1.904201461895737e-05
{"n": 14, "noise": "sc-better-gates", "circ": "cnx-lin-borrowed-1"}: 0.1.0 1543537632.72   2.7821937463313554e-05
{"n": 14, "noise": "sc-better-gates", "circ": "cnx-lin-borrowed-1"}: 0.1.0 1543537822.08   3.094014105630752e-05
{"n": 14, "noise": "sc-better-gates", "circ": "cnx-lin-borrowed-1"}: 0.1.0 1543537987.06   1.5891788521077093e-06
{"n": 14, "noise": "sc-better-gates", "circ": "cnx-lin-borrowed-1"}: 0.1.0 1543538154.93   5.161892440669749e-05
{"n": 14, "noise": "sc-better-gates", "circ": "cnx-lin-borrowed-1"}: 0.1.0 1543538340.94   0.984937527674961
{"n": 14, "noise": "sc-better-gates", "circ": "cnx-lin-borrowed-1"}: 0.1.0 1543538526.92   0.9849290577922246
{"n": 14, "noise": "sc-better-gates", "circ": "cnx-lin-borrowed-1"}: 0.1.0 1543538707.45   5.2096393757806706e-05
{"n": 14, "noise": "sc-better-gates", "circ": "cnx-lin-borrowed-1"}: 0.1.0 1543538886.16   9.686220091534377e-06
=====
{"n": 14, "noise": "sc-better-gates", "circ": "cnx-lin"}: 0.1.0 1543539784.60   2.666196454620092e-05
{"n": 14, "noise": "sc-better-gates", "circ": "cnx-lin"}: 0.1.0 1543540572.28   0.0001241177404955713
{"n": 14, "noise": "sc-better-gates", "circ": "cnx-lin"}: 0.1.0 1543541465.59   0.00017620283392987584
{"n": 14, "noise": "sc-better-gates", "circ": "cnx-lin"}: 0.1.0 1543542253.56   3.0264181596994515e-05
{"n": 14, "noise": "sc-better-gates", "circ": "cnx-lin"}: 0.1.0 1543543076.44   1.482874636595597e-05
{"n": 14, "noise": "sc-better-gates", "circ": "cnx-lin"}: 0.1.0 1543543942.76   8.96899726943171e-05
{"n": 14, "noise": "sc-better-gates", "circ": "cnx-lin"}: 0.1.0 1543544789.26   2.538731743637611e-05
{"n": 14, "noise": "sc-better-gates", "circ": "cnx-lin"}: 0.1.0 1543545665.94   1.3673039754317732e-05
{"n": 14, "noise": "sc-better-gates", "circ": "cnx-lin"}: 0.1.0 1543546471.96   5.103333814176465e-05
{"n": 14, "noise": "sc-better-gates", "circ": "cnx-lin"}: 0.1.0 1543547318.56   2.4029875701782765e-05
=====
{"n": 14, "noise": "sc", "circ": "cnx-lin"}: 0.1.0 1543548474.16   4.8290323319761975e-05
{"n": 14, "noise": "sc", "circ": "cnx-lin"}: 0.1.0 1543549316.72   1.9129084521036985e-05
{"n": 14, "noise": "sc", "circ": "cnx-lin"}: 0.1.0 1543550210.44   4.4535645827868546e-05
{"n": 14, "noise": "sc", "circ": "cnx-lin"}: 0.1.0 1543550993.89   0.00017480351577645671
{"n": 14, "noise": "sc", "circ": "cnx-lin"}: 0.1.0 1543551827.32   6.371211743251699e-05
{"n": 14, "noise": "sc", "circ": "cnx-lin"}: 0.1.0 1543552658.91   4.3456327446419424e-05
{"n": 14, "noise": "sc", "circ": "cnx-lin"}: 0.1.0 1543553529.58   1.382206223157687e-05
{"n": 14, "noise": "sc", "circ": "cnx-lin"}: 0.1.0 1543554404.73   0.00011737588576983803
{"n": 14, "noise": "sc", "circ": "cnx-lin"}: 0.1.0 1543555265.28   6.898027511762516e-07
{"n": 14, "noise": "sc", "circ": "cnx-lin"}: 0.1.0 1543556151.76   6.61399336123793e-05
{"n": 14, "noise": "sc", "circ": "cnx-lin"}: 0.1.0 1543556985.46   5.532661510085253e-05
{"n": 14, "noise": "sc", "circ": "cnx-lin"}: 0.1.0 1543557864.35   9.383308943170493e-05
{"n": 14, "noise": "sc", "circ": "cnx-lin"}: 0.1.0 1543558725.21   7.407223664298185e-05
{"n": 14, "noise": "sc", "circ": "cnx-lin"}: 0.1.0 1543559589.35   0.0001730871008895835
{"n": 14, "noise": "sc", "circ": "cnx-lin"}: 0.1.0 1543560442.50   0.00013689098724299734
{"n": 14, "noise": "sc", "circ": "cnx-lin"}: 0.1.0 1543561255.78   4.7509463855929485e-05
{"n": 14, "noise": "sc", "circ": "cnx-lin"}: 0.1.0 1543562160.87   4.186914756047546e-06
{"n": 14, "noise": "sc", "circ": "cnx-lin"}: 0.1.0 1543563078.62   5.391143351153445e-05
{"n": 14, "noise": "sc", "circ": "cnx-lin"}: 0.1.0 1543563984.44   0.0001591758330397178
{"n": 14, "noise": "sc", "circ": "cnx-lin"}: 0.1.0 1543564857.02   1.1969248234320142e-05
{"n": 14, "noise": "sc", "circ": "cnx-lin"}: 0.1.0 1543565721.00   5.835422899582217e-05
{"n": 14, "noise": "sc", "circ": "cnx-lin"}: 0.1.0 1543566542.78   3.065772759343669e-05
{"n": 14, "noise": "sc", "circ": "cnx-lin"}: 0.1.0 1543567399.50   3.1751087523224136e-05
{"n": 14, "noise": "sc", "circ": "cnx-lin"}: 0.1.0 1543568185.75   3.9829442871849586e-05
{"n": 14, "noise": "sc", "circ": "cnx-lin"}: 0.1.0 1543569039.86   2.124870674363533e-05
{"n": 14, "noise": "sc", "circ": "cnx-lin"}: 0.1.0 1543569812.03   0.00011235771541714207
{"n": 14, "noise": "sc", "circ": "cnx-lin"}: 0.1.0 1543570638.27   6.252885018396776e-05
{"n": 14, "noise": "sc", "circ": "cnx-lin"}: 0.1.0 1543571491.44   5.436898747261538e-05
{"n": 14, "noise": "sc", "circ": "cnx-lin"}: 0.1.0 1543572298.42   0.00010046314177482844
{"n": 14, "noise": "sc", "circ": "cnx-lin"}: 0.1.0 1543573119.87   5.824167152679052e-05
{"n": 14, "noise": "sc", "circ": "cnx-lin"}: 0.1.0 1543573944.67   2.374323199185724e-05
{"n": 14, "noise": "sc", "circ": "cnx-lin"}: 0.1.0 1543574781.79   0.00018000347411646295
{"n": 14, "noise": "sc", "circ": "cnx-lin"}: 0.1.0 1543575573.18   9.846987602068596e-05
{"n": 14, "noise": "sc", "circ": "cnx-lin"}: 0.1.0 1543576449.26   4.794240068536249e-06
{"n": 14, "noise": "sc", "circ": "cnx-lin"}: 0.1.0 1543577292.08   6.649441429695336e-05
{"n": 14, "noise": "sc", "circ": "cnx-lin"}: 0.1.0 1543578097.72   6.066725640237437e-06
{"n": 14, "noise": "sc", "circ": "cnx-lin"}: 0.1.0 1543578937.31   5.969967985770133e-05
{"n": 14, "noise": "sc", "circ": "cnx-lin"}: 0.1.0 1543579819.39   7.3174020437597576e-06
{"n": 14, "noise": "sc", "circ": "cnx-lin"}: 0.1.0 1543580702.54   2.2245992490640234e-06
{"n": 14, "noise": "sc", "circ": "cnx-lin"}: 0.1.0 1543581560.73   2.4913757028474514e-05
{"n": 14, "noise": "sc", "circ": "cnx-lin"}: 0.1.0 1543582364.64   0.00017245968394952993
{"n": 14, "noise": "sc", "circ": "cnx-lin"}: 0.1.0 1543583253.34   3.325266257608784e-06
{"n": 14, "noise": "sc", "circ": "cnx-lin"}: 0.1.0 1543584150.83   4.583350560346533e-05
{"n": 14, "noise": "sc", "circ": "cnx-lin"}: 0.1.0 1543585084.16   4.623119503934921e-05
{"n": 14, "noise": "sc", "circ": "cnx-lin"}: 0.1.0 1543586046.10   8.835775697304528e-05
{"n": 14, "noise": "sc", "circ": "cnx-lin"}: 0.1.0 1543586961.92   2.9309679110418156e-06
{"n": 14, "noise": "sc", "circ": "cnx-lin"}: 0.1.0 1543587926.60   4.167311431887056e-05
{"n": 14, "noise": "sc", "circ": "cnx-lin"}: 0.1.0 1543588902.71   6.106289557004486e-06
{"n": 14, "noise": "sc", "circ": "cnx-lin"}: 0.1.0 1543589809.38   0.000127296210645632
{"n": 14, "noise": "sc", "circ": "cnx-lin"}: 0.1.0 1543590804.63   5.210073782343506e-06
{"n": 14, "noise": "sc", "circ": "cnx-lin"}: 0.1.0 1543591778.67   8.633936204690239e-05
{"n": 14, "noise": "sc", "circ": "cnx-lin"}: 0.1.0 1543592776.86   1.8776148254293212e-05
{"n": 14, "noise": "sc", "circ": "cnx-lin"}: 0.1.0 1543593768.00   3.5676251241559995e-05
{"n": 14, "noise": "sc", "circ": "cnx-lin"}: 0.1.0 1543594692.90   3.3008371361692936e-05
{"n": 14, "noise": "sc", "circ": "cnx-lin"}: 0.1.0 1543595672.77   1.5300548965118097e-05
{"n": 14, "noise": "sc", "circ": "cnx-lin"}: 0.1.0 1543596674.16   4.4377034213015815e-05
{"n": 14, "noise": "sc", "circ": "cnx-lin"}: 0.1.0 1543597641.11   8.971731511422067e-05
{"n": 14, "noise": "sc", "circ": "cnx-lin"}: 0.1.0 1543598616.73   7.119799474416878e-06
{"n": 14, "noise": "sc", "circ": "cnx-lin"}: 0.1.0 1543599576.18   0.00015104592483246583
{"n": 14, "noise": "sc", "circ": "cnx-lin"}: 0.1.0 1543600566.46   2.8537566441775115e-05
{"n": 14, "noise": "sc", "circ": "cnx-lin"}: 0.1.0 1543601598.26   4.869640054685478e-05
{"n": 14, "noise": "sc", "circ": "cnx-lin"}: 0.1.0 1543602499.18   6.735009244250055e-05
{"n": 14, "noise": "sc", "circ": "cnx-lin"}: 0.1.0 1543603402.89   8.329803149836902e-05
{"n": 14, "noise": "sc", "circ": "cnx-lin"}: 0.1.0 1543604288.71   1.3366585581014516e-05
{"n": 14, "noise": "sc", "circ": "cnx-lin"}: 0.1.0 1543605166.12   7.719129066893967e-05
{"n": 14, "noise": "sc", "circ": "cnx-lin"}: 0.1.0 1543606021.51   1.8701512685625522e-07
{"n": 14, "noise": "sc", "circ": "cnx-lin"}: 0.1.0 1543606878.24   3.505425583583473e-05
{"n": 14, "noise": "sc", "circ": "cnx-lin"}: 0.1.0 1543607760.69   2.8178130717798755e-05
{"n": 14, "noise": "sc", "circ": "cnx-lin"}: 0.1.0 1543608711.28   6.117448193228562e-05
{"n": 14, "noise": "sc", "circ": "cnx-lin"}: 0.1.0 1543609614.13   3.588824959288609e-05
{"n": 14, "noise": "sc", "circ": "cnx-lin"}: 0.1.0 1543610567.90   4.610350783428737e-05
{"n": 14, "noise": "sc", "circ": "cnx-lin"}: 0.1.0 1543611479.14   4.926759788657825e-05
{"n": 14, "noise": "sc", "circ": "cnx-lin"}: 0.1.0 1543612402.07   6.718297859630688e-05
{"n": 14, "noise": "sc", "circ": "cnx-lin"}: 0.1.0 1543613313.80   9.300787337333843e-05
{"n": 14, "noise": "sc", "circ": "cnx-lin"}: 0.1.0 1543614287.71   2.7993258198322912e-05
{"n": 14, "noise": "sc", "circ": "cnx-lin"}: 0.1.0 1543615135.87   0.0001113416429400835
