=====
{"n": 14, "noise": "sc-better-gates", "circ": "cnx-lin"}: 0.1.0 1543472961.53   2.5795764515705723e-05
{"n": 14, "noise": "sc-better-gates", "circ": "cnx-lin"}: 0.1.0 1543473722.58   6.374332999359021e-06
{"n": 14, "noise": "sc-better-gates", "circ": "cnx-lin"}: 0.1.0 1543474467.50   8.467154197305113e-05
{"n": 14, "noise": "sc-better-gates", "circ": "cnx-lin"}: 0.1.0 1543475244.41   2.7344178064571688e-05
{"n": 14, "noise": "sc-better-gates", "circ": "cnx-lin"}: 0.1.0 1543475987.44   1.540589300036598e-05
{"n": 14, "noise": "sc-better-gates", "circ": "cnx-lin"}: 0.1.0 1543476678.84   0.00011841726894584348
{"n": 14, "noise": "sc-better-gates", "circ": "cnx-lin"}: 0.1.0 1543477450.44   3.055385636077652e-05
{"n": 14, "noise": "sc-better-gates", "circ": "cnx-lin"}: 0.1.0 1543478165.10   8.910038318538178e-05
{"n": 14, "noise": "sc-better-gates", "circ": "cnx-lin"}: 0.1.0 1543478897.82   8.460139337212415e-05
{"n": 14, "noise": "sc-better-gates", "circ": "cnx-lin"}: 0.1.0 1543479606.98   0.00013720056568548042
{"n": 14, "noise": "sc-better-gates", "circ": "cnx-lin"}: 0.1.0 1543480278.60   2.097677149465122e-05
{"n": 14, "noise": "sc-better-gates", "circ": "cnx-lin"}: 0.1.0 1543481045.25   4.3709952191405826e-05
{"n": 14, "noise": "sc-better-gates", "circ": "cnx-lin"}: 0.1.0 1543481772.21   2.9588688698949695e-05
{"n": 14, "noise": "sc-better-gates", "circ": "cnx-lin"}: 0.1.0 1543482495.39   3.841628386812873e-05
{"n": 14, "noise": "sc-better-gates", "circ": "cnx-lin"}: 0.1.0 1543483234.71   6.713391708477829e-06
{"n": 14, "noise": "sc-better-gates", "circ": "cnx-lin"}: 0.1.0 1543483955.98   3.0685728583545365e-05
{"n": 14, "noise": "sc-better-gates", "circ": "cnx-lin"}: 0.1.0 1543484644.07   1.5911328669764548e-05
{"n": 14, "noise": "sc-better-gates", "circ": "cnx-lin"}: 0.1.0 1543485393.14   8.135226206770421e-06
{"n": 14, "noise": "sc-better-gates", "circ": "cnx-lin"}: 0.1.0 1543486117.70   1.5351825681953757e-05
{"n": 14, "noise": "sc-better-gates", "circ": "cnx-lin"}: 0.1.0 1543486845.29   7.569584538890859e-05
{"n": 14, "noise": "sc-better-gates", "circ": "cnx-lin"}: 0.1.0 1543487580.64   4.711118049818638e-05
{"n": 14, "noise": "sc-better-gates", "circ": "cnx-lin"}: 0.1.0 1543488280.94   1.6960765509306413e-05
{"n": 14, "noise": "sc-better-gates", "circ": "cnx-lin"}: 0.1.0 1543489013.41   4.932101958755926e-06
{"n": 14, "noise": "sc-better-gates", "circ": "cnx-lin"}: 0.1.0 1543489744.47   3.8447265084444494e-05
{"n": 14, "noise": "sc-better-gates", "circ": "cnx-lin"}: 0.1.0 1543490426.55   3.9437294475278365e-05
{"n": 14, "noise": "sc-better-gates", "circ": "cnx-lin"}: 0.1.0 1543491155.52   2.2475309528992485e-05
{"n": 14, "noise": "sc-better-gates", "circ": "cnx-lin"}: 0.1.0 1543491876.62   0.00011683264268998089
{"n": 14, "noise": "sc-better-gates", "circ": "cnx-lin"}: 0.1.0 1543492563.12   0.00017062936263853115
{"n": 14, "noise": "sc-better-gates", "circ": "cnx-lin"}: 0.1.0 1543493305.46   3.6730763720391665e-05
{"n": 14, "noise": "sc-better-gates", "circ": "cnx-lin"}: 0.1.0 1543494009.56   2.428108554229656e-05
{"n": 14, "noise": "sc-better-gates", "circ": "cnx-lin"}: 0.1.0 1543494702.95   5.539597483441795e-05
{"n": 14, "noise": "sc-better-gates", "circ": "cnx-lin"}: 0.1.0 1543495440.75   1.9814569982234453e-06
{"n": 14, "noise": "sc-better-gates", "circ": "cnx-lin"}: 0.1.0 1543496202.43   8.863938939262131e-05
{"n": 14, "noise": "sc-better-gates", "circ": "cnx-lin"}: 0.1.0 1543496963.00   1.0676811544141286e-05
{"n": 14, "noise": "sc-better-gates", "circ": "cnx-lin"}: 0.1.0 1543497725.83   6.804622612225471e-06
{"n": 14, "noise": "sc-better-gates", "circ": "cnx-lin"}: 0.1.0 1543498441.00   2.8539161198678462e-05
{"n": 14, "noise": "sc-better-gates", "circ": "cnx-lin"}: 0.1.0 1543499170.86   5.486274444905215e-05
{"n": 14, "noise": "sc-better-gates", "circ": "cnx-lin"}: 0.1.0 1543499897.96   3.274601351833862e-05
{"n": 14, "noise": "sc-better-gates", "circ": "cnx-lin"}: 0.1.0 1543500579.94   5.5847213974496625e-05
{"n": 14, "noise": "sc-better-gates", "circ": "cnx-lin"}: 0.1.0 1543501347.19   5.456474132657206e-05
{"n": 14, "noise": "sc-better-gates", "circ": "cnx-lin"}: 0.1.0 1543502119.55   6.900809229504994e-05
{"n": 14, "noise": "sc-better-gates", "circ": "cnx-lin"}: 0.1.0 1543502868.85   7.69672012244522e-05
{"n": 14, "noise": "sc-better-gates", "circ": "cnx-lin"}: 0.1.0 1543503547.89   6.655981920783569e-05
{"n": 14, "noise": "sc-better-gates", "circ": "cnx-lin"}: 0.1.0 1543504255.72   0.00022615852740594906
{"n": 14, "noise": "sc-better-gates", "circ": "cnx-lin"}: 0.1.0 1543505074.56   3.543286584362096e-05
{"n": 14, "noise": "sc-better-gates", "circ": "cnx-lin"}: 0.1.0 1543505890.24   0.00011568391894299213
{"n": 14, "noise": "sc-better-gates", "circ": "cnx-lin"}: 0.1.0 1543506674.66   2.94074010334695e-06
{"n": 14, "noise": "sc-better-gates", "circ": "cnx-lin"}: 0.1.0 1543507495.77   7.557958461248482e-05
{"n": 14, "noise": "sc-better-gates", "circ": "cnx-lin"}: 0.1.0 1543508223.35   1.2039781921503177e-05
{"n": 14, "noise": "sc-better-gates", "circ": "cnx-lin"}: 0.1.0 1543509005.50   9.400504335684189e-05
{"n": 14, "noise": "sc-better-gates", "circ": "cnx-lin"}: 0.1.0 1543509811.87   9.138195775660162e-05
{"n": 14, "noise": "sc-better-gates", "circ": "cnx-lin"}: 0.1.0 1543510607.79   1.1656956599375692e-05
{"n": 14, "noise": "sc-better-gates", "circ": "cnx-lin"}: 0.1.0 1543511411.90   8.622445654556219e-07
{"n": 14, "noise": "sc-better-gates", "circ": "cnx-lin"}: 0.1.0 1543512278.51   9.807036310320102e-05
{"n": 14, "noise": "sc-better-gates", "circ": "cnx-lin"}: 0.1.0 1543513126.68   4.01710021525065e-06
{"n": 14, "noise": "sc-better-gates", "circ": "cnx-lin"}: 0.1.0 1543513950.93   4.1961358099285976e-05
{"n": 14, "noise": "sc-better-gates", "circ": "cnx-lin"}: 0.1.0 1543514803.18   2.0606728398610907e-05
{"n": 14, "noise": "sc-better-gates", "circ": "cnx-lin"}: 0.1.0 1543515649.39   0.0001624532404281424
{"n": 14, "noise": "sc-better-gates", "circ": "cnx-lin"}: 0.1.0 1543516505.64   2.915745836487926e-05
{"n": 14, "noise": "sc-better-gates", "circ": "cnx-lin"}: 0.1.0 1543517390.92   0.00015650930439041152
{"n": 14, "noise": "sc-better-gates", "circ": "cnx-lin"}: 0.1.0 1543518280.93   0.00017424929461611394
{"n": 14, "noise": "sc-better-gates", "circ": "cnx-lin"}: 0.1.0 1543519155.70   1.2008983201631978e-05
{"n": 14, "noise": "sc-better-gates", "circ": "cnx-lin"}: 0.1.0 1543520058.52   8.885419391474853e-05
{"n": 14, "noise": "sc-better-gates", "circ": "cnx-lin"}: 0.1.0 1543520865.15   6.688395916126878e-05
{"n": 14, "noise": "sc-better-gates", "circ": "cnx-lin"}: 0.1.0 1543521698.13   8.645654512987731e-05
{"n": 14, "noise": "sc-better-gates", "circ": "cnx-lin"}: 0.1.0 1543522518.17   1.7158215596175394e-05
{"n": 14, "noise": "sc-better-gates", "circ": "cnx-lin"}: 0.1.0 1543523397.02   0.00028814421308495604
=====
{"n": 14, "noise": "sc-better-gates", "circ": "cnx-lin-borrowed-1"}: 0.1.0 1543525039.38   5.1600343177410596e-05
{"n": 14, "noise": "sc-better-gates", "circ": "cnx-lin-borrowed-1"}: 0.1.0 1543525221.34   0.00010488858531479441
{"n": 14, "noise": "sc-better-gates", "circ": "cnx-lin-borrowed-1"}: 0.1.0 1543525401.08   0.9848958684856322
{"n": 14, "noise": "sc-better-gates", "circ": "cnx-lin-borrowed-1"}: 0.1.0 1543525583.70   2.391054388901055e-06
{"n": 14, "noise": "sc-better-gates", "circ": "cnx-lin-borrowed-1"}: 0.1.0 1543525743.58   7.18439188766898e-06
{"n": 14, "noise": "sc-better-gates", "circ": "cnx-lin-borrowed-1"}: 0.1.0 1543525904.18   0.0002910102116766879
{"n": 14, "noise": "sc-better-gates", "circ": "cnx-lin-borrowed-1"}: 0.1.0 1543526073.80   0.9848313606737524
{"n": 14, "noise": "sc-better-gates", "circ": "cnx-lin-borrowed-1"}: 0.1.0 1543526256.51   0.9848095871902887
{"n": 14, "noise": "sc-better-gates", "circ": "cnx-lin-borrowed-1"}: 0.1.0 1543526434.62   0.9848450489356525
{"n": 14, "noise": "sc-better-gates", "circ": "cnx-lin-borrowed-1"}: 0.1.0 1543526613.42   3.41702410460315e-06
{"n": 14, "noise": "sc-better-gates", "circ": "cnx-lin-borrowed-1"}: 0.1.0 1543526773.91   6.592162317816113e-05
{"n": 14, "noise": "sc-better-gates", "circ": "cnx-lin-borrowed-1"}: 0.1.0 1543526936.07   0.9848736063347515
{"n": 14, "noise": "sc-better-gates", "circ": "cnx-lin-borrowed-1"}: 0.1.0 1543527095.51   0.9849514751003843
{"n": 14, "noise": "sc-better-gates", "circ": "cnx-lin-borrowed-1"}: 0.1.0 1543527258.69   4.0048748184569297e-07
{"n": 14, "noise": "sc-better-gates", "circ": "cnx-lin-borrowed-1"}: 0.1.0 1543527428.23   3.26339847806495e-05
{"n": 14, "noise": "sc-better-gates", "circ": "cnx-lin-borrowed-1"}: 0.1.0 1543527587.46   3.438072095432507e-07
{"n": 14, "noise": "sc-better-gates", "circ": "cnx-lin-borrowed-1"}: 0.1.0 1543527750.64   0.985146462170905
{"n": 14, "noise": "sc-better-gates", "circ": "cnx-lin-borrowed-1"}: 0.1.0 1543527919.32   5.5928608441038685e-05
{"n": 14, "noise": "sc-better-gates", "circ": "cnx-lin-borrowed-1"}: 0.1.0 1543528096.28   0.9850828277638812
{"n": 14, "noise": "sc-better-gates", "circ": "cnx-lin-borrowed-1"}: 0.1.0 1543528270.77   5.7435341435698685e-05
{"n": 14, "noise": "sc-better-gates", "circ": "cnx-lin-borrowed-1"}: 0.1.0 1543528446.18   1.1837412312193941e-05
{"n": 14, "noise": "sc-better-gates", "circ": "cnx-lin-borrowed-1"}: 0.1.0 1543528616.72   0.9849143530486858
{"n": 14, "noise": "sc-better-gates", "circ": "cnx-lin-borrowed-1"}: 0.1.0 1543528789.16   5.3845123010100326e-05
{"n": 14, "noise": "sc-better-gates", "circ": "cnx-lin-borrowed-1"}: 0.1.0 1543528964.14   8.075026336615133e-06
{"n": 14, "noise": "sc-better-gates", "circ": "cnx-lin-borrowed-1"}: 0.1.0 1543529132.04   0.9848718416975327
{"n": 14, "noise": "sc-better-gates", "circ": "cnx-lin-borrowed-1"}: 0.1.0 1543529301.56   0.9851665527900066
{"n": 14, "noise": "sc-better-gates", "circ": "cnx-lin-borrowed-1"}: 0.1.0 1543529470.94   0.9847934828768814
{"n": 14, "noise": "sc-better-gates", "circ": "cnx-lin-borrowed-1"}: 0.1.0 1543529640.15   0.9849263551439391
{"n": 14, "noise": "sc-better-gates", "circ": "cnx-lin-borrowed-1"}: 0.1.0 1543529810.91   4.963460086794549e-05
{"n": 14, "noise": "sc-better-gates", "circ": "cnx-lin-borrowed-1"}: 0.1.0 1543529990.51   4.646277344496082e-05
{"n": 14, "noise": "sc-better-gates", "circ": "cnx-lin-borrowed-1"}: 0.1.0 1543530161.53   0.00018655026886308228
{"n": 14, "noise": "sc-better-gates", "circ": "cnx-lin-borrowed-1"}: 0.1.0 1543530323.74   2.8492945377226407e-05
{"n": 14, "noise": "sc-better-gates", "circ": "cnx-lin-borrowed-1"}: 0.1.0 1543530500.40   2.9140165172441776e-05
{"n": 14, "noise": "sc-better-gates", "circ": "cnx-lin-borrowed-1"}: 0.1.0 1543530667.90   0.9848900703204835
{"n": 14, "noise": "sc-better-gates", "circ": "cnx-lin-borrowed-1"}: 0.1.0 1543530843.10   0.9849514406214586
{"n": 14, "noise": "sc-better-gates", "circ": "cnx-lin-borrowed-1"}: 0.1.0 1543531025.55   7.183004892272028e-05
{"n": 14, "noise": "sc-better-gates", "circ": "cnx-lin-borrowed-1"}: 0.1.0 1543531203.57   4.2411627276170525e-05
{"n": 14, "noise": "sc-better-gates", "circ": "cnx-lin-borrowed-1"}: 0.1.0 1543531380.83   0.98488896052192
{"n": 14, "noise": "sc-better-gates", "circ": "cnx-lin-borrowed-1"}: 0.1.0 1543531539.82   7.473540165035997e-05
{"n": 14, "noise": "sc-better-gates", "circ": "cnx-lin-borrowed-1"}: 0.1.0 1543531717.81   0.985087855613896
{"n": 14, "noise": "sc-better-gates", "circ": "cnx-lin-borrowed-1"}: 0.1.0 1543531900.50   2.474326607040719e-06
{"n": 14, "noise": "sc-better-gates", "circ": "cnx-lin-borrowed-1"}: 0.1.0 1543532082.41   3.3593821803281276e-06
{"n": 14, "noise": "sc-better-gates", "circ": "cnx-lin-borrowed-1"}: 0.1.0 1543532261.72   6.829764489729437e-06
{"n": 14, "noise": "sc-better-gates", "circ": "cnx-lin-borrowed-1"}: 0.1.0 1543532435.71   0.9848688519836263
{"n": 14, "noise": "sc-better-gates", "circ": "cnx-lin-borrowed-1"}: 0.1.0 1543532617.57   0.9849799703920852
{"n": 14, "noise": "sc-better-gates", "circ": "cnx-lin-borrowed-1"}: 0.1.0 1543532799.50   9.591580074995828e-06
{"n": 14, "noise": "sc-better-gates", "circ": "cnx-lin-borrowed-1"}: 0.1.0 1543532984.17   1.7424620588999258e-05
{"n": 14, "noise": "sc-better-gates", "circ": "cnx-lin-borrowed-1"}: 0.1.0 1543533158.30   9.763102829307941e-05
{"n": 14, "noise": "sc-better-gates", "circ": "cnx-lin-borrowed-1"}: 0.1.0 1543533335.81   0.9847721200403501
{"n": 14, "noise": "sc-better-gates", "circ": "cnx-lin-borrowed-1"}: 0.1.0 1543533511.34   0.984921492811362
{"n": 14, "noise": "sc-better-gates", "circ": "cnx-lin-borrowed-1"}: 0.1.0 1543533687.05   3.000775895150625e-05
{"n": 14, "noise": "sc-better-gates", "circ": "cnx-lin-borrowed-1"}: 0.1.0 1543533868.62   0.9847440288367129
{"n": 14, "noise": "sc-better-gates", "circ": "cnx-lin-borrowed-1"}: 0.1.0 1543534059.42   5.053757151040566e-05
{"n": 14, "noise": "sc-better-gates", "circ": "cnx-lin-borrowed-1"}: 0.1.0 1543534231.35   3.960267191087816e-05
{"n": 14, "noise": "sc-better-gates", "circ": "cnx-lin-borrowed-1"}: 0.1.0 1543534403.26   0.9848218847859576
{"n": 14, "noise": "sc-better-gates", "circ": "cnx-lin-borrowed-1"}: 0.1.0 1543534587.34   0.9848721131153407
{"n": 14, "noise": "sc-better-gates", "circ": "cnx-lin-borrowed-1"}: 0.1.0 1543534776.47   0.9850672802768046
{"n": 14, "noise": "sc-better-gates", "circ": "cnx-lin-borrowed-1"}: 0.1.0 1543534950.97   0.017353212668860873
{"n": 14, "noise": "sc-better-gates", "circ": "cnx-lin-borrowed-1"}: 0.1.0 1543535135.71   3.873563532356323e-05
{"n": 14, "noise": "sc-better-gates", "circ": "cnx-lin-borrowed-1"}: 0.1.0 1543535315.66   7.026626651508374e-06
{"n": 14, "noise": "sc-better-gates", "circ": "cnx-lin-borrowed-1"}: 0.1.0 1543535482.26   0.98488377312372
{"n": 14, "noise": "sc-better-gates", "circ": "cnx-lin-borrowed-1"}: 0.1.0 1543535656.12   9.673062614381728e-06
{"n": 14, "noise": "sc-better-gates", "circ": "cnx-lin-borrowed-1"}: 0.1.0 1543535830.66   3.682437055563139e-05
{"n": 14, "noise": "sc-better-gates", "circ": "cnx-lin-borrowed-1"}: 0.1.0 1543536006.24   6.783024605354866e-05
{"n": 14, "noise": "sc-better-gates", "circ": "cnx-lin-borrowed-1"}: 0.1.0 1543536180.82   3.3319808443142086e-06
{"n": 14, "noise": "sc-better-gates", "circ": "cnx-lin-borrowed-1"}: 0.1.0 1543536352.24   5.703804996562242e-06
{"n": 14, "noise": "sc-better-gates", "circ": "cnx-lin-borrowed-1"}: 0.1.0 1543536523.04   0.9849032359284823
{"n": 14, "noise": "sc-better-gates", "circ": "cnx-lin-borrowed-1"}: 0.1.0 1543536703.81   6.149275662204903e-05
{"n": 14, "noise": "sc-better-gates", "circ": "cnx-lin-borrowed-1"}: 0.1.0 1543536892.19   0.9850115537796987
{"n": 14, "noise": "sc-better-gates", "circ": "cnx-lin-borrowed-1"}: 0.1.0 1543537075.59   1.0236768161134499e-05
{"n": 14, "noise": "sc-better-gates", "circ": "cnx-lin-borrowed-1"}: 0.1.0 1543537248.50   6.890930736127629e-06
{"n": 14, "noise": "sc-better-gates", "circ": "cnx-lin-borrowed-1"}: 0.1.0 1543537429.50   5.282710792896969e-05
{"n": 14, "noise": "sc-better-gates", "circ": "cnx-lin-borrowed-1"}: 0.1.0 1543537591.11   9.866930020320291e-07
{"n": 14, "noise": "sc-better-gates", "circ": "cnx-lin-borrowed-1"}: 0.1.0 1543537760.28   0.9848644095800271
{"n": 14, "noise": "sc-better-gates", "circ": "cnx-lin-borrowed-1"}: 0.1.0 1543537925.22   1.4545439121371725e-05
{"n": 14, "noise": "sc-better-gates", "circ": "cnx-lin-borrowed-1"}: 0.1.0 1543538101.02   0.9848998218313882
{"n": 14, "noise": "sc-better-gates", "circ": "cnx-lin-borrowed-1"}: 0.1.0 1543538286.90   0.984838983373195
{"n": 14, "noise": "sc-better-gates", "circ": "cnx-lin-borrowed-1"}: 0.1.0 1543538463.61   3.1759933314005e-05
{"n": 14, "noise": "sc-better-gates", "circ": "cnx-lin-borrowed-1"}: 0.1.0 1543538639.52   5.304609269424274e-07
{"n": 14, "noise": "sc-better-gates", "circ": "cnx-lin-borrowed-1"}: 0.1.0 1543538815.69   0.0001847570357812061
=====
{"n": 14, "noise": "sc-better-gates", "circ": "cnx-lin"}: 0.1.0 1543539792.93   2.356195145854925e-05
{"n": 14, "noise": "sc-better-gates", "circ": "cnx-lin"}: 0.1.0 1543540613.01   3.482187869514888e-05
{"n": 14, "noise": "sc-better-gates", "circ": "cnx-lin"}: 0.1.0 1543541461.40   3.1021865329856867e-06
{"n": 14, "noise": "sc-better-gates", "circ": "cnx-lin"}: 0.1.0 1543542236.74   0.00015507169999285178
{"n": 14, "noise": "sc-better-gates", "circ": "cnx-lin"}: 0.1.0 1543543122.60   0.00021623130188969938
{"n": 14, "noise": "sc-better-gates", "circ": "cnx-lin"}: 0.1.0 1543543901.11   0.00011065163448767629
{"n": 14, "noise": "sc-better-gates", "circ": "cnx-lin"}: 0.1.0 1543544739.60   0.00012536314110489442
{"n": 14, "noise": "sc-better-gates", "circ": "cnx-lin"}: 0.1.0 1543545621.77   4.446112206768363e-05
{"n": 14, "noise": "sc-better-gates", "circ": "cnx-lin"}: 0.1.0 1543546466.78   3.6626344078576643e-05
{"n": 14, "noise": "sc-better-gates", "circ": "cnx-lin"}: 0.1.0 1543547358.36   4.064679576523568e-05
=====
{"n": 14, "noise": "sc", "circ": "cnx-lin"}: 0.1.0 1543548458.20   1.0116729911939187e-05
{"n": 14, "noise": "sc", "circ": "cnx-lin"}: 0.1.0 1543549307.32   0.0001116391290229313
{"n": 14, "noise": "sc", "circ": "cnx-lin"}: 0.1.0 1543550197.89   3.430978053381924e-05
{"n": 14, "noise": "sc", "circ": "cnx-lin"}: 0.1.0 1543550961.61   3.390958715415318e-05
{"n": 14, "noise": "sc", "circ": "cnx-lin"}: 0.1.0 1543551821.61   5.162026479801795e-05
{"n": 14, "noise": "sc", "circ": "cnx-lin"}: 0.1.0 1543552682.99   9.406799774192473e-06
{"n": 14, "noise": "sc", "circ": "cnx-lin"}: 0.1.0 1543553469.34   1.852882316695697e-05
{"n": 14, "noise": "sc", "circ": "cnx-lin"}: 0.1.0 1543554354.82   9.226900122973701e-05
{"n": 14, "noise": "sc", "circ": "cnx-lin"}: 0.1.0 1543555278.16   2.2130677282148587e-05
{"n": 14, "noise": "sc", "circ": "cnx-lin"}: 0.1.0 1543556137.68   1.9349448173600794e-05
{"n": 14, "noise": "sc", "circ": "cnx-lin"}: 0.1.0 1543557056.68   8.201376565499134e-05
{"n": 14, "noise": "sc", "circ": "cnx-lin"}: 0.1.0 1543557878.04   3.086932604798665e-05
{"n": 14, "noise": "sc", "circ": "cnx-lin"}: 0.1.0 1543558721.31   6.703217543040293e-05
{"n": 14, "noise": "sc", "circ": "cnx-lin"}: 0.1.0 1543559596.53   0.00018106609125862893
{"n": 14, "noise": "sc", "circ": "cnx-lin"}: 0.1.0 1543560455.77   5.09977924797298e-05
{"n": 14, "noise": "sc", "circ": "cnx-lin"}: 0.1.0 1543561334.01   4.398636010995308e-06
{"n": 14, "noise": "sc", "circ": "cnx-lin"}: 0.1.0 1543562255.47   4.297594838272623e-06
{"n": 14, "noise": "sc", "circ": "cnx-lin"}: 0.1.0 1543563148.48   0.00010938280403588955
{"n": 14, "noise": "sc", "circ": "cnx-lin"}: 0.1.0 1543564017.05   8.018400298458738e-05
{"n": 14, "noise": "sc", "circ": "cnx-lin"}: 0.1.0 1543564891.94   6.390306562867813e-06
{"n": 14, "noise": "sc", "circ": "cnx-lin"}: 0.1.0 1543565786.64   0.0002751041805386544
{"n": 14, "noise": "sc", "circ": "cnx-lin"}: 0.1.0 1543566652.64   6.598129541079068e-05
{"n": 14, "noise": "sc", "circ": "cnx-lin"}: 0.1.0 1543567507.85   8.009376756391356e-05
{"n": 14, "noise": "sc", "circ": "cnx-lin"}: 0.1.0 1543568388.52   3.5214638749454586e-05
{"n": 14, "noise": "sc", "circ": "cnx-lin"}: 0.1.0 1543569254.89   9.388589139732267e-06
{"n": 14, "noise": "sc", "circ": "cnx-lin"}: 0.1.0 1543570099.85   9.319435329457234e-05
{"n": 14, "noise": "sc", "circ": "cnx-lin"}: 0.1.0 1543571003.63   3.1153415369114244e-05
{"n": 14, "noise": "sc", "circ": "cnx-lin"}: 0.1.0 1543571900.73   4.971718986919209e-05
{"n": 14, "noise": "sc", "circ": "cnx-lin"}: 0.1.0 1543572781.90   1.5296992748842456e-05
{"n": 14, "noise": "sc", "circ": "cnx-lin"}: 0.1.0 1543573658.76   7.013972382835034e-05
{"n": 14, "noise": "sc", "circ": "cnx-lin"}: 0.1.0 1543574502.74   7.921869213393918e-05
{"n": 14, "noise": "sc", "circ": "cnx-lin"}: 0.1.0 1543575389.75   3.8585982168625236e-05
{"n": 14, "noise": "sc", "circ": "cnx-lin"}: 0.1.0 1543576267.54   8.536756006933026e-06
{"n": 14, "noise": "sc", "circ": "cnx-lin"}: 0.1.0 1543577150.57   6.896129667495818e-06
{"n": 14, "noise": "sc", "circ": "cnx-lin"}: 0.1.0 1543578038.69   4.635676620921216e-05
{"n": 14, "noise": "sc", "circ": "cnx-lin"}: 0.1.0 1543578860.99   0.00023192698247806608
{"n": 14, "noise": "sc", "circ": "cnx-lin"}: 0.1.0 1543579670.29   5.558609753358301e-05
{"n": 14, "noise": "sc", "circ": "cnx-lin"}: 0.1.0 1543580482.47   1.9162853888405134e-05
{"n": 14, "noise": "sc", "circ": "cnx-lin"}: 0.1.0 1543581348.49   0.000137056366862525
{"n": 14, "noise": "sc", "circ": "cnx-lin"}: 0.1.0 1543582165.74   5.4021431736165654e-05
{"n": 14, "noise": "sc", "circ": "cnx-lin"}: 0.1.0 1543582997.55   0.00010530740062427762
{"n": 14, "noise": "sc", "circ": "cnx-lin"}: 0.1.0 1543583902.01   0.00021943231143943228
{"n": 14, "noise": "sc", "circ": "cnx-lin"}: 0.1.0 1543584806.42   2.040920524721082e-05
{"n": 14, "noise": "sc", "circ": "cnx-lin"}: 0.1.0 1543585678.96   1.2521065666672105e-05
{"n": 14, "noise": "sc", "circ": "cnx-lin"}: 0.1.0 1543586508.69   5.732870249554174e-05
{"n": 14, "noise": "sc", "circ": "cnx-lin"}: 0.1.0 1543587389.36   7.154580827500145e-06
{"n": 14, "noise": "sc", "circ": "cnx-lin"}: 0.1.0 1543588373.98   2.2120322881956576e-05
{"n": 14, "noise": "sc", "circ": "cnx-lin"}: 0.1.0 1543589319.90   0.00010218449954690233
{"n": 14, "noise": "sc", "circ": "cnx-lin"}: 0.1.0 1543590232.22   3.134490052402221e-05
{"n": 14, "noise": "sc", "circ": "cnx-lin"}: 0.1.0 1543591177.53   1.4416178389031512e-05
{"n": 14, "noise": "sc", "circ": "cnx-lin"}: 0.1.0 1543592125.78   5.346529542284096e-06
{"n": 14, "noise": "sc", "circ": "cnx-lin"}: 0.1.0 1543593055.38   1.4716171046715548e-05
{"n": 14, "noise": "sc", "circ": "cnx-lin"}: 0.1.0 1543594017.03   4.227568255415433e-05
{"n": 14, "noise": "sc", "circ": "cnx-lin"}: 0.1.0 1543594973.82   0.00010159414839892999
{"n": 14, "noise": "sc", "circ": "cnx-lin"}: 0.1.0 1543595889.45   2.1223122690890477e-05
{"n": 14, "noise": "sc", "circ": "cnx-lin"}: 0.1.0 1543596855.87   1.0241615640079206e-05
{"n": 14, "noise": "sc", "circ": "cnx-lin"}: 0.1.0 1543597827.67   4.9614806252861826e-05
{"n": 14, "noise": "sc", "circ": "cnx-lin"}: 0.1.0 1543598787.07   2.8386853482367705e-05
{"n": 14, "noise": "sc", "circ": "cnx-lin"}: 0.1.0 1543599834.25   7.382240677792397e-05
{"n": 14, "noise": "sc", "circ": "cnx-lin"}: 0.1.0 1543600832.24   0.00023793986732792741
{"n": 14, "noise": "sc", "circ": "cnx-lin"}: 0.1.0 1543601841.35   3.870738225476455e-05
{"n": 14, "noise": "sc", "circ": "cnx-lin"}: 0.1.0 1543602699.90   0.00010182963875939797
{"n": 14, "noise": "sc", "circ": "cnx-lin"}: 0.1.0 1543603577.31   5.301220363045238e-05
{"n": 14, "noise": "sc", "circ": "cnx-lin"}: 0.1.0 1543604473.24   8.786922009463418e-05
{"n": 14, "noise": "sc", "circ": "cnx-lin"}: 0.1.0 1543605383.63   7.049602660978966e-05
{"n": 14, "noise": "sc", "circ": "cnx-lin"}: 0.1.0 1543606190.20   2.4414631349378285e-05
{"n": 14, "noise": "sc", "circ": "cnx-lin"}: 0.1.0 1543607085.62   4.032962258080618e-05
{"n": 14, "noise": "sc", "circ": "cnx-lin"}: 0.1.0 1543607994.74   6.617832752589362e-05
{"n": 14, "noise": "sc", "circ": "cnx-lin"}: 0.1.0 1543608938.44   1.881285145109332e-06
{"n": 14, "noise": "sc", "circ": "cnx-lin"}: 0.1.0 1543609892.32   5.6528714909934666e-06
{"n": 14, "noise": "sc", "circ": "cnx-lin"}: 0.1.0 1543610816.27   2.7055789236816473e-05
{"n": 14, "noise": "sc", "circ": "cnx-lin"}: 0.1.0 1543611774.36   1.520339504921701e-06
{"n": 14, "noise": "sc", "circ": "cnx-lin"}: 0.1.0 1543612670.83   3.6345299048177773e-05
{"n": 14, "noise": "sc", "circ": "cnx-lin"}: 0.1.0 1543613582.00   5.118654477729588e-05
{"n": 14, "noise": "sc", "circ": "cnx-lin"}: 0.1.0 1543614553.38   4.440232815182708e-05
