=====
{"n": 14, "noise": "sc-better-t1", "circ": "cnx-btb"}: 0.1.0 1543473525.15   0.9999972941203247
{"n": 14, "noise": "sc-better-t1", "circ": "cnx-btb"}: 0.1.0 1543474821.80   3.030409175586367e-05
{"n": 14, "noise": "sc-better-t1", "circ": "cnx-btb"}: 0.1.0 1543476115.63   0.9999973983638696
{"n": 14, "noise": "sc-better-t1", "circ": "cnx-btb"}: 0.1.0 1543477406.91   8.23682666171095e-06
{"n": 14, "noise": "sc-better-t1", "circ": "cnx-btb"}: 0.1.0 1543478700.42   0.999997337652975
{"n": 14, "noise": "sc-better-t1", "circ": "cnx-btb"}: 0.1.0 1543479999.91   0.9999974649879116
{"n": 14, "noise": "sc-better-t1", "circ": "cnx-btb"}: 0.1.0 1543481290.84   0.031021061709020078
{"n": 14, "noise": "sc-better-t1", "circ": "cnx-btb"}: 0.1.0 1543482572.85   0.9999974779897368
{"n": 14, "noise": "sc-better-t1", "circ": "cnx-btb"}: 0.1.0 1543483872.58   0.009200213541148632
{"n": 14, "noise": "sc-better-t1", "circ": "cnx-btb"}: 0.1.0 1543485167.39   0.9999973032468845
{"n": 14, "noise": "sc-better-t1", "circ": "cnx-btb"}: 0.1.0 1543486462.01   0.9999972570925373
{"n": 14, "noise": "sc-better-t1", "circ": "cnx-btb"}: 0.1.0 1543487757.44   4.7579545617730805e-05
{"n": 14, "noise": "sc-better-t1", "circ": "cnx-btb"}: 0.1.0 1543489051.48   0.9999973107596801
{"n": 14, "noise": "sc-better-t1", "circ": "cnx-btb"}: 0.1.0 1543490346.15   5.2266956055750075e-05
{"n": 14, "noise": "sc-better-t1", "circ": "cnx-btb"}: 0.1.0 1543491647.10   5.754131116060714e-06
{"n": 14, "noise": "sc-better-t1", "circ": "cnx-btb"}: 0.1.0 1543492947.34   3.2343795583057366e-06
{"n": 14, "noise": "sc-better-t1", "circ": "cnx-btb"}: 0.1.0 1543494242.07   1.063905418492793e-06
{"n": 14, "noise": "sc-better-t1", "circ": "cnx-btb"}: 0.1.0 1543495534.26   0.10633500384912126
{"n": 14, "noise": "sc-better-t1", "circ": "cnx-btb"}: 0.1.0 1543496843.80   1.3329647731566306e-06
{"n": 14, "noise": "sc-better-t1", "circ": "cnx-btb"}: 0.1.0 1543498152.22   0.9999972510556039
{"n": 14, "noise": "sc-better-t1", "circ": "cnx-btb"}: 0.1.0 1543499467.07   0.999997267962748
{"n": 14, "noise": "sc-better-t1", "circ": "cnx-btb"}: 0.1.0 1543500779.98   0.9999973366100684
{"n": 14, "noise": "sc-better-t1", "circ": "cnx-btb"}: 0.1.0 1543502087.51   0.9999973376477446
{"n": 14, "noise": "sc-better-t1", "circ": "cnx-btb"}: 0.1.0 1543503384.60   0.9999974948995437
{"n": 14, "noise": "sc-better-t1", "circ": "cnx-btb"}: 0.1.0 1543504686.17   0.9999973537079166
{"n": 14, "noise": "sc-better-t1", "circ": "cnx-btb"}: 0.1.0 1543505999.89   0.9999973019387509
{"n": 14, "noise": "sc-better-t1", "circ": "cnx-btb"}: 0.1.0 1543507313.55   6.652546997182603e-05
{"n": 14, "noise": "sc-better-t1", "circ": "cnx-btb"}: 0.1.0 1543508633.69   0.999997516149251
{"n": 14, "noise": "sc-better-t1", "circ": "cnx-btb"}: 0.1.0 1543509938.50   0.999997332388471
{"n": 14, "noise": "sc-better-t1", "circ": "cnx-btb"}: 0.1.0 1543511229.37   1.869893566299751e-05
{"n": 14, "noise": "sc-better-t1", "circ": "cnx-btb"}: 0.1.0 1543512533.99   0.9999974687076549
{"n": 14, "noise": "sc-better-t1", "circ": "cnx-btb"}: 0.1.0 1543513846.43   0.20198184430951335
{"n": 14, "noise": "sc-better-t1", "circ": "cnx-btb"}: 0.1.0 1543515139.90   0.9999974366181517
{"n": 14, "noise": "sc-better-t1", "circ": "cnx-btb"}: 0.1.0 1543516451.06   0.9999974378195305
{"n": 14, "noise": "sc-better-t1", "circ": "cnx-btb"}: 0.1.0 1543517767.60   0.9999973485047163
{"n": 14, "noise": "sc-better-t1", "circ": "cnx-btb"}: 0.1.0 1543519079.13   0.9999973993694737
{"n": 14, "noise": "sc-better-t1", "circ": "cnx-btb"}: 0.1.0 1543520375.50   0.9999973370052965
{"n": 14, "noise": "sc-better-t1", "circ": "cnx-btb"}: 0.1.0 1543521682.18   0.9999973616927824
{"n": 14, "noise": "sc-better-t1", "circ": "cnx-btb"}: 0.1.0 1543522987.10   0.9999973308859644
=====
{"n": 14, "noise": "sc-better-gates", "circ": "cnx-btb"}: 0.1.0 1543526161.13   0.9997364620060797
{"n": 14, "noise": "sc-better-gates", "circ": "cnx-btb"}: 0.1.0 1543527460.41   0.9997335903549699
{"n": 14, "noise": "sc-better-gates", "circ": "cnx-btb"}: 0.1.0 1543528747.17   0.9997297295210305
{"n": 14, "noise": "sc-better-gates", "circ": "cnx-btb"}: 0.1.0 1543530038.28   0.999735871022083
{"n": 14, "noise": "sc-better-gates", "circ": "cnx-btb"}: 0.1.0 1543531340.21   6.22271151953158e-05
{"n": 14, "noise": "sc-better-gates", "circ": "cnx-btb"}: 0.1.0 1543532638.96   0.9997332166392798
{"n": 14, "noise": "sc-better-gates", "circ": "cnx-btb"}: 0.1.0 1543533936.45   0.9997332574519471
{"n": 14, "noise": "sc-better-gates", "circ": "cnx-btb"}: 0.1.0 1543535227.14   0.9997333206812046
{"n": 14, "noise": "sc-better-gates", "circ": "cnx-btb"}: 0.1.0 1543536523.96   0.9997351496744517
{"n": 14, "noise": "sc-better-gates", "circ": "cnx-btb"}: 0.1.0 1543537833.71   0.0
=====
{"n": 14, "noise": "sc-better-t1", "circ": "cnx-btb"}: 0.1.0 1543540216.34   0.9999973416713736
{"n": 14, "noise": "sc-better-t1", "circ": "cnx-btb"}: 0.1.0 1543541528.76   0.999997297845189
{"n": 14, "noise": "sc-better-t1", "circ": "cnx-btb"}: 0.1.0 1543542830.98   0.9999972510374244
{"n": 14, "noise": "sc-better-t1", "circ": "cnx-btb"}: 0.1.0 1543544124.93   0.9999973478465677
{"n": 14, "noise": "sc-better-t1", "circ": "cnx-btb"}: 0.1.0 1543545414.91   1.2716064312415055e-05
{"n": 14, "noise": "sc-better-t1", "circ": "cnx-btb"}: 0.1.0 1543546710.82   0.9999973429650196
=====
{"n": 14, "noise": "sc", "circ": "cnx-btb"}: 0.1.0 1543548883.33   0.9997332133972259
{"n": 14, "noise": "sc", "circ": "cnx-btb"}: 0.1.0 1543550188.69   0.9997399659608055
{"n": 14, "noise": "sc", "circ": "cnx-btb"}: 0.1.0 1543551486.57   0.9997351873324274
{"n": 14, "noise": "sc", "circ": "cnx-btb"}: 0.1.0 1543552790.96   8.385467947286026e-07
{"n": 14, "noise": "sc", "circ": "cnx-btb"}: 0.1.0 1543554095.67   0.9997320485878846
{"n": 14, "noise": "sc", "circ": "cnx-btb"}: 0.1.0 1543555412.18   2.024913671348662e-06
{"n": 14, "noise": "sc", "circ": "cnx-btb"}: 0.1.0 1543556738.38   1.2120073241667055e-05
{"n": 14, "noise": "sc", "circ": "cnx-btb"}: 0.1.0 1543558054.57   0.9997302357275877
{"n": 14, "noise": "sc", "circ": "cnx-btb"}: 0.1.0 1543559378.58   0.9997314350967623
{"n": 14, "noise": "sc", "circ": "cnx-btb"}: 0.1.0 1543560700.65   0.9997370599959233
{"n": 14, "noise": "sc", "circ": "cnx-btb"}: 0.1.0 1543562025.04   0.9997326000261849
{"n": 14, "noise": "sc", "circ": "cnx-btb"}: 0.1.0 1543563347.33   0.9997341146481973
{"n": 14, "noise": "sc", "circ": "cnx-btb"}: 0.1.0 1543564658.51   0.008053163392004186
{"n": 14, "noise": "sc", "circ": "cnx-btb"}: 0.1.0 1543565975.38   4.9778663802336744e-05
{"n": 14, "noise": "sc", "circ": "cnx-btb"}: 0.1.0 1543567269.85   0.9997256393338291
{"n": 14, "noise": "sc", "circ": "cnx-btb"}: 0.1.0 1543568536.53   7.417543831502166e-07
{"n": 14, "noise": "sc", "circ": "cnx-btb"}: 0.1.0 1543569797.65   1.4382558738574345e-06
{"n": 14, "noise": "sc", "circ": "cnx-btb"}: 0.1.0 1543571053.75   3.1510659670291393e-06
{"n": 14, "noise": "sc", "circ": "cnx-btb"}: 0.1.0 1543572341.41   0.9997361664628704
{"n": 14, "noise": "sc", "circ": "cnx-btb"}: 0.1.0 1543573648.97   0.9997354511679671
{"n": 14, "noise": "sc", "circ": "cnx-btb"}: 0.1.0 1543574963.54   0.9997310508853358
{"n": 14, "noise": "sc", "circ": "cnx-btb"}: 0.1.0 1543576301.08   0.0
{"n": 14, "noise": "sc", "circ": "cnx-btb"}: 0.1.0 1543577632.20   0.9997319489082137
{"n": 14, "noise": "sc", "circ": "cnx-btb"}: 0.1.0 1543579005.73   1.5385635806954445e-05
{"n": 14, "noise": "sc", "circ": "cnx-btb"}: 0.1.0 1543580377.44   0.9997335253916052
{"n": 14, "noise": "sc", "circ": "cnx-btb"}: 0.1.0 1543581742.32   8.366544569512648e-05
{"n": 14, "noise": "sc", "circ": "cnx-btb"}: 0.1.0 1543583109.24   0.9997339672331144
{"n": 14, "noise": "sc", "circ": "cnx-btb"}: 0.1.0 1543584473.44   0.9997335433466121
{"n": 14, "noise": "sc", "circ": "cnx-btb"}: 0.1.0 1543585836.41   1.499782117028677e-05
{"n": 14, "noise": "sc", "circ": "cnx-btb"}: 0.1.0 1543587194.55   0.9997396378432062
{"n": 14, "noise": "sc", "circ": "cnx-btb"}: 0.1.0 1543588545.43   1.042341778945222e-05
{"n": 14, "noise": "sc", "circ": "cnx-btb"}: 0.1.0 1543589904.04   1.7618523709530196e-05
{"n": 14, "noise": "sc", "circ": "cnx-btb"}: 0.1.0 1543591257.86   1.8414866750528565e-05
{"n": 14, "noise": "sc", "circ": "cnx-btb"}: 0.1.0 1543592610.87   0.9997307811343528
{"n": 14, "noise": "sc", "circ": "cnx-btb"}: 0.1.0 1543593968.54   0.9997325806022086
{"n": 14, "noise": "sc", "circ": "cnx-btb"}: 0.1.0 1543595323.03   7.087004042926017e-06
{"n": 14, "noise": "sc", "circ": "cnx-btb"}: 0.1.0 1543596696.89   0.0
{"n": 14, "noise": "sc", "circ": "cnx-btb"}: 0.1.0 1543598073.03   1.5238111439897053e-06
{"n": 14, "noise": "sc", "circ": "cnx-btb"}: 0.1.0 1543599455.81   1.2808084811402403e-06
{"n": 14, "noise": "sc", "circ": "cnx-btb"}: 0.1.0 1543600822.03   0.9997326765831517
{"n": 14, "noise": "sc", "circ": "cnx-btb"}: 0.1.0 1543602196.98   0.9997319043434811
{"n": 14, "noise": "sc", "circ": "cnx-btb"}: 0.1.0 1543603565.55   0.9997367130388101
{"n": 14, "noise": "sc", "circ": "cnx-btb"}: 0.1.0 1543604939.11   0.9997274790522672
{"n": 14, "noise": "sc", "circ": "cnx-btb"}: 0.1.0 1543606305.35   0.9997312538957945
{"n": 14, "noise": "sc", "circ": "cnx-btb"}: 0.1.0 1543607676.14   1.3968242637805034e-05
{"n": 14, "noise": "sc", "circ": "cnx-btb"}: 0.1.0 1543609035.64   2.540302148902752e-06
{"n": 14, "noise": "sc", "circ": "cnx-btb"}: 0.1.0 1543610396.42   0.9997323358544092
{"n": 14, "noise": "sc", "circ": "cnx-btb"}: 0.1.0 1543611745.47   3.78000199727086e-05
{"n": 14, "noise": "sc", "circ": "cnx-btb"}: 0.1.0 1543613105.41   2.9496533686386137e-05
{"n": 14, "noise": "sc", "circ": "cnx-btb"}: 0.1.0 1543614461.31   0.9997390752075721
