=====
{"n": 14, "noise": "sc-better-t1-and-gates", "circ": "cnx-btb"}: 0.1.0 1543473540.88   0.9999973125294717
{"n": 14, "noise": "sc-better-t1-and-gates", "circ": "cnx-btb"}: 0.1.0 1543474840.35   0.9999972901803466
{"n": 14, "noise": "sc-better-t1-and-gates", "circ": "cnx-btb"}: 0.1.0 1543476110.83   0.9999973392299384
{"n": 14, "noise": "sc-better-t1-and-gates", "circ": "cnx-btb"}: 0.1.0 1543477376.56   0.9999972339434505
{"n": 14, "noise": "sc-better-t1-and-gates", "circ": "cnx-btb"}: 0.1.0 1543478640.06   0.9999972391924689
{"n": 14, "noise": "sc-better-t1-and-gates", "circ": "cnx-btb"}: 0.1.0 1543479911.60   0.9999974798889749
{"n": 14, "noise": "sc-better-t1-and-gates", "circ": "cnx-btb"}: 0.1.0 1543481166.83   0.00018661778257419106
{"n": 14, "noise": "sc-better-t1-and-gates", "circ": "cnx-btb"}: 0.1.0 1543482432.90   0.9999972700593784
{"n": 14, "noise": "sc-better-t1-and-gates", "circ": "cnx-btb"}: 0.1.0 1543483705.64   0.9999972731708898
{"n": 14, "noise": "sc-better-t1-and-gates", "circ": "cnx-btb"}: 0.1.0 1543484981.48   0.9999973825878706
{"n": 14, "noise": "sc-better-t1-and-gates", "circ": "cnx-btb"}: 0.1.0 1543486268.64   0.9999972052261241
{"n": 14, "noise": "sc-better-t1-and-gates", "circ": "cnx-btb"}: 0.1.0 1543487554.18   0.9999974249907676
{"n": 14, "noise": "sc-better-t1-and-gates", "circ": "cnx-btb"}: 0.1.0 1543488841.53   0.9999973430808111
{"n": 14, "noise": "sc-better-t1-and-gates", "circ": "cnx-btb"}: 0.1.0 1543490118.23   0.9999974324551725
{"n": 14, "noise": "sc-better-t1-and-gates", "circ": "cnx-btb"}: 0.1.0 1543491391.68   0.9999973143336358
{"n": 14, "noise": "sc-better-t1-and-gates", "circ": "cnx-btb"}: 0.1.0 1543492659.95   0.9999973390226945
{"n": 14, "noise": "sc-better-t1-and-gates", "circ": "cnx-btb"}: 0.1.0 1543493932.57   0.9999973575234355
{"n": 14, "noise": "sc-better-t1-and-gates", "circ": "cnx-btb"}: 0.1.0 1543495206.77   0.9999973042267183
{"n": 14, "noise": "sc-better-t1-and-gates", "circ": "cnx-btb"}: 0.1.0 1543496478.18   0.9999972423047737
{"n": 14, "noise": "sc-better-t1-and-gates", "circ": "cnx-btb"}: 0.1.0 1543497754.38   0.999997336133731
{"n": 14, "noise": "sc-better-t1-and-gates", "circ": "cnx-btb"}: 0.1.0 1543499036.68   0.9999973851570385
{"n": 14, "noise": "sc-better-t1-and-gates", "circ": "cnx-btb"}: 0.1.0 1543500318.81   0.9999972492542828
{"n": 14, "noise": "sc-better-t1-and-gates", "circ": "cnx-btb"}: 0.1.0 1543501590.74   0.9999974658917479
{"n": 14, "noise": "sc-better-t1-and-gates", "circ": "cnx-btb"}: 0.1.0 1543502872.39   0.9999973354095055
{"n": 14, "noise": "sc-better-t1-and-gates", "circ": "cnx-btb"}: 0.1.0 1543504124.00   0.9999974150928936
{"n": 14, "noise": "sc-better-t1-and-gates", "circ": "cnx-btb"}: 0.1.0 1543505403.58   0.9999972069237454
{"n": 14, "noise": "sc-better-t1-and-gates", "circ": "cnx-btb"}: 0.1.0 1543506694.21   0.9999972587982293
{"n": 14, "noise": "sc-better-t1-and-gates", "circ": "cnx-btb"}: 0.1.0 1543507984.53   0.9999973207420818
{"n": 14, "noise": "sc-better-t1-and-gates", "circ": "cnx-btb"}: 0.1.0 1543509280.56   0.9999971554300507
{"n": 14, "noise": "sc-better-t1-and-gates", "circ": "cnx-btb"}: 0.1.0 1543510584.43   0.9999973768279292
{"n": 14, "noise": "sc-better-t1-and-gates", "circ": "cnx-btb"}: 0.1.0 1543511882.60   0.9999973770317094
{"n": 14, "noise": "sc-better-t1-and-gates", "circ": "cnx-btb"}: 0.1.0 1543513197.98   0.9999973032597831
{"n": 14, "noise": "sc-better-t1-and-gates", "circ": "cnx-btb"}: 0.1.0 1543514489.14   0.9999974240228158
{"n": 14, "noise": "sc-better-t1-and-gates", "circ": "cnx-btb"}: 0.1.0 1543515787.17   0.9999973809888569
{"n": 14, "noise": "sc-better-t1-and-gates", "circ": "cnx-btb"}: 0.1.0 1543517081.03   0.9999972746288042
{"n": 14, "noise": "sc-better-t1-and-gates", "circ": "cnx-btb"}: 0.1.0 1543518380.50   0.9999973767314705
{"n": 14, "noise": "sc-better-t1-and-gates", "circ": "cnx-btb"}: 0.1.0 1543519676.99   0.9999973453923885
{"n": 14, "noise": "sc-better-t1-and-gates", "circ": "cnx-btb"}: 0.1.0 1543520972.21   0.9999972319357469
{"n": 14, "noise": "sc-better-t1-and-gates", "circ": "cnx-btb"}: 0.1.0 1543522245.82   0.9999973712768424
{"n": 14, "noise": "sc-better-t1-and-gates", "circ": "cnx-btb"}: 0.1.0 1543523526.21   0.9999973139034667
=====
{"n": 14, "noise": "sc-better-t1-and-gates", "circ": "cnx-lin"}: 0.1.0 1543525685.96   2.0809589449165283e-05
{"n": 14, "noise": "sc-better-t1-and-gates", "circ": "cnx-lin"}: 0.1.0 1543526443.26   0.9984640949623965
{"n": 14, "noise": "sc-better-t1-and-gates", "circ": "cnx-lin"}: 0.1.0 1543527218.48   0.9984521900253874
{"n": 14, "noise": "sc-better-t1-and-gates", "circ": "cnx-lin"}: 0.1.0 1543527993.73   5.3665314414762796e-05
{"n": 14, "noise": "sc-better-t1-and-gates", "circ": "cnx-lin"}: 0.1.0 1543528727.84   3.215495848519915e-05
{"n": 14, "noise": "sc-better-t1-and-gates", "circ": "cnx-lin"}: 0.1.0 1543529525.76   0.9984375786588756
{"n": 14, "noise": "sc-better-t1-and-gates", "circ": "cnx-lin"}: 0.1.0 1543530329.42   0.9984146584588607
{"n": 14, "noise": "sc-better-t1-and-gates", "circ": "cnx-lin"}: 0.1.0 1543531117.86   0.00012166740624968962
{"n": 14, "noise": "sc-better-t1-and-gates", "circ": "cnx-lin"}: 0.1.0 1543531964.08   8.27014617864657e-06
{"n": 14, "noise": "sc-better-t1-and-gates", "circ": "cnx-lin"}: 0.1.0 1543532807.97   0.9984413120714428
{"n": 14, "noise": "sc-better-t1-and-gates", "circ": "cnx-lin"}: 0.1.0 1543533707.26   1.0606416707465471e-06
{"n": 14, "noise": "sc-better-t1-and-gates", "circ": "cnx-lin"}: 0.1.0 1543534489.63   2.852401748144936e-05
{"n": 14, "noise": "sc-better-t1-and-gates", "circ": "cnx-lin"}: 0.1.0 1543535325.83   4.5968179475532605e-06
{"n": 14, "noise": "sc-better-t1-and-gates", "circ": "cnx-lin"}: 0.1.0 1543536150.07   2.42710234240587e-05
{"n": 14, "noise": "sc-better-t1-and-gates", "circ": "cnx-lin"}: 0.1.0 1543536953.57   0.00012250101718245835
{"n": 14, "noise": "sc-better-t1-and-gates", "circ": "cnx-lin"}: 0.1.0 1543537846.11   1.353370604619878e-05
{"n": 14, "noise": "sc-better-t1-and-gates", "circ": "cnx-lin"}: 0.1.0 1543538654.30   0.00013655933489932013
=====
{"n": 14, "noise": "sc-better-t1-and-gates", "circ": "cnx-btb"}: 0.1.0 1543540212.08   0.9999972661215104
{"n": 14, "noise": "sc-better-t1-and-gates", "circ": "cnx-btb"}: 0.1.0 1543541515.42   0.9999973872908686
{"n": 14, "noise": "sc-better-t1-and-gates", "circ": "cnx-btb"}: 0.1.0 1543542820.41   0.9999972796068325
{"n": 14, "noise": "sc-better-t1-and-gates", "circ": "cnx-btb"}: 0.1.0 1543544115.32   0.9999973412047412
{"n": 14, "noise": "sc-better-t1-and-gates", "circ": "cnx-btb"}: 0.1.0 1543545410.84   0.9999972827729577
{"n": 14, "noise": "sc-better-t1-and-gates", "circ": "cnx-btb"}: 0.1.0 1543546697.61   0.999997276014328
=====
{"n": 14, "noise": "sc-better-gates", "circ": "cnx-btb"}: 0.1.0 1543548877.95   0.9997352854556685
{"n": 14, "noise": "sc-better-gates", "circ": "cnx-btb"}: 0.1.0 1543550188.56   0.00022006862218404088
{"n": 14, "noise": "sc-better-gates", "circ": "cnx-btb"}: 0.1.0 1543551501.94   0.9997338072714557
{"n": 14, "noise": "sc-better-gates", "circ": "cnx-btb"}: 0.1.0 1543552812.07   6.644575626240034e-13
{"n": 14, "noise": "sc-better-gates", "circ": "cnx-btb"}: 0.1.0 1543554120.76   0.9997339037023363
{"n": 14, "noise": "sc-better-gates", "circ": "cnx-btb"}: 0.1.0 1543555428.93   0.9997366817828848
{"n": 14, "noise": "sc-better-gates", "circ": "cnx-btb"}: 0.1.0 1543556734.08   0.00012986168770027918
{"n": 14, "noise": "sc-better-gates", "circ": "cnx-btb"}: 0.1.0 1543558032.77   0.9997356303392889
{"n": 14, "noise": "sc-better-gates", "circ": "cnx-btb"}: 0.1.0 1543559318.58   0.9997330784880111
{"n": 14, "noise": "sc-better-gates", "circ": "cnx-btb"}: 0.1.0 1543560612.31   0.9997381855468258
{"n": 14, "noise": "sc-better-gates", "circ": "cnx-btb"}: 0.1.0 1543561901.62   0.9997331353895932
{"n": 14, "noise": "sc-better-gates", "circ": "cnx-btb"}: 0.1.0 1543563172.58   0.9997322098038475
{"n": 14, "noise": "sc-better-gates", "circ": "cnx-btb"}: 0.1.0 1543564430.46   0.9997359384284374
{"n": 14, "noise": "sc-better-gates", "circ": "cnx-btb"}: 0.1.0 1543565692.78   0.9997337774330959
{"n": 14, "noise": "sc-better-gates", "circ": "cnx-btb"}: 0.1.0 1543566960.98   0.9997349200837544
{"n": 14, "noise": "sc-better-gates", "circ": "cnx-btb"}: 0.1.0 1543568223.77   0.9997336044331543
{"n": 14, "noise": "sc-better-gates", "circ": "cnx-btb"}: 0.1.0 1543569501.10   0.9997362425818684
{"n": 14, "noise": "sc-better-gates", "circ": "cnx-btb"}: 0.1.0 1543570778.01   0.9997356245441051
{"n": 14, "noise": "sc-better-gates", "circ": "cnx-btb"}: 0.1.0 1543572061.14   0.9997334682105893
{"n": 14, "noise": "sc-better-gates", "circ": "cnx-btb"}: 0.1.0 1543573354.94   0.9997409522855528
{"n": 14, "noise": "sc-better-gates", "circ": "cnx-btb"}: 0.1.0 1543574652.04   0.9997307799019021
{"n": 14, "noise": "sc-better-gates", "circ": "cnx-btb"}: 0.1.0 1543575928.59   0.9997361752163891
{"n": 14, "noise": "sc-better-gates", "circ": "cnx-btb"}: 0.1.0 1543577210.37   0.9997328348656922
{"n": 14, "noise": "sc-better-gates", "circ": "cnx-btb"}: 0.1.0 1543578492.29   0.9997322219082204
{"n": 14, "noise": "sc-better-gates", "circ": "cnx-btb"}: 0.1.0 1543579766.89   0.9997305816458847
{"n": 14, "noise": "sc-better-gates", "circ": "cnx-btb"}: 0.1.0 1543581056.57   0.999733603792878
{"n": 14, "noise": "sc-better-gates", "circ": "cnx-btb"}: 0.1.0 1543582354.28   0.9997310019156734
{"n": 14, "noise": "sc-better-gates", "circ": "cnx-btb"}: 0.1.0 1543583658.45   0.999735662137768
{"n": 14, "noise": "sc-better-gates", "circ": "cnx-btb"}: 0.1.0 1543584954.36   0.9997323804281741
{"n": 14, "noise": "sc-better-gates", "circ": "cnx-btb"}: 0.1.0 1543586250.65   0.9997384975117346
{"n": 14, "noise": "sc-better-gates", "circ": "cnx-btb"}: 0.1.0 1543587547.51   0.9997352613239947
{"n": 14, "noise": "sc-better-gates", "circ": "cnx-btb"}: 0.1.0 1543588843.00   0.9997334731086326
{"n": 14, "noise": "sc-better-gates", "circ": "cnx-btb"}: 0.1.0 1543590138.71   0.0
{"n": 14, "noise": "sc-better-gates", "circ": "cnx-btb"}: 0.1.0 1543591431.52   0.9997323944620992
{"n": 14, "noise": "sc-better-gates", "circ": "cnx-btb"}: 0.1.0 1543592731.69   0.9997318706899091
{"n": 14, "noise": "sc-better-gates", "circ": "cnx-btb"}: 0.1.0 1543594028.05   0.9997310560635218
{"n": 14, "noise": "sc-better-gates", "circ": "cnx-btb"}: 0.1.0 1543595289.48   0.9997361049569636
{"n": 14, "noise": "sc-better-gates", "circ": "cnx-btb"}: 0.1.0 1543596541.02   0.9997328538548951
{"n": 14, "noise": "sc-better-gates", "circ": "cnx-btb"}: 0.1.0 1543597843.42   0.9997355185803064
{"n": 14, "noise": "sc-better-gates", "circ": "cnx-btb"}: 0.1.0 1543599130.55   0.9997334464605215
{"n": 14, "noise": "sc-better-gates", "circ": "cnx-btb"}: 0.1.0 1543600414.94   3.857602273631442e-08
{"n": 14, "noise": "sc-better-gates", "circ": "cnx-btb"}: 0.1.0 1543601697.47   0.999732114210535
{"n": 14, "noise": "sc-better-gates", "circ": "cnx-btb"}: 0.1.0 1543602994.68   0.999730398471438
{"n": 14, "noise": "sc-better-gates", "circ": "cnx-btb"}: 0.1.0 1543604298.76   0.9997381599906953
{"n": 14, "noise": "sc-better-gates", "circ": "cnx-btb"}: 0.1.0 1543605589.08   0.9997322063191372
{"n": 14, "noise": "sc-better-gates", "circ": "cnx-btb"}: 0.1.0 1543606884.41   0.9997322256869686
{"n": 14, "noise": "sc-better-gates", "circ": "cnx-btb"}: 0.1.0 1543608184.43   0.9997315718681185
{"n": 14, "noise": "sc-better-gates", "circ": "cnx-btb"}: 0.1.0 1543609480.41   1.7069384626456182e-05
{"n": 14, "noise": "sc-better-gates", "circ": "cnx-btb"}: 0.1.0 1543610772.10   0.9997311857822265
{"n": 14, "noise": "sc-better-gates", "circ": "cnx-btb"}: 0.1.0 1543612078.00   0.9997327486193085
{"n": 14, "noise": "sc-better-gates", "circ": "cnx-btb"}: 0.1.0 1543613371.92   0.9997396964256455
{"n": 14, "noise": "sc-better-gates", "circ": "cnx-btb"}: 0.1.0 1543614672.61   0.9997351670031153
