=====
{"n": 14, "noise": "sc-better-t1", "circ": "cnx-lin"}: 0.1.0 1543473047.60   1.7672095098835544e-05
{"n": 14, "noise": "sc-better-t1", "circ": "cnx-lin"}: 0.1.0 1543473870.54   5.3478221537972685e-05
{"n": 14, "noise": "sc-better-t1", "circ": "cnx-lin"}: 0.1.0 1543474775.31   4.489920099338502e-06
{"n": 14, "noise": "sc-better-t1", "circ": "cnx-lin"}: 0.1.0 1543475595.39   0.00011627354628645569
{"n": 14, "noise": "sc-better-t1", "circ": "cnx-lin"}: 0.1.0 1543476426.23   4.365874136900188e-06
{"n": 14, "noise": "sc-better-t1", "circ": "cnx-lin"}: 0.1.0 1543477291.18   0.00011789601838777605
{"n": 14, "noise": "sc-better-t1", "circ": "cnx-lin"}: 0.1.0 1543478110.66   9.939056479517105e-05
{"n": 14, "noise": "sc-better-t1", "circ": "cnx-lin"}: 0.1.0 1543478889.95   8.887816834954986e-05
{"n": 14, "noise": "sc-better-t1", "circ": "cnx-lin"}: 0.1.0 1543479761.37   1.5637063125472785e-05
{"n": 14, "noise": "sc-better-t1", "circ": "cnx-lin"}: 0.1.0 1543480655.04   0.00011712261683710671
{"n": 14, "noise": "sc-better-t1", "circ": "cnx-lin"}: 0.1.0 1543481517.96   5.7428157139816465e-05
{"n": 14, "noise": "sc-better-t1", "circ": "cnx-lin"}: 0.1.0 1543482355.77   2.3125460973836078e-05
{"n": 14, "noise": "sc-better-t1", "circ": "cnx-lin"}: 0.1.0 1543483165.08   6.19166115572121e-05
{"n": 14, "noise": "sc-better-t1", "circ": "cnx-lin"}: 0.1.0 1543484073.79   2.240944401991718e-05
{"n": 14, "noise": "sc-better-t1", "circ": "cnx-lin"}: 0.1.0 1543484870.57   4.1722089305254765e-05
{"n": 14, "noise": "sc-better-t1", "circ": "cnx-lin"}: 0.1.0 1543485779.21   0.00011237488173958212
{"n": 14, "noise": "sc-better-t1", "circ": "cnx-lin"}: 0.1.0 1543486561.57   1.4361634018827807e-06
{"n": 14, "noise": "sc-better-t1", "circ": "cnx-lin"}: 0.1.0 1543487385.90   6.96254918393687e-07
{"n": 14, "noise": "sc-better-t1", "circ": "cnx-lin"}: 0.1.0 1543488276.22   0.0001812502739613866
{"n": 14, "noise": "sc-better-t1", "circ": "cnx-lin"}: 0.1.0 1543489159.26   4.985199707179771e-05
{"n": 14, "noise": "sc-better-t1", "circ": "cnx-lin"}: 0.1.0 1543489903.22   0.0003496913636047005
{"n": 14, "noise": "sc-better-t1", "circ": "cnx-lin"}: 0.1.0 1543490810.81   4.061430332528135e-06
{"n": 14, "noise": "sc-better-t1", "circ": "cnx-lin"}: 0.1.0 1543491684.76   3.3027176792660515e-05
{"n": 14, "noise": "sc-better-t1", "circ": "cnx-lin"}: 0.1.0 1543492470.04   2.6875661316732725e-05
{"n": 14, "noise": "sc-better-t1", "circ": "cnx-lin"}: 0.1.0 1543493338.85   2.5083222327434827e-06
{"n": 14, "noise": "sc-better-t1", "circ": "cnx-lin"}: 0.1.0 1543494236.10   1.550532972432063e-05
{"n": 14, "noise": "sc-better-t1", "circ": "cnx-lin"}: 0.1.0 1543495104.42   1.9386884658012092e-05
{"n": 14, "noise": "sc-better-t1", "circ": "cnx-lin"}: 0.1.0 1543495956.82   8.112940116016099e-05
{"n": 14, "noise": "sc-better-t1", "circ": "cnx-lin"}: 0.1.0 1543496833.24   0.00010642460349565553
{"n": 14, "noise": "sc-better-t1", "circ": "cnx-lin"}: 0.1.0 1543497626.72   4.658960704353908e-06
{"n": 14, "noise": "sc-better-t1", "circ": "cnx-lin"}: 0.1.0 1543498447.14   4.6009485766872346e-06
{"n": 14, "noise": "sc-better-t1", "circ": "cnx-lin"}: 0.1.0 1543499328.83   6.493920339941677e-05
{"n": 14, "noise": "sc-better-t1", "circ": "cnx-lin"}: 0.1.0 1543500189.01   1.0318346820661127e-06
{"n": 14, "noise": "sc-better-t1", "circ": "cnx-lin"}: 0.1.0 1543501107.64   3.6075914013885e-05
{"n": 14, "noise": "sc-better-t1", "circ": "cnx-lin"}: 0.1.0 1543501915.19   4.026001823913618e-05
{"n": 14, "noise": "sc-better-t1", "circ": "cnx-lin"}: 0.1.0 1543502771.16   1.6441585618709288e-06
{"n": 14, "noise": "sc-better-t1", "circ": "cnx-lin"}: 0.1.0 1543503564.00   5.073525759258119e-05
{"n": 14, "noise": "sc-better-t1", "circ": "cnx-lin"}: 0.1.0 1543504445.55   5.3773082452365575e-05
{"n": 14, "noise": "sc-better-t1", "circ": "cnx-lin"}: 0.1.0 1543505324.89   1.954419141049948e-05
{"n": 14, "noise": "sc-better-t1", "circ": "cnx-lin"}: 0.1.0 1543506182.24   4.281899008771612e-05
{"n": 14, "noise": "sc-better-t1", "circ": "cnx-lin"}: 0.1.0 1543507026.21   0.0001434533033506332
{"n": 14, "noise": "sc-better-t1", "circ": "cnx-lin"}: 0.1.0 1543507803.40   4.406344959872965e-05
{"n": 14, "noise": "sc-better-t1", "circ": "cnx-lin"}: 0.1.0 1543508748.74   3.069456455581007e-05
{"n": 14, "noise": "sc-better-t1", "circ": "cnx-lin"}: 0.1.0 1543509638.77   0.00022441257291796118
{"n": 14, "noise": "sc-better-t1", "circ": "cnx-lin"}: 0.1.0 1543510579.57   3.511996933306438e-05
{"n": 14, "noise": "sc-better-t1", "circ": "cnx-lin"}: 0.1.0 1543511464.01   3.5790046694741837e-06
{"n": 14, "noise": "sc-better-t1", "circ": "cnx-lin"}: 0.1.0 1543512354.58   6.895432095207572e-06
{"n": 14, "noise": "sc-better-t1", "circ": "cnx-lin"}: 0.1.0 1543513213.10   4.8410964941907044e-05
{"n": 14, "noise": "sc-better-t1", "circ": "cnx-lin"}: 0.1.0 1543514107.28   0.00013141538329560632
{"n": 14, "noise": "sc-better-t1", "circ": "cnx-lin"}: 0.1.0 1543514945.29   2.807086593001201e-05
{"n": 14, "noise": "sc-better-t1", "circ": "cnx-lin"}: 0.1.0 1543515719.92   8.423952329081799e-05
{"n": 14, "noise": "sc-better-t1", "circ": "cnx-lin"}: 0.1.0 1543516552.02   1.4090863082637745e-05
{"n": 14, "noise": "sc-better-t1", "circ": "cnx-lin"}: 0.1.0 1543517455.68   5.382054892505357e-05
{"n": 14, "noise": "sc-better-t1", "circ": "cnx-lin"}: 0.1.0 1543518373.48   0.00018747123796522755
{"n": 14, "noise": "sc-better-t1", "circ": "cnx-lin"}: 0.1.0 1543519245.02   3.909233042897558e-05
{"n": 14, "noise": "sc-better-t1", "circ": "cnx-lin"}: 0.1.0 1543520143.04   9.091718022681603e-05
{"n": 14, "noise": "sc-better-t1", "circ": "cnx-lin"}: 0.1.0 1543521032.66   2.8685934563803245e-05
{"n": 14, "noise": "sc-better-t1", "circ": "cnx-lin"}: 0.1.0 1543521940.67   2.8943719030349893e-05
{"n": 14, "noise": "sc-better-t1", "circ": "cnx-lin"}: 0.1.0 1543522751.97   0.00036163978174588127
{"n": 14, "noise": "sc-better-t1", "circ": "cnx-lin"}: 0.1.0 1543523601.81   2.7826122131825528e-05
=====
{"n": 14, "noise": "sc-better-t1", "circ": "cnx-lin-borrowed-1"}: 0.1.0 1543525041.71   1.3739832234596828e-06
{"n": 14, "noise": "sc-better-t1", "circ": "cnx-lin-borrowed-1"}: 0.1.0 1543525220.92   5.070338271608536e-07
{"n": 14, "noise": "sc-better-t1", "circ": "cnx-lin-borrowed-1"}: 0.1.0 1543525401.52   0.999849766131848
{"n": 14, "noise": "sc-better-t1", "circ": "cnx-lin-borrowed-1"}: 0.1.0 1543525578.77   0.9998523097085499
{"n": 14, "noise": "sc-better-t1", "circ": "cnx-lin-borrowed-1"}: 0.1.0 1543525743.06   0.9998480684915231
{"n": 14, "noise": "sc-better-t1", "circ": "cnx-lin-borrowed-1"}: 0.1.0 1543525912.11   0.9998521409803471
{"n": 14, "noise": "sc-better-t1", "circ": "cnx-lin-borrowed-1"}: 0.1.0 1543526080.20   0.999849451705867
{"n": 14, "noise": "sc-better-t1", "circ": "cnx-lin-borrowed-1"}: 0.1.0 1543526260.79   0.9998502950702255
{"n": 14, "noise": "sc-better-t1", "circ": "cnx-lin-borrowed-1"}: 0.1.0 1543526451.70   1.3317235345872291e-05
{"n": 14, "noise": "sc-better-t1", "circ": "cnx-lin-borrowed-1"}: 0.1.0 1543526641.98   0.9998522493877391
{"n": 14, "noise": "sc-better-t1", "circ": "cnx-lin-borrowed-1"}: 0.1.0 1543526834.73   1.4539513448740813e-06
{"n": 14, "noise": "sc-better-t1", "circ": "cnx-lin-borrowed-1"}: 0.1.0 1543527017.24   3.8979587155050404e-05
{"n": 14, "noise": "sc-better-t1", "circ": "cnx-lin-borrowed-1"}: 0.1.0 1543527185.33   0.9998505418499332
{"n": 14, "noise": "sc-better-t1", "circ": "cnx-lin-borrowed-1"}: 0.1.0 1543527370.94   1.929541257441531e-05
{"n": 14, "noise": "sc-better-t1", "circ": "cnx-lin-borrowed-1"}: 0.1.0 1543527537.91   0.9998499280677837
{"n": 14, "noise": "sc-better-t1", "circ": "cnx-lin-borrowed-1"}: 0.1.0 1543527722.75   0.9998501866281189
{"n": 14, "noise": "sc-better-t1", "circ": "cnx-lin-borrowed-1"}: 0.1.0 1543527912.09   5.787016074761152e-05
{"n": 14, "noise": "sc-better-t1", "circ": "cnx-lin-borrowed-1"}: 0.1.0 1543528080.43   0.9998514961535933
{"n": 14, "noise": "sc-better-t1", "circ": "cnx-lin-borrowed-1"}: 0.1.0 1543528262.64   0.00019005263362225359
{"n": 14, "noise": "sc-better-t1", "circ": "cnx-lin-borrowed-1"}: 0.1.0 1543528434.11   0.9998485001667596
{"n": 14, "noise": "sc-better-t1", "circ": "cnx-lin-borrowed-1"}: 0.1.0 1543528598.09   3.336573788392696e-05
{"n": 14, "noise": "sc-better-t1", "circ": "cnx-lin-borrowed-1"}: 0.1.0 1543528779.39   2.8812476624729716e-08
{"n": 14, "noise": "sc-better-t1", "circ": "cnx-lin-borrowed-1"}: 0.1.0 1543528961.90   0.9998508195778598
{"n": 14, "noise": "sc-better-t1", "circ": "cnx-lin-borrowed-1"}: 0.1.0 1543529150.25   0.9998524003769182
{"n": 14, "noise": "sc-better-t1", "circ": "cnx-lin-borrowed-1"}: 0.1.0 1543529344.16   7.879000021907068e-06
{"n": 14, "noise": "sc-better-t1", "circ": "cnx-lin-borrowed-1"}: 0.1.0 1543529519.20   1.4684436546743767e-05
{"n": 14, "noise": "sc-better-t1", "circ": "cnx-lin-borrowed-1"}: 0.1.0 1543529704.24   0.9998499333507674
{"n": 14, "noise": "sc-better-t1", "circ": "cnx-lin-borrowed-1"}: 0.1.0 1543529882.98   2.6477941878832246e-06
{"n": 14, "noise": "sc-better-t1", "circ": "cnx-lin-borrowed-1"}: 0.1.0 1543530052.48   3.418297356308057e-06
{"n": 14, "noise": "sc-better-t1", "circ": "cnx-lin-borrowed-1"}: 0.1.0 1543530218.73   8.470636872662192e-05
{"n": 14, "noise": "sc-better-t1", "circ": "cnx-lin-borrowed-1"}: 0.1.0 1543530396.21   1.8047480293245075e-05
{"n": 14, "noise": "sc-better-t1", "circ": "cnx-lin-borrowed-1"}: 0.1.0 1543530558.31   0.9998527655533089
{"n": 14, "noise": "sc-better-t1", "circ": "cnx-lin-borrowed-1"}: 0.1.0 1543530729.70   0.9998516114394372
{"n": 14, "noise": "sc-better-t1", "circ": "cnx-lin-borrowed-1"}: 0.1.0 1543530911.02   0.9998509293706235
{"n": 14, "noise": "sc-better-t1", "circ": "cnx-lin-borrowed-1"}: 0.1.0 1543531084.99   0.9998502336984646
{"n": 14, "noise": "sc-better-t1", "circ": "cnx-lin-borrowed-1"}: 0.1.0 1543531267.70   4.8968898484761834e-05
{"n": 14, "noise": "sc-better-t1", "circ": "cnx-lin-borrowed-1"}: 0.1.0 1543531438.29   1.0372896256920335e-05
{"n": 14, "noise": "sc-better-t1", "circ": "cnx-lin-borrowed-1"}: 0.1.0 1543531611.22   0.062188427531995064
{"n": 14, "noise": "sc-better-t1", "circ": "cnx-lin-borrowed-1"}: 0.1.0 1543531795.41   1.6988030395440638e-05
{"n": 14, "noise": "sc-better-t1", "circ": "cnx-lin-borrowed-1"}: 0.1.0 1543531975.53   1.1240401429431977e-05
{"n": 14, "noise": "sc-better-t1", "circ": "cnx-lin-borrowed-1"}: 0.1.0 1543532165.91   0.9998502122611773
{"n": 14, "noise": "sc-better-t1", "circ": "cnx-lin-borrowed-1"}: 0.1.0 1543532340.27   0.9998495800945848
{"n": 14, "noise": "sc-better-t1", "circ": "cnx-lin-borrowed-1"}: 0.1.0 1543532526.13   0.9998509430407196
{"n": 14, "noise": "sc-better-t1", "circ": "cnx-lin-borrowed-1"}: 0.1.0 1543532709.33   3.165595548445757e-05
{"n": 14, "noise": "sc-better-t1", "circ": "cnx-lin-borrowed-1"}: 0.1.0 1543532877.08   3.359843073486066e-05
{"n": 14, "noise": "sc-better-t1", "circ": "cnx-lin-borrowed-1"}: 0.1.0 1543533057.38   0.9998498436548098
{"n": 14, "noise": "sc-better-t1", "circ": "cnx-lin-borrowed-1"}: 0.1.0 1543533231.53   1.189431955334566e-05
{"n": 14, "noise": "sc-better-t1", "circ": "cnx-lin-borrowed-1"}: 0.1.0 1543533413.41   0.9998521116382791
{"n": 14, "noise": "sc-better-t1", "circ": "cnx-lin-borrowed-1"}: 0.1.0 1543533586.83   0.9998493661700886
{"n": 14, "noise": "sc-better-t1", "circ": "cnx-lin-borrowed-1"}: 0.1.0 1543533757.59   1.1032532593728858e-05
{"n": 14, "noise": "sc-better-t1", "circ": "cnx-lin-borrowed-1"}: 0.1.0 1543533930.20   0.9998511582633228
{"n": 14, "noise": "sc-better-t1", "circ": "cnx-lin-borrowed-1"}: 0.1.0 1543534112.05   2.2117844693759048e-06
{"n": 14, "noise": "sc-better-t1", "circ": "cnx-lin-borrowed-1"}: 0.1.0 1543534292.39   0.9998507367007679
{"n": 14, "noise": "sc-better-t1", "circ": "cnx-lin-borrowed-1"}: 0.1.0 1543534473.84   4.882911889388967e-05
{"n": 14, "noise": "sc-better-t1", "circ": "cnx-lin-borrowed-1"}: 0.1.0 1543534662.98   0.9998523472368445
{"n": 14, "noise": "sc-better-t1", "circ": "cnx-lin-borrowed-1"}: 0.1.0 1543534828.17   2.6519467723293142e-05
{"n": 14, "noise": "sc-better-t1", "circ": "cnx-lin-borrowed-1"}: 0.1.0 1543535006.78   0.9998532741749697
{"n": 14, "noise": "sc-better-t1", "circ": "cnx-lin-borrowed-1"}: 0.1.0 1543535175.76   8.629880200116057e-06
{"n": 14, "noise": "sc-better-t1", "circ": "cnx-lin-borrowed-1"}: 0.1.0 1543535349.98   1.5105165358426242e-05
{"n": 14, "noise": "sc-better-t1", "circ": "cnx-lin-borrowed-1"}: 0.1.0 1543535523.89   0.00017289868805802041
{"n": 14, "noise": "sc-better-t1", "circ": "cnx-lin-borrowed-1"}: 0.1.0 1543535705.43   1.1569449379177689e-08
{"n": 14, "noise": "sc-better-t1", "circ": "cnx-lin-borrowed-1"}: 0.1.0 1543535883.02   3.7950575663814553e-06
{"n": 14, "noise": "sc-better-t1", "circ": "cnx-lin-borrowed-1"}: 0.1.0 1543536057.14   0.00019539181430112238
{"n": 14, "noise": "sc-better-t1", "circ": "cnx-lin-borrowed-1"}: 0.1.0 1543536228.56   0.9998519330130303
{"n": 14, "noise": "sc-better-t1", "circ": "cnx-lin-borrowed-1"}: 0.1.0 1543536410.78   4.034602291385739e-06
{"n": 14, "noise": "sc-better-t1", "circ": "cnx-lin-borrowed-1"}: 0.1.0 1543536590.39   0.9998530287296207
{"n": 14, "noise": "sc-better-t1", "circ": "cnx-lin-borrowed-1"}: 0.1.0 1543536783.68   0.9998509745267837
{"n": 14, "noise": "sc-better-t1", "circ": "cnx-lin-borrowed-1"}: 0.1.0 1543536973.45   0.999849459675972
{"n": 14, "noise": "sc-better-t1", "circ": "cnx-lin-borrowed-1"}: 0.1.0 1543537151.42   0.9998527630773488
{"n": 14, "noise": "sc-better-t1", "circ": "cnx-lin-borrowed-1"}: 0.1.0 1543537333.01   1.3047887735511748e-05
{"n": 14, "noise": "sc-better-t1", "circ": "cnx-lin-borrowed-1"}: 0.1.0 1543537507.86   3.6189753800287673e-07
{"n": 14, "noise": "sc-better-t1", "circ": "cnx-lin-borrowed-1"}: 0.1.0 1543537687.80   1.5943846918937415e-06
{"n": 14, "noise": "sc-better-t1", "circ": "cnx-lin-borrowed-1"}: 0.1.0 1543537880.07   5.7996780821288486e-06
{"n": 14, "noise": "sc-better-t1", "circ": "cnx-lin-borrowed-1"}: 0.1.0 1543538066.30   0.9998525913901415
{"n": 14, "noise": "sc-better-t1", "circ": "cnx-lin-borrowed-1"}: 0.1.0 1543538240.79   0.9998519401676023
{"n": 14, "noise": "sc-better-t1", "circ": "cnx-lin-borrowed-1"}: 0.1.0 1543538428.09   0.9998517871926988
{"n": 14, "noise": "sc-better-t1", "circ": "cnx-lin-borrowed-1"}: 0.1.0 1543538609.98   0.9998508385159312
{"n": 14, "noise": "sc-better-t1", "circ": "cnx-lin-borrowed-1"}: 0.1.0 1543538800.19   0.9998496039320598
=====
{"n": 14, "noise": "sc-better-t1", "circ": "cnx-lin"}: 0.1.0 1543539769.72   1.2225856722621145e-05
{"n": 14, "noise": "sc-better-t1", "circ": "cnx-lin"}: 0.1.0 1543540603.13   1.0100468467207461e-05
{"n": 14, "noise": "sc-better-t1", "circ": "cnx-lin"}: 0.1.0 1543541405.56   1.9789650142943892e-05
{"n": 14, "noise": "sc-better-t1", "circ": "cnx-lin"}: 0.1.0 1543542206.35   7.23850706099431e-06
{"n": 14, "noise": "sc-better-t1", "circ": "cnx-lin"}: 0.1.0 1543543030.11   5.543903475914795e-05
{"n": 14, "noise": "sc-better-t1", "circ": "cnx-lin"}: 0.1.0 1543543952.97   4.730264364047849e-05
{"n": 14, "noise": "sc-better-t1", "circ": "cnx-lin"}: 0.1.0 1543544809.25   9.557735316660864e-05
{"n": 14, "noise": "sc-better-t1", "circ": "cnx-lin"}: 0.1.0 1543545643.44   1.0021543877946348e-05
{"n": 14, "noise": "sc-better-t1", "circ": "cnx-lin"}: 0.1.0 1543546395.18   2.0144412261348922e-05
{"n": 14, "noise": "sc-better-t1", "circ": "cnx-lin"}: 0.1.0 1543547302.91   1.4285844812023178e-05
=====
{"n": 14, "noise": "sc-better-t1-and-gates", "circ": "cnx-btb"}: 0.1.0 1543548898.43   0.9999974113604436
{"n": 14, "noise": "sc-better-t1-and-gates", "circ": "cnx-btb"}: 0.1.0 1543550220.22   0.9999974005975959
{"n": 14, "noise": "sc-better-t1-and-gates", "circ": "cnx-btb"}: 0.1.0 1543551536.89   0.9999972754705547
{"n": 14, "noise": "sc-better-t1-and-gates", "circ": "cnx-btb"}: 0.1.0 1543552848.01   0.9999973447702988
{"n": 14, "noise": "sc-better-t1-and-gates", "circ": "cnx-btb"}: 0.1.0 1543554158.84   0.9999971979398987
{"n": 14, "noise": "sc-better-t1-and-gates", "circ": "cnx-btb"}: 0.1.0 1543555468.04   0.9999972923647397
{"n": 14, "noise": "sc-better-t1-and-gates", "circ": "cnx-btb"}: 0.1.0 1543556780.78   0.9999974825439589
{"n": 14, "noise": "sc-better-t1-and-gates", "circ": "cnx-btb"}: 0.1.0 1543558096.84   0.9999972914936747
{"n": 14, "noise": "sc-better-t1-and-gates", "circ": "cnx-btb"}: 0.1.0 1543559423.16   0.999997550108677
{"n": 14, "noise": "sc-better-t1-and-gates", "circ": "cnx-btb"}: 0.1.0 1543560735.68   0.004333116846849521
{"n": 14, "noise": "sc-better-t1-and-gates", "circ": "cnx-btb"}: 0.1.0 1543562051.89   0.9999971851259357
{"n": 14, "noise": "sc-better-t1-and-gates", "circ": "cnx-btb"}: 0.1.0 1543563365.34   0.999997277812298
{"n": 14, "noise": "sc-better-t1-and-gates", "circ": "cnx-btb"}: 0.1.0 1543564681.70   0.9999974514200065
{"n": 14, "noise": "sc-better-t1-and-gates", "circ": "cnx-btb"}: 0.1.0 1543565998.57   0.9999972697362685
{"n": 14, "noise": "sc-better-t1-and-gates", "circ": "cnx-btb"}: 0.1.0 1543567309.30   0.9999974541138718
{"n": 14, "noise": "sc-better-t1-and-gates", "circ": "cnx-btb"}: 0.1.0 1543568631.02   0.999997399867268
{"n": 14, "noise": "sc-better-t1-and-gates", "circ": "cnx-btb"}: 0.1.0 1543569946.35   0.9999973890979401
{"n": 14, "noise": "sc-better-t1-and-gates", "circ": "cnx-btb"}: 0.1.0 1543571259.84   0.9999974169692631
{"n": 14, "noise": "sc-better-t1-and-gates", "circ": "cnx-btb"}: 0.1.0 1543572570.47   0.9999974913666915
{"n": 14, "noise": "sc-better-t1-and-gates", "circ": "cnx-btb"}: 0.1.0 1543573886.05   0.9999973234511803
{"n": 14, "noise": "sc-better-t1-and-gates", "circ": "cnx-btb"}: 0.1.0 1543575199.92   0.9999975087423585
{"n": 14, "noise": "sc-better-t1-and-gates", "circ": "cnx-btb"}: 0.1.0 1543576518.10   0.9999974647498281
{"n": 14, "noise": "sc-better-t1-and-gates", "circ": "cnx-btb"}: 0.1.0 1543577834.28   0.999997312069128
{"n": 14, "noise": "sc-better-t1-and-gates", "circ": "cnx-btb"}: 0.1.0 1543579136.63   0.999997381718647
{"n": 14, "noise": "sc-better-t1-and-gates", "circ": "cnx-btb"}: 0.1.0 1543580448.38   3.722662105874286e-06
{"n": 14, "noise": "sc-better-t1-and-gates", "circ": "cnx-btb"}: 0.1.0 1543581761.14   0.9999972116971804
{"n": 14, "noise": "sc-better-t1-and-gates", "circ": "cnx-btb"}: 0.1.0 1543583072.76   0.9999975279867537
{"n": 14, "noise": "sc-better-t1-and-gates", "circ": "cnx-btb"}: 0.1.0 1543584386.61   0.9999973197849634
{"n": 14, "noise": "sc-better-t1-and-gates", "circ": "cnx-btb"}: 0.1.0 1543585712.20   0.9999972156911249
{"n": 14, "noise": "sc-better-t1-and-gates", "circ": "cnx-btb"}: 0.1.0 1543587019.99   0.999997387250676
{"n": 14, "noise": "sc-better-t1-and-gates", "circ": "cnx-btb"}: 0.1.0 1543588337.63   0.9999973057272895
{"n": 14, "noise": "sc-better-t1-and-gates", "circ": "cnx-btb"}: 0.1.0 1543589646.92   0.999997397153066
{"n": 14, "noise": "sc-better-t1-and-gates", "circ": "cnx-btb"}: 0.1.0 1543590972.73   0.9999972666918554
{"n": 14, "noise": "sc-better-t1-and-gates", "circ": "cnx-btb"}: 0.1.0 1543592304.60   0.9999972789897007
{"n": 14, "noise": "sc-better-t1-and-gates", "circ": "cnx-btb"}: 0.1.0 1543593616.85   0.9999974526600262
{"n": 14, "noise": "sc-better-t1-and-gates", "circ": "cnx-btb"}: 0.1.0 1543594943.18   0.9999973731041095
{"n": 14, "noise": "sc-better-t1-and-gates", "circ": "cnx-btb"}: 0.1.0 1543596262.72   0.9999974252899501
{"n": 14, "noise": "sc-better-t1-and-gates", "circ": "cnx-btb"}: 0.1.0 1543597585.03   0.9999974041954133
{"n": 14, "noise": "sc-better-t1-and-gates", "circ": "cnx-btb"}: 0.1.0 1543598903.92   0.999997295173225
{"n": 14, "noise": "sc-better-t1-and-gates", "circ": "cnx-btb"}: 0.1.0 1543600215.91   0.9999972115482537
{"n": 14, "noise": "sc-better-t1-and-gates", "circ": "cnx-btb"}: 0.1.0 1543601528.59   0.9999973517048889
{"n": 14, "noise": "sc-better-t1-and-gates", "circ": "cnx-btb"}: 0.1.0 1543602837.28   0.9999973082834083
{"n": 14, "noise": "sc-better-t1-and-gates", "circ": "cnx-btb"}: 0.1.0 1543604146.64   0.9999972867305921
{"n": 14, "noise": "sc-better-t1-and-gates", "circ": "cnx-btb"}: 0.1.0 1543605455.73   0.9999974373776737
{"n": 14, "noise": "sc-better-t1-and-gates", "circ": "cnx-btb"}: 0.1.0 1543606769.93   0.9999972976504583
{"n": 14, "noise": "sc-better-t1-and-gates", "circ": "cnx-btb"}: 0.1.0 1543608087.40   0.9999972881157526
{"n": 14, "noise": "sc-better-t1-and-gates", "circ": "cnx-btb"}: 0.1.0 1543609401.70   0.9999973137735759
{"n": 14, "noise": "sc-better-t1-and-gates", "circ": "cnx-btb"}: 0.1.0 1543610718.99   0.9999974727058328
{"n": 14, "noise": "sc-better-t1-and-gates", "circ": "cnx-btb"}: 0.1.0 1543612029.65   0.9999972856510232
{"n": 14, "noise": "sc-better-t1-and-gates", "circ": "cnx-btb"}: 0.1.0 1543613334.48   0.999997325199374
{"n": 14, "noise": "sc-better-t1-and-gates", "circ": "cnx-btb"}: 0.1.0 1543614634.90   0.9999971988530713
