=====
{"n": 14, "noise": "sc-better-t1-and-gates", "circ": "cnx-btb"}: 0.1.0 1543473545.34   0.999997426950747
{"n": 14, "noise": "sc-better-t1-and-gates", "circ": "cnx-btb"}: 0.1.0 1543474822.50   0.9999972394358894
{"n": 14, "noise": "sc-better-t1-and-gates", "circ": "cnx-btb"}: 0.1.0 1543476109.36   0.9999973003575889
{"n": 14, "noise": "sc-better-t1-and-gates", "circ": "cnx-btb"}: 0.1.0 1543477378.58   0.9999973228080482
{"n": 14, "noise": "sc-better-t1-and-gates", "circ": "cnx-btb"}: 0.1.0 1543478657.09   0.9999973020030356
{"n": 14, "noise": "sc-better-t1-and-gates", "circ": "cnx-btb"}: 0.1.0 1543479918.31   0.999997392923261
{"n": 14, "noise": "sc-better-t1-and-gates", "circ": "cnx-btb"}: 0.1.0 1543481175.85   0.9999972361546355
{"n": 14, "noise": "sc-better-t1-and-gates", "circ": "cnx-btb"}: 0.1.0 1543482433.75   0.9999973559911193
{"n": 14, "noise": "sc-better-t1-and-gates", "circ": "cnx-btb"}: 0.1.0 1543483703.03   0.9999973335787842
{"n": 14, "noise": "sc-better-t1-and-gates", "circ": "cnx-btb"}: 0.1.0 1543484962.21   0.9999973178263313
{"n": 14, "noise": "sc-better-t1-and-gates", "circ": "cnx-btb"}: 0.1.0 1543486242.10   0.9999974107273603
{"n": 14, "noise": "sc-better-t1-and-gates", "circ": "cnx-btb"}: 0.1.0 1543487520.31   0.9999972485820955
{"n": 14, "noise": "sc-better-t1-and-gates", "circ": "cnx-btb"}: 0.1.0 1543488798.09   0.9999973003049707
{"n": 14, "noise": "sc-better-t1-and-gates", "circ": "cnx-btb"}: 0.1.0 1543490077.52   9.49172896753974e-06
{"n": 14, "noise": "sc-better-t1-and-gates", "circ": "cnx-btb"}: 0.1.0 1543491365.07   0.9999973597888022
{"n": 14, "noise": "sc-better-t1-and-gates", "circ": "cnx-btb"}: 0.1.0 1543492636.63   0.9999973429754087
{"n": 14, "noise": "sc-better-t1-and-gates", "circ": "cnx-btb"}: 0.1.0 1543493914.41   0.9999973532627766
{"n": 14, "noise": "sc-better-t1-and-gates", "circ": "cnx-btb"}: 0.1.0 1543495176.24   0.9999973527806305
{"n": 14, "noise": "sc-better-t1-and-gates", "circ": "cnx-btb"}: 0.1.0 1543496453.75   0.9999971890100158
{"n": 14, "noise": "sc-better-t1-and-gates", "circ": "cnx-btb"}: 0.1.0 1543497744.93   0.9999973873370104
{"n": 14, "noise": "sc-better-t1-and-gates", "circ": "cnx-btb"}: 0.1.0 1543499019.70   0.9999972498700748
{"n": 14, "noise": "sc-better-t1-and-gates", "circ": "cnx-btb"}: 0.1.0 1543500304.68   0.9999973012513004
{"n": 14, "noise": "sc-better-t1-and-gates", "circ": "cnx-btb"}: 0.1.0 1543501567.91   0.9999974663503549
{"n": 14, "noise": "sc-better-t1-and-gates", "circ": "cnx-btb"}: 0.1.0 1543502842.44   0.9999972851305893
{"n": 14, "noise": "sc-better-t1-and-gates", "circ": "cnx-btb"}: 0.1.0 1543504107.50   0.9999974365958241
{"n": 14, "noise": "sc-better-t1-and-gates", "circ": "cnx-btb"}: 0.1.0 1543505390.11   0.9999972913167438
{"n": 14, "noise": "sc-better-t1-and-gates", "circ": "cnx-btb"}: 0.1.0 1543506682.31   0.9999973731309217
{"n": 14, "noise": "sc-better-t1-and-gates", "circ": "cnx-btb"}: 0.1.0 1543507979.76   1.5212793080334323e-05
{"n": 14, "noise": "sc-better-t1-and-gates", "circ": "cnx-btb"}: 0.1.0 1543509283.72   0.9999972565567439
{"n": 14, "noise": "sc-better-t1-and-gates", "circ": "cnx-btb"}: 0.1.0 1543510592.50   6.50047164469794e-06
{"n": 14, "noise": "sc-better-t1-and-gates", "circ": "cnx-btb"}: 0.1.0 1543511893.66   0.9999972906392025
{"n": 14, "noise": "sc-better-t1-and-gates", "circ": "cnx-btb"}: 0.1.0 1543513207.95   0.9999973361199682
{"n": 14, "noise": "sc-better-t1-and-gates", "circ": "cnx-btb"}: 0.1.0 1543514510.76   0.9999973733232417
{"n": 14, "noise": "sc-better-t1-and-gates", "circ": "cnx-btb"}: 0.1.0 1543515811.59   0.9999971751033999
{"n": 14, "noise": "sc-better-t1-and-gates", "circ": "cnx-btb"}: 0.1.0 1543517118.98   0.9999973215347023
{"n": 14, "noise": "sc-better-t1-and-gates", "circ": "cnx-btb"}: 0.1.0 1543518423.13   0.9999971484658836
{"n": 14, "noise": "sc-better-t1-and-gates", "circ": "cnx-btb"}: 0.1.0 1543519721.17   0.028685619236675553
{"n": 14, "noise": "sc-better-t1-and-gates", "circ": "cnx-btb"}: 0.1.0 1543521018.48   5.283530229457388e-05
{"n": 14, "noise": "sc-better-t1-and-gates", "circ": "cnx-btb"}: 0.1.0 1543522307.84   0.9999972957639286
{"n": 14, "noise": "sc-better-t1-and-gates", "circ": "cnx-btb"}: 0.1.0 1543523601.34   0.9999974698879895
=====
{"n": 14, "noise": "sc-better-t1-and-gates", "circ": "cnx-lin"}: 0.1.0 1543525653.89   0.9984248005200287
{"n": 14, "noise": "sc-better-t1-and-gates", "circ": "cnx-lin"}: 0.1.0 1543526489.76   0.0037244901764765365
{"n": 14, "noise": "sc-better-t1-and-gates", "circ": "cnx-lin"}: 0.1.0 1543527252.22   0.998438920710341
{"n": 14, "noise": "sc-better-t1-and-gates", "circ": "cnx-lin"}: 0.1.0 1543528001.74   0.0002767625729156773
{"n": 14, "noise": "sc-better-t1-and-gates", "circ": "cnx-lin"}: 0.1.0 1543528738.28   3.37726215862521e-05
{"n": 14, "noise": "sc-better-t1-and-gates", "circ": "cnx-lin"}: 0.1.0 1543529549.42   0.00020802021789273386
{"n": 14, "noise": "sc-better-t1-and-gates", "circ": "cnx-lin"}: 0.1.0 1543530339.39   3.629152082670808e-05
{"n": 14, "noise": "sc-better-t1-and-gates", "circ": "cnx-lin"}: 0.1.0 1543531159.79   0.9984529209315541
{"n": 14, "noise": "sc-better-t1-and-gates", "circ": "cnx-lin"}: 0.1.0 1543531997.58   0.9984479359813633
{"n": 14, "noise": "sc-better-t1-and-gates", "circ": "cnx-lin"}: 0.1.0 1543532831.16   0.00016527934960795289
{"n": 14, "noise": "sc-better-t1-and-gates", "circ": "cnx-lin"}: 0.1.0 1543533702.84   0.9984208962301857
{"n": 14, "noise": "sc-better-t1-and-gates", "circ": "cnx-lin"}: 0.1.0 1543534547.71   6.299068534804094e-05
{"n": 14, "noise": "sc-better-t1-and-gates", "circ": "cnx-lin"}: 0.1.0 1543535415.02   9.80316289025368e-06
{"n": 14, "noise": "sc-better-t1-and-gates", "circ": "cnx-lin"}: 0.1.0 1543536271.76   3.7216421629464635e-07
{"n": 14, "noise": "sc-better-t1-and-gates", "circ": "cnx-lin"}: 0.1.0 1543537102.37   0.00018299938354562198
{"n": 14, "noise": "sc-better-t1-and-gates", "circ": "cnx-lin"}: 0.1.0 1543537993.21   5.070287250491654e-05
{"n": 14, "noise": "sc-better-t1-and-gates", "circ": "cnx-lin"}: 0.1.0 1543538876.66   0.9984367396614221
=====
{"n": 14, "noise": "sc-better-t1-and-gates", "circ": "cnx-btb"}: 0.1.0 1543540227.00   4.408386286899048e-05
{"n": 14, "noise": "sc-better-t1-and-gates", "circ": "cnx-btb"}: 0.1.0 1543541525.15   0.999997265731995
{"n": 14, "noise": "sc-better-t1-and-gates", "circ": "cnx-btb"}: 0.1.0 1543542825.18   0.9999973011977944
{"n": 14, "noise": "sc-better-t1-and-gates", "circ": "cnx-btb"}: 0.1.0 1543544124.96   0.999997346091489
{"n": 14, "noise": "sc-better-t1-and-gates", "circ": "cnx-btb"}: 0.1.0 1543545422.01   0.9999973674724602
{"n": 14, "noise": "sc-better-t1-and-gates", "circ": "cnx-btb"}: 0.1.0 1543546722.98   0.9999972868119589
=====
{"n": 14, "noise": "sc-better-gates", "circ": "cnx-btb"}: 0.1.0 1543548889.10   0.0001909237033745429
{"n": 14, "noise": "sc-better-gates", "circ": "cnx-btb"}: 0.1.0 1543550186.85   0.9997346062504676
{"n": 14, "noise": "sc-better-gates", "circ": "cnx-btb"}: 0.1.0 1543551492.60   0.9997293910412831
{"n": 14, "noise": "sc-better-gates", "circ": "cnx-btb"}: 0.1.0 1543552812.83   0.9997370898248538
{"n": 14, "noise": "sc-better-gates", "circ": "cnx-btb"}: 0.1.0 1543554116.72   0.9997326011747444
{"n": 14, "noise": "sc-better-gates", "circ": "cnx-btb"}: 0.1.0 1543555422.18   0.9997337177380293
{"n": 14, "noise": "sc-better-gates", "circ": "cnx-btb"}: 0.1.0 1543556707.79   0.9997327066200816
{"n": 14, "noise": "sc-better-gates", "circ": "cnx-btb"}: 0.1.0 1543558004.81   0.9997441891482278
{"n": 14, "noise": "sc-better-gates", "circ": "cnx-btb"}: 0.1.0 1543559295.49   0.9997378551179239
{"n": 14, "noise": "sc-better-gates", "circ": "cnx-btb"}: 0.1.0 1543560585.49   0.9997311849305297
{"n": 14, "noise": "sc-better-gates", "circ": "cnx-btb"}: 0.1.0 1543561866.92   3.013008630891305e-05
{"n": 14, "noise": "sc-better-gates", "circ": "cnx-btb"}: 0.1.0 1543563136.61   0.9997332011137525
{"n": 14, "noise": "sc-better-gates", "circ": "cnx-btb"}: 0.1.0 1543564378.68   0.9997358626230654
{"n": 14, "noise": "sc-better-gates", "circ": "cnx-btb"}: 0.1.0 1543565638.48   0.9997325940643211
{"n": 14, "noise": "sc-better-gates", "circ": "cnx-btb"}: 0.1.0 1543566905.22   0.9997370613819442
{"n": 14, "noise": "sc-better-gates", "circ": "cnx-btb"}: 0.1.0 1543568178.33   0.9997334329637401
{"n": 14, "noise": "sc-better-gates", "circ": "cnx-btb"}: 0.1.0 1543569444.80   0.9997359184814715
{"n": 14, "noise": "sc-better-gates", "circ": "cnx-btb"}: 0.1.0 1543570718.30   0.9997383234538055
{"n": 14, "noise": "sc-better-gates", "circ": "cnx-btb"}: 0.1.0 1543571999.82   0.999735135800069
{"n": 14, "noise": "sc-better-gates", "circ": "cnx-btb"}: 0.1.0 1543573283.68   0.999733310296847
{"n": 14, "noise": "sc-better-gates", "circ": "cnx-btb"}: 0.1.0 1543574563.47   0.9997342564731576
{"n": 14, "noise": "sc-better-gates", "circ": "cnx-btb"}: 0.1.0 1543575823.31   0.00011085273745782349
{"n": 14, "noise": "sc-better-gates", "circ": "cnx-btb"}: 0.1.0 1543577094.50   0.9997385400003679
{"n": 14, "noise": "sc-better-gates", "circ": "cnx-btb"}: 0.1.0 1543578362.43   0.9997380912070911
{"n": 14, "noise": "sc-better-gates", "circ": "cnx-btb"}: 0.1.0 1543579641.64   0.9997292327421292
{"n": 14, "noise": "sc-better-gates", "circ": "cnx-btb"}: 0.1.0 1543580923.83   0.9997327392116996
{"n": 14, "noise": "sc-better-gates", "circ": "cnx-btb"}: 0.1.0 1543582212.72   0.9997373668378233
{"n": 14, "noise": "sc-better-gates", "circ": "cnx-btb"}: 0.1.0 1543583504.92   8.305839476814052e-05
{"n": 14, "noise": "sc-better-gates", "circ": "cnx-btb"}: 0.1.0 1543584797.96   0.9997313075009338
{"n": 14, "noise": "sc-better-gates", "circ": "cnx-btb"}: 0.1.0 1543586091.29   3.4612842226216754e-05
{"n": 14, "noise": "sc-better-gates", "circ": "cnx-btb"}: 0.1.0 1543587392.41   0.999737886760727
{"n": 14, "noise": "sc-better-gates", "circ": "cnx-btb"}: 0.1.0 1543588684.10   0.9997345446411446
{"n": 14, "noise": "sc-better-gates", "circ": "cnx-btb"}: 0.1.0 1543589974.10   0.9997326136574267
{"n": 14, "noise": "sc-better-gates", "circ": "cnx-btb"}: 0.1.0 1543591264.25   0.9997365740948708
{"n": 14, "noise": "sc-better-gates", "circ": "cnx-btb"}: 0.1.0 1543592569.93   0.9997347751159193
{"n": 14, "noise": "sc-better-gates", "circ": "cnx-btb"}: 0.1.0 1543593861.03   0.9997290311219832
{"n": 14, "noise": "sc-better-gates", "circ": "cnx-btb"}: 0.1.0 1543595122.67   0.999734546975561
{"n": 14, "noise": "sc-better-gates", "circ": "cnx-btb"}: 0.1.0 1543596364.30   0.9997353518450555
{"n": 14, "noise": "sc-better-gates", "circ": "cnx-btb"}: 0.1.0 1543597655.19   0.9997343863529257
{"n": 14, "noise": "sc-better-gates", "circ": "cnx-btb"}: 0.1.0 1543598955.86   0.999732591986323
{"n": 14, "noise": "sc-better-gates", "circ": "cnx-btb"}: 0.1.0 1543600222.78   0.9997349191002527
{"n": 14, "noise": "sc-better-gates", "circ": "cnx-btb"}: 0.1.0 1543601496.20   0.9997292311381804
{"n": 14, "noise": "sc-better-gates", "circ": "cnx-btb"}: 0.1.0 1543602796.97   0.9997339622216382
{"n": 14, "noise": "sc-better-gates", "circ": "cnx-btb"}: 0.1.0 1543604090.12   0.9997351329655308
{"n": 14, "noise": "sc-better-gates", "circ": "cnx-btb"}: 0.1.0 1543605380.00   0.0
{"n": 14, "noise": "sc-better-gates", "circ": "cnx-btb"}: 0.1.0 1543606677.27   0.999734600948366
{"n": 14, "noise": "sc-better-gates", "circ": "cnx-btb"}: 0.1.0 1543607959.71   0.9997353249941981
{"n": 14, "noise": "sc-better-gates", "circ": "cnx-btb"}: 0.1.0 1543609246.13   7.835128730361246e-06
{"n": 14, "noise": "sc-better-gates", "circ": "cnx-btb"}: 0.1.0 1543610536.06   0.9997337528222533
{"n": 14, "noise": "sc-better-gates", "circ": "cnx-btb"}: 0.1.0 1543611827.55   0.9997321831340582
{"n": 14, "noise": "sc-better-gates", "circ": "cnx-btb"}: 0.1.0 1543613116.27   0.9997305726568639
{"n": 14, "noise": "sc-better-gates", "circ": "cnx-btb"}: 0.1.0 1543614402.76   0.9997346246657388
