=====
{"n": 14, "noise": "sc", "circ": "cnx-btb"}: 0.1.0 1543473535.29   4.831771520515705e-06
{"n": 14, "noise": "sc", "circ": "cnx-btb"}: 0.1.0 1543474828.88   0.015283095675495849
{"n": 14, "noise": "sc", "circ": "cnx-btb"}: 0.1.0 1543476124.86   0.999732344495572
{"n": 14, "noise": "sc", "circ": "cnx-btb"}: 0.1.0 1543477430.63   0.03141621804176622
{"n": 14, "noise": "sc", "circ": "cnx-btb"}: 0.1.0 1543478726.93   0.0
{"n": 14, "noise": "sc", "circ": "cnx-btb"}: 0.1.0 1543480023.76   0.9997277674797241
{"n": 14, "noise": "sc", "circ": "cnx-btb"}: 0.1.0 1543481324.20   0.9997389276321323
{"n": 14, "noise": "sc", "circ": "cnx-btb"}: 0.1.0 1543482633.90   0.9997370069519026
{"n": 14, "noise": "sc", "circ": "cnx-btb"}: 0.1.0 1543483927.28   1.5114229712453015e-05
{"n": 14, "noise": "sc", "circ": "cnx-btb"}: 0.1.0 1543485237.61   0.9997336617562598
{"n": 14, "noise": "sc", "circ": "cnx-btb"}: 0.1.0 1543486543.72   0.9997302672140783
{"n": 14, "noise": "sc", "circ": "cnx-btb"}: 0.1.0 1543487840.66   0.999732710951356
{"n": 14, "noise": "sc", "circ": "cnx-btb"}: 0.1.0 1543489133.39   0.9997293423450115
{"n": 14, "noise": "sc", "circ": "cnx-btb"}: 0.1.0 1543490433.71   0.9997324666188104
{"n": 14, "noise": "sc", "circ": "cnx-btb"}: 0.1.0 1543491731.81   4.540943725996638e-05
{"n": 14, "noise": "sc", "circ": "cnx-btb"}: 0.1.0 1543493030.69   1.5727213408733943e-05
{"n": 14, "noise": "sc", "circ": "cnx-btb"}: 0.1.0 1543494329.46   0.9997328729738488
{"n": 14, "noise": "sc", "circ": "cnx-btb"}: 0.1.0 1543495628.93   0.05022188838009184
{"n": 14, "noise": "sc", "circ": "cnx-btb"}: 0.1.0 1543496922.68   0.9997354039955284
{"n": 14, "noise": "sc", "circ": "cnx-btb"}: 0.1.0 1543498220.72   6.516819628663172e-05
{"n": 14, "noise": "sc", "circ": "cnx-btb"}: 0.1.0 1543499518.51   0.999736149172976
{"n": 14, "noise": "sc", "circ": "cnx-btb"}: 0.1.0 1543500816.18   6.959778891341768e-05
{"n": 14, "noise": "sc", "circ": "cnx-btb"}: 0.1.0 1543502100.62   0.9997264671021283
{"n": 14, "noise": "sc", "circ": "cnx-btb"}: 0.1.0 1543503395.99   1.0892759068290866e-06
{"n": 14, "noise": "sc", "circ": "cnx-btb"}: 0.1.0 1543504689.03   0.04917012278408944
{"n": 14, "noise": "sc", "circ": "cnx-btb"}: 0.1.0 1543505984.22   0.999731892080611
{"n": 14, "noise": "sc", "circ": "cnx-btb"}: 0.1.0 1543507288.76   0.9997337740433262
{"n": 14, "noise": "sc", "circ": "cnx-btb"}: 0.1.0 1543508585.26   0.9997338606431974
{"n": 14, "noise": "sc", "circ": "cnx-btb"}: 0.1.0 1543509884.87   0.9997329894060881
{"n": 14, "noise": "sc", "circ": "cnx-btb"}: 0.1.0 1543511178.22   0.999733471827169
{"n": 14, "noise": "sc", "circ": "cnx-btb"}: 0.1.0 1543512480.85   0.056265965301826426
{"n": 14, "noise": "sc", "circ": "cnx-btb"}: 0.1.0 1543513776.47   0.999733859493318
{"n": 14, "noise": "sc", "circ": "cnx-btb"}: 0.1.0 1543515071.83   0.99973274955124
{"n": 14, "noise": "sc", "circ": "cnx-btb"}: 0.1.0 1543516373.36   0.9997382796847372
{"n": 14, "noise": "sc", "circ": "cnx-btb"}: 0.1.0 1543517670.93   1.7243925113701231e-06
{"n": 14, "noise": "sc", "circ": "cnx-btb"}: 0.1.0 1543518973.97   2.529465538463446e-06
{"n": 14, "noise": "sc", "circ": "cnx-btb"}: 0.1.0 1543520265.21   5.553223320365947e-06
{"n": 14, "noise": "sc", "circ": "cnx-btb"}: 0.1.0 1543521566.05   1.7097585499662143e-05
{"n": 14, "noise": "sc", "circ": "cnx-btb"}: 0.1.0 1543522864.34   0.0
=====
{"n": 14, "noise": "sc-better-t1", "circ": "cnx-btb"}: 0.1.0 1543526152.57   0.9999972875546014
{"n": 14, "noise": "sc-better-t1", "circ": "cnx-btb"}: 0.1.0 1543527453.02   0.9999972640142798
{"n": 14, "noise": "sc-better-t1", "circ": "cnx-btb"}: 0.1.0 1543528752.23   0.9999974212487006
{"n": 14, "noise": "sc-better-t1", "circ": "cnx-btb"}: 0.1.0 1543530052.17   0.06440230475044711
{"n": 14, "noise": "sc-better-t1", "circ": "cnx-btb"}: 0.1.0 1543531349.72   0.9999972303097173
{"n": 14, "noise": "sc-better-t1", "circ": "cnx-btb"}: 0.1.0 1543532652.88   0.9999973494312231
{"n": 14, "noise": "sc-better-t1", "circ": "cnx-btb"}: 0.1.0 1543533960.37   5.698219657483521e-05
{"n": 14, "noise": "sc-better-t1", "circ": "cnx-btb"}: 0.1.0 1543535276.97   2.80281225875658e-07
{"n": 14, "noise": "sc-better-t1", "circ": "cnx-btb"}: 0.1.0 1543536573.83   0.9999972293055513
{"n": 14, "noise": "sc-better-t1", "circ": "cnx-btb"}: 0.1.0 1543537876.70   0.9999971674464861
=====
{"n": 14, "noise": "sc", "circ": "cnx-btb"}: 0.1.0 1543540209.72   0.007151698892546705
{"n": 14, "noise": "sc", "circ": "cnx-btb"}: 0.1.0 1543541512.74   2.6468283999106768e-08
{"n": 14, "noise": "sc", "circ": "cnx-btb"}: 0.1.0 1543542808.46   7.790418772237553e-06
{"n": 14, "noise": "sc", "circ": "cnx-btb"}: 0.1.0 1543544112.73   0.9997340770933498
{"n": 14, "noise": "sc", "circ": "cnx-btb"}: 0.1.0 1543545416.48   0.99973734597821
{"n": 14, "noise": "sc", "circ": "cnx-btb"}: 0.1.0 1543546725.06   5.742773661621371e-06
{"n": 14, "noise": "sc", "circ": "cnx-btb"}: 0.1.0 1543548028.15   0.9997329344119219
{"n": 14, "noise": "sc", "circ": "cnx-btb"}: 0.1.0 1543549333.88   0.9997326067053514
{"n": 14, "noise": "sc", "circ": "cnx-btb"}: 0.1.0 1543550638.68   0.9997394911812206
{"n": 14, "noise": "sc", "circ": "cnx-btb"}: 0.1.0 1543551949.89   0.9997374162435925
{"n": 14, "noise": "sc", "circ": "cnx-btb"}: 0.1.0 1543553244.09   0.9997349056419924
{"n": 14, "noise": "sc", "circ": "cnx-btb"}: 0.1.0 1543554551.87   0.9997362065100625
{"n": 14, "noise": "sc", "circ": "cnx-btb"}: 0.1.0 1543555851.79   0.9997318402602011
{"n": 14, "noise": "sc", "circ": "cnx-btb"}: 0.1.0 1543557144.96   0.9997363762849429
{"n": 14, "noise": "sc", "circ": "cnx-btb"}: 0.1.0 1543558449.61   0.9997385847156304
{"n": 14, "noise": "sc", "circ": "cnx-btb"}: 0.1.0 1543559746.08   0.9997359758156836
{"n": 14, "noise": "sc", "circ": "cnx-btb"}: 0.1.0 1543561049.88   0.9997338307565252
{"n": 14, "noise": "sc", "circ": "cnx-btb"}: 0.1.0 1543562352.67   1.2816930033010219e-05
{"n": 14, "noise": "sc", "circ": "cnx-btb"}: 0.1.0 1543563649.02   3.1017577342395522e-06
{"n": 14, "noise": "sc", "circ": "cnx-btb"}: 0.1.0 1543564942.39   0.9997354167751937
{"n": 14, "noise": "sc", "circ": "cnx-btb"}: 0.1.0 1543566240.49   0.9997358180115363
{"n": 14, "noise": "sc", "circ": "cnx-btb"}: 0.1.0 1543567531.09   1.791189275802762e-05
{"n": 14, "noise": "sc", "circ": "cnx-btb"}: 0.1.0 1543568828.91   0.9997372666979657
{"n": 14, "noise": "sc", "circ": "cnx-btb"}: 0.1.0 1543570138.23   0.9997360996133228
{"n": 14, "noise": "sc", "circ": "cnx-btb"}: 0.1.0 1543571437.43   0.9997327985905449
{"n": 14, "noise": "sc", "circ": "cnx-btb"}: 0.1.0 1543572733.42   2.287169782485188e-05
{"n": 14, "noise": "sc", "circ": "cnx-btb"}: 0.1.0 1543574031.13   0.9997408321448437
{"n": 14, "noise": "sc", "circ": "cnx-btb"}: 0.1.0 1543575320.76   3.0547961475834554e-05
{"n": 14, "noise": "sc", "circ": "cnx-btb"}: 0.1.0 1543576612.36   1.0558715407346844e-05
{"n": 14, "noise": "sc", "circ": "cnx-btb"}: 0.1.0 1543577914.87   0.048343018338954026
{"n": 14, "noise": "sc", "circ": "cnx-btb"}: 0.1.0 1543579206.87   0.9997340752208351
{"n": 14, "noise": "sc", "circ": "cnx-btb"}: 0.1.0 1543580497.54   5.065542183427974e-05
{"n": 14, "noise": "sc", "circ": "cnx-btb"}: 0.1.0 1543581796.02   6.744903880447946e-06
{"n": 14, "noise": "sc", "circ": "cnx-btb"}: 0.1.0 1543583092.51   0.9997342610376067
{"n": 14, "noise": "sc", "circ": "cnx-btb"}: 0.1.0 1543584389.13   4.8201552701646604e-06
{"n": 14, "noise": "sc", "circ": "cnx-btb"}: 0.1.0 1543585684.67   0.9997352046910721
{"n": 14, "noise": "sc", "circ": "cnx-btb"}: 0.1.0 1543586981.83   0.9997353572306455
{"n": 14, "noise": "sc", "circ": "cnx-btb"}: 0.1.0 1543588277.46   1.4957697918999281e-05
{"n": 14, "noise": "sc", "circ": "cnx-btb"}: 0.1.0 1543589578.03   0.9997374443792104
{"n": 14, "noise": "sc", "circ": "cnx-btb"}: 0.1.0 1543590878.70   0.030500653091832104
{"n": 14, "noise": "sc", "circ": "cnx-btb"}: 0.1.0 1543592176.61   0.9997364028863678
{"n": 14, "noise": "sc", "circ": "cnx-btb"}: 0.1.0 1543593480.42   6.012997672188157e-06
{"n": 14, "noise": "sc", "circ": "cnx-btb"}: 0.1.0 1543594782.30   2.2498936628175112e-06
{"n": 14, "noise": "sc", "circ": "cnx-btb"}: 0.1.0 1543596077.36   0.00016547162817197983
{"n": 14, "noise": "sc", "circ": "cnx-btb"}: 0.1.0 1543597379.79   0.9997325162986138
{"n": 14, "noise": "sc", "circ": "cnx-btb"}: 0.1.0 1543598677.86   1.5243435804885493e-12
{"n": 14, "noise": "sc", "circ": "cnx-btb"}: 0.1.0 1543599978.69   0.9997335568385245
{"n": 14, "noise": "sc", "circ": "cnx-btb"}: 0.1.0 1543601276.80   0.9997347295968256
{"n": 14, "noise": "sc", "circ": "cnx-btb"}: 0.1.0 1543602578.08   1.5659470963761622e-05
{"n": 14, "noise": "sc", "circ": "cnx-btb"}: 0.1.0 1543603877.77   2.3468874090800144e-06
{"n": 14, "noise": "sc", "circ": "cnx-btb"}: 0.1.0 1543605175.21   7.935600988517928e-05
{"n": 14, "noise": "sc", "circ": "cnx-btb"}: 0.1.0 1543606479.18   0.9997353625418287
{"n": 14, "noise": "sc", "circ": "cnx-btb"}: 0.1.0 1543607783.72   0.9997364371656062
{"n": 14, "noise": "sc", "circ": "cnx-btb"}: 0.1.0 1543609082.27   1.0970485801021626e-05
{"n": 14, "noise": "sc", "circ": "cnx-btb"}: 0.1.0 1543610392.74   0.9997279712724401
{"n": 14, "noise": "sc", "circ": "cnx-btb"}: 0.1.0 1543611692.20   0.9997351364221618
{"n": 14, "noise": "sc", "circ": "cnx-btb"}: 0.1.0 1543613002.30   2.252805743156662e-06
{"n": 14, "noise": "sc", "circ": "cnx-btb"}: 0.1.0 1543614306.20   0.2594104166696289
