=====
{"n": 14, "noise": "sc", "circ": "cnx-lin-borrowed-1"}: 0.1.0 1543539134.74   8.498615452229577e-05
{"n": 14, "noise": "sc", "circ": "cnx-lin-borrowed-1"}: 0.1.0 1543539332.02   2.0978375150595096e-05
{"n": 14, "noise": "sc", "circ": "cnx-lin-borrowed-1"}: 0.1.0 1543539524.81   0.0005589499316624724
{"n": 14, "noise": "sc", "circ": "cnx-lin-borrowed-1"}: 0.1.0 1543539729.53   3.130325620639584e-05
{"n": 14, "noise": "sc", "circ": "cnx-lin-borrowed-1"}: 0.1.0 1543539926.25   2.858993677541668e-05
{"n": 14, "noise": "sc", "circ": "cnx-lin-borrowed-1"}: 0.1.0 1543540114.98   3.144555193580667e-05
{"n": 14, "noise": "sc", "circ": "cnx-lin-borrowed-1"}: 0.1.0 1543540291.23   8.733981031190012e-05
{"n": 14, "noise": "sc", "circ": "cnx-lin-borrowed-1"}: 0.1.0 1543540486.90   3.9193304404142994e-05
{"n": 14, "noise": "sc", "circ": "cnx-lin-borrowed-1"}: 0.1.0 1543540681.67   9.547824925138629e-06
{"n": 14, "noise": "sc", "circ": "cnx-lin-borrowed-1"}: 0.1.0 1543540880.43   4.893370526812483e-07
{"n": 14, "noise": "sc", "circ": "cnx-lin-borrowed-1"}: 0.1.0 1543541062.91   0.984845252095241
{"n": 14, "noise": "sc", "circ": "cnx-lin-borrowed-1"}: 0.1.0 1543541262.69   0.9847507512984915
{"n": 14, "noise": "sc", "circ": "cnx-lin-borrowed-1"}: 0.1.0 1543541461.99   1.1608253528589879e-05
{"n": 14, "noise": "sc", "circ": "cnx-lin-borrowed-1"}: 0.1.0 1543541662.93   5.751417712916807e-06
{"n": 14, "noise": "sc", "circ": "cnx-lin-borrowed-1"}: 0.1.0 1543541862.39   2.0369273523350648e-05
{"n": 14, "noise": "sc", "circ": "cnx-lin-borrowed-1"}: 0.1.0 1543542068.44   3.715733854343185e-05
{"n": 14, "noise": "sc", "circ": "cnx-lin-borrowed-1"}: 0.1.0 1543542286.35   0.9850176985139312
{"n": 14, "noise": "sc", "circ": "cnx-lin-borrowed-1"}: 0.1.0 1543542483.56   1.0613059406485109e-05
{"n": 14, "noise": "sc", "circ": "cnx-lin-borrowed-1"}: 0.1.0 1543542692.92   2.13773737118108e-05
{"n": 14, "noise": "sc", "circ": "cnx-lin-borrowed-1"}: 0.1.0 1543542887.47   2.6422927653464548e-05
{"n": 14, "noise": "sc", "circ": "cnx-lin-borrowed-1"}: 0.1.0 1543543091.00   1.6237495911733997e-05
{"n": 14, "noise": "sc", "circ": "cnx-lin-borrowed-1"}: 0.1.0 1543543292.69   2.288766640297276e-05
{"n": 14, "noise": "sc", "circ": "cnx-lin-borrowed-1"}: 0.1.0 1543543486.75   0.0001436677897897515
{"n": 14, "noise": "sc", "circ": "cnx-lin-borrowed-1"}: 0.1.0 1543543685.67   0.9849337869486485
{"n": 14, "noise": "sc", "circ": "cnx-lin-borrowed-1"}: 0.1.0 1543543870.43   1.889787880482345e-05
{"n": 14, "noise": "sc", "circ": "cnx-lin-borrowed-1"}: 0.1.0 1543544075.18   0.0005674916823406104
{"n": 14, "noise": "sc", "circ": "cnx-lin-borrowed-1"}: 0.1.0 1543544277.30   6.40949134281424e-06
{"n": 14, "noise": "sc", "circ": "cnx-lin-borrowed-1"}: 0.1.0 1543544486.68   0.9848777807580763
{"n": 14, "noise": "sc", "circ": "cnx-lin-borrowed-1"}: 0.1.0 1543544673.91   5.724392902883895e-05
{"n": 14, "noise": "sc", "circ": "cnx-lin-borrowed-1"}: 0.1.0 1543544871.91   2.2411480001882486e-05
{"n": 14, "noise": "sc", "circ": "cnx-lin-borrowed-1"}: 0.1.0 1543545065.48   4.654563388980936e-06
{"n": 14, "noise": "sc", "circ": "cnx-lin-borrowed-1"}: 0.1.0 1543545251.23   1.7885425071349578e-05
{"n": 14, "noise": "sc", "circ": "cnx-lin-borrowed-1"}: 0.1.0 1543545443.75   1.0042691098967794e-05
{"n": 14, "noise": "sc", "circ": "cnx-lin-borrowed-1"}: 0.1.0 1543545642.12   6.36498662914734e-05
{"n": 14, "noise": "sc", "circ": "cnx-lin-borrowed-1"}: 0.1.0 1543545849.48   1.0908003011896001e-05
{"n": 14, "noise": "sc", "circ": "cnx-lin-borrowed-1"}: 0.1.0 1543546043.65   0.00021684834849028059
{"n": 14, "noise": "sc", "circ": "cnx-lin-borrowed-1"}: 0.1.0 1543546239.56   5.043849481896321e-06
{"n": 14, "noise": "sc", "circ": "cnx-lin-borrowed-1"}: 0.1.0 1543546439.03   3.1860778330367066e-05
{"n": 14, "noise": "sc", "circ": "cnx-lin-borrowed-1"}: 0.1.0 1543546645.42   0.00011575581479991536
{"n": 14, "noise": "sc", "circ": "cnx-lin-borrowed-1"}: 0.1.0 1543546842.86   1.2320039027439265e-05
{"n": 14, "noise": "sc", "circ": "cnx-lin-borrowed-1"}: 0.1.0 1543547049.80   3.388634358787842e-05
{"n": 14, "noise": "sc", "circ": "cnx-lin-borrowed-1"}: 0.1.0 1543547251.26   0.9849296719562955
{"n": 14, "noise": "sc", "circ": "cnx-lin-borrowed-1"}: 0.1.0 1543547453.18   2.6728590312219505e-05
=====
{"n": 14, "noise": "sc-better-gates", "circ": "cnx-lin"}: 0.1.0 1543548504.91   8.841939617916938e-05
{"n": 14, "noise": "sc-better-gates", "circ": "cnx-lin"}: 0.1.0 1543549455.21   4.668562680849536e-06
{"n": 14, "noise": "sc-better-gates", "circ": "cnx-lin"}: 0.1.0 1543550360.84   0.00016860849694018605
{"n": 14, "noise": "sc-better-gates", "circ": "cnx-lin"}: 0.1.0 1543551245.28   7.221330815505128e-05
{"n": 14, "noise": "sc-better-gates", "circ": "cnx-lin"}: 0.1.0 1543552167.23   0.00013459325761398564
{"n": 14, "noise": "sc-better-gates", "circ": "cnx-lin"}: 0.1.0 1543553126.28   2.3003963906744898e-05
{"n": 14, "noise": "sc-better-gates", "circ": "cnx-lin"}: 0.1.0 1543553992.75   6.69701942679544e-05
{"n": 14, "noise": "sc-better-gates", "circ": "cnx-lin"}: 0.1.0 1543554880.46   0.0001141775765234929
{"n": 14, "noise": "sc-better-gates", "circ": "cnx-lin"}: 0.1.0 1543555774.51   9.038234734542952e-05
{"n": 14, "noise": "sc-better-gates", "circ": "cnx-lin"}: 0.1.0 1543556675.31   0.00015629282769275829
{"n": 14, "noise": "sc-better-gates", "circ": "cnx-lin"}: 0.1.0 1543557595.51   1.065375082824331e-05
{"n": 14, "noise": "sc-better-gates", "circ": "cnx-lin"}: 0.1.0 1543558491.86   0.00010036366645734504
{"n": 14, "noise": "sc-better-gates", "circ": "cnx-lin"}: 0.1.0 1543559452.81   0.00015500717871539424
{"n": 14, "noise": "sc-better-gates", "circ": "cnx-lin"}: 0.1.0 1543560447.61   7.264932702815475e-05
{"n": 14, "noise": "sc-better-gates", "circ": "cnx-lin"}: 0.1.0 1543561419.96   0.00011972985446122414
{"n": 14, "noise": "sc-better-gates", "circ": "cnx-lin"}: 0.1.0 1543562318.56   1.2064004501929674e-05
{"n": 14, "noise": "sc-better-gates", "circ": "cnx-lin"}: 0.1.0 1543563179.04   9.543624051075118e-05
{"n": 14, "noise": "sc-better-gates", "circ": "cnx-lin"}: 0.1.0 1543564025.15   1.9871559985741263e-05
{"n": 14, "noise": "sc-better-gates", "circ": "cnx-lin"}: 0.1.0 1543564896.71   1.6050195262207435e-06
{"n": 14, "noise": "sc-better-gates", "circ": "cnx-lin"}: 0.1.0 1543565796.94   1.962708357433049e-05
{"n": 14, "noise": "sc-better-gates", "circ": "cnx-lin"}: 0.1.0 1543566607.13   7.771344963087564e-06
{"n": 14, "noise": "sc-better-gates", "circ": "cnx-lin"}: 0.1.0 1543567485.60   1.6790116705541136e-05
{"n": 14, "noise": "sc-better-gates", "circ": "cnx-lin"}: 0.1.0 1543568383.78   1.067243775069495e-05
{"n": 14, "noise": "sc-better-gates", "circ": "cnx-lin"}: 0.1.0 1543569274.79   1.4330358244957886e-05
{"n": 14, "noise": "sc-better-gates", "circ": "cnx-lin"}: 0.1.0 1543570181.24   2.385459736471672e-05
{"n": 14, "noise": "sc-better-gates", "circ": "cnx-lin"}: 0.1.0 1543571099.20   7.05112927555803e-05
{"n": 14, "noise": "sc-better-gates", "circ": "cnx-lin"}: 0.1.0 1543571994.35   4.19687724658732e-06
{"n": 14, "noise": "sc-better-gates", "circ": "cnx-lin"}: 0.1.0 1543572887.61   6.691787594799728e-05
{"n": 14, "noise": "sc-better-gates", "circ": "cnx-lin"}: 0.1.0 1543573787.89   5.009019231505403e-05
{"n": 14, "noise": "sc-better-gates", "circ": "cnx-lin"}: 0.1.0 1543574721.36   9.528176624054108e-06
{"n": 14, "noise": "sc-better-gates", "circ": "cnx-lin"}: 0.1.0 1543575652.26   1.6570870029420366e-06
{"n": 14, "noise": "sc-better-gates", "circ": "cnx-lin"}: 0.1.0 1543576601.85   3.3658896212336585e-06
{"n": 14, "noise": "sc-better-gates", "circ": "cnx-lin"}: 0.1.0 1543577514.92   3.14012588944474e-05
{"n": 14, "noise": "sc-better-gates", "circ": "cnx-lin"}: 0.1.0 1543578452.62   3.241445610750891e-05
{"n": 14, "noise": "sc-better-gates", "circ": "cnx-lin"}: 0.1.0 1543579362.37   0.00017867051105802575
{"n": 14, "noise": "sc-better-gates", "circ": "cnx-lin"}: 0.1.0 1543580323.19   0.00017858941588231087
{"n": 14, "noise": "sc-better-gates", "circ": "cnx-lin"}: 0.1.0 1543581368.08   5.23781178097054e-07
{"n": 14, "noise": "sc-better-gates", "circ": "cnx-lin"}: 0.1.0 1543582268.81   0.00015745377715264608
{"n": 14, "noise": "sc-better-gates", "circ": "cnx-lin"}: 0.1.0 1543583236.06   3.337791150265802e-05
{"n": 14, "noise": "sc-better-gates", "circ": "cnx-lin"}: 0.1.0 1543584177.68   4.4320755980363734e-05
{"n": 14, "noise": "sc-better-gates", "circ": "cnx-lin"}: 0.1.0 1543585151.92   9.735314587127598e-05
{"n": 14, "noise": "sc-better-gates", "circ": "cnx-lin"}: 0.1.0 1543586138.87   4.7494635281734834e-05
{"n": 14, "noise": "sc-better-gates", "circ": "cnx-lin"}: 0.1.0 1543587073.91   3.504317149161137e-05
{"n": 14, "noise": "sc-better-gates", "circ": "cnx-lin"}: 0.1.0 1543588106.42   3.885409883287886e-05
{"n": 14, "noise": "sc-better-gates", "circ": "cnx-lin"}: 0.1.0 1543589067.16   0.0001168166951036726
{"n": 14, "noise": "sc-better-gates", "circ": "cnx-lin"}: 0.1.0 1543589981.89   0.0001885835777298745
{"n": 14, "noise": "sc-better-gates", "circ": "cnx-lin"}: 0.1.0 1543590913.47   4.922836850685486e-05
{"n": 14, "noise": "sc-better-gates", "circ": "cnx-lin"}: 0.1.0 1543591863.80   9.148252745592453e-06
{"n": 14, "noise": "sc-better-gates", "circ": "cnx-lin"}: 0.1.0 1543592829.58   7.147742295569471e-05
{"n": 14, "noise": "sc-better-gates", "circ": "cnx-lin"}: 0.1.0 1543593745.76   2.6051082820436525e-05
{"n": 14, "noise": "sc-better-gates", "circ": "cnx-lin"}: 0.1.0 1543594621.15   1.6662899639296247e-05
{"n": 14, "noise": "sc-better-gates", "circ": "cnx-lin"}: 0.1.0 1543595468.95   6.600431865834792e-05
{"n": 14, "noise": "sc-better-gates", "circ": "cnx-lin"}: 0.1.0 1543596419.83   0.0002218833975218628
{"n": 14, "noise": "sc-better-gates", "circ": "cnx-lin"}: 0.1.0 1543597308.79   1.6722825114463418e-05
{"n": 14, "noise": "sc-better-gates", "circ": "cnx-lin"}: 0.1.0 1543598234.25   0.00010598899619585941
{"n": 14, "noise": "sc-better-gates", "circ": "cnx-lin"}: 0.1.0 1543599143.99   4.564886505882256e-05
{"n": 14, "noise": "sc-better-gates", "circ": "cnx-lin"}: 0.1.0 1543600069.22   6.889915313567982e-05
{"n": 14, "noise": "sc-better-gates", "circ": "cnx-lin"}: 0.1.0 1543601081.70   6.794125493937537e-05
{"n": 14, "noise": "sc-better-gates", "circ": "cnx-lin"}: 0.1.0 1543602069.96   1.1968053328806884e-05
{"n": 14, "noise": "sc-better-gates", "circ": "cnx-lin"}: 0.1.0 1543603079.03   1.9039255878635379e-06
{"n": 14, "noise": "sc-better-gates", "circ": "cnx-lin"}: 0.1.0 1543603971.23   4.736821519690259e-07
{"n": 14, "noise": "sc-better-gates", "circ": "cnx-lin"}: 0.1.0 1543604867.03   8.600452317693699e-06
{"n": 14, "noise": "sc-better-gates", "circ": "cnx-lin"}: 0.1.0 1543605777.95   1.3000961667572293e-05
{"n": 14, "noise": "sc-better-gates", "circ": "cnx-lin"}: 0.1.0 1543606729.09   5.022452644981898e-06
{"n": 14, "noise": "sc-better-gates", "circ": "cnx-lin"}: 0.1.0 1543607743.65   6.643321351200077e-06
{"n": 14, "noise": "sc-better-gates", "circ": "cnx-lin"}: 0.1.0 1543608740.32   5.889445043988407e-06
{"n": 14, "noise": "sc-better-gates", "circ": "cnx-lin"}: 0.1.0 1543609701.46   2.8546645102076264e-05
{"n": 14, "noise": "sc-better-gates", "circ": "cnx-lin"}: 0.1.0 1543610635.01   1.993518446929005e-05
{"n": 14, "noise": "sc-better-gates", "circ": "cnx-lin"}: 0.1.0 1543611632.19   2.4451070369742114e-05
{"n": 14, "noise": "sc-better-gates", "circ": "cnx-lin"}: 0.1.0 1543612630.00   5.546047185318919e-06
{"n": 14, "noise": "sc-better-gates", "circ": "cnx-lin"}: 0.1.0 1543613700.32   3.68169907210857e-05
{"n": 14, "noise": "sc-better-gates", "circ": "cnx-lin"}: 0.1.0 1543614728.46   1.815959580338504e-05
