=====
{"n": 14, "noise": "sc-better-t1", "circ": "cnx-lin"}: 0.1.0 1543473106.79   0.00021473759262644437
{"n": 14, "noise": "sc-better-t1", "circ": "cnx-lin"}: 0.1.0 1543473968.68   0.00011097413918002354
{"n": 14, "noise": "sc-better-t1", "circ": "cnx-lin"}: 0.1.0 1543474806.74   4.4549696757818986e-06
{"n": 14, "noise": "sc-better-t1", "circ": "cnx-lin"}: 0.1.0 1543475622.32   4.8323964168623926e-05
{"n": 14, "noise": "sc-better-t1", "circ": "cnx-lin"}: 0.1.0 1543476468.87   3.741634770525284e-05
{"n": 14, "noise": "sc-better-t1", "circ": "cnx-lin"}: 0.1.0 1543477303.88   0.00010596518268731453
{"n": 14, "noise": "sc-better-t1", "circ": "cnx-lin"}: 0.1.0 1543478156.05   1.6059379175772154e-05
{"n": 14, "noise": "sc-better-t1", "circ": "cnx-lin"}: 0.1.0 1543478941.88   5.375910481455251e-06
{"n": 14, "noise": "sc-better-t1", "circ": "cnx-lin"}: 0.1.0 1543479847.76   8.089333993260321e-05
{"n": 14, "noise": "sc-better-t1", "circ": "cnx-lin"}: 0.1.0 1543480730.88   6.749670446972994e-05
{"n": 14, "noise": "sc-better-t1", "circ": "cnx-lin"}: 0.1.0 1543481540.68   0.0001074794545730871
{"n": 14, "noise": "sc-better-t1", "circ": "cnx-lin"}: 0.1.0 1543482384.56   1.2911024044580665e-05
{"n": 14, "noise": "sc-better-t1", "circ": "cnx-lin"}: 0.1.0 1543483236.16   0.00010661543671015867
{"n": 14, "noise": "sc-better-t1", "circ": "cnx-lin"}: 0.1.0 1543484075.59   5.159007405986843e-05
{"n": 14, "noise": "sc-better-t1", "circ": "cnx-lin"}: 0.1.0 1543484865.32   9.780901078925314e-05
{"n": 14, "noise": "sc-better-t1", "circ": "cnx-lin"}: 0.1.0 1543485772.38   5.413010730981969e-06
{"n": 14, "noise": "sc-better-t1", "circ": "cnx-lin"}: 0.1.0 1543486546.54   3.8417818850632545e-05
{"n": 14, "noise": "sc-better-t1", "circ": "cnx-lin"}: 0.1.0 1543487391.36   5.9384042064511345e-05
{"n": 14, "noise": "sc-better-t1", "circ": "cnx-lin"}: 0.1.0 1543488275.32   3.143668777215131e-05
{"n": 14, "noise": "sc-better-t1", "circ": "cnx-lin"}: 0.1.0 1543489136.85   6.264681865402277e-05
{"n": 14, "noise": "sc-better-t1", "circ": "cnx-lin"}: 0.1.0 1543489997.33   9.890223134776277e-05
{"n": 14, "noise": "sc-better-t1", "circ": "cnx-lin"}: 0.1.0 1543490829.07   7.1188391853858e-05
{"n": 14, "noise": "sc-better-t1", "circ": "cnx-lin"}: 0.1.0 1543491709.10   1.1222319630470236e-05
{"n": 14, "noise": "sc-better-t1", "circ": "cnx-lin"}: 0.1.0 1543492541.95   0.0003185874397199488
{"n": 14, "noise": "sc-better-t1", "circ": "cnx-lin"}: 0.1.0 1543493387.60   0.00010190051865305255
{"n": 14, "noise": "sc-better-t1", "circ": "cnx-lin"}: 0.1.0 1543494205.01   4.402625442078486e-05
{"n": 14, "noise": "sc-better-t1", "circ": "cnx-lin"}: 0.1.0 1543495056.36   2.6966428718007732e-05
{"n": 14, "noise": "sc-better-t1", "circ": "cnx-lin"}: 0.1.0 1543495919.89   0.0001295429125816656
{"n": 14, "noise": "sc-better-t1", "circ": "cnx-lin"}: 0.1.0 1543496810.69   3.290471669232055e-06
{"n": 14, "noise": "sc-better-t1", "circ": "cnx-lin"}: 0.1.0 1543497668.81   6.380516650527206e-05
{"n": 14, "noise": "sc-better-t1", "circ": "cnx-lin"}: 0.1.0 1543498486.27   1.9533416960965274e-05
{"n": 14, "noise": "sc-better-t1", "circ": "cnx-lin"}: 0.1.0 1543499387.06   8.700639226275929e-06
{"n": 14, "noise": "sc-better-t1", "circ": "cnx-lin"}: 0.1.0 1543500290.20   9.085410044269158e-05
{"n": 14, "noise": "sc-better-t1", "circ": "cnx-lin"}: 0.1.0 1543501107.65   6.692617489365899e-05
{"n": 14, "noise": "sc-better-t1", "circ": "cnx-lin"}: 0.1.0 1543501949.10   1.3210916374013835e-05
{"n": 14, "noise": "sc-better-t1", "circ": "cnx-lin"}: 0.1.0 1543502817.18   3.012021294530813e-05
{"n": 14, "noise": "sc-better-t1", "circ": "cnx-lin"}: 0.1.0 1543503668.99   0.00010675844676639922
{"n": 14, "noise": "sc-better-t1", "circ": "cnx-lin"}: 0.1.0 1543504444.53   7.809705386059497e-06
{"n": 14, "noise": "sc-better-t1", "circ": "cnx-lin"}: 0.1.0 1543505286.76   8.856753494471536e-05
{"n": 14, "noise": "sc-better-t1", "circ": "cnx-lin"}: 0.1.0 1543506229.84   5.769649809737627e-05
{"n": 14, "noise": "sc-better-t1", "circ": "cnx-lin"}: 0.1.0 1543507120.08   4.526348482805026e-05
{"n": 14, "noise": "sc-better-t1", "circ": "cnx-lin"}: 0.1.0 1543508029.92   6.147327141867987e-06
{"n": 14, "noise": "sc-better-t1", "circ": "cnx-lin"}: 0.1.0 1543508928.20   3.409724959710566e-05
{"n": 14, "noise": "sc-better-t1", "circ": "cnx-lin"}: 0.1.0 1543509765.57   3.2971080120624223e-09
{"n": 14, "noise": "sc-better-t1", "circ": "cnx-lin"}: 0.1.0 1543510668.46   0.00011615750805461252
{"n": 14, "noise": "sc-better-t1", "circ": "cnx-lin"}: 0.1.0 1543511494.64   5.730568249124772e-06
{"n": 14, "noise": "sc-better-t1", "circ": "cnx-lin"}: 0.1.0 1543512309.26   3.826090963635009e-06
{"n": 14, "noise": "sc-better-t1", "circ": "cnx-lin"}: 0.1.0 1543513184.92   1.291472787280663e-05
{"n": 14, "noise": "sc-better-t1", "circ": "cnx-lin"}: 0.1.0 1543514037.73   7.682906459493076e-05
{"n": 14, "noise": "sc-better-t1", "circ": "cnx-lin"}: 0.1.0 1543514877.62   1.0961878475039559e-05
{"n": 14, "noise": "sc-better-t1", "circ": "cnx-lin"}: 0.1.0 1543515766.42   2.9807117236316506e-06
{"n": 14, "noise": "sc-better-t1", "circ": "cnx-lin"}: 0.1.0 1543516597.24   0.0001905558721080374
{"n": 14, "noise": "sc-better-t1", "circ": "cnx-lin"}: 0.1.0 1543517464.07   1.6278425899514673e-05
{"n": 14, "noise": "sc-better-t1", "circ": "cnx-lin"}: 0.1.0 1543518350.00   0.0002592527563833506
{"n": 14, "noise": "sc-better-t1", "circ": "cnx-lin"}: 0.1.0 1543519232.33   6.972115619196738e-05
{"n": 14, "noise": "sc-better-t1", "circ": "cnx-lin"}: 0.1.0 1543520158.87   0.0001356488814182779
{"n": 14, "noise": "sc-better-t1", "circ": "cnx-lin"}: 0.1.0 1543521024.90   4.237656789704884e-06
{"n": 14, "noise": "sc-better-t1", "circ": "cnx-lin"}: 0.1.0 1543521894.21   1.1223715500879549e-05
{"n": 14, "noise": "sc-better-t1", "circ": "cnx-lin"}: 0.1.0 1543522743.25   9.346957649307972e-05
{"n": 14, "noise": "sc-better-t1", "circ": "cnx-lin"}: 0.1.0 1543523594.44   9.47988448345438e-06
=====
{"n": 14, "noise": "sc-better-t1", "circ": "cnx-lin-borrowed-1"}: 0.1.0 1543525042.25   9.586205052543524e-06
{"n": 14, "noise": "sc-better-t1", "circ": "cnx-lin-borrowed-1"}: 0.1.0 1543525231.27   2.4193404038302464e-06
{"n": 14, "noise": "sc-better-t1", "circ": "cnx-lin-borrowed-1"}: 0.1.0 1543525396.62   6.736894042508921e-05
{"n": 14, "noise": "sc-better-t1", "circ": "cnx-lin-borrowed-1"}: 0.1.0 1543525577.58   0.9998513424879286
{"n": 14, "noise": "sc-better-t1", "circ": "cnx-lin-borrowed-1"}: 0.1.0 1543525762.93   2.7115002624610812e-05
{"n": 14, "noise": "sc-better-t1", "circ": "cnx-lin-borrowed-1"}: 0.1.0 1543525951.06   0.9998505497501536
{"n": 14, "noise": "sc-better-t1", "circ": "cnx-lin-borrowed-1"}: 0.1.0 1543526128.76   7.097517194524697e-05
{"n": 14, "noise": "sc-better-t1", "circ": "cnx-lin-borrowed-1"}: 0.1.0 1543526317.97   9.93582458557712e-08
{"n": 14, "noise": "sc-better-t1", "circ": "cnx-lin-borrowed-1"}: 0.1.0 1543526497.67   0.9998522624964722
{"n": 14, "noise": "sc-better-t1", "circ": "cnx-lin-borrowed-1"}: 0.1.0 1543526670.71   0.9998498056640428
{"n": 14, "noise": "sc-better-t1", "circ": "cnx-lin-borrowed-1"}: 0.1.0 1543526833.86   6.936048406705784e-07
{"n": 14, "noise": "sc-better-t1", "circ": "cnx-lin-borrowed-1"}: 0.1.0 1543527013.62   0.9998504715456192
{"n": 14, "noise": "sc-better-t1", "circ": "cnx-lin-borrowed-1"}: 0.1.0 1543527198.51   4.3376434373913154e-05
{"n": 14, "noise": "sc-better-t1", "circ": "cnx-lin-borrowed-1"}: 0.1.0 1543527374.39   0.9998498955146565
{"n": 14, "noise": "sc-better-t1", "circ": "cnx-lin-borrowed-1"}: 0.1.0 1543527539.03   0.9998497658392873
{"n": 14, "noise": "sc-better-t1", "circ": "cnx-lin-borrowed-1"}: 0.1.0 1543527718.76   5.612299002023815e-05
{"n": 14, "noise": "sc-better-t1", "circ": "cnx-lin-borrowed-1"}: 0.1.0 1543527897.31   6.0159123268991216e-06
{"n": 14, "noise": "sc-better-t1", "circ": "cnx-lin-borrowed-1"}: 0.1.0 1543528065.27   0.9998514071352728
{"n": 14, "noise": "sc-better-t1", "circ": "cnx-lin-borrowed-1"}: 0.1.0 1543528249.42   0.9998505591395083
{"n": 14, "noise": "sc-better-t1", "circ": "cnx-lin-borrowed-1"}: 0.1.0 1543528432.52   0.9998510726536789
{"n": 14, "noise": "sc-better-t1", "circ": "cnx-lin-borrowed-1"}: 0.1.0 1543528598.38   0.9998494818905417
{"n": 14, "noise": "sc-better-t1", "circ": "cnx-lin-borrowed-1"}: 0.1.0 1543528776.17   5.0674337760196476e-05
{"n": 14, "noise": "sc-better-t1", "circ": "cnx-lin-borrowed-1"}: 0.1.0 1543528963.18   0.9998513768697289
{"n": 14, "noise": "sc-better-t1", "circ": "cnx-lin-borrowed-1"}: 0.1.0 1543529149.70   0.999850726474922
{"n": 14, "noise": "sc-better-t1", "circ": "cnx-lin-borrowed-1"}: 0.1.0 1543529329.68   0.9998511666385907
{"n": 14, "noise": "sc-better-t1", "circ": "cnx-lin-borrowed-1"}: 0.1.0 1543529516.79   0.9998515184988263
{"n": 14, "noise": "sc-better-t1", "circ": "cnx-lin-borrowed-1"}: 0.1.0 1543529695.52   0.9998515590057596
{"n": 14, "noise": "sc-better-t1", "circ": "cnx-lin-borrowed-1"}: 0.1.0 1543529869.39   2.0017897529778033e-05
{"n": 14, "noise": "sc-better-t1", "circ": "cnx-lin-borrowed-1"}: 0.1.0 1543530041.97   2.58846995194571e-05
{"n": 14, "noise": "sc-better-t1", "circ": "cnx-lin-borrowed-1"}: 0.1.0 1543530219.18   1.9531368151662694e-06
{"n": 14, "noise": "sc-better-t1", "circ": "cnx-lin-borrowed-1"}: 0.1.0 1543530395.93   0.999850728503166
{"n": 14, "noise": "sc-better-t1", "circ": "cnx-lin-borrowed-1"}: 0.1.0 1543530560.28   0.9998511768819923
{"n": 14, "noise": "sc-better-t1", "circ": "cnx-lin-borrowed-1"}: 0.1.0 1543530737.70   0.9998503839307369
{"n": 14, "noise": "sc-better-t1", "circ": "cnx-lin-borrowed-1"}: 0.1.0 1543530918.13   0.9998498521035076
{"n": 14, "noise": "sc-better-t1", "circ": "cnx-lin-borrowed-1"}: 0.1.0 1543531106.44   1.2747416197700238e-08
{"n": 14, "noise": "sc-better-t1", "circ": "cnx-lin-borrowed-1"}: 0.1.0 1543531290.28   7.838386575895017e-06
{"n": 14, "noise": "sc-better-t1", "circ": "cnx-lin-borrowed-1"}: 0.1.0 1543531465.28   2.4638905368862797e-05
{"n": 14, "noise": "sc-better-t1", "circ": "cnx-lin-borrowed-1"}: 0.1.0 1543531655.46   0.9998497851436616
{"n": 14, "noise": "sc-better-t1", "circ": "cnx-lin-borrowed-1"}: 0.1.0 1543531829.47   0.9998510468938957
{"n": 14, "noise": "sc-better-t1", "circ": "cnx-lin-borrowed-1"}: 0.1.0 1543532013.94   5.442078440192549e-08
{"n": 14, "noise": "sc-better-t1", "circ": "cnx-lin-borrowed-1"}: 0.1.0 1543532196.12   0.9998505156227486
{"n": 14, "noise": "sc-better-t1", "circ": "cnx-lin-borrowed-1"}: 0.1.0 1543532373.40   9.39517300100805e-05
{"n": 14, "noise": "sc-better-t1", "circ": "cnx-lin-borrowed-1"}: 0.1.0 1543532560.54   0.9998512113689718
{"n": 14, "noise": "sc-better-t1", "circ": "cnx-lin-borrowed-1"}: 0.1.0 1543532725.59   0.9998522035597044
{"n": 14, "noise": "sc-better-t1", "circ": "cnx-lin-borrowed-1"}: 0.1.0 1543532891.98   8.260446867013271e-06
{"n": 14, "noise": "sc-better-t1", "circ": "cnx-lin-borrowed-1"}: 0.1.0 1543533078.05   1.2509924721019637e-06
{"n": 14, "noise": "sc-better-t1", "circ": "cnx-lin-borrowed-1"}: 0.1.0 1543533259.75   0.9998483065335322
{"n": 14, "noise": "sc-better-t1", "circ": "cnx-lin-borrowed-1"}: 0.1.0 1543533440.62   0.9998512416749078
{"n": 14, "noise": "sc-better-t1", "circ": "cnx-lin-borrowed-1"}: 0.1.0 1543533626.41   3.272083442944254e-05
{"n": 14, "noise": "sc-better-t1", "circ": "cnx-lin-borrowed-1"}: 0.1.0 1543533807.39   0.9998520558110622
{"n": 14, "noise": "sc-better-t1", "circ": "cnx-lin-borrowed-1"}: 0.1.0 1543533988.78   7.861937119289498e-05
{"n": 14, "noise": "sc-better-t1", "circ": "cnx-lin-borrowed-1"}: 0.1.0 1543534170.85   2.781976884071349e-07
{"n": 14, "noise": "sc-better-t1", "circ": "cnx-lin-borrowed-1"}: 0.1.0 1543534352.02   0.9998524393452186
{"n": 14, "noise": "sc-better-t1", "circ": "cnx-lin-borrowed-1"}: 0.1.0 1543534523.99   8.647035920025377e-09
{"n": 14, "noise": "sc-better-t1", "circ": "cnx-lin-borrowed-1"}: 0.1.0 1543534705.67   3.844087593706533e-05
{"n": 14, "noise": "sc-better-t1", "circ": "cnx-lin-borrowed-1"}: 0.1.0 1543534890.80   8.935314355008814e-06
{"n": 14, "noise": "sc-better-t1", "circ": "cnx-lin-borrowed-1"}: 0.1.0 1543535069.69   1.4039277908305438e-08
{"n": 14, "noise": "sc-better-t1", "circ": "cnx-lin-borrowed-1"}: 0.1.0 1543535243.10   0.9998520813730765
{"n": 14, "noise": "sc-better-t1", "circ": "cnx-lin-borrowed-1"}: 0.1.0 1543535430.04   0.9998511748807904
{"n": 14, "noise": "sc-better-t1", "circ": "cnx-lin-borrowed-1"}: 0.1.0 1543535613.98   7.533594684729417e-05
{"n": 14, "noise": "sc-better-t1", "circ": "cnx-lin-borrowed-1"}: 0.1.0 1543535783.67   8.738024076498588e-05
{"n": 14, "noise": "sc-better-t1", "circ": "cnx-lin-borrowed-1"}: 0.1.0 1543535961.23   1.6195097683603234e-05
{"n": 14, "noise": "sc-better-t1", "circ": "cnx-lin-borrowed-1"}: 0.1.0 1543536142.72   0.9998531203103138
{"n": 14, "noise": "sc-better-t1", "circ": "cnx-lin-borrowed-1"}: 0.1.0 1543536307.17   0.9998517677193653
{"n": 14, "noise": "sc-better-t1", "circ": "cnx-lin-borrowed-1"}: 0.1.0 1543536480.16   6.060323971473467e-07
{"n": 14, "noise": "sc-better-t1", "circ": "cnx-lin-borrowed-1"}: 0.1.0 1543536671.85   3.714139038389601e-05
{"n": 14, "noise": "sc-better-t1", "circ": "cnx-lin-borrowed-1"}: 0.1.0 1543536844.82   0.9998497200397563
{"n": 14, "noise": "sc-better-t1", "circ": "cnx-lin-borrowed-1"}: 0.1.0 1543537033.93   2.3521382925311018e-05
{"n": 14, "noise": "sc-better-t1", "circ": "cnx-lin-borrowed-1"}: 0.1.0 1543537214.85   5.235870898971019e-05
{"n": 14, "noise": "sc-better-t1", "circ": "cnx-lin-borrowed-1"}: 0.1.0 1543537398.83   2.9348588659483792e-05
{"n": 14, "noise": "sc-better-t1", "circ": "cnx-lin-borrowed-1"}: 0.1.0 1543537575.07   0.9998501709619046
{"n": 14, "noise": "sc-better-t1", "circ": "cnx-lin-borrowed-1"}: 0.1.0 1543537746.13   6.46753385297476e-07
{"n": 14, "noise": "sc-better-t1", "circ": "cnx-lin-borrowed-1"}: 0.1.0 1543537923.49   0.9998503892283539
{"n": 14, "noise": "sc-better-t1", "circ": "cnx-lin-borrowed-1"}: 0.1.0 1543538093.42   0.9998516058688645
{"n": 14, "noise": "sc-better-t1", "circ": "cnx-lin-borrowed-1"}: 0.1.0 1543538267.51   0.9998502530040613
{"n": 14, "noise": "sc-better-t1", "circ": "cnx-lin-borrowed-1"}: 0.1.0 1543538455.27   0.999850811276617
{"n": 14, "noise": "sc-better-t1", "circ": "cnx-lin-borrowed-1"}: 0.1.0 1543538630.73   0.9998474660684582
{"n": 14, "noise": "sc-better-t1", "circ": "cnx-lin-borrowed-1"}: 0.1.0 1543538808.75   1.785692124737082e-05
=====
{"n": 14, "noise": "sc-better-t1", "circ": "cnx-lin"}: 0.1.0 1543539763.13   2.35680614636054e-05
{"n": 14, "noise": "sc-better-t1", "circ": "cnx-lin"}: 0.1.0 1543540546.92   6.648193158426312e-05
{"n": 14, "noise": "sc-better-t1", "circ": "cnx-lin"}: 0.1.0 1543541365.35   8.011947890943576e-06
{"n": 14, "noise": "sc-better-t1", "circ": "cnx-lin"}: 0.1.0 1543542227.46   6.284247874901062e-05
{"n": 14, "noise": "sc-better-t1", "circ": "cnx-lin"}: 0.1.0 1543543055.68   6.147263084054295e-05
{"n": 14, "noise": "sc-better-t1", "circ": "cnx-lin"}: 0.1.0 1543543865.56   1.0145025851331369e-05
{"n": 14, "noise": "sc-better-t1", "circ": "cnx-lin"}: 0.1.0 1543544744.18   6.339269640554134e-05
{"n": 14, "noise": "sc-better-t1", "circ": "cnx-lin"}: 0.1.0 1543545686.94   2.8854549719198532e-05
{"n": 14, "noise": "sc-better-t1", "circ": "cnx-lin"}: 0.1.0 1543546540.78   0.0001402996928785052
{"n": 14, "noise": "sc-better-t1", "circ": "cnx-lin"}: 0.1.0 1543547406.36   9.570752936720824e-05
=====
{"n": 14, "noise": "sc-better-t1-and-gates", "circ": "cnx-btb"}: 0.1.0 1543548899.26   0.9999974361970404
{"n": 14, "noise": "sc-better-t1-and-gates", "circ": "cnx-btb"}: 0.1.0 1543550215.68   0.9999973215003378
{"n": 14, "noise": "sc-better-t1-and-gates", "circ": "cnx-btb"}: 0.1.0 1543551522.08   0.9999972755595319
{"n": 14, "noise": "sc-better-t1-and-gates", "circ": "cnx-btb"}: 0.1.0 1543552832.60   0.9999972838379257
{"n": 14, "noise": "sc-better-t1-and-gates", "circ": "cnx-btb"}: 0.1.0 1543554149.05   0.9999972731797088
{"n": 14, "noise": "sc-better-t1-and-gates", "circ": "cnx-btb"}: 0.1.0 1543555461.45   0.999997297349406
{"n": 14, "noise": "sc-better-t1-and-gates", "circ": "cnx-btb"}: 0.1.0 1543556764.71   0.9999973744955559
{"n": 14, "noise": "sc-better-t1-and-gates", "circ": "cnx-btb"}: 0.1.0 1543558079.24   0.9999973675450168
{"n": 14, "noise": "sc-better-t1-and-gates", "circ": "cnx-btb"}: 0.1.0 1543559376.60   0.9999974255518977
{"n": 14, "noise": "sc-better-t1-and-gates", "circ": "cnx-btb"}: 0.1.0 1543560687.59   0.999997228295446
{"n": 14, "noise": "sc-better-t1-and-gates", "circ": "cnx-btb"}: 0.1.0 1543561986.57   0.999997431807311
{"n": 14, "noise": "sc-better-t1-and-gates", "circ": "cnx-btb"}: 0.1.0 1543563296.42   0.9999973067868321
{"n": 14, "noise": "sc-better-t1-and-gates", "circ": "cnx-btb"}: 0.1.0 1543564599.22   0.9999973534445408
{"n": 14, "noise": "sc-better-t1-and-gates", "circ": "cnx-btb"}: 0.1.0 1543565906.41   0.999997225756941
{"n": 14, "noise": "sc-better-t1-and-gates", "circ": "cnx-btb"}: 0.1.0 1543567205.97   0.9999972805628979
{"n": 14, "noise": "sc-better-t1-and-gates", "circ": "cnx-btb"}: 0.1.0 1543568520.10   0.9999973783519015
{"n": 14, "noise": "sc-better-t1-and-gates", "circ": "cnx-btb"}: 0.1.0 1543569832.10   0.99999748012669
{"n": 14, "noise": "sc-better-t1-and-gates", "circ": "cnx-btb"}: 0.1.0 1543571133.79   0.00014269910709398994
{"n": 14, "noise": "sc-better-t1-and-gates", "circ": "cnx-btb"}: 0.1.0 1543572438.87   0.9999971915151346
{"n": 14, "noise": "sc-better-t1-and-gates", "circ": "cnx-btb"}: 0.1.0 1543573746.82   0.9999973089383204
{"n": 14, "noise": "sc-better-t1-and-gates", "circ": "cnx-btb"}: 0.1.0 1543575049.51   0.999997372745591
{"n": 14, "noise": "sc-better-t1-and-gates", "circ": "cnx-btb"}: 0.1.0 1543576355.69   0.9999973442487884
{"n": 14, "noise": "sc-better-t1-and-gates", "circ": "cnx-btb"}: 0.1.0 1543577665.72   0.9999973338713251
{"n": 14, "noise": "sc-better-t1-and-gates", "circ": "cnx-btb"}: 0.1.0 1543578975.99   0.9999974215095851
{"n": 14, "noise": "sc-better-t1-and-gates", "circ": "cnx-btb"}: 0.1.0 1543580286.69   0.9999973033994993
{"n": 14, "noise": "sc-better-t1-and-gates", "circ": "cnx-btb"}: 0.1.0 1543581595.77   0.999997250161098
{"n": 14, "noise": "sc-better-t1-and-gates", "circ": "cnx-btb"}: 0.1.0 1543582912.09   0.9999973430852074
{"n": 14, "noise": "sc-better-t1-and-gates", "circ": "cnx-btb"}: 0.1.0 1543584215.80   0.9999972358450876
{"n": 14, "noise": "sc-better-t1-and-gates", "circ": "cnx-btb"}: 0.1.0 1543585527.99   1.0323687550047394e-05
{"n": 14, "noise": "sc-better-t1-and-gates", "circ": "cnx-btb"}: 0.1.0 1543586841.36   0.9999974420927283
{"n": 14, "noise": "sc-better-t1-and-gates", "circ": "cnx-btb"}: 0.1.0 1543588157.31   0.9999972560089002
{"n": 14, "noise": "sc-better-t1-and-gates", "circ": "cnx-btb"}: 0.1.0 1543589468.29   0.9999972645366473
{"n": 14, "noise": "sc-better-t1-and-gates", "circ": "cnx-btb"}: 0.1.0 1543590783.50   0.9999974157483329
{"n": 14, "noise": "sc-better-t1-and-gates", "circ": "cnx-btb"}: 0.1.0 1543592093.91   0.9999971530405615
{"n": 14, "noise": "sc-better-t1-and-gates", "circ": "cnx-btb"}: 0.1.0 1543593401.38   4.672409188652691e-05
{"n": 14, "noise": "sc-better-t1-and-gates", "circ": "cnx-btb"}: 0.1.0 1543594703.99   0.9999972974008563
{"n": 14, "noise": "sc-better-t1-and-gates", "circ": "cnx-btb"}: 0.1.0 1543596011.65   0.9999972400273941
{"n": 14, "noise": "sc-better-t1-and-gates", "circ": "cnx-btb"}: 0.1.0 1543597322.81   0.999997142564877
{"n": 14, "noise": "sc-better-t1-and-gates", "circ": "cnx-btb"}: 0.1.0 1543598628.23   0.9999973749340781
{"n": 14, "noise": "sc-better-t1-and-gates", "circ": "cnx-btb"}: 0.1.0 1543599923.73   0.9999973135664545
{"n": 14, "noise": "sc-better-t1-and-gates", "circ": "cnx-btb"}: 0.1.0 1543601222.42   0.9999972289692355
{"n": 14, "noise": "sc-better-t1-and-gates", "circ": "cnx-btb"}: 0.1.0 1543602523.50   0.9999973237936863
{"n": 14, "noise": "sc-better-t1-and-gates", "circ": "cnx-btb"}: 0.1.0 1543603828.55   0.9999973843569163
{"n": 14, "noise": "sc-better-t1-and-gates", "circ": "cnx-btb"}: 0.1.0 1543605138.03   0.9999972506337932
{"n": 14, "noise": "sc-better-t1-and-gates", "circ": "cnx-btb"}: 0.1.0 1543606449.21   0.9999974439214994
{"n": 14, "noise": "sc-better-t1-and-gates", "circ": "cnx-btb"}: 0.1.0 1543607749.21   0.9999972371335738
{"n": 14, "noise": "sc-better-t1-and-gates", "circ": "cnx-btb"}: 0.1.0 1543609060.83   5.556257939577211e-06
{"n": 14, "noise": "sc-better-t1-and-gates", "circ": "cnx-btb"}: 0.1.0 1543610372.96   0.9999975208677694
{"n": 14, "noise": "sc-better-t1-and-gates", "circ": "cnx-btb"}: 0.1.0 1543611689.67   0.9999973473711131
{"n": 14, "noise": "sc-better-t1-and-gates", "circ": "cnx-btb"}: 0.1.0 1543613000.36   0.9999971483174792
{"n": 14, "noise": "sc-better-t1-and-gates", "circ": "cnx-btb"}: 0.1.0 1543614312.16   0.9999973262446922
