=====
{"n": 14, "noise": "sc-better-gates", "circ": "cnx-btb"}: 0.1.0 1543473515.82   1.1322735348947015e-06
{"n": 14, "noise": "sc-better-gates", "circ": "cnx-btb"}: 0.1.0 1543474792.64   8.960127844581821e-05
{"n": 14, "noise": "sc-better-gates", "circ": "cnx-btb"}: 0.1.0 1543476070.24   0.9997365846512846
{"n": 14, "noise": "sc-better-gates", "circ": "cnx-btb"}: 0.1.0 1543477338.71   1.868037974820434e-05
{"n": 14, "noise": "sc-better-gates", "circ": "cnx-btb"}: 0.1.0 1543478612.55   0.9997336737020316
{"n": 14, "noise": "sc-better-gates", "circ": "cnx-btb"}: 0.1.0 1543479905.87   0.9997365972773148
{"n": 14, "noise": "sc-better-gates", "circ": "cnx-btb"}: 0.1.0 1543481172.27   0.9997344898612961
{"n": 14, "noise": "sc-better-gates", "circ": "cnx-btb"}: 0.1.0 1543482451.10   0.999736164204873
{"n": 14, "noise": "sc-better-gates", "circ": "cnx-btb"}: 0.1.0 1543483742.89   0.9997336935468706
{"n": 14, "noise": "sc-better-gates", "circ": "cnx-btb"}: 0.1.0 1543485032.03   0.9997351712004576
{"n": 14, "noise": "sc-better-gates", "circ": "cnx-btb"}: 0.1.0 1543486327.14   8.828429549918863e-05
{"n": 14, "noise": "sc-better-gates", "circ": "cnx-btb"}: 0.1.0 1543487613.20   0.9997325741167002
{"n": 14, "noise": "sc-better-gates", "circ": "cnx-btb"}: 0.1.0 1543488912.73   0.9997326103812614
{"n": 14, "noise": "sc-better-gates", "circ": "cnx-btb"}: 0.1.0 1543490207.23   0.014359504599825539
{"n": 14, "noise": "sc-better-gates", "circ": "cnx-btb"}: 0.1.0 1543491505.45   0.9997386491352415
{"n": 14, "noise": "sc-better-gates", "circ": "cnx-btb"}: 0.1.0 1543492807.93   0.9997353441373916
{"n": 14, "noise": "sc-better-gates", "circ": "cnx-btb"}: 0.1.0 1543494083.74   0.9997325910080391
{"n": 14, "noise": "sc-better-gates", "circ": "cnx-btb"}: 0.1.0 1543495376.03   0.9997313583283893
{"n": 14, "noise": "sc-better-gates", "circ": "cnx-btb"}: 0.1.0 1543496670.65   0.9997348564216538
{"n": 14, "noise": "sc-better-gates", "circ": "cnx-btb"}: 0.1.0 1543497952.28   0.9997334259597964
{"n": 14, "noise": "sc-better-gates", "circ": "cnx-btb"}: 0.1.0 1543499248.39   0.9997345287939575
{"n": 14, "noise": "sc-better-gates", "circ": "cnx-btb"}: 0.1.0 1543500533.41   0.9997297895533315
{"n": 14, "noise": "sc-better-gates", "circ": "cnx-btb"}: 0.1.0 1543501813.44   0.9997411525210391
{"n": 14, "noise": "sc-better-gates", "circ": "cnx-btb"}: 0.1.0 1543503102.37   0.9997339325976374
{"n": 14, "noise": "sc-better-gates", "circ": "cnx-btb"}: 0.1.0 1543504388.03   0.9997341432510659
{"n": 14, "noise": "sc-better-gates", "circ": "cnx-btb"}: 0.1.0 1543505670.05   0.03139025422664224
{"n": 14, "noise": "sc-better-gates", "circ": "cnx-btb"}: 0.1.0 1543506949.60   0.9997293125659301
{"n": 14, "noise": "sc-better-gates", "circ": "cnx-btb"}: 0.1.0 1543508228.82   0.9997375824762144
{"n": 14, "noise": "sc-better-gates", "circ": "cnx-btb"}: 0.1.0 1543509520.30   2.3242499232381867e-05
{"n": 14, "noise": "sc-better-gates", "circ": "cnx-btb"}: 0.1.0 1543510809.02   0.0
{"n": 14, "noise": "sc-better-gates", "circ": "cnx-btb"}: 0.1.0 1543512093.54   0.9997379780864961
{"n": 14, "noise": "sc-better-gates", "circ": "cnx-btb"}: 0.1.0 1543513383.48   0.999731442185829
{"n": 14, "noise": "sc-better-gates", "circ": "cnx-btb"}: 0.1.0 1543514680.15   0.9997355085334506
{"n": 14, "noise": "sc-better-gates", "circ": "cnx-btb"}: 0.1.0 1543515972.68   0.9997391288648493
{"n": 14, "noise": "sc-better-gates", "circ": "cnx-btb"}: 0.1.0 1543517273.40   0.9997327697146877
{"n": 14, "noise": "sc-better-gates", "circ": "cnx-btb"}: 0.1.0 1543518568.01   0.9997322768407202
{"n": 14, "noise": "sc-better-gates", "circ": "cnx-btb"}: 0.1.0 1543519857.03   0.9997319970599278
{"n": 14, "noise": "sc-better-gates", "circ": "cnx-btb"}: 0.1.0 1543521153.40   0.9997336112749057
{"n": 14, "noise": "sc-better-gates", "circ": "cnx-btb"}: 0.1.0 1543522453.06   0.9997355758122738
{"n": 14, "noise": "sc-better-gates", "circ": "cnx-btb"}: 0.1.0 1543523744.16   2.4991412434563124e-07
=====
{"n": 14, "noise": "sc-better-t1", "circ": "cnx-lin"}: 0.1.0 1543525731.98   0.00011622922485949417
{"n": 14, "noise": "sc-better-t1", "circ": "cnx-lin"}: 0.1.0 1543526583.44   2.044334821960005e-05
{"n": 14, "noise": "sc-better-t1", "circ": "cnx-lin"}: 0.1.0 1543527445.91   5.335784304788048e-05
{"n": 14, "noise": "sc-better-t1", "circ": "cnx-lin"}: 0.1.0 1543528323.08   2.232857631692656e-06
{"n": 14, "noise": "sc-better-t1", "circ": "cnx-lin"}: 0.1.0 1543529190.65   3.12470050757889e-05
{"n": 14, "noise": "sc-better-t1", "circ": "cnx-lin"}: 0.1.0 1543530038.84   2.7408405213465073e-05
{"n": 14, "noise": "sc-better-t1", "circ": "cnx-lin"}: 0.1.0 1543530930.73   4.922587960188758e-05
{"n": 14, "noise": "sc-better-t1", "circ": "cnx-lin"}: 0.1.0 1543531824.93   5.4409745774415584e-05
{"n": 14, "noise": "sc-better-t1", "circ": "cnx-lin"}: 0.1.0 1543532705.61   9.676474602095345e-05
{"n": 14, "noise": "sc-better-t1", "circ": "cnx-lin"}: 0.1.0 1543533552.29   2.7947664129586952e-05
{"n": 14, "noise": "sc-better-t1", "circ": "cnx-lin"}: 0.1.0 1543534381.87   9.561040388210445e-05
{"n": 14, "noise": "sc-better-t1", "circ": "cnx-lin"}: 0.1.0 1543535227.40   7.540055345245653e-05
{"n": 14, "noise": "sc-better-t1", "circ": "cnx-lin"}: 0.1.0 1543536114.97   1.1577443968054968e-05
{"n": 14, "noise": "sc-better-t1", "circ": "cnx-lin"}: 0.1.0 1543537025.86   0.0001344042672213555
{"n": 14, "noise": "sc-better-t1", "circ": "cnx-lin"}: 0.1.0 1543537824.57   1.0921879832803461e-07
{"n": 14, "noise": "sc-better-t1", "circ": "cnx-lin"}: 0.1.0 1543538696.95   3.4742291910570455e-07
=====
{"n": 14, "noise": "sc-better-gates", "circ": "cnx-btb"}: 0.1.0 1543540196.34   0.9997345669034825
{"n": 14, "noise": "sc-better-gates", "circ": "cnx-btb"}: 0.1.0 1543541492.80   0.9997342881742393
{"n": 14, "noise": "sc-better-gates", "circ": "cnx-btb"}: 0.1.0 1543542798.07   0.9997345935066846
{"n": 14, "noise": "sc-better-gates", "circ": "cnx-btb"}: 0.1.0 1543544105.96   0.999736784285306
{"n": 14, "noise": "sc-better-gates", "circ": "cnx-btb"}: 0.1.0 1543545406.50   0.9997341979555667
{"n": 14, "noise": "sc-better-gates", "circ": "cnx-btb"}: 0.1.0 1543546700.72   0.9997332048887337
=====
{"n": 14, "noise": "sc-better-t1", "circ": "cnx-btb"}: 0.1.0 1543548868.53   0.9999974513426381
{"n": 14, "noise": "sc-better-t1", "circ": "cnx-btb"}: 0.1.0 1543550140.18   0.999997281774559
{"n": 14, "noise": "sc-better-t1", "circ": "cnx-btb"}: 0.1.0 1543551425.99   0.9999973419418435
{"n": 14, "noise": "sc-better-t1", "circ": "cnx-btb"}: 0.1.0 1543552716.68   0.99999725593763
{"n": 14, "noise": "sc-better-t1", "circ": "cnx-btb"}: 0.1.0 1543554005.81   7.71570208922313e-06
{"n": 14, "noise": "sc-better-t1", "circ": "cnx-btb"}: 0.1.0 1543555303.18   0.9999971859628012
{"n": 14, "noise": "sc-better-t1", "circ": "cnx-btb"}: 0.1.0 1543556589.56   0.9999973111530434
{"n": 14, "noise": "sc-better-t1", "circ": "cnx-btb"}: 0.1.0 1543557881.57   0.9999973490822676
{"n": 14, "noise": "sc-better-t1", "circ": "cnx-btb"}: 0.1.0 1543559171.80   0.9999973170272306
{"n": 14, "noise": "sc-better-t1", "circ": "cnx-btb"}: 0.1.0 1543560448.00   0.9999974161102998
{"n": 14, "noise": "sc-better-t1", "circ": "cnx-btb"}: 0.1.0 1543561734.22   0.9999973273716001
{"n": 14, "noise": "sc-better-t1", "circ": "cnx-btb"}: 0.1.0 1543563020.51   0.9999972558136486
{"n": 14, "noise": "sc-better-t1", "circ": "cnx-btb"}: 0.1.0 1543564305.12   0.9999973247039525
{"n": 14, "noise": "sc-better-t1", "circ": "cnx-btb"}: 0.1.0 1543565589.30   9.482516625060804e-06
{"n": 14, "noise": "sc-better-t1", "circ": "cnx-btb"}: 0.1.0 1543566867.12   0.9999971476984633
{"n": 14, "noise": "sc-better-t1", "circ": "cnx-btb"}: 0.1.0 1543568159.57   1.79339989503521e-05
{"n": 14, "noise": "sc-better-t1", "circ": "cnx-btb"}: 0.1.0 1543569449.74   0.0018107358643063179
{"n": 14, "noise": "sc-better-t1", "circ": "cnx-btb"}: 0.1.0 1543570729.07   3.505627735701158e-05
{"n": 14, "noise": "sc-better-t1", "circ": "cnx-btb"}: 0.1.0 1543572010.70   1.2496196573933213e-05
{"n": 14, "noise": "sc-better-t1", "circ": "cnx-btb"}: 0.1.0 1543573294.08   7.639621416700211e-06
{"n": 14, "noise": "sc-better-t1", "circ": "cnx-btb"}: 0.1.0 1543574579.13   7.345239284517683e-05
{"n": 14, "noise": "sc-better-t1", "circ": "cnx-btb"}: 0.1.0 1543575852.78   0.9999973086675291
{"n": 14, "noise": "sc-better-t1", "circ": "cnx-btb"}: 0.1.0 1543577143.54   0.9999973085170193
{"n": 14, "noise": "sc-better-t1", "circ": "cnx-btb"}: 0.1.0 1543578427.85   0.9999971806932686
{"n": 14, "noise": "sc-better-t1", "circ": "cnx-btb"}: 0.1.0 1543579707.27   0.9999973662614181
{"n": 14, "noise": "sc-better-t1", "circ": "cnx-btb"}: 0.1.0 1543581000.98   0.9999973698924115
{"n": 14, "noise": "sc-better-t1", "circ": "cnx-btb"}: 0.1.0 1543582284.65   0.9999972341325754
{"n": 14, "noise": "sc-better-t1", "circ": "cnx-btb"}: 0.1.0 1543583567.16   7.2045079662413854e-06
{"n": 14, "noise": "sc-better-t1", "circ": "cnx-btb"}: 0.1.0 1543584848.40   0.9999973834687359
{"n": 14, "noise": "sc-better-t1", "circ": "cnx-btb"}: 0.1.0 1543586138.01   0.9999972379306791
{"n": 14, "noise": "sc-better-t1", "circ": "cnx-btb"}: 0.1.0 1543587423.04   0.9999973331880002
{"n": 14, "noise": "sc-better-t1", "circ": "cnx-btb"}: 0.1.0 1543588713.28   0.9999972030276134
{"n": 14, "noise": "sc-better-t1", "circ": "cnx-btb"}: 0.1.0 1543589990.75   0.9999971808265645
{"n": 14, "noise": "sc-better-t1", "circ": "cnx-btb"}: 0.1.0 1543591285.44   1.5829001432480555e-05
{"n": 14, "noise": "sc-better-t1", "circ": "cnx-btb"}: 0.1.0 1543592569.96   0.0001646799357846543
{"n": 14, "noise": "sc-better-t1", "circ": "cnx-btb"}: 0.1.0 1543593847.50   0.9999973443442381
{"n": 14, "noise": "sc-better-t1", "circ": "cnx-btb"}: 0.1.0 1543595129.84   0.9999972346692672
{"n": 14, "noise": "sc-better-t1", "circ": "cnx-btb"}: 0.1.0 1543596413.54   0.999997293701143
{"n": 14, "noise": "sc-better-t1", "circ": "cnx-btb"}: 0.1.0 1543597694.83   1.70228422080279e-06
{"n": 14, "noise": "sc-better-t1", "circ": "cnx-btb"}: 0.1.0 1543598977.22   0.9999972247032012
{"n": 14, "noise": "sc-better-t1", "circ": "cnx-btb"}: 0.1.0 1543600256.33   7.713207524025319e-07
{"n": 14, "noise": "sc-better-t1", "circ": "cnx-btb"}: 0.1.0 1543601546.72   0.9999973885752771
{"n": 14, "noise": "sc-better-t1", "circ": "cnx-btb"}: 0.1.0 1543602831.35   0.9999972517410691
{"n": 14, "noise": "sc-better-t1", "circ": "cnx-btb"}: 0.1.0 1543604116.46   0.9999972702271571
{"n": 14, "noise": "sc-better-t1", "circ": "cnx-btb"}: 0.1.0 1543605407.89   1.3996468527268097e-05
{"n": 14, "noise": "sc-better-t1", "circ": "cnx-btb"}: 0.1.0 1543606703.80   0.9999972956161606
{"n": 14, "noise": "sc-better-t1", "circ": "cnx-btb"}: 0.1.0 1543607988.27   0.9999973634112325
{"n": 14, "noise": "sc-better-t1", "circ": "cnx-btb"}: 0.1.0 1543609278.63   0.9999974370710446
{"n": 14, "noise": "sc-better-t1", "circ": "cnx-btb"}: 0.1.0 1543610564.62   0.9999973889131999
{"n": 14, "noise": "sc-better-t1", "circ": "cnx-btb"}: 0.1.0 1543611849.13   0.9999972192367941
{"n": 14, "noise": "sc-better-t1", "circ": "cnx-btb"}: 0.1.0 1543613135.02   0.9999974105322648
{"n": 14, "noise": "sc-better-t1", "circ": "cnx-btb"}: 0.1.0 1543614412.45   0.9999974107044284
