=====
{"n": 14, "noise": "sc-better-gates", "circ": "cnx-lin-borrowed-1"}: 0.1.0 1543539138.48   1.1228249830534338e-06
{"n": 14, "noise": "sc-better-gates", "circ": "cnx-lin-borrowed-1"}: 0.1.0 1543539319.59   4.177249079519537e-05
{"n": 14, "noise": "sc-better-gates", "circ": "cnx-lin-borrowed-1"}: 0.1.0 1543539502.74   0.9848748042950654
{"n": 14, "noise": "sc-better-gates", "circ": "cnx-lin-borrowed-1"}: 0.1.0 1543539693.96   2.3607352330831868e-05
{"n": 14, "noise": "sc-better-gates", "circ": "cnx-lin-borrowed-1"}: 0.1.0 1543539876.63   0.9848213745266333
{"n": 14, "noise": "sc-better-gates", "circ": "cnx-lin-borrowed-1"}: 0.1.0 1543540063.09   0.9848024323302402
{"n": 14, "noise": "sc-better-gates", "circ": "cnx-lin-borrowed-1"}: 0.1.0 1543540240.70   3.699256347138339e-05
{"n": 14, "noise": "sc-better-gates", "circ": "cnx-lin-borrowed-1"}: 0.1.0 1543540422.79   9.030753597117494e-06
{"n": 14, "noise": "sc-better-gates", "circ": "cnx-lin-borrowed-1"}: 0.1.0 1543540607.79   1.0555579272638867e-05
{"n": 14, "noise": "sc-better-gates", "circ": "cnx-lin-borrowed-1"}: 0.1.0 1543540799.71   0.9848577772856006
{"n": 14, "noise": "sc-better-gates", "circ": "cnx-lin-borrowed-1"}: 0.1.0 1543540978.58   0.984890217263714
{"n": 14, "noise": "sc-better-gates", "circ": "cnx-lin-borrowed-1"}: 0.1.0 1543541171.84   9.264464138579394e-05
{"n": 14, "noise": "sc-better-gates", "circ": "cnx-lin-borrowed-1"}: 0.1.0 1543541365.21   4.806278044658059e-06
{"n": 14, "noise": "sc-better-gates", "circ": "cnx-lin-borrowed-1"}: 0.1.0 1543541531.30   5.51401884174831e-05
{"n": 14, "noise": "sc-better-gates", "circ": "cnx-lin-borrowed-1"}: 0.1.0 1543541697.96   6.726567282207049e-05
{"n": 14, "noise": "sc-better-gates", "circ": "cnx-lin-borrowed-1"}: 0.1.0 1543541886.97   1.0894809074910412e-05
{"n": 14, "noise": "sc-better-gates", "circ": "cnx-lin-borrowed-1"}: 0.1.0 1543542069.94   1.329707716488363e-05
{"n": 14, "noise": "sc-better-gates", "circ": "cnx-lin-borrowed-1"}: 0.1.0 1543542246.05   3.4463477334760136e-05
{"n": 14, "noise": "sc-better-gates", "circ": "cnx-lin-borrowed-1"}: 0.1.0 1543542427.54   6.319366485165766e-05
{"n": 14, "noise": "sc-better-gates", "circ": "cnx-lin-borrowed-1"}: 0.1.0 1543542609.07   4.955528072833296e-06
{"n": 14, "noise": "sc-better-gates", "circ": "cnx-lin-borrowed-1"}: 0.1.0 1543542796.00   0.9849294516362825
{"n": 14, "noise": "sc-better-gates", "circ": "cnx-lin-borrowed-1"}: 0.1.0 1543542975.49   9.404517569043445e-05
{"n": 14, "noise": "sc-better-gates", "circ": "cnx-lin-borrowed-1"}: 0.1.0 1543543160.29   5.54438968803022e-06
{"n": 14, "noise": "sc-better-gates", "circ": "cnx-lin-borrowed-1"}: 0.1.0 1543543344.44   8.24195465201745e-05
{"n": 14, "noise": "sc-better-gates", "circ": "cnx-lin-borrowed-1"}: 0.1.0 1543543514.62   1.0202922954693073e-05
{"n": 14, "noise": "sc-better-gates", "circ": "cnx-lin-borrowed-1"}: 0.1.0 1543543679.10   0.984970799302987
{"n": 14, "noise": "sc-better-gates", "circ": "cnx-lin-borrowed-1"}: 0.1.0 1543543849.82   0.9850847012848806
{"n": 14, "noise": "sc-better-gates", "circ": "cnx-lin-borrowed-1"}: 0.1.0 1543544030.37   0.9849082710138471
{"n": 14, "noise": "sc-better-gates", "circ": "cnx-lin-borrowed-1"}: 0.1.0 1543544194.81   7.735689015033858e-06
{"n": 14, "noise": "sc-better-gates", "circ": "cnx-lin-borrowed-1"}: 0.1.0 1543544362.77   0.9848435037866555
{"n": 14, "noise": "sc-better-gates", "circ": "cnx-lin-borrowed-1"}: 0.1.0 1543544532.51   4.487100578357776e-05
{"n": 14, "noise": "sc-better-gates", "circ": "cnx-lin-borrowed-1"}: 0.1.0 1543544723.19   6.691826454972383e-05
{"n": 14, "noise": "sc-better-gates", "circ": "cnx-lin-borrowed-1"}: 0.1.0 1543544910.25   1.174914687020382e-05
{"n": 14, "noise": "sc-better-gates", "circ": "cnx-lin-borrowed-1"}: 0.1.0 1543545094.40   0.9849540881403033
{"n": 14, "noise": "sc-better-gates", "circ": "cnx-lin-borrowed-1"}: 0.1.0 1543545271.35   0.9848691120851308
{"n": 14, "noise": "sc-better-gates", "circ": "cnx-lin-borrowed-1"}: 0.1.0 1543545438.54   0.0001022739996832724
{"n": 14, "noise": "sc-better-gates", "circ": "cnx-lin-borrowed-1"}: 0.1.0 1543545620.89   0.9848687063950652
{"n": 14, "noise": "sc-better-gates", "circ": "cnx-lin-borrowed-1"}: 0.1.0 1543545814.59   0.9849664245182491
{"n": 14, "noise": "sc-better-gates", "circ": "cnx-lin-borrowed-1"}: 0.1.0 1543545996.87   8.205970715362742e-05
{"n": 14, "noise": "sc-better-gates", "circ": "cnx-lin-borrowed-1"}: 0.1.0 1543546169.96   0.9849586046972731
{"n": 14, "noise": "sc-better-gates", "circ": "cnx-lin-borrowed-1"}: 0.1.0 1543546359.81   2.4755108173737093e-06
{"n": 14, "noise": "sc-better-gates", "circ": "cnx-lin-borrowed-1"}: 0.1.0 1543546544.89   1.4810788933371762e-05
{"n": 14, "noise": "sc-better-gates", "circ": "cnx-lin-borrowed-1"}: 0.1.0 1543546722.65   1.8326275677599353e-06
{"n": 14, "noise": "sc-better-gates", "circ": "cnx-lin-borrowed-1"}: 0.1.0 1543546897.77   0.9846963846428162
{"n": 14, "noise": "sc-better-gates", "circ": "cnx-lin-borrowed-1"}: 0.1.0 1543547061.96   2.4485004285436027e-05
{"n": 14, "noise": "sc-better-gates", "circ": "cnx-lin-borrowed-1"}: 0.1.0 1543547238.97   3.11599205010889e-06
{"n": 14, "noise": "sc-better-gates", "circ": "cnx-lin-borrowed-1"}: 0.1.0 1543547414.81   1.797345405866591e-05
=====
{"n": 14, "noise": "sc-better-t1-and-gates", "circ": "cnx-lin"}: 0.1.0 1543548451.66   0.9984289762157773
{"n": 14, "noise": "sc-better-t1-and-gates", "circ": "cnx-lin"}: 0.1.0 1543549273.79   0.0001062387364163671
{"n": 14, "noise": "sc-better-t1-and-gates", "circ": "cnx-lin"}: 0.1.0 1543550094.59   0.9984548197647526
{"n": 14, "noise": "sc-better-t1-and-gates", "circ": "cnx-lin"}: 0.1.0 1543550929.90   3.5517900395638537e-06
{"n": 14, "noise": "sc-better-t1-and-gates", "circ": "cnx-lin"}: 0.1.0 1543551805.79   8.946167783432581e-06
{"n": 14, "noise": "sc-better-t1-and-gates", "circ": "cnx-lin"}: 0.1.0 1543552683.22   3.23915190649797e-05
{"n": 14, "noise": "sc-better-t1-and-gates", "circ": "cnx-lin"}: 0.1.0 1543553578.97   3.971033435379308e-05
{"n": 14, "noise": "sc-better-t1-and-gates", "circ": "cnx-lin"}: 0.1.0 1543554436.42   0.0001491935870200743
{"n": 14, "noise": "sc-better-t1-and-gates", "circ": "cnx-lin"}: 0.1.0 1543555281.80   5.339506938927901e-06
{"n": 14, "noise": "sc-better-t1-and-gates", "circ": "cnx-lin"}: 0.1.0 1543556172.70   0.99843772987956
{"n": 14, "noise": "sc-better-t1-and-gates", "circ": "cnx-lin"}: 0.1.0 1543557031.91   7.312029837190683e-05
{"n": 14, "noise": "sc-better-t1-and-gates", "circ": "cnx-lin"}: 0.1.0 1543557965.29   4.057677848959611e-05
{"n": 14, "noise": "sc-better-t1-and-gates", "circ": "cnx-lin"}: 0.1.0 1543558857.22   7.279184789602039e-05
{"n": 14, "noise": "sc-better-t1-and-gates", "circ": "cnx-lin"}: 0.1.0 1543559769.25   0.00012037269602128534
{"n": 14, "noise": "sc-better-t1-and-gates", "circ": "cnx-lin"}: 0.1.0 1543560725.24   0.9984102442504645
{"n": 14, "noise": "sc-better-t1-and-gates", "circ": "cnx-lin"}: 0.1.0 1543561651.29   3.1340636434765404e-05
{"n": 14, "noise": "sc-better-t1-and-gates", "circ": "cnx-lin"}: 0.1.0 1543562576.29   0.00011632220137609236
{"n": 14, "noise": "sc-better-t1-and-gates", "circ": "cnx-lin"}: 0.1.0 1543563431.10   3.0301909504503337e-05
{"n": 14, "noise": "sc-better-t1-and-gates", "circ": "cnx-lin"}: 0.1.0 1543564341.73   3.350746375980803e-05
{"n": 14, "noise": "sc-better-t1-and-gates", "circ": "cnx-lin"}: 0.1.0 1543565254.27   0.998405850782326
{"n": 14, "noise": "sc-better-t1-and-gates", "circ": "cnx-lin"}: 0.1.0 1543566221.65   4.482096788456568e-05
{"n": 14, "noise": "sc-better-t1-and-gates", "circ": "cnx-lin"}: 0.1.0 1543567097.12   6.32694358775438e-05
{"n": 14, "noise": "sc-better-t1-and-gates", "circ": "cnx-lin"}: 0.1.0 1543568020.97   1.1503044423863203e-05
{"n": 14, "noise": "sc-better-t1-and-gates", "circ": "cnx-lin"}: 0.1.0 1543568990.45   0.00014254640118818176
{"n": 14, "noise": "sc-better-t1-and-gates", "circ": "cnx-lin"}: 0.1.0 1543569845.61   0.0004150176015429904
{"n": 14, "noise": "sc-better-t1-and-gates", "circ": "cnx-lin"}: 0.1.0 1543570751.48   0.9984133706004183
{"n": 14, "noise": "sc-better-t1-and-gates", "circ": "cnx-lin"}: 0.1.0 1543571618.91   0.00011271192793850885
{"n": 14, "noise": "sc-better-t1-and-gates", "circ": "cnx-lin"}: 0.1.0 1543572496.95   0.9984376893269862
{"n": 14, "noise": "sc-better-t1-and-gates", "circ": "cnx-lin"}: 0.1.0 1543573395.21   2.087755756594898e-05
{"n": 14, "noise": "sc-better-t1-and-gates", "circ": "cnx-lin"}: 0.1.0 1543574242.80   1.6227811469562985e-05
{"n": 14, "noise": "sc-better-t1-and-gates", "circ": "cnx-lin"}: 0.1.0 1543575080.64   8.422786869169634e-05
{"n": 14, "noise": "sc-better-t1-and-gates", "circ": "cnx-lin"}: 0.1.0 1543575949.66   0.000268025292435401
{"n": 14, "noise": "sc-better-t1-and-gates", "circ": "cnx-lin"}: 0.1.0 1543576829.66   4.307053294942323e-05
{"n": 14, "noise": "sc-better-t1-and-gates", "circ": "cnx-lin"}: 0.1.0 1543577706.63   1.3522062275318752e-05
{"n": 14, "noise": "sc-better-t1-and-gates", "circ": "cnx-lin"}: 0.1.0 1543578583.66   0.9984018691344084
{"n": 14, "noise": "sc-better-t1-and-gates", "circ": "cnx-lin"}: 0.1.0 1543579487.22   9.619677587478594e-07
{"n": 14, "noise": "sc-better-t1-and-gates", "circ": "cnx-lin"}: 0.1.0 1543580421.64   0.9984308061481992
{"n": 14, "noise": "sc-better-t1-and-gates", "circ": "cnx-lin"}: 0.1.0 1543581346.31   0.9984438668287008
{"n": 14, "noise": "sc-better-t1-and-gates", "circ": "cnx-lin"}: 0.1.0 1543582202.67   2.3165308024667942e-05
{"n": 14, "noise": "sc-better-t1-and-gates", "circ": "cnx-lin"}: 0.1.0 1543583077.56   3.578230895436699e-05
{"n": 14, "noise": "sc-better-t1-and-gates", "circ": "cnx-lin"}: 0.1.0 1543583885.18   5.204365043915142e-05
{"n": 14, "noise": "sc-better-t1-and-gates", "circ": "cnx-lin"}: 0.1.0 1543584695.43   0.9984145611966989
{"n": 14, "noise": "sc-better-t1-and-gates", "circ": "cnx-lin"}: 0.1.0 1543585532.43   0.9984261307058844
{"n": 14, "noise": "sc-better-t1-and-gates", "circ": "cnx-lin"}: 0.1.0 1543586390.59   0.9984374560404016
{"n": 14, "noise": "sc-better-t1-and-gates", "circ": "cnx-lin"}: 0.1.0 1543587264.45   9.072077287919546e-05
{"n": 14, "noise": "sc-better-t1-and-gates", "circ": "cnx-lin"}: 0.1.0 1543588069.65   6.839733908779723e-05
{"n": 14, "noise": "sc-better-t1-and-gates", "circ": "cnx-lin"}: 0.1.0 1543588924.55   5.1942547749308054e-05
{"n": 14, "noise": "sc-better-t1-and-gates", "circ": "cnx-lin"}: 0.1.0 1543589795.84   0.998412605285181
{"n": 14, "noise": "sc-better-t1-and-gates", "circ": "cnx-lin"}: 0.1.0 1543590626.60   0.007817264025675908
{"n": 14, "noise": "sc-better-t1-and-gates", "circ": "cnx-lin"}: 0.1.0 1543591463.75   0.9984196071584677
{"n": 14, "noise": "sc-better-t1-and-gates", "circ": "cnx-lin"}: 0.1.0 1543592320.68   1.1542468373832593e-05
{"n": 14, "noise": "sc-better-t1-and-gates", "circ": "cnx-lin"}: 0.1.0 1543593103.49   0.0002584080881150247
{"n": 14, "noise": "sc-better-t1-and-gates", "circ": "cnx-lin"}: 0.1.0 1543593961.21   8.68202421066034e-05
{"n": 14, "noise": "sc-better-t1-and-gates", "circ": "cnx-lin"}: 0.1.0 1543594822.70   1.5203998270698162e-05
{"n": 14, "noise": "sc-better-t1-and-gates", "circ": "cnx-lin"}: 0.1.0 1543595700.44   0.00015876480390764703
{"n": 14, "noise": "sc-better-t1-and-gates", "circ": "cnx-lin"}: 0.1.0 1543596565.54   7.530005876704748e-06
{"n": 14, "noise": "sc-better-t1-and-gates", "circ": "cnx-lin"}: 0.1.0 1543597403.33   0.9984334087606017
{"n": 14, "noise": "sc-better-t1-and-gates", "circ": "cnx-lin"}: 0.1.0 1543598266.20   0.0001225287902091525
{"n": 14, "noise": "sc-better-t1-and-gates", "circ": "cnx-lin"}: 0.1.0 1543599118.91   5.808690679035749e-05
{"n": 14, "noise": "sc-better-t1-and-gates", "circ": "cnx-lin"}: 0.1.0 1543599937.93   5.7139497245666276e-05
{"n": 14, "noise": "sc-better-t1-and-gates", "circ": "cnx-lin"}: 0.1.0 1543600816.21   0.9984322107420496
{"n": 14, "noise": "sc-better-t1-and-gates", "circ": "cnx-lin"}: 0.1.0 1543601686.79   2.7272514630938442e-05
{"n": 14, "noise": "sc-better-t1-and-gates", "circ": "cnx-lin"}: 0.1.0 1543602575.29   8.011159086968649e-05
{"n": 14, "noise": "sc-better-t1-and-gates", "circ": "cnx-lin"}: 0.1.0 1543603466.60   3.823238747349953e-07
{"n": 14, "noise": "sc-better-t1-and-gates", "circ": "cnx-lin"}: 0.1.0 1543604360.40   0.9984533075629939
{"n": 14, "noise": "sc-better-t1-and-gates", "circ": "cnx-lin"}: 0.1.0 1543605200.29   1.4310232295611265e-06
{"n": 14, "noise": "sc-better-t1-and-gates", "circ": "cnx-lin"}: 0.1.0 1543606097.09   1.986581280361541e-05
{"n": 14, "noise": "sc-better-t1-and-gates", "circ": "cnx-lin"}: 0.1.0 1543606920.27   2.1295337474323043e-07
{"n": 14, "noise": "sc-better-t1-and-gates", "circ": "cnx-lin"}: 0.1.0 1543607816.17   0.9984305909052751
{"n": 14, "noise": "sc-better-t1-and-gates", "circ": "cnx-lin"}: 0.1.0 1543608677.65   6.170465353415768e-05
{"n": 14, "noise": "sc-better-t1-and-gates", "circ": "cnx-lin"}: 0.1.0 1543609579.96   2.2414809058147256e-05
{"n": 14, "noise": "sc-better-t1-and-gates", "circ": "cnx-lin"}: 0.1.0 1543610445.59   0.9984419399322637
{"n": 14, "noise": "sc-better-t1-and-gates", "circ": "cnx-lin"}: 0.1.0 1543611291.92   3.560844095971259e-05
{"n": 14, "noise": "sc-better-t1-and-gates", "circ": "cnx-lin"}: 0.1.0 1543612081.96   9.394334594188629e-06
{"n": 14, "noise": "sc-better-t1-and-gates", "circ": "cnx-lin"}: 0.1.0 1543612864.92   0.00020771008064971534
{"n": 14, "noise": "sc-better-t1-and-gates", "circ": "cnx-lin"}: 0.1.0 1543613730.73   4.1125127355645705e-06
{"n": 14, "noise": "sc-better-t1-and-gates", "circ": "cnx-lin"}: 0.1.0 1543614528.72   0.9984311478917524
{"n": 14, "noise": "sc-better-t1-and-gates", "circ": "cnx-lin"}: 0.1.0 1543615353.39   0.9984405615354729
