=====
{"n": 14, "noise": "sc-better-t1", "circ": "cnx-btb"}: 0.1.0 1543473528.69   7.925405404729827e-07
{"n": 14, "noise": "sc-better-t1", "circ": "cnx-btb"}: 0.1.0 1543474823.74   0.9999973282839079
{"n": 14, "noise": "sc-better-t1", "circ": "cnx-btb"}: 0.1.0 1543476113.04   0.999997410842732
{"n": 14, "noise": "sc-better-t1", "circ": "cnx-btb"}: 0.1.0 1543477400.98   0.9999973045928172
{"n": 14, "noise": "sc-better-t1", "circ": "cnx-btb"}: 0.1.0 1543478691.17   0.9999974264969964
{"n": 14, "noise": "sc-better-t1", "circ": "cnx-btb"}: 0.1.0 1543479978.13   3.1815731299500046e-06
{"n": 14, "noise": "sc-better-t1", "circ": "cnx-btb"}: 0.1.0 1543481261.57   0.9999973949751079
{"n": 14, "noise": "sc-better-t1", "circ": "cnx-btb"}: 0.1.0 1543482549.37   0.9999974676392014
{"n": 14, "noise": "sc-better-t1", "circ": "cnx-btb"}: 0.1.0 1543483828.27   4.670754525421569e-05
{"n": 14, "noise": "sc-better-t1", "circ": "cnx-btb"}: 0.1.0 1543485121.63   1.8479186616822297e-06
{"n": 14, "noise": "sc-better-t1", "circ": "cnx-btb"}: 0.1.0 1543486418.95   0.9999972908371845
{"n": 14, "noise": "sc-better-t1", "circ": "cnx-btb"}: 0.1.0 1543487713.22   0.9999971693710397
{"n": 14, "noise": "sc-better-t1", "circ": "cnx-btb"}: 0.1.0 1543489018.28   1.1705208699762188e-05
{"n": 14, "noise": "sc-better-t1", "circ": "cnx-btb"}: 0.1.0 1543490313.69   1.4326614877653845e-06
{"n": 14, "noise": "sc-better-t1", "circ": "cnx-btb"}: 0.1.0 1543491599.87   5.715951750935322e-05
{"n": 14, "noise": "sc-better-t1", "circ": "cnx-btb"}: 0.1.0 1543492894.96   7.491239392417203e-07
{"n": 14, "noise": "sc-better-t1", "circ": "cnx-btb"}: 0.1.0 1543494200.17   0.9999972212685443
{"n": 14, "noise": "sc-better-t1", "circ": "cnx-btb"}: 0.1.0 1543495490.00   0.9999974482487433
{"n": 14, "noise": "sc-better-t1", "circ": "cnx-btb"}: 0.1.0 1543496793.13   0.9999973516768527
{"n": 14, "noise": "sc-better-t1", "circ": "cnx-btb"}: 0.1.0 1543498102.94   1.6664490050892056e-05
{"n": 14, "noise": "sc-better-t1", "circ": "cnx-btb"}: 0.1.0 1543499417.30   7.185991577739476e-07
{"n": 14, "noise": "sc-better-t1", "circ": "cnx-btb"}: 0.1.0 1543500732.15   3.991174414331462e-05
{"n": 14, "noise": "sc-better-t1", "circ": "cnx-btb"}: 0.1.0 1543502037.76   0.9999973719873687
{"n": 14, "noise": "sc-better-t1", "circ": "cnx-btb"}: 0.1.0 1543503329.85   0.9999974018253469
{"n": 14, "noise": "sc-better-t1", "circ": "cnx-btb"}: 0.1.0 1543504618.75   0.9999974765407896
{"n": 14, "noise": "sc-better-t1", "circ": "cnx-btb"}: 0.1.0 1543505913.49   7.373810769002331e-06
{"n": 14, "noise": "sc-better-t1", "circ": "cnx-btb"}: 0.1.0 1543507210.98   0.9999973851216389
{"n": 14, "noise": "sc-better-t1", "circ": "cnx-btb"}: 0.1.0 1543508512.74   0.9999972837198166
{"n": 14, "noise": "sc-better-t1", "circ": "cnx-btb"}: 0.1.0 1543509816.78   1.8764989299706807e-05
{"n": 14, "noise": "sc-better-t1", "circ": "cnx-btb"}: 0.1.0 1543511118.11   9.485144167353617e-06
{"n": 14, "noise": "sc-better-t1", "circ": "cnx-btb"}: 0.1.0 1543512420.28   0.9999972498017302
{"n": 14, "noise": "sc-better-t1", "circ": "cnx-btb"}: 0.1.0 1543513719.52   0.9999974587694052
{"n": 14, "noise": "sc-better-t1", "circ": "cnx-btb"}: 0.1.0 1543515027.79   0.9999973613377984
{"n": 14, "noise": "sc-better-t1", "circ": "cnx-btb"}: 0.1.0 1543516327.39   1.8197910952262023e-05
{"n": 14, "noise": "sc-better-t1", "circ": "cnx-btb"}: 0.1.0 1543517610.60   0.999997400298441
{"n": 14, "noise": "sc-better-t1", "circ": "cnx-btb"}: 0.1.0 1543518918.75   0.9999974265750856
{"n": 14, "noise": "sc-better-t1", "circ": "cnx-btb"}: 0.1.0 1543520219.29   7.608689120873409e-05
{"n": 14, "noise": "sc-better-t1", "circ": "cnx-btb"}: 0.1.0 1543521518.78   0.0027851227340267154
{"n": 14, "noise": "sc-better-t1", "circ": "cnx-btb"}: 0.1.0 1543522827.10   0.9999972465705955
=====
{"n": 14, "noise": "sc-better-gates", "circ": "cnx-btb"}: 0.1.0 1543526155.38   0.9997320109656547
{"n": 14, "noise": "sc-better-gates", "circ": "cnx-btb"}: 0.1.0 1543527452.02   0.9997301573530296
{"n": 14, "noise": "sc-better-gates", "circ": "cnx-btb"}: 0.1.0 1543528754.92   0.9997313622757248
{"n": 14, "noise": "sc-better-gates", "circ": "cnx-btb"}: 0.1.0 1543530057.46   0.9997356447779163
{"n": 14, "noise": "sc-better-gates", "circ": "cnx-btb"}: 0.1.0 1543531362.00   0.9997354099000251
{"n": 14, "noise": "sc-better-gates", "circ": "cnx-btb"}: 0.1.0 1543532666.95   0.9997336064237665
{"n": 14, "noise": "sc-better-gates", "circ": "cnx-btb"}: 0.1.0 1543533967.91   0.9997392277819984
{"n": 14, "noise": "sc-better-gates", "circ": "cnx-btb"}: 0.1.0 1543535272.93   0.999726605789933
{"n": 14, "noise": "sc-better-gates", "circ": "cnx-btb"}: 0.1.0 1543536560.99   0.9997374946944767
{"n": 14, "noise": "sc-better-gates", "circ": "cnx-btb"}: 0.1.0 1543537859.00   0.9997327143432734
=====
{"n": 14, "noise": "sc-better-t1", "circ": "cnx-btb"}: 0.1.0 1543540206.65   0.999997384251407
{"n": 14, "noise": "sc-better-t1", "circ": "cnx-btb"}: 0.1.0 1543541509.59   6.285327802291422e-06
{"n": 14, "noise": "sc-better-t1", "circ": "cnx-btb"}: 0.1.0 1543542806.04   0.9999973523989546
{"n": 14, "noise": "sc-better-t1", "circ": "cnx-btb"}: 0.1.0 1543544117.44   0.999997314031262
{"n": 14, "noise": "sc-better-t1", "circ": "cnx-btb"}: 0.1.0 1543545420.11   0.9999973522481429
{"n": 14, "noise": "sc-better-t1", "circ": "cnx-btb"}: 0.1.0 1543546714.70   0.9999972736059977
=====
{"n": 14, "noise": "sc", "circ": "cnx-btb"}: 0.1.0 1543548893.85   4.958179845645566e-06
{"n": 14, "noise": "sc", "circ": "cnx-btb"}: 0.1.0 1543550187.61   0.9997318173540142
{"n": 14, "noise": "sc", "circ": "cnx-btb"}: 0.1.0 1543551488.82   4.375685316350254e-06
{"n": 14, "noise": "sc", "circ": "cnx-btb"}: 0.1.0 1543552783.21   0.9997341915351092
{"n": 14, "noise": "sc", "circ": "cnx-btb"}: 0.1.0 1543554093.22   0.0
{"n": 14, "noise": "sc", "circ": "cnx-btb"}: 0.1.0 1543555427.49   0.9997343347297796
{"n": 14, "noise": "sc", "circ": "cnx-btb"}: 0.1.0 1543556746.60   1.7378264369325099e-06
{"n": 14, "noise": "sc", "circ": "cnx-btb"}: 0.1.0 1543558069.33   1.6411883942071292e-05
{"n": 14, "noise": "sc", "circ": "cnx-btb"}: 0.1.0 1543559389.27   9.71629936988743e-05
{"n": 14, "noise": "sc", "circ": "cnx-btb"}: 0.1.0 1543560705.95   0.9997299862151198
{"n": 14, "noise": "sc", "circ": "cnx-btb"}: 0.1.0 1543562030.56   0.9997328541381428
{"n": 14, "noise": "sc", "circ": "cnx-btb"}: 0.1.0 1543563352.81   0.9997312553884615
{"n": 14, "noise": "sc", "circ": "cnx-btb"}: 0.1.0 1543564678.40   0.9997381642529852
{"n": 14, "noise": "sc", "circ": "cnx-btb"}: 0.1.0 1543565999.32   7.954763473137276e-06
{"n": 14, "noise": "sc", "circ": "cnx-btb"}: 0.1.0 1543567298.75   0.9997362099471531
{"n": 14, "noise": "sc", "circ": "cnx-btb"}: 0.1.0 1543568566.45   0.9997353053679087
{"n": 14, "noise": "sc", "circ": "cnx-btb"}: 0.1.0 1543569819.08   0.9997287249035126
{"n": 14, "noise": "sc", "circ": "cnx-btb"}: 0.1.0 1543571079.93   0.004125543722818513
{"n": 14, "noise": "sc", "circ": "cnx-btb"}: 0.1.0 1543572363.83   0.9997256188840572
{"n": 14, "noise": "sc", "circ": "cnx-btb"}: 0.1.0 1543573669.40   0.9997317882879765
{"n": 14, "noise": "sc", "circ": "cnx-btb"}: 0.1.0 1543574995.52   0.030894386532729187
{"n": 14, "noise": "sc", "circ": "cnx-btb"}: 0.1.0 1543576330.93   0.9997296682806229
{"n": 14, "noise": "sc", "circ": "cnx-btb"}: 0.1.0 1543577661.33   0.9997352542653447
{"n": 14, "noise": "sc", "circ": "cnx-btb"}: 0.1.0 1543579030.87   1.394305380141849e-06
{"n": 14, "noise": "sc", "circ": "cnx-btb"}: 0.1.0 1543580398.94   0.9997317191241654
{"n": 14, "noise": "sc", "circ": "cnx-btb"}: 0.1.0 1543581769.42   8.936084525554943e-05
{"n": 14, "noise": "sc", "circ": "cnx-btb"}: 0.1.0 1543583129.86   0.04407328852678637
{"n": 14, "noise": "sc", "circ": "cnx-btb"}: 0.1.0 1543584498.06   0.9997345979514913
{"n": 14, "noise": "sc", "circ": "cnx-btb"}: 0.1.0 1543585860.03   1.7429845045720562e-05
{"n": 14, "noise": "sc", "circ": "cnx-btb"}: 0.1.0 1543587212.95   0.9997346613347906
{"n": 14, "noise": "sc", "circ": "cnx-btb"}: 0.1.0 1543588573.66   0.9997310890332914
{"n": 14, "noise": "sc", "circ": "cnx-btb"}: 0.1.0 1543589937.53   0.999731902593263
{"n": 14, "noise": "sc", "circ": "cnx-btb"}: 0.1.0 1543591289.83   0.9997329855844183
{"n": 14, "noise": "sc", "circ": "cnx-btb"}: 0.1.0 1543592652.50   0.9997331244412091
{"n": 14, "noise": "sc", "circ": "cnx-btb"}: 0.1.0 1543594008.86   0.9997337857892186
{"n": 14, "noise": "sc", "circ": "cnx-btb"}: 0.1.0 1543595377.03   0.06581164248104215
{"n": 14, "noise": "sc", "circ": "cnx-btb"}: 0.1.0 1543596740.15   0.9997323758185807
{"n": 14, "noise": "sc", "circ": "cnx-btb"}: 0.1.0 1543598113.63   0.999731130630009
{"n": 14, "noise": "sc", "circ": "cnx-btb"}: 0.1.0 1543599491.55   0.9997305365140543
{"n": 14, "noise": "sc", "circ": "cnx-btb"}: 0.1.0 1543600872.89   0.9997349165830047
{"n": 14, "noise": "sc", "circ": "cnx-btb"}: 0.1.0 1543602249.25   0.00013253067977797936
{"n": 14, "noise": "sc", "circ": "cnx-btb"}: 0.1.0 1543603624.06   0.999732381129118
{"n": 14, "noise": "sc", "circ": "cnx-btb"}: 0.1.0 1543604999.66   0.999730053608394
{"n": 14, "noise": "sc", "circ": "cnx-btb"}: 0.1.0 1543606362.00   0.9997324684768404
{"n": 14, "noise": "sc", "circ": "cnx-btb"}: 0.1.0 1543607714.84   0.9997311941110574
{"n": 14, "noise": "sc", "circ": "cnx-btb"}: 0.1.0 1543609080.31   0.9997337755737021
{"n": 14, "noise": "sc", "circ": "cnx-btb"}: 0.1.0 1543610436.99   9.615230925354063e-06
{"n": 14, "noise": "sc", "circ": "cnx-btb"}: 0.1.0 1543611792.02   2.0337923561121316e-05
{"n": 14, "noise": "sc", "circ": "cnx-btb"}: 0.1.0 1543613137.31   0.999733587588224
{"n": 14, "noise": "sc", "circ": "cnx-btb"}: 0.1.0 1543614502.72   0.06416431647865728
