=====
{"n": 14, "noise": "sc-better-t1", "circ": "cnx-lin"}: 0.1.0 1543473080.57   3.7935822146348275e-06
{"n": 14, "noise": "sc-better-t1", "circ": "cnx-lin"}: 0.1.0 1543473898.57   2.9715933993739753e-05
{"n": 14, "noise": "sc-better-t1", "circ": "cnx-lin"}: 0.1.0 1543474705.08   0.00014375803871930593
{"n": 14, "noise": "sc-better-t1", "circ": "cnx-lin"}: 0.1.0 1543475592.88   6.891487233936818e-06
{"n": 14, "noise": "sc-better-t1", "circ": "cnx-lin"}: 0.1.0 1543476393.45   2.254572293475883e-05
{"n": 14, "noise": "sc-better-t1", "circ": "cnx-lin"}: 0.1.0 1543477201.23   1.176245783894477e-05
{"n": 14, "noise": "sc-better-t1", "circ": "cnx-lin"}: 0.1.0 1543478014.30   0.00021361747563969786
{"n": 14, "noise": "sc-better-t1", "circ": "cnx-lin"}: 0.1.0 1543478913.06   3.265619366071369e-05
{"n": 14, "noise": "sc-better-t1", "circ": "cnx-lin"}: 0.1.0 1543479780.52   0.00021164839880986826
{"n": 14, "noise": "sc-better-t1", "circ": "cnx-lin"}: 0.1.0 1543480645.45   8.127682659015768e-06
{"n": 14, "noise": "sc-better-t1", "circ": "cnx-lin"}: 0.1.0 1543481475.29   3.765286603041438e-05
{"n": 14, "noise": "sc-better-t1", "circ": "cnx-lin"}: 0.1.0 1543482329.43   5.983279713864737e-06
{"n": 14, "noise": "sc-better-t1", "circ": "cnx-lin"}: 0.1.0 1543483137.88   1.0359154879614097e-05
{"n": 14, "noise": "sc-better-t1", "circ": "cnx-lin"}: 0.1.0 1543483987.01   0.9984297139859113
{"n": 14, "noise": "sc-better-t1", "circ": "cnx-lin"}: 0.1.0 1543484865.80   8.679402947822372e-05
{"n": 14, "noise": "sc-better-t1", "circ": "cnx-lin"}: 0.1.0 1543485764.79   6.612413853614885e-06
{"n": 14, "noise": "sc-better-t1", "circ": "cnx-lin"}: 0.1.0 1543486675.78   3.544644689775668e-05
{"n": 14, "noise": "sc-better-t1", "circ": "cnx-lin"}: 0.1.0 1543487601.19   4.1527754393622065e-05
{"n": 14, "noise": "sc-better-t1", "circ": "cnx-lin"}: 0.1.0 1543488494.61   3.970157617525179e-07
{"n": 14, "noise": "sc-better-t1", "circ": "cnx-lin"}: 0.1.0 1543489360.67   9.446572189998583e-06
{"n": 14, "noise": "sc-better-t1", "circ": "cnx-lin"}: 0.1.0 1543490293.42   5.208223658311547e-05
{"n": 14, "noise": "sc-better-t1", "circ": "cnx-lin"}: 0.1.0 1543491212.46   0.028613438591356836
{"n": 14, "noise": "sc-better-t1", "circ": "cnx-lin"}: 0.1.0 1543492152.68   1.6537073077564e-05
{"n": 14, "noise": "sc-better-t1", "circ": "cnx-lin"}: 0.1.0 1543493080.26   1.7381342150553642e-05
{"n": 14, "noise": "sc-better-t1", "circ": "cnx-lin"}: 0.1.0 1543493968.80   6.188138875554545e-05
{"n": 14, "noise": "sc-better-t1", "circ": "cnx-lin"}: 0.1.0 1543494870.24   3.244530916840878e-06
{"n": 14, "noise": "sc-better-t1", "circ": "cnx-lin"}: 0.1.0 1543495756.20   0.00015439374295719553
{"n": 14, "noise": "sc-better-t1", "circ": "cnx-lin"}: 0.1.0 1543496612.85   0.00010617781171749191
{"n": 14, "noise": "sc-better-t1", "circ": "cnx-lin"}: 0.1.0 1543497544.85   2.347179537737183e-05
{"n": 14, "noise": "sc-better-t1", "circ": "cnx-lin"}: 0.1.0 1543498349.82   8.315220074740205e-05
{"n": 14, "noise": "sc-better-t1", "circ": "cnx-lin"}: 0.1.0 1543499269.49   0.00010883173455523526
{"n": 14, "noise": "sc-better-t1", "circ": "cnx-lin"}: 0.1.0 1543500194.07   1.6762805179515946e-05
{"n": 14, "noise": "sc-better-t1", "circ": "cnx-lin"}: 0.1.0 1543501104.94   3.925649952717171e-05
{"n": 14, "noise": "sc-better-t1", "circ": "cnx-lin"}: 0.1.0 1543502088.82   0.013895416708677168
{"n": 14, "noise": "sc-better-t1", "circ": "cnx-lin"}: 0.1.0 1543503023.88   0.0001141970356884384
{"n": 14, "noise": "sc-better-t1", "circ": "cnx-lin"}: 0.1.0 1543503974.40   5.4700113943408685e-05
{"n": 14, "noise": "sc-better-t1", "circ": "cnx-lin"}: 0.1.0 1543504836.77   3.836936596144578e-05
{"n": 14, "noise": "sc-better-t1", "circ": "cnx-lin"}: 0.1.0 1543505746.42   8.838764532737312e-06
{"n": 14, "noise": "sc-better-t1", "circ": "cnx-lin"}: 0.1.0 1543506748.92   2.0353322603990566e-06
{"n": 14, "noise": "sc-better-t1", "circ": "cnx-lin"}: 0.1.0 1543507602.40   3.831470996166829e-06
{"n": 14, "noise": "sc-better-t1", "circ": "cnx-lin"}: 0.1.0 1543508497.78   8.529766917379845e-05
{"n": 14, "noise": "sc-better-t1", "circ": "cnx-lin"}: 0.1.0 1543509376.58   3.59009857721944e-05
{"n": 14, "noise": "sc-better-t1", "circ": "cnx-lin"}: 0.1.0 1543510339.77   9.429805914741689e-05
{"n": 14, "noise": "sc-better-t1", "circ": "cnx-lin"}: 0.1.0 1543511252.39   1.1196583740677367e-05
{"n": 14, "noise": "sc-better-t1", "circ": "cnx-lin"}: 0.1.0 1543512183.07   4.337838227185343e-05
{"n": 14, "noise": "sc-better-t1", "circ": "cnx-lin"}: 0.1.0 1543513146.39   2.745688594931477e-05
{"n": 14, "noise": "sc-better-t1", "circ": "cnx-lin"}: 0.1.0 1543514025.83   5.228191454040145e-05
{"n": 14, "noise": "sc-better-t1", "circ": "cnx-lin"}: 0.1.0 1543514970.09   1.2673000032475403e-05
{"n": 14, "noise": "sc-better-t1", "circ": "cnx-lin"}: 0.1.0 1543515817.44   2.2032871698940808e-05
{"n": 14, "noise": "sc-better-t1", "circ": "cnx-lin"}: 0.1.0 1543516753.51   0.00015565664266546826
{"n": 14, "noise": "sc-better-t1", "circ": "cnx-lin"}: 0.1.0 1543517653.94   1.5482459689639983e-05
{"n": 14, "noise": "sc-better-t1", "circ": "cnx-lin"}: 0.1.0 1543518512.21   6.960921829857566e-05
{"n": 14, "noise": "sc-better-t1", "circ": "cnx-lin"}: 0.1.0 1543519461.11   7.400418570960983e-05
{"n": 14, "noise": "sc-better-t1", "circ": "cnx-lin"}: 0.1.0 1543520360.44   3.9368522056980944e-05
{"n": 14, "noise": "sc-better-t1", "circ": "cnx-lin"}: 0.1.0 1543521253.06   1.6917876061921778e-05
{"n": 14, "noise": "sc-better-t1", "circ": "cnx-lin"}: 0.1.0 1543522155.95   7.491116346287069e-06
{"n": 14, "noise": "sc-better-t1", "circ": "cnx-lin"}: 0.1.0 1543523086.68   2.528067696762535e-06
{"n": 14, "noise": "sc-better-t1", "circ": "cnx-lin"}: 0.1.0 1543523977.72   7.255572006133491e-05
=====
{"n": 14, "noise": "sc-better-t1", "circ": "cnx-lin-borrowed-1"}: 0.1.0 1543525042.47   2.0815430849047404e-05
{"n": 14, "noise": "sc-better-t1", "circ": "cnx-lin-borrowed-1"}: 0.1.0 1543525215.95   3.973510222544899e-05
{"n": 14, "noise": "sc-better-t1", "circ": "cnx-lin-borrowed-1"}: 0.1.0 1543525395.62   0.9998525888716233
{"n": 14, "noise": "sc-better-t1", "circ": "cnx-lin-borrowed-1"}: 0.1.0 1543525583.00   0.9998508732169402
{"n": 14, "noise": "sc-better-t1", "circ": "cnx-lin-borrowed-1"}: 0.1.0 1543525774.23   0.0001353037246823184
{"n": 14, "noise": "sc-better-t1", "circ": "cnx-lin-borrowed-1"}: 0.1.0 1543525953.81   0.999852544461307
{"n": 14, "noise": "sc-better-t1", "circ": "cnx-lin-borrowed-1"}: 0.1.0 1543526126.57   0.9998508737006356
{"n": 14, "noise": "sc-better-t1", "circ": "cnx-lin-borrowed-1"}: 0.1.0 1543526301.03   0.00016722156259685179
{"n": 14, "noise": "sc-better-t1", "circ": "cnx-lin-borrowed-1"}: 0.1.0 1543526489.79   0.9998517321207384
{"n": 14, "noise": "sc-better-t1", "circ": "cnx-lin-borrowed-1"}: 0.1.0 1543526669.28   0.9998483272007034
{"n": 14, "noise": "sc-better-t1", "circ": "cnx-lin-borrowed-1"}: 0.1.0 1543526846.89   0.9998491786193235
{"n": 14, "noise": "sc-better-t1", "circ": "cnx-lin-borrowed-1"}: 0.1.0 1543527016.58   0.9998510154053692
{"n": 14, "noise": "sc-better-t1", "circ": "cnx-lin-borrowed-1"}: 0.1.0 1543527196.81   0.9998520407061502
{"n": 14, "noise": "sc-better-t1", "circ": "cnx-lin-borrowed-1"}: 0.1.0 1543527361.03   0.9998494103813204
{"n": 14, "noise": "sc-better-t1", "circ": "cnx-lin-borrowed-1"}: 0.1.0 1543527543.14   0.999851379611674
{"n": 14, "noise": "sc-better-t1", "circ": "cnx-lin-borrowed-1"}: 0.1.0 1543527716.24   3.838631759477501e-06
{"n": 14, "noise": "sc-better-t1", "circ": "cnx-lin-borrowed-1"}: 0.1.0 1543527902.79   5.81492622139435e-05
{"n": 14, "noise": "sc-better-t1", "circ": "cnx-lin-borrowed-1"}: 0.1.0 1543528080.46   0.9998511206183124
{"n": 14, "noise": "sc-better-t1", "circ": "cnx-lin-borrowed-1"}: 0.1.0 1543528256.82   5.367305800588261e-05
{"n": 14, "noise": "sc-better-t1", "circ": "cnx-lin-borrowed-1"}: 0.1.0 1543528435.14   9.063301547000847e-08
{"n": 14, "noise": "sc-better-t1", "circ": "cnx-lin-borrowed-1"}: 0.1.0 1543528617.10   0.9998521278808863
{"n": 14, "noise": "sc-better-t1", "circ": "cnx-lin-borrowed-1"}: 0.1.0 1543528797.73   0.9998517683103676
{"n": 14, "noise": "sc-better-t1", "circ": "cnx-lin-borrowed-1"}: 0.1.0 1543528981.97   2.1456307127215172e-07
{"n": 14, "noise": "sc-better-t1", "circ": "cnx-lin-borrowed-1"}: 0.1.0 1543529166.39   0.9998509300030914
{"n": 14, "noise": "sc-better-t1", "circ": "cnx-lin-borrowed-1"}: 0.1.0 1543529334.26   0.9998512110524754
{"n": 14, "noise": "sc-better-t1", "circ": "cnx-lin-borrowed-1"}: 0.1.0 1543529511.07   0.9998516870769377
{"n": 14, "noise": "sc-better-t1", "circ": "cnx-lin-borrowed-1"}: 0.1.0 1543529686.58   0.9998506556876804
{"n": 14, "noise": "sc-better-t1", "circ": "cnx-lin-borrowed-1"}: 0.1.0 1543529861.03   0.0002499545346431499
{"n": 14, "noise": "sc-better-t1", "circ": "cnx-lin-borrowed-1"}: 0.1.0 1543530045.23   7.5535362187350286e-06
{"n": 14, "noise": "sc-better-t1", "circ": "cnx-lin-borrowed-1"}: 0.1.0 1543530207.91   0.9998525784917348
{"n": 14, "noise": "sc-better-t1", "circ": "cnx-lin-borrowed-1"}: 0.1.0 1543530389.31   0.9998501859095934
{"n": 14, "noise": "sc-better-t1", "circ": "cnx-lin-borrowed-1"}: 0.1.0 1543530572.18   0.9998504130695394
{"n": 14, "noise": "sc-better-t1", "circ": "cnx-lin-borrowed-1"}: 0.1.0 1543530745.47   0.00011553882340517472
{"n": 14, "noise": "sc-better-t1", "circ": "cnx-lin-borrowed-1"}: 0.1.0 1543530919.36   0.9998522258746213
{"n": 14, "noise": "sc-better-t1", "circ": "cnx-lin-borrowed-1"}: 0.1.0 1543531096.31   0.9998519282629253
{"n": 14, "noise": "sc-better-t1", "circ": "cnx-lin-borrowed-1"}: 0.1.0 1543531271.69   3.8486488268285e-05
{"n": 14, "noise": "sc-better-t1", "circ": "cnx-lin-borrowed-1"}: 0.1.0 1543531443.31   0.9998498322437179
{"n": 14, "noise": "sc-better-t1", "circ": "cnx-lin-borrowed-1"}: 0.1.0 1543531634.44   0.9998529283805944
{"n": 14, "noise": "sc-better-t1", "circ": "cnx-lin-borrowed-1"}: 0.1.0 1543531821.37   3.3849282262202734e-05
{"n": 14, "noise": "sc-better-t1", "circ": "cnx-lin-borrowed-1"}: 0.1.0 1543531988.23   5.67654235020705e-05
{"n": 14, "noise": "sc-better-t1", "circ": "cnx-lin-borrowed-1"}: 0.1.0 1543532164.43   0.9998496222610904
{"n": 14, "noise": "sc-better-t1", "circ": "cnx-lin-borrowed-1"}: 0.1.0 1543532348.88   1.2953218113777425e-05
{"n": 14, "noise": "sc-better-t1", "circ": "cnx-lin-borrowed-1"}: 0.1.0 1543532530.64   4.6666699784893506e-07
{"n": 14, "noise": "sc-better-t1", "circ": "cnx-lin-borrowed-1"}: 0.1.0 1543532704.30   9.827254500781243e-07
{"n": 14, "noise": "sc-better-t1", "circ": "cnx-lin-borrowed-1"}: 0.1.0 1543532882.23   0.9998511252948165
{"n": 14, "noise": "sc-better-t1", "circ": "cnx-lin-borrowed-1"}: 0.1.0 1543533056.81   6.765617516077233e-06
{"n": 14, "noise": "sc-better-t1", "circ": "cnx-lin-borrowed-1"}: 0.1.0 1543533238.56   2.391833283423476e-05
{"n": 14, "noise": "sc-better-t1", "circ": "cnx-lin-borrowed-1"}: 0.1.0 1543533425.19   0.9998516269232496
{"n": 14, "noise": "sc-better-t1", "circ": "cnx-lin-borrowed-1"}: 0.1.0 1543533602.73   0.9998508920144616
{"n": 14, "noise": "sc-better-t1", "circ": "cnx-lin-borrowed-1"}: 0.1.0 1543533795.97   0.9998500154141722
{"n": 14, "noise": "sc-better-t1", "circ": "cnx-lin-borrowed-1"}: 0.1.0 1543533987.50   0.9998522595443416
{"n": 14, "noise": "sc-better-t1", "circ": "cnx-lin-borrowed-1"}: 0.1.0 1543534175.42   1.4932485394950713e-05
{"n": 14, "noise": "sc-better-t1", "circ": "cnx-lin-borrowed-1"}: 0.1.0 1543534370.49   1.5061853415752014e-05
{"n": 14, "noise": "sc-better-t1", "circ": "cnx-lin-borrowed-1"}: 0.1.0 1543534554.62   0.999850922053188
{"n": 14, "noise": "sc-better-t1", "circ": "cnx-lin-borrowed-1"}: 0.1.0 1543534736.89   0.9998502221433252
{"n": 14, "noise": "sc-better-t1", "circ": "cnx-lin-borrowed-1"}: 0.1.0 1543534913.02   4.383894467679257e-05
{"n": 14, "noise": "sc-better-t1", "circ": "cnx-lin-borrowed-1"}: 0.1.0 1543535084.94   5.3520581329668e-05
{"n": 14, "noise": "sc-better-t1", "circ": "cnx-lin-borrowed-1"}: 0.1.0 1543535258.79   0.9998518391444399
{"n": 14, "noise": "sc-better-t1", "circ": "cnx-lin-borrowed-1"}: 0.1.0 1543535451.63   0.9998494904427377
{"n": 14, "noise": "sc-better-t1", "circ": "cnx-lin-borrowed-1"}: 0.1.0 1543535640.75   0.9998518251916854
{"n": 14, "noise": "sc-better-t1", "circ": "cnx-lin-borrowed-1"}: 0.1.0 1543535815.06   0.999851046337851
{"n": 14, "noise": "sc-better-t1", "circ": "cnx-lin-borrowed-1"}: 0.1.0 1543535996.07   0.9998511087816513
{"n": 14, "noise": "sc-better-t1", "circ": "cnx-lin-borrowed-1"}: 0.1.0 1543536169.07   0.9998503380048871
{"n": 14, "noise": "sc-better-t1", "circ": "cnx-lin-borrowed-1"}: 0.1.0 1543536352.10   1.0695633105772533e-05
{"n": 14, "noise": "sc-better-t1", "circ": "cnx-lin-borrowed-1"}: 0.1.0 1543536521.46   9.263575049270614e-06
{"n": 14, "noise": "sc-better-t1", "circ": "cnx-lin-borrowed-1"}: 0.1.0 1543536698.67   0.99984988339207
{"n": 14, "noise": "sc-better-t1", "circ": "cnx-lin-borrowed-1"}: 0.1.0 1543536881.10   2.3270950847180335e-08
{"n": 14, "noise": "sc-better-t1", "circ": "cnx-lin-borrowed-1"}: 0.1.0 1543537063.79   4.152224270814181e-05
{"n": 14, "noise": "sc-better-t1", "circ": "cnx-lin-borrowed-1"}: 0.1.0 1543537251.25   0.99985151309915
{"n": 14, "noise": "sc-better-t1", "circ": "cnx-lin-borrowed-1"}: 0.1.0 1543537430.55   0.9998503329568492
{"n": 14, "noise": "sc-better-t1", "circ": "cnx-lin-borrowed-1"}: 0.1.0 1543537597.15   1.1533952692563877e-07
{"n": 14, "noise": "sc-better-t1", "circ": "cnx-lin-borrowed-1"}: 0.1.0 1543537775.92   0.9998516850470512
{"n": 14, "noise": "sc-better-t1", "circ": "cnx-lin-borrowed-1"}: 0.1.0 1543537959.92   2.6693289630017127e-05
{"n": 14, "noise": "sc-better-t1", "circ": "cnx-lin-borrowed-1"}: 0.1.0 1543538146.15   3.2351375389375525e-05
{"n": 14, "noise": "sc-better-t1", "circ": "cnx-lin-borrowed-1"}: 0.1.0 1543538320.02   1.1309094457373575e-06
{"n": 14, "noise": "sc-better-t1", "circ": "cnx-lin-borrowed-1"}: 0.1.0 1543538498.68   5.004027449754861e-05
{"n": 14, "noise": "sc-better-t1", "circ": "cnx-lin-borrowed-1"}: 0.1.0 1543538680.16   0.9998499782198307
{"n": 14, "noise": "sc-better-t1", "circ": "cnx-lin-borrowed-1"}: 0.1.0 1543538871.00   0.9998489637479836
=====
{"n": 14, "noise": "sc-better-t1", "circ": "cnx-lin"}: 0.1.0 1543539772.72   0.0001260143959444391
{"n": 14, "noise": "sc-better-t1", "circ": "cnx-lin"}: 0.1.0 1543540602.61   2.404820044666249e-05
{"n": 14, "noise": "sc-better-t1", "circ": "cnx-lin"}: 0.1.0 1543541371.82   9.809161283952473e-05
{"n": 14, "noise": "sc-better-t1", "circ": "cnx-lin"}: 0.1.0 1543542160.97   1.4916689090594426e-05
{"n": 14, "noise": "sc-better-t1", "circ": "cnx-lin"}: 0.1.0 1543542999.63   0.00015712162563585782
{"n": 14, "noise": "sc-better-t1", "circ": "cnx-lin"}: 0.1.0 1543543841.26   2.1487942612803377e-05
{"n": 14, "noise": "sc-better-t1", "circ": "cnx-lin"}: 0.1.0 1543544791.15   0.00015707036092461123
{"n": 14, "noise": "sc-better-t1", "circ": "cnx-lin"}: 0.1.0 1543545661.41   0.00013400688555179
{"n": 14, "noise": "sc-better-t1", "circ": "cnx-lin"}: 0.1.0 1543546558.41   5.894075701268818e-05
{"n": 14, "noise": "sc-better-t1", "circ": "cnx-lin"}: 0.1.0 1543547415.16   6.940423170433415e-05
=====
{"n": 14, "noise": "sc-better-t1-and-gates", "circ": "cnx-btb"}: 0.1.0 1543548916.03   0.9999973607580513
{"n": 14, "noise": "sc-better-t1-and-gates", "circ": "cnx-btb"}: 0.1.0 1543550249.03   0.9999973204579806
{"n": 14, "noise": "sc-better-t1-and-gates", "circ": "cnx-btb"}: 0.1.0 1543551581.24   0.9999973439707778
{"n": 14, "noise": "sc-better-t1-and-gates", "circ": "cnx-btb"}: 0.1.0 1543552902.98   0.9999974051605227
{"n": 14, "noise": "sc-better-t1-and-gates", "circ": "cnx-btb"}: 0.1.0 1543554222.69   0.9999973615452953
{"n": 14, "noise": "sc-better-t1-and-gates", "circ": "cnx-btb"}: 0.1.0 1543555546.94   0.9999972556588353
{"n": 14, "noise": "sc-better-t1-and-gates", "circ": "cnx-btb"}: 0.1.0 1543556881.53   0.9999973912559702
{"n": 14, "noise": "sc-better-t1-and-gates", "circ": "cnx-btb"}: 0.1.0 1543558209.09   0.9999973982783525
{"n": 14, "noise": "sc-better-t1-and-gates", "circ": "cnx-btb"}: 0.1.0 1543559528.06   0.9999971832416974
{"n": 14, "noise": "sc-better-t1-and-gates", "circ": "cnx-btb"}: 0.1.0 1543560849.66   0.9999974488925577
{"n": 14, "noise": "sc-better-t1-and-gates", "circ": "cnx-btb"}: 0.1.0 1543562167.19   0.9999972627673426
{"n": 14, "noise": "sc-better-t1-and-gates", "circ": "cnx-btb"}: 0.1.0 1543563489.63   0.9999973671484957
{"n": 14, "noise": "sc-better-t1-and-gates", "circ": "cnx-btb"}: 0.1.0 1543564809.54   0.9999972516554655
{"n": 14, "noise": "sc-better-t1-and-gates", "circ": "cnx-btb"}: 0.1.0 1543566132.23   1.8446411607736504e-05
{"n": 14, "noise": "sc-better-t1-and-gates", "circ": "cnx-btb"}: 0.1.0 1543567445.48   0.9999971641271849
{"n": 14, "noise": "sc-better-t1-and-gates", "circ": "cnx-btb"}: 0.1.0 1543568764.75   0.999997290866229
{"n": 14, "noise": "sc-better-t1-and-gates", "circ": "cnx-btb"}: 0.1.0 1543570083.48   0.9999974283779791
{"n": 14, "noise": "sc-better-t1-and-gates", "circ": "cnx-btb"}: 0.1.0 1543571398.53   0.9999973056317989
{"n": 14, "noise": "sc-better-t1-and-gates", "circ": "cnx-btb"}: 0.1.0 1543572717.70   0.9999972435133193
{"n": 14, "noise": "sc-better-t1-and-gates", "circ": "cnx-btb"}: 0.1.0 1543574037.07   0.9999973672765234
{"n": 14, "noise": "sc-better-t1-and-gates", "circ": "cnx-btb"}: 0.1.0 1543575365.22   0.9999973164041321
{"n": 14, "noise": "sc-better-t1-and-gates", "circ": "cnx-btb"}: 0.1.0 1543576684.31   0.9999974404420624
{"n": 14, "noise": "sc-better-t1-and-gates", "circ": "cnx-btb"}: 0.1.0 1543578007.42   0.9999973395285805
{"n": 14, "noise": "sc-better-t1-and-gates", "circ": "cnx-btb"}: 0.1.0 1543579330.43   0.9999973322760978
{"n": 14, "noise": "sc-better-t1-and-gates", "circ": "cnx-btb"}: 0.1.0 1543580650.54   0.999997270669359
{"n": 14, "noise": "sc-better-t1-and-gates", "circ": "cnx-btb"}: 0.1.0 1543581974.97   0.999997291660813
{"n": 14, "noise": "sc-better-t1-and-gates", "circ": "cnx-btb"}: 0.1.0 1543583299.80   0.9999973190248307
{"n": 14, "noise": "sc-better-t1-and-gates", "circ": "cnx-btb"}: 0.1.0 1543584615.92   0.9999973644607248
{"n": 14, "noise": "sc-better-t1-and-gates", "circ": "cnx-btb"}: 0.1.0 1543585943.25   0.9999974627338915
{"n": 14, "noise": "sc-better-t1-and-gates", "circ": "cnx-btb"}: 0.1.0 1543587269.16   0.9999971296748364
{"n": 14, "noise": "sc-better-t1-and-gates", "circ": "cnx-btb"}: 0.1.0 1543588594.16   0.9999972279747341
{"n": 14, "noise": "sc-better-t1-and-gates", "circ": "cnx-btb"}: 0.1.0 1543589922.61   0.9999974461073163
{"n": 14, "noise": "sc-better-t1-and-gates", "circ": "cnx-btb"}: 0.1.0 1543591239.16   0.9999974288816031
{"n": 14, "noise": "sc-better-t1-and-gates", "circ": "cnx-btb"}: 0.1.0 1543592564.40   0.9999973245108461
{"n": 14, "noise": "sc-better-t1-and-gates", "circ": "cnx-btb"}: 0.1.0 1543593879.87   0.9999973067867661
{"n": 14, "noise": "sc-better-t1-and-gates", "circ": "cnx-btb"}: 0.1.0 1543595201.24   0.9999972866668734
{"n": 14, "noise": "sc-better-t1-and-gates", "circ": "cnx-btb"}: 0.1.0 1543596518.64   0.9999974090832504
{"n": 14, "noise": "sc-better-t1-and-gates", "circ": "cnx-btb"}: 0.1.0 1543597844.62   0.9999972908786855
{"n": 14, "noise": "sc-better-t1-and-gates", "circ": "cnx-btb"}: 0.1.0 1543599170.46   0.9999975063901572
{"n": 14, "noise": "sc-better-t1-and-gates", "circ": "cnx-btb"}: 0.1.0 1543600493.44   0.9999973125052144
{"n": 14, "noise": "sc-better-t1-and-gates", "circ": "cnx-btb"}: 0.1.0 1543601815.06   0.9999974023013859
{"n": 14, "noise": "sc-better-t1-and-gates", "circ": "cnx-btb"}: 0.1.0 1543603132.15   0.999997245082058
{"n": 14, "noise": "sc-better-t1-and-gates", "circ": "cnx-btb"}: 0.1.0 1543604459.24   0.9999972476795151
{"n": 14, "noise": "sc-better-t1-and-gates", "circ": "cnx-btb"}: 0.1.0 1543605779.75   0.9999972763607017
{"n": 14, "noise": "sc-better-t1-and-gates", "circ": "cnx-btb"}: 0.1.0 1543607093.26   0.9999972494694374
{"n": 14, "noise": "sc-better-t1-and-gates", "circ": "cnx-btb"}: 0.1.0 1543608411.19   0.9999972590718605
{"n": 14, "noise": "sc-better-t1-and-gates", "circ": "cnx-btb"}: 0.1.0 1543609732.61   0.9999972830579906
{"n": 14, "noise": "sc-better-t1-and-gates", "circ": "cnx-btb"}: 0.1.0 1543611052.23   0.9999972725799694
{"n": 14, "noise": "sc-better-t1-and-gates", "circ": "cnx-btb"}: 0.1.0 1543612371.07   0.9999973327549108
{"n": 14, "noise": "sc-better-t1-and-gates", "circ": "cnx-btb"}: 0.1.0 1543613693.12   0.99999731855259
{"n": 14, "noise": "sc-better-t1-and-gates", "circ": "cnx-btb"}: 0.1.0 1543615014.74   0.9999973143348531
