=====
{"n": 14, "noise": "sc-better-gates", "circ": "cnx-btb"}: 0.1.0 1543473515.75   0.999734320984355
{"n": 14, "noise": "sc-better-gates", "circ": "cnx-btb"}: 0.1.0 1543474803.81   0.9997405915538283
{"n": 14, "noise": "sc-better-gates", "circ": "cnx-btb"}: 0.1.0 1543476093.52   0.9997263855966754
{"n": 14, "noise": "sc-better-gates", "circ": "cnx-btb"}: 0.1.0 1543477383.26   0.999737698573248
{"n": 14, "noise": "sc-better-gates", "circ": "cnx-btb"}: 0.1.0 1543478671.85   0.9997287215859904
{"n": 14, "noise": "sc-better-gates", "circ": "cnx-btb"}: 0.1.0 1543479965.70   5.405090559732271e-05
{"n": 14, "noise": "sc-better-gates", "circ": "cnx-btb"}: 0.1.0 1543481253.43   0.9997354432984665
{"n": 14, "noise": "sc-better-gates", "circ": "cnx-btb"}: 0.1.0 1543482534.84   0.9997387473555891
{"n": 14, "noise": "sc-better-gates", "circ": "cnx-btb"}: 0.1.0 1543483819.46   0.9997324270101701
{"n": 14, "noise": "sc-better-gates", "circ": "cnx-btb"}: 0.1.0 1543485111.35   7.906625195290173e-06
{"n": 14, "noise": "sc-better-gates", "circ": "cnx-btb"}: 0.1.0 1543486391.24   0.008108443891164689
{"n": 14, "noise": "sc-better-gates", "circ": "cnx-btb"}: 0.1.0 1543487679.50   0.9997349940413861
{"n": 14, "noise": "sc-better-gates", "circ": "cnx-btb"}: 0.1.0 1543488970.01   5.383838198488892e-05
{"n": 14, "noise": "sc-better-gates", "circ": "cnx-btb"}: 0.1.0 1543490256.63   0.9997329529479579
{"n": 14, "noise": "sc-better-gates", "circ": "cnx-btb"}: 0.1.0 1543491567.58   0.9997371840465885
{"n": 14, "noise": "sc-better-gates", "circ": "cnx-btb"}: 0.1.0 1543492869.93   0.9997378419300996
{"n": 14, "noise": "sc-better-gates", "circ": "cnx-btb"}: 0.1.0 1543494155.54   0.9997305150560081
{"n": 14, "noise": "sc-better-gates", "circ": "cnx-btb"}: 0.1.0 1543495455.36   0.9997269690818666
{"n": 14, "noise": "sc-better-gates", "circ": "cnx-btb"}: 0.1.0 1543496758.53   0.9997282299697192
{"n": 14, "noise": "sc-better-gates", "circ": "cnx-btb"}: 0.1.0 1543498071.13   0.9997409350751938
{"n": 14, "noise": "sc-better-gates", "circ": "cnx-btb"}: 0.1.0 1543499374.26   0.9997322693075109
{"n": 14, "noise": "sc-better-gates", "circ": "cnx-btb"}: 0.1.0 1543500680.71   0.9997300262744974
{"n": 14, "noise": "sc-better-gates", "circ": "cnx-btb"}: 0.1.0 1543501983.44   0.9997362224743305
{"n": 14, "noise": "sc-better-gates", "circ": "cnx-btb"}: 0.1.0 1543503283.96   0.9997324306855927
{"n": 14, "noise": "sc-better-gates", "circ": "cnx-btb"}: 0.1.0 1543504587.55   0.9997336555356867
{"n": 14, "noise": "sc-better-gates", "circ": "cnx-btb"}: 0.1.0 1543505886.35   0.9997396262435618
{"n": 14, "noise": "sc-better-gates", "circ": "cnx-btb"}: 0.1.0 1543507181.40   0.9997297496450083
{"n": 14, "noise": "sc-better-gates", "circ": "cnx-btb"}: 0.1.0 1543508480.14   0.9997319919725504
{"n": 14, "noise": "sc-better-gates", "circ": "cnx-btb"}: 0.1.0 1543509781.99   0.9997242954099761
{"n": 14, "noise": "sc-better-gates", "circ": "cnx-btb"}: 0.1.0 1543511087.02   0.9997297744028889
{"n": 14, "noise": "sc-better-gates", "circ": "cnx-btb"}: 0.1.0 1543512396.57   0.9997343768990675
{"n": 14, "noise": "sc-better-gates", "circ": "cnx-btb"}: 0.1.0 1543513690.43   0.9997304217001619
{"n": 14, "noise": "sc-better-gates", "circ": "cnx-btb"}: 0.1.0 1543514987.85   0.9997338157624737
{"n": 14, "noise": "sc-better-gates", "circ": "cnx-btb"}: 0.1.0 1543516294.01   0.999728339139313
{"n": 14, "noise": "sc-better-gates", "circ": "cnx-btb"}: 0.1.0 1543517590.62   0.9997326611606756
{"n": 14, "noise": "sc-better-gates", "circ": "cnx-btb"}: 0.1.0 1543518889.78   0.9997372304122388
{"n": 14, "noise": "sc-better-gates", "circ": "cnx-btb"}: 0.1.0 1543520181.85   0.9997342007820789
{"n": 14, "noise": "sc-better-gates", "circ": "cnx-btb"}: 0.1.0 1543521484.18   0.9997356770502523
{"n": 14, "noise": "sc-better-gates", "circ": "cnx-btb"}: 0.1.0 1543522777.49   0.9997287889489426
=====
{"n": 14, "noise": "sc", "circ": "cnx-lin"}: 0.1.0 1543525753.71   7.803896640540183e-05
{"n": 14, "noise": "sc", "circ": "cnx-lin"}: 0.1.0 1543526614.71   0.0002190372401437296
{"n": 14, "noise": "sc", "circ": "cnx-lin"}: 0.1.0 1543527510.06   5.929563419544476e-05
{"n": 14, "noise": "sc", "circ": "cnx-lin"}: 0.1.0 1543528402.50   6.487833782390506e-05
{"n": 14, "noise": "sc", "circ": "cnx-lin"}: 0.1.0 1543529336.80   1.3373763746590433e-05
{"n": 14, "noise": "sc", "circ": "cnx-lin"}: 0.1.0 1543530211.18   0.0001593868722842924
{"n": 14, "noise": "sc", "circ": "cnx-lin"}: 0.1.0 1543531124.63   7.314958342436351e-05
{"n": 14, "noise": "sc", "circ": "cnx-lin"}: 0.1.0 1543532008.67   2.757236890029697e-05
{"n": 14, "noise": "sc", "circ": "cnx-lin"}: 0.1.0 1543532929.31   0.00013855575402539242
{"n": 14, "noise": "sc", "circ": "cnx-lin"}: 0.1.0 1543533799.70   0.00010587441216638449
{"n": 14, "noise": "sc", "circ": "cnx-lin"}: 0.1.0 1543534634.61   0.00013753225743519463
{"n": 14, "noise": "sc", "circ": "cnx-lin"}: 0.1.0 1543535567.27   4.903070653727e-05
{"n": 14, "noise": "sc", "circ": "cnx-lin"}: 0.1.0 1543536483.17   7.241200768468902e-05
{"n": 14, "noise": "sc", "circ": "cnx-lin"}: 0.1.0 1543537407.52   1.52480940155504e-05
{"n": 14, "noise": "sc", "circ": "cnx-lin"}: 0.1.0 1543538284.82   5.370915864854272e-05
=====
{"n": 14, "noise": "sc-better-gates", "circ": "cnx-btb"}: 0.1.0 1543540215.25   0.9997345503494751
{"n": 14, "noise": "sc-better-gates", "circ": "cnx-btb"}: 0.1.0 1543541505.82   0.9997345514819015
{"n": 14, "noise": "sc-better-gates", "circ": "cnx-btb"}: 0.1.0 1543542798.80   1.0592848449858388e-06
{"n": 14, "noise": "sc-better-gates", "circ": "cnx-btb"}: 0.1.0 1543544097.45   0.9997344641481591
{"n": 14, "noise": "sc-better-gates", "circ": "cnx-btb"}: 0.1.0 1543545407.09   0.9997385920297837
{"n": 14, "noise": "sc-better-gates", "circ": "cnx-btb"}: 0.1.0 1543546702.20   5.712499064531105e-05
=====
{"n": 14, "noise": "sc-better-t1", "circ": "cnx-btb"}: 0.1.0 1543548898.01   0.9999974471626579
{"n": 14, "noise": "sc-better-t1", "circ": "cnx-btb"}: 0.1.0 1543550206.27   0.9999974093567697
{"n": 14, "noise": "sc-better-t1", "circ": "cnx-btb"}: 0.1.0 1543551516.03   0.9999973460075072
{"n": 14, "noise": "sc-better-t1", "circ": "cnx-btb"}: 0.1.0 1543552823.87   0.9999973165981044
{"n": 14, "noise": "sc-better-t1", "circ": "cnx-btb"}: 0.1.0 1543554133.70   1.14397217568044e-05
{"n": 14, "noise": "sc-better-t1", "circ": "cnx-btb"}: 0.1.0 1543555437.38   0.0031697783198538325
{"n": 14, "noise": "sc-better-t1", "circ": "cnx-btb"}: 0.1.0 1543556760.48   1.8577305044883106e-05
{"n": 14, "noise": "sc-better-t1", "circ": "cnx-btb"}: 0.1.0 1543558081.35   0.9999974620738439
{"n": 14, "noise": "sc-better-t1", "circ": "cnx-btb"}: 0.1.0 1543559381.95   0.99999720666
{"n": 14, "noise": "sc-better-t1", "circ": "cnx-btb"}: 0.1.0 1543560691.79   0.9999972082127021
{"n": 14, "noise": "sc-better-t1", "circ": "cnx-btb"}: 0.1.0 1543561996.52   1.8553381725574324e-06
{"n": 14, "noise": "sc-better-t1", "circ": "cnx-btb"}: 0.1.0 1543563306.21   4.408836198923807e-05
{"n": 14, "noise": "sc-better-t1", "circ": "cnx-btb"}: 0.1.0 1543564612.42   0.9999975211794461
{"n": 14, "noise": "sc-better-t1", "circ": "cnx-btb"}: 0.1.0 1543565918.69   1.7386285848013234e-05
{"n": 14, "noise": "sc-better-t1", "circ": "cnx-btb"}: 0.1.0 1543567220.51   0.9999972197786555
{"n": 14, "noise": "sc-better-t1", "circ": "cnx-btb"}: 0.1.0 1543568514.69   2.159782383703519e-05
{"n": 14, "noise": "sc-better-t1", "circ": "cnx-btb"}: 0.1.0 1543569819.18   0.9999974215053008
{"n": 14, "noise": "sc-better-t1", "circ": "cnx-btb"}: 0.1.0 1543571112.04   0.999997258003696
{"n": 14, "noise": "sc-better-t1", "circ": "cnx-btb"}: 0.1.0 1543572413.74   0.9999974695270611
{"n": 14, "noise": "sc-better-t1", "circ": "cnx-btb"}: 0.1.0 1543573715.37   0.9999972934837326
{"n": 14, "noise": "sc-better-t1", "circ": "cnx-btb"}: 0.1.0 1543575023.28   0.0020718554878753396
{"n": 14, "noise": "sc-better-t1", "circ": "cnx-btb"}: 0.1.0 1543576333.36   0.9999974275242738
{"n": 14, "noise": "sc-better-t1", "circ": "cnx-btb"}: 0.1.0 1543577633.89   0.9999973424716627
{"n": 14, "noise": "sc-better-t1", "circ": "cnx-btb"}: 0.1.0 1543578920.78   5.959162849751041e-05
{"n": 14, "noise": "sc-better-t1", "circ": "cnx-btb"}: 0.1.0 1543580222.61   0.9999971893811959
{"n": 14, "noise": "sc-better-t1", "circ": "cnx-btb"}: 0.1.0 1543581531.67   0.9999974530203288
{"n": 14, "noise": "sc-better-t1", "circ": "cnx-btb"}: 0.1.0 1543582832.91   0.9999972354021102
{"n": 14, "noise": "sc-better-t1", "circ": "cnx-btb"}: 0.1.0 1543584126.71   4.750207563228823e-05
{"n": 14, "noise": "sc-better-t1", "circ": "cnx-btb"}: 0.1.0 1543585430.30   0.9999971821599836
{"n": 14, "noise": "sc-better-t1", "circ": "cnx-btb"}: 0.1.0 1543586729.85   0.999997347967841
{"n": 14, "noise": "sc-better-t1", "circ": "cnx-btb"}: 0.1.0 1543588025.51   0.9999973265717528
{"n": 14, "noise": "sc-better-t1", "circ": "cnx-btb"}: 0.1.0 1543589326.90   8.537187558836985e-06
{"n": 14, "noise": "sc-better-t1", "circ": "cnx-btb"}: 0.1.0 1543590625.82   1.7706733319156558e-05
{"n": 14, "noise": "sc-better-t1", "circ": "cnx-btb"}: 0.1.0 1543591927.44   0.9999972082913471
{"n": 14, "noise": "sc-better-t1", "circ": "cnx-btb"}: 0.1.0 1543593227.71   0.0020587908416063185
{"n": 14, "noise": "sc-better-t1", "circ": "cnx-btb"}: 0.1.0 1543594524.17   0.9999973556034607
{"n": 14, "noise": "sc-better-t1", "circ": "cnx-btb"}: 0.1.0 1543595817.60   0.999997372118326
{"n": 14, "noise": "sc-better-t1", "circ": "cnx-btb"}: 0.1.0 1543597125.99   0.9999973543214782
{"n": 14, "noise": "sc-better-t1", "circ": "cnx-btb"}: 0.1.0 1543598434.64   6.062436585751142e-06
{"n": 14, "noise": "sc-better-t1", "circ": "cnx-btb"}: 0.1.0 1543599746.61   0.9999972857356392
{"n": 14, "noise": "sc-better-t1", "circ": "cnx-btb"}: 0.1.0 1543601051.88   0.02916254121650512
{"n": 14, "noise": "sc-better-t1", "circ": "cnx-btb"}: 0.1.0 1543602357.97   0.9999973310971684
{"n": 14, "noise": "sc-better-t1", "circ": "cnx-btb"}: 0.1.0 1543603673.54   0.9999973546604026
{"n": 14, "noise": "sc-better-t1", "circ": "cnx-btb"}: 0.1.0 1543604978.99   2.0537050793693443e-05
{"n": 14, "noise": "sc-better-t1", "circ": "cnx-btb"}: 0.1.0 1543606274.79   0.9999973168729682
{"n": 14, "noise": "sc-better-t1", "circ": "cnx-btb"}: 0.1.0 1543607582.20   0.9999974701673495
{"n": 14, "noise": "sc-better-t1", "circ": "cnx-btb"}: 0.1.0 1543608876.85   0.9999974008906398
{"n": 14, "noise": "sc-better-t1", "circ": "cnx-btb"}: 0.1.0 1543610182.36   0.005277084682137187
{"n": 14, "noise": "sc-better-t1", "circ": "cnx-btb"}: 0.1.0 1543611487.45   0.9999972247783143
{"n": 14, "noise": "sc-better-t1", "circ": "cnx-btb"}: 0.1.0 1543612792.85   0.9999971641809421
{"n": 14, "noise": "sc-better-t1", "circ": "cnx-btb"}: 0.1.0 1543614082.05   1.4343424633057073e-06
