=====
{"n": 14, "noise": "sc-better-gates", "circ": "cnx-btb"}: 0.1.0 1543473521.90   0.9997344527704788
{"n": 14, "noise": "sc-better-gates", "circ": "cnx-btb"}: 0.1.0 1543474814.54   0.9997393359206731
{"n": 14, "noise": "sc-better-gates", "circ": "cnx-btb"}: 0.1.0 1543476095.18   0.9997358519183337
{"n": 14, "noise": "sc-better-gates", "circ": "cnx-btb"}: 0.1.0 1543477368.21   0.9997330356668707
{"n": 14, "noise": "sc-better-gates", "circ": "cnx-btb"}: 0.1.0 1543478654.12   0.0
{"n": 14, "noise": "sc-better-gates", "circ": "cnx-btb"}: 0.1.0 1543479932.25   0.9997278387270846
{"n": 14, "noise": "sc-better-gates", "circ": "cnx-btb"}: 0.1.0 1543481215.86   0.999733930664712
{"n": 14, "noise": "sc-better-gates", "circ": "cnx-btb"}: 0.1.0 1543482504.76   0.9997317029959707
{"n": 14, "noise": "sc-better-gates", "circ": "cnx-btb"}: 0.1.0 1543483792.87   1.0875077190986828e-05
{"n": 14, "noise": "sc-better-gates", "circ": "cnx-btb"}: 0.1.0 1543485084.35   0.9997351721418349
{"n": 14, "noise": "sc-better-gates", "circ": "cnx-btb"}: 0.1.0 1543486384.50   0.9997314791315587
{"n": 14, "noise": "sc-better-gates", "circ": "cnx-btb"}: 0.1.0 1543487682.40   0.9997380605194962
{"n": 14, "noise": "sc-better-gates", "circ": "cnx-btb"}: 0.1.0 1543488966.64   4.4413243184453314e-06
{"n": 14, "noise": "sc-better-gates", "circ": "cnx-btb"}: 0.1.0 1543490264.21   6.641882492066067e-05
{"n": 14, "noise": "sc-better-gates", "circ": "cnx-btb"}: 0.1.0 1543491565.84   3.865857416429059e-06
{"n": 14, "noise": "sc-better-gates", "circ": "cnx-btb"}: 0.1.0 1543492851.81   0.9997338294259489
{"n": 14, "noise": "sc-better-gates", "circ": "cnx-btb"}: 0.1.0 1543494142.89   0.9997376237540845
{"n": 14, "noise": "sc-better-gates", "circ": "cnx-btb"}: 0.1.0 1543495424.15   0.9997304500573745
{"n": 14, "noise": "sc-better-gates", "circ": "cnx-btb"}: 0.1.0 1543496718.74   0.9997330509050489
{"n": 14, "noise": "sc-better-gates", "circ": "cnx-btb"}: 0.1.0 1543498021.46   6.713092230937152e-05
{"n": 14, "noise": "sc-better-gates", "circ": "cnx-btb"}: 0.1.0 1543499316.70   0.9997318008909951
{"n": 14, "noise": "sc-better-gates", "circ": "cnx-btb"}: 0.1.0 1543500613.69   0.9997347127891366
{"n": 14, "noise": "sc-better-gates", "circ": "cnx-btb"}: 0.1.0 1543501912.47   0.9997300670736856
{"n": 14, "noise": "sc-better-gates", "circ": "cnx-btb"}: 0.1.0 1543503190.68   0.0033348727176411544
{"n": 14, "noise": "sc-better-gates", "circ": "cnx-btb"}: 0.1.0 1543504489.65   0.9997321804840061
{"n": 14, "noise": "sc-better-gates", "circ": "cnx-btb"}: 0.1.0 1543505779.95   0.9997376848617662
{"n": 14, "noise": "sc-better-gates", "circ": "cnx-btb"}: 0.1.0 1543507070.81   7.98450948975825e-06
{"n": 14, "noise": "sc-better-gates", "circ": "cnx-btb"}: 0.1.0 1543508365.10   8.634305672367257e-06
{"n": 14, "noise": "sc-better-gates", "circ": "cnx-btb"}: 0.1.0 1543509663.82   0.999732170897209
{"n": 14, "noise": "sc-better-gates", "circ": "cnx-btb"}: 0.1.0 1543510959.70   0.9997373388894207
{"n": 14, "noise": "sc-better-gates", "circ": "cnx-btb"}: 0.1.0 1543512244.10   0.9997330400987858
{"n": 14, "noise": "sc-better-gates", "circ": "cnx-btb"}: 0.1.0 1543513541.47   0.9997382168229474
{"n": 14, "noise": "sc-better-gates", "circ": "cnx-btb"}: 0.1.0 1543514826.86   0.9997298293663742
{"n": 14, "noise": "sc-better-gates", "circ": "cnx-btb"}: 0.1.0 1543516120.04   0.99973231594676
{"n": 14, "noise": "sc-better-gates", "circ": "cnx-btb"}: 0.1.0 1543517413.71   8.517677195809072e-05
{"n": 14, "noise": "sc-better-gates", "circ": "cnx-btb"}: 0.1.0 1543518701.50   0.9997306016819334
{"n": 14, "noise": "sc-better-gates", "circ": "cnx-btb"}: 0.1.0 1543520000.60   0.9997362847456422
{"n": 14, "noise": "sc-better-gates", "circ": "cnx-btb"}: 0.1.0 1543521293.34   0.99973454197636
{"n": 14, "noise": "sc-better-gates", "circ": "cnx-btb"}: 0.1.0 1543522582.08   3.7777407923230955e-05
{"n": 14, "noise": "sc-better-gates", "circ": "cnx-btb"}: 0.1.0 1543523879.43   0.9997374129699278
=====
{"n": 14, "noise": "sc-better-t1", "circ": "cnx-lin"}: 0.1.0 1543525737.17   8.522051067548305e-07
{"n": 14, "noise": "sc-better-t1", "circ": "cnx-lin"}: 0.1.0 1543526572.20   1.9070670231839966e-05
{"n": 14, "noise": "sc-better-t1", "circ": "cnx-lin"}: 0.1.0 1543527397.67   2.256021060172043e-05
{"n": 14, "noise": "sc-better-t1", "circ": "cnx-lin"}: 0.1.0 1543528290.90   2.0312902890792423e-05
{"n": 14, "noise": "sc-better-t1", "circ": "cnx-lin"}: 0.1.0 1543529174.13   5.4609656326146804e-05
{"n": 14, "noise": "sc-better-t1", "circ": "cnx-lin"}: 0.1.0 1543529977.18   6.442939264316337e-05
{"n": 14, "noise": "sc-better-t1", "circ": "cnx-lin"}: 0.1.0 1543530891.19   0.00015494236753839545
{"n": 14, "noise": "sc-better-t1", "circ": "cnx-lin"}: 0.1.0 1543531801.52   4.1238735977363396e-06
{"n": 14, "noise": "sc-better-t1", "circ": "cnx-lin"}: 0.1.0 1543532675.32   1.8612524149815894e-05
{"n": 14, "noise": "sc-better-t1", "circ": "cnx-lin"}: 0.1.0 1543533511.49   0.00014500767865070391
{"n": 14, "noise": "sc-better-t1", "circ": "cnx-lin"}: 0.1.0 1543534338.60   5.737562573468835e-05
{"n": 14, "noise": "sc-better-t1", "circ": "cnx-lin"}: 0.1.0 1543535170.54   0.00013027034542307904
{"n": 14, "noise": "sc-better-t1", "circ": "cnx-lin"}: 0.1.0 1543536021.78   0.00018458420565413837
{"n": 14, "noise": "sc-better-t1", "circ": "cnx-lin"}: 0.1.0 1543536913.13   4.858273572006958e-07
{"n": 14, "noise": "sc-better-t1", "circ": "cnx-lin"}: 0.1.0 1543537766.13   1.5212345507151753e-05
{"n": 14, "noise": "sc-better-t1", "circ": "cnx-lin"}: 0.1.0 1543538653.82   1.603936213402744e-05
=====
{"n": 14, "noise": "sc-better-gates", "circ": "cnx-btb"}: 0.1.0 1543540191.28   0.9997339710253695
{"n": 14, "noise": "sc-better-gates", "circ": "cnx-btb"}: 0.1.0 1543541478.78   0.9997365565055901
{"n": 14, "noise": "sc-better-gates", "circ": "cnx-btb"}: 0.1.0 1543542766.12   0.9997388771368719
{"n": 14, "noise": "sc-better-gates", "circ": "cnx-btb"}: 0.1.0 1543544046.12   0.9997370933889174
{"n": 14, "noise": "sc-better-gates", "circ": "cnx-btb"}: 0.1.0 1543545335.50   0.9997376189971501
{"n": 14, "noise": "sc-better-gates", "circ": "cnx-btb"}: 0.1.0 1543546626.54   0.9997361981717093
=====
{"n": 14, "noise": "sc-better-t1", "circ": "cnx-btb"}: 0.1.0 1543548872.71   0.9999971444641581
{"n": 14, "noise": "sc-better-t1", "circ": "cnx-btb"}: 0.1.0 1543550151.94   0.9999973904193512
{"n": 14, "noise": "sc-better-t1", "circ": "cnx-btb"}: 0.1.0 1543551432.32   0.9999974543736128
{"n": 14, "noise": "sc-better-t1", "circ": "cnx-btb"}: 0.1.0 1543552724.11   2.175582341324053e-06
{"n": 14, "noise": "sc-better-t1", "circ": "cnx-btb"}: 0.1.0 1543554004.66   0.9999972700956726
{"n": 14, "noise": "sc-better-t1", "circ": "cnx-btb"}: 0.1.0 1543555296.51   0.9999973118355294
{"n": 14, "noise": "sc-better-t1", "circ": "cnx-btb"}: 0.1.0 1543556582.87   0.9999973058870215
{"n": 14, "noise": "sc-better-t1", "circ": "cnx-btb"}: 0.1.0 1543557875.35   5.585980812126333e-06
{"n": 14, "noise": "sc-better-t1", "circ": "cnx-btb"}: 0.1.0 1543559155.00   4.679448311485264e-05
{"n": 14, "noise": "sc-better-t1", "circ": "cnx-btb"}: 0.1.0 1543560434.13   0.9999974162077466
{"n": 14, "noise": "sc-better-t1", "circ": "cnx-btb"}: 0.1.0 1543561722.01   0.9999972838384169
{"n": 14, "noise": "sc-better-t1", "circ": "cnx-btb"}: 0.1.0 1543563000.93   1.1380695379717546e-05
{"n": 14, "noise": "sc-better-t1", "circ": "cnx-btb"}: 0.1.0 1543564279.29   0.9999973415311997
{"n": 14, "noise": "sc-better-t1", "circ": "cnx-btb"}: 0.1.0 1543565564.47   0.9999973169996013
{"n": 14, "noise": "sc-better-t1", "circ": "cnx-btb"}: 0.1.0 1543566842.94   0.9999974687768216
{"n": 14, "noise": "sc-better-t1", "circ": "cnx-btb"}: 0.1.0 1543568121.08   0.9999972200360545
{"n": 14, "noise": "sc-better-t1", "circ": "cnx-btb"}: 0.1.0 1543569407.42   0.9999972784051393
{"n": 14, "noise": "sc-better-t1", "circ": "cnx-btb"}: 0.1.0 1543570691.72   3.7719662939263157e-06
{"n": 14, "noise": "sc-better-t1", "circ": "cnx-btb"}: 0.1.0 1543571969.12   0.002363587415793465
{"n": 14, "noise": "sc-better-t1", "circ": "cnx-btb"}: 0.1.0 1543573251.17   0.9999972639562748
{"n": 14, "noise": "sc-better-t1", "circ": "cnx-btb"}: 0.1.0 1543574532.47   0.999997257766548
{"n": 14, "noise": "sc-better-t1", "circ": "cnx-btb"}: 0.1.0 1543575811.86   0.9999974140856029
{"n": 14, "noise": "sc-better-t1", "circ": "cnx-btb"}: 0.1.0 1543577091.76   0.9999973040358693
{"n": 14, "noise": "sc-better-t1", "circ": "cnx-btb"}: 0.1.0 1543578379.26   2.694302054394993e-06
{"n": 14, "noise": "sc-better-t1", "circ": "cnx-btb"}: 0.1.0 1543579657.90   0.9999972910290785
{"n": 14, "noise": "sc-better-t1", "circ": "cnx-btb"}: 0.1.0 1543580937.39   2.85318806904012e-06
{"n": 14, "noise": "sc-better-t1", "circ": "cnx-btb"}: 0.1.0 1543582217.80   6.386428342521759e-06
{"n": 14, "noise": "sc-better-t1", "circ": "cnx-btb"}: 0.1.0 1543583501.27   8.593457875223697e-07
{"n": 14, "noise": "sc-better-t1", "circ": "cnx-btb"}: 0.1.0 1543584792.08   0.9999973185051579
{"n": 14, "noise": "sc-better-t1", "circ": "cnx-btb"}: 0.1.0 1543586068.69   0.9999974571749133
{"n": 14, "noise": "sc-better-t1", "circ": "cnx-btb"}: 0.1.0 1543587345.75   4.59669871803893e-05
{"n": 14, "noise": "sc-better-t1", "circ": "cnx-btb"}: 0.1.0 1543588623.45   5.512365526009936e-06
{"n": 14, "noise": "sc-better-t1", "circ": "cnx-btb"}: 0.1.0 1543589904.95   0.9999973314433901
{"n": 14, "noise": "sc-better-t1", "circ": "cnx-btb"}: 0.1.0 1543591184.87   2.5491033877930392e-06
{"n": 14, "noise": "sc-better-t1", "circ": "cnx-btb"}: 0.1.0 1543592473.89   1.663470696528928e-05
{"n": 14, "noise": "sc-better-t1", "circ": "cnx-btb"}: 0.1.0 1543593757.43   1.9332838502396237e-05
{"n": 14, "noise": "sc-better-t1", "circ": "cnx-btb"}: 0.1.0 1543595043.87   0.9999974235659407
{"n": 14, "noise": "sc-better-t1", "circ": "cnx-btb"}: 0.1.0 1543596326.06   1.5075398990552115e-05
{"n": 14, "noise": "sc-better-t1", "circ": "cnx-btb"}: 0.1.0 1543597608.23   0.9999973043177749
{"n": 14, "noise": "sc-better-t1", "circ": "cnx-btb"}: 0.1.0 1543598892.94   7.243308380367214e-06
{"n": 14, "noise": "sc-better-t1", "circ": "cnx-btb"}: 0.1.0 1543600174.76   0.9999972877514259
{"n": 14, "noise": "sc-better-t1", "circ": "cnx-btb"}: 0.1.0 1543601453.24   0.004170859262891953
{"n": 14, "noise": "sc-better-t1", "circ": "cnx-btb"}: 0.1.0 1543602740.54   3.1180126131039843e-06
{"n": 14, "noise": "sc-better-t1", "circ": "cnx-btb"}: 0.1.0 1543604023.69   0.9999973101490389
{"n": 14, "noise": "sc-better-t1", "circ": "cnx-btb"}: 0.1.0 1543605314.32   0.9999973430983897
{"n": 14, "noise": "sc-better-t1", "circ": "cnx-btb"}: 0.1.0 1543606595.50   0.99999707273737
{"n": 14, "noise": "sc-better-t1", "circ": "cnx-btb"}: 0.1.0 1543607876.54   0.9999972625580746
{"n": 14, "noise": "sc-better-t1", "circ": "cnx-btb"}: 0.1.0 1543609167.00   0.9999971079237051
{"n": 14, "noise": "sc-better-t1", "circ": "cnx-btb"}: 0.1.0 1543610452.98   0.9999973488365964
{"n": 14, "noise": "sc-better-t1", "circ": "cnx-btb"}: 0.1.0 1543611744.30   1.152879300587987e-05
{"n": 14, "noise": "sc-better-t1", "circ": "cnx-btb"}: 0.1.0 1543613035.09   0.9999972795287795
{"n": 14, "noise": "sc-better-t1", "circ": "cnx-btb"}: 0.1.0 1543614322.03   0.9999972106770518
