=====
{"n": 14, "noise": "sc-better-t1-and-gates", "circ": "cnx-btb"}: 0.1.0 1543473520.28   0.999997333521916
{"n": 14, "noise": "sc-better-t1-and-gates", "circ": "cnx-btb"}: 0.1.0 1543474802.62   0.9999974491333001
{"n": 14, "noise": "sc-better-t1-and-gates", "circ": "cnx-btb"}: 0.1.0 1543476092.94   0.9999973122151821
{"n": 14, "noise": "sc-better-t1-and-gates", "circ": "cnx-btb"}: 0.1.0 1543477387.51   0.9999972157631172
{"n": 14, "noise": "sc-better-t1-and-gates", "circ": "cnx-btb"}: 0.1.0 1543478664.77   0.9999974028804117
{"n": 14, "noise": "sc-better-t1-and-gates", "circ": "cnx-btb"}: 0.1.0 1543479955.01   0.9999973361238713
{"n": 14, "noise": "sc-better-t1-and-gates", "circ": "cnx-btb"}: 0.1.0 1543481249.37   0.9999973943729628
{"n": 14, "noise": "sc-better-t1-and-gates", "circ": "cnx-btb"}: 0.1.0 1543482530.65   0.9999973337345942
{"n": 14, "noise": "sc-better-t1-and-gates", "circ": "cnx-btb"}: 0.1.0 1543483819.50   0.9999973733586844
{"n": 14, "noise": "sc-better-t1-and-gates", "circ": "cnx-btb"}: 0.1.0 1543485107.98   0.9999972777157939
{"n": 14, "noise": "sc-better-t1-and-gates", "circ": "cnx-btb"}: 0.1.0 1543486393.51   0.9999972927774972
{"n": 14, "noise": "sc-better-t1-and-gates", "circ": "cnx-btb"}: 0.1.0 1543487683.16   0.9999972293749253
{"n": 14, "noise": "sc-better-t1-and-gates", "circ": "cnx-btb"}: 0.1.0 1543488975.86   0.999997333451858
{"n": 14, "noise": "sc-better-t1-and-gates", "circ": "cnx-btb"}: 0.1.0 1543490260.37   0.9999973395874269
{"n": 14, "noise": "sc-better-t1-and-gates", "circ": "cnx-btb"}: 0.1.0 1543491549.86   0.9999972987788375
{"n": 14, "noise": "sc-better-t1-and-gates", "circ": "cnx-btb"}: 0.1.0 1543492839.77   0.9999972038880923
{"n": 14, "noise": "sc-better-t1-and-gates", "circ": "cnx-btb"}: 0.1.0 1543494126.92   0.0727208040713323
{"n": 14, "noise": "sc-better-t1-and-gates", "circ": "cnx-btb"}: 0.1.0 1543495417.16   6.232191863045942e-06
{"n": 14, "noise": "sc-better-t1-and-gates", "circ": "cnx-btb"}: 0.1.0 1543496718.48   0.9999972101766446
{"n": 14, "noise": "sc-better-t1-and-gates", "circ": "cnx-btb"}: 0.1.0 1543498015.10   0.9999974224254321
{"n": 14, "noise": "sc-better-t1-and-gates", "circ": "cnx-btb"}: 0.1.0 1543499303.66   0.9999973393171914
{"n": 14, "noise": "sc-better-t1-and-gates", "circ": "cnx-btb"}: 0.1.0 1543500595.13   0.9999972980141882
{"n": 14, "noise": "sc-better-t1-and-gates", "circ": "cnx-btb"}: 0.1.0 1543501888.73   0.9999974186515447
{"n": 14, "noise": "sc-better-t1-and-gates", "circ": "cnx-btb"}: 0.1.0 1543503185.45   0.9999973684283858
{"n": 14, "noise": "sc-better-t1-and-gates", "circ": "cnx-btb"}: 0.1.0 1543504492.46   0.9999972798183827
{"n": 14, "noise": "sc-better-t1-and-gates", "circ": "cnx-btb"}: 0.1.0 1543505784.50   1.4702280050315555e-05
{"n": 14, "noise": "sc-better-t1-and-gates", "circ": "cnx-btb"}: 0.1.0 1543507073.96   0.9999973575472777
{"n": 14, "noise": "sc-better-t1-and-gates", "circ": "cnx-btb"}: 0.1.0 1543508377.03   1.8821523478446268e-05
{"n": 14, "noise": "sc-better-t1-and-gates", "circ": "cnx-btb"}: 0.1.0 1543509680.82   0.9999972995061159
{"n": 14, "noise": "sc-better-t1-and-gates", "circ": "cnx-btb"}: 0.1.0 1543510964.60   0.9999973367869205
{"n": 14, "noise": "sc-better-t1-and-gates", "circ": "cnx-btb"}: 0.1.0 1543512260.55   0.9999972822560879
{"n": 14, "noise": "sc-better-t1-and-gates", "circ": "cnx-btb"}: 0.1.0 1543513561.09   0.9999971046028691
{"n": 14, "noise": "sc-better-t1-and-gates", "circ": "cnx-btb"}: 0.1.0 1543514862.44   0.9999973551288832
{"n": 14, "noise": "sc-better-t1-and-gates", "circ": "cnx-btb"}: 0.1.0 1543516162.51   0.9999973771342424
{"n": 14, "noise": "sc-better-t1-and-gates", "circ": "cnx-btb"}: 0.1.0 1543517459.94   0.9999973898225047
{"n": 14, "noise": "sc-better-t1-and-gates", "circ": "cnx-btb"}: 0.1.0 1543518756.45   0.9999974309471569
{"n": 14, "noise": "sc-better-t1-and-gates", "circ": "cnx-btb"}: 0.1.0 1543520049.99   0.9999972949494472
{"n": 14, "noise": "sc-better-t1-and-gates", "circ": "cnx-btb"}: 0.1.0 1543521340.81   0.9999973244604097
{"n": 14, "noise": "sc-better-t1-and-gates", "circ": "cnx-btb"}: 0.1.0 1543522640.97   0.9999973727236001
{"n": 14, "noise": "sc-better-t1-and-gates", "circ": "cnx-btb"}: 0.1.0 1543523939.83   0.9999972905900074
=====
{"n": 14, "noise": "sc-better-gates", "circ": "cnx-lin"}: 0.1.0 1543525702.35   2.887295770070655e-05
{"n": 14, "noise": "sc-better-gates", "circ": "cnx-lin"}: 0.1.0 1543526563.36   3.906720310268236e-05
{"n": 14, "noise": "sc-better-gates", "circ": "cnx-lin"}: 0.1.0 1543527384.49   0.00011624326162572327
{"n": 14, "noise": "sc-better-gates", "circ": "cnx-lin"}: 0.1.0 1543528232.24   8.348634933330037e-05
{"n": 14, "noise": "sc-better-gates", "circ": "cnx-lin"}: 0.1.0 1543529099.11   1.9598452096506677e-06
{"n": 14, "noise": "sc-better-gates", "circ": "cnx-lin"}: 0.1.0 1543529940.30   0.00010203280322115364
{"n": 14, "noise": "sc-better-gates", "circ": "cnx-lin"}: 0.1.0 1543530785.83   2.6787696340424675e-06
{"n": 14, "noise": "sc-better-gates", "circ": "cnx-lin"}: 0.1.0 1543531688.57   3.6722681373173865e-05
{"n": 14, "noise": "sc-better-gates", "circ": "cnx-lin"}: 0.1.0 1543532525.16   1.784269722563295e-05
{"n": 14, "noise": "sc-better-gates", "circ": "cnx-lin"}: 0.1.0 1543533463.15   2.0827168886636168e-05
{"n": 14, "noise": "sc-better-gates", "circ": "cnx-lin"}: 0.1.0 1543534418.47   0.00022361547284814072
{"n": 14, "noise": "sc-better-gates", "circ": "cnx-lin"}: 0.1.0 1543535359.05   6.4683711994559816e-06
{"n": 14, "noise": "sc-better-gates", "circ": "cnx-lin"}: 0.1.0 1543536335.65   1.3620210773490783e-05
{"n": 14, "noise": "sc-better-gates", "circ": "cnx-lin"}: 0.1.0 1543537300.63   3.486307729278967e-05
{"n": 14, "noise": "sc-better-gates", "circ": "cnx-lin"}: 0.1.0 1543538210.91   1.530554266164282e-05
=====
{"n": 14, "noise": "sc-better-t1-and-gates", "circ": "cnx-btb"}: 0.1.0 1543540217.12   0.9999972840502569
{"n": 14, "noise": "sc-better-t1-and-gates", "circ": "cnx-btb"}: 0.1.0 1543541519.04   0.9999973741325442
{"n": 14, "noise": "sc-better-t1-and-gates", "circ": "cnx-btb"}: 0.1.0 1543542825.11   0.9999973759939141
{"n": 14, "noise": "sc-better-t1-and-gates", "circ": "cnx-btb"}: 0.1.0 1543544128.70   4.23239270221735e-05
{"n": 14, "noise": "sc-better-t1-and-gates", "circ": "cnx-btb"}: 0.1.0 1543545430.58   0.9999971852101363
{"n": 14, "noise": "sc-better-t1-and-gates", "circ": "cnx-btb"}: 0.1.0 1543546745.98   2.1750621054052834e-05
=====
{"n": 14, "noise": "sc-better-gates", "circ": "cnx-btb"}: 0.1.0 1543548886.22   0.0
{"n": 14, "noise": "sc-better-gates", "circ": "cnx-btb"}: 0.1.0 1543550172.99   0.9997322423910722
{"n": 14, "noise": "sc-better-gates", "circ": "cnx-btb"}: 0.1.0 1543551489.94   0.9997340012127415
{"n": 14, "noise": "sc-better-gates", "circ": "cnx-btb"}: 0.1.0 1543552799.16   0.9997375051124275
{"n": 14, "noise": "sc-better-gates", "circ": "cnx-btb"}: 0.1.0 1543554104.14   0.9997375969622482
{"n": 14, "noise": "sc-better-gates", "circ": "cnx-btb"}: 0.1.0 1543555406.56   0.9997376656138975
{"n": 14, "noise": "sc-better-gates", "circ": "cnx-btb"}: 0.1.0 1543556715.57   0.9997315667331609
{"n": 14, "noise": "sc-better-gates", "circ": "cnx-btb"}: 0.1.0 1543558017.45   0.0
{"n": 14, "noise": "sc-better-gates", "circ": "cnx-btb"}: 0.1.0 1543559321.71   0.9997322639463554
{"n": 14, "noise": "sc-better-gates", "circ": "cnx-btb"}: 0.1.0 1543560635.57   0.9997322305525208
{"n": 14, "noise": "sc-better-gates", "circ": "cnx-btb"}: 0.1.0 1543561939.30   0.9997342586704709
{"n": 14, "noise": "sc-better-gates", "circ": "cnx-btb"}: 0.1.0 1543563239.42   0.9997340278984264
{"n": 14, "noise": "sc-better-gates", "circ": "cnx-btb"}: 0.1.0 1543564550.45   0.9997331094826297
{"n": 14, "noise": "sc-better-gates", "circ": "cnx-btb"}: 0.1.0 1543565858.87   0.9997330379683065
{"n": 14, "noise": "sc-better-gates", "circ": "cnx-btb"}: 0.1.0 1543567172.83   0.9997413259920505
{"n": 14, "noise": "sc-better-gates", "circ": "cnx-btb"}: 0.1.0 1543568476.99   0.9997354580439519
{"n": 14, "noise": "sc-better-gates", "circ": "cnx-btb"}: 0.1.0 1543569774.01   0.9997297014186977
{"n": 14, "noise": "sc-better-gates", "circ": "cnx-btb"}: 0.1.0 1543571071.80   9.762480763241472e-05
{"n": 14, "noise": "sc-better-gates", "circ": "cnx-btb"}: 0.1.0 1543572384.11   1.463958166663069e-05
{"n": 14, "noise": "sc-better-gates", "circ": "cnx-btb"}: 0.1.0 1543573679.91   2.386277010585508e-05
{"n": 14, "noise": "sc-better-gates", "circ": "cnx-btb"}: 0.1.0 1543574985.65   0.9997344603633632
{"n": 14, "noise": "sc-better-gates", "circ": "cnx-btb"}: 0.1.0 1543576288.60   0.9997303331438447
{"n": 14, "noise": "sc-better-gates", "circ": "cnx-btb"}: 0.1.0 1543577592.58   0.9997306061395365
{"n": 14, "noise": "sc-better-gates", "circ": "cnx-btb"}: 0.1.0 1543578891.54   0.9997301029108213
{"n": 14, "noise": "sc-better-gates", "circ": "cnx-btb"}: 0.1.0 1543580193.37   0.9997317305705469
{"n": 14, "noise": "sc-better-gates", "circ": "cnx-btb"}: 0.1.0 1543581498.34   0.9997320453553672
{"n": 14, "noise": "sc-better-gates", "circ": "cnx-btb"}: 0.1.0 1543582803.52   0.9997366433382723
{"n": 14, "noise": "sc-better-gates", "circ": "cnx-btb"}: 0.1.0 1543584112.17   0.9997303550700113
{"n": 14, "noise": "sc-better-gates", "circ": "cnx-btb"}: 0.1.0 1543585406.44   0.9997347374316851
{"n": 14, "noise": "sc-better-gates", "circ": "cnx-btb"}: 0.1.0 1543586715.73   0.9997343963062805
{"n": 14, "noise": "sc-better-gates", "circ": "cnx-btb"}: 0.1.0 1543588024.93   0.9997359624934657
{"n": 14, "noise": "sc-better-gates", "circ": "cnx-btb"}: 0.1.0 1543589325.12   0.9997295990313976
{"n": 14, "noise": "sc-better-gates", "circ": "cnx-btb"}: 0.1.0 1543590624.38   0.999735659361003
{"n": 14, "noise": "sc-better-gates", "circ": "cnx-btb"}: 0.1.0 1543591924.17   6.329730210819877e-05
{"n": 14, "noise": "sc-better-gates", "circ": "cnx-btb"}: 0.1.0 1543593229.20   3.970391910287387e-05
{"n": 14, "noise": "sc-better-gates", "circ": "cnx-btb"}: 0.1.0 1543594518.60   0.9997343406319043
{"n": 14, "noise": "sc-better-gates", "circ": "cnx-btb"}: 0.1.0 1543595821.89   0.0
{"n": 14, "noise": "sc-better-gates", "circ": "cnx-btb"}: 0.1.0 1543597127.71   0.9997342214573431
{"n": 14, "noise": "sc-better-gates", "circ": "cnx-btb"}: 0.1.0 1543598424.44   0.9997326998927212
{"n": 14, "noise": "sc-better-gates", "circ": "cnx-btb"}: 0.1.0 1543599724.74   0.9997357437626772
{"n": 14, "noise": "sc-better-gates", "circ": "cnx-btb"}: 0.1.0 1543601022.88   0.999737437319499
{"n": 14, "noise": "sc-better-gates", "circ": "cnx-btb"}: 0.1.0 1543602315.13   0.999737235332286
{"n": 14, "noise": "sc-better-gates", "circ": "cnx-btb"}: 0.1.0 1543603622.46   0.9997370217758139
{"n": 14, "noise": "sc-better-gates", "circ": "cnx-btb"}: 0.1.0 1543604921.99   0.9997408256791515
{"n": 14, "noise": "sc-better-gates", "circ": "cnx-btb"}: 0.1.0 1543606218.40   0.9997267576181132
{"n": 14, "noise": "sc-better-gates", "circ": "cnx-btb"}: 0.1.0 1543607519.34   0.9997358062222792
{"n": 14, "noise": "sc-better-gates", "circ": "cnx-btb"}: 0.1.0 1543608821.55   0.9997331799334697
{"n": 14, "noise": "sc-better-gates", "circ": "cnx-btb"}: 0.1.0 1543610121.56   0.9997338709195399
{"n": 14, "noise": "sc-better-gates", "circ": "cnx-btb"}: 0.1.0 1543611414.49   0.9997323733090964
{"n": 14, "noise": "sc-better-gates", "circ": "cnx-btb"}: 0.1.0 1543612712.54   0.9997319436738576
{"n": 14, "noise": "sc-better-gates", "circ": "cnx-btb"}: 0.1.0 1543614011.47   0.9997361108781813
{"n": 14, "noise": "sc-better-gates", "circ": "cnx-btb"}: 0.1.0 1543615313.57   0.9997357483648474
