=====
{"n": 14, "noise": "sc", "circ": "cnx-lin"}: 0.1.0 1543473093.81   1.4630656680709256e-05
{"n": 14, "noise": "sc", "circ": "cnx-lin"}: 0.1.0 1543473948.52   1.537103963210842e-05
{"n": 14, "noise": "sc", "circ": "cnx-lin"}: 0.1.0 1543474819.74   7.728606852082431e-05
{"n": 14, "noise": "sc", "circ": "cnx-lin"}: 0.1.0 1543475606.06   9.35846830528036e-05
{"n": 14, "noise": "sc", "circ": "cnx-lin"}: 0.1.0 1543476514.08   4.399024292128023e-06
{"n": 14, "noise": "sc", "circ": "cnx-lin"}: 0.1.0 1543477393.56   1.0691264330039627e-05
{"n": 14, "noise": "sc", "circ": "cnx-lin"}: 0.1.0 1543478233.35   4.0229732283071634e-05
{"n": 14, "noise": "sc", "circ": "cnx-lin"}: 0.1.0 1543479087.09   3.8229711390563464e-05
{"n": 14, "noise": "sc", "circ": "cnx-lin"}: 0.1.0 1543479905.23   9.138936346896332e-05
{"n": 14, "noise": "sc", "circ": "cnx-lin"}: 0.1.0 1543480773.37   1.0126470894841831e-05
{"n": 14, "noise": "sc", "circ": "cnx-lin"}: 0.1.0 1543481611.73   4.280281000708105e-05
{"n": 14, "noise": "sc", "circ": "cnx-lin"}: 0.1.0 1543482545.51   7.343165415629368e-05
{"n": 14, "noise": "sc", "circ": "cnx-lin"}: 0.1.0 1543483320.36   3.687089234671917e-05
{"n": 14, "noise": "sc", "circ": "cnx-lin"}: 0.1.0 1543484148.89   1.0709429659403507e-05
{"n": 14, "noise": "sc", "circ": "cnx-lin"}: 0.1.0 1543485008.38   5.7379048232041103e-05
{"n": 14, "noise": "sc", "circ": "cnx-lin"}: 0.1.0 1543485858.62   7.474611700936857e-08
{"n": 14, "noise": "sc", "circ": "cnx-lin"}: 0.1.0 1543486730.46   8.342931530848526e-05
{"n": 14, "noise": "sc", "circ": "cnx-lin"}: 0.1.0 1543487633.67   9.997318210582512e-06
{"n": 14, "noise": "sc", "circ": "cnx-lin"}: 0.1.0 1543488523.76   7.87110170235746e-06
{"n": 14, "noise": "sc", "circ": "cnx-lin"}: 0.1.0 1543489357.67   1.293676588257635e-05
{"n": 14, "noise": "sc", "circ": "cnx-lin"}: 0.1.0 1543490205.84   1.457824675481808e-05
{"n": 14, "noise": "sc", "circ": "cnx-lin"}: 0.1.0 1543491030.09   1.6919395453054277e-05
{"n": 14, "noise": "sc", "circ": "cnx-lin"}: 0.1.0 1543491850.17   0.00013457977061099357
{"n": 14, "noise": "sc", "circ": "cnx-lin"}: 0.1.0 1543492730.27   6.578344292881544e-05
{"n": 14, "noise": "sc", "circ": "cnx-lin"}: 0.1.0 1543493616.03   0.00015472216602289212
{"n": 14, "noise": "sc", "circ": "cnx-lin"}: 0.1.0 1543494534.79   5.956379523601428e-06
{"n": 14, "noise": "sc", "circ": "cnx-lin"}: 0.1.0 1543495461.36   3.567132082982524e-05
{"n": 14, "noise": "sc", "circ": "cnx-lin"}: 0.1.0 1543496335.87   2.367618093828094e-06
{"n": 14, "noise": "sc", "circ": "cnx-lin"}: 0.1.0 1543497216.71   0.00014340604792456295
{"n": 14, "noise": "sc", "circ": "cnx-lin"}: 0.1.0 1543498046.84   8.354846239526507e-05
{"n": 14, "noise": "sc", "circ": "cnx-lin"}: 0.1.0 1543498874.63   4.380057085748656e-05
{"n": 14, "noise": "sc", "circ": "cnx-lin"}: 0.1.0 1543499726.12   8.81829922645487e-06
{"n": 14, "noise": "sc", "circ": "cnx-lin"}: 0.1.0 1543500580.86   0.00011504771330216855
{"n": 14, "noise": "sc", "circ": "cnx-lin"}: 0.1.0 1543501464.81   6.448011142702714e-05
{"n": 14, "noise": "sc", "circ": "cnx-lin"}: 0.1.0 1543502331.51   1.0080038729649779e-05
{"n": 14, "noise": "sc", "circ": "cnx-lin"}: 0.1.0 1543503253.97   6.28633784725088e-05
{"n": 14, "noise": "sc", "circ": "cnx-lin"}: 0.1.0 1543504141.81   1.008745411319206e-05
{"n": 14, "noise": "sc", "circ": "cnx-lin"}: 0.1.0 1543505004.16   5.4586760190894725e-05
{"n": 14, "noise": "sc", "circ": "cnx-lin"}: 0.1.0 1543505894.77   2.4010310525862306e-05
{"n": 14, "noise": "sc", "circ": "cnx-lin"}: 0.1.0 1543506863.59   1.6148513385118246e-05
{"n": 14, "noise": "sc", "circ": "cnx-lin"}: 0.1.0 1543507821.01   0.00013978441065561596
{"n": 14, "noise": "sc", "circ": "cnx-lin"}: 0.1.0 1543508801.01   1.6226928237105337e-05
{"n": 14, "noise": "sc", "circ": "cnx-lin"}: 0.1.0 1543509734.33   9.114526308229233e-06
{"n": 14, "noise": "sc", "circ": "cnx-lin"}: 0.1.0 1543510631.84   2.9370698691062422e-05
{"n": 14, "noise": "sc", "circ": "cnx-lin"}: 0.1.0 1543511563.58   0.00012137149675936434
{"n": 14, "noise": "sc", "circ": "cnx-lin"}: 0.1.0 1543512469.97   7.727959780637479e-07
{"n": 14, "noise": "sc", "circ": "cnx-lin"}: 0.1.0 1543513342.70   8.197691636494171e-05
{"n": 14, "noise": "sc", "circ": "cnx-lin"}: 0.1.0 1543514259.51   2.3246089013050946e-05
{"n": 14, "noise": "sc", "circ": "cnx-lin"}: 0.1.0 1543515142.04   2.5263042933154097e-05
{"n": 14, "noise": "sc", "circ": "cnx-lin"}: 0.1.0 1543516000.52   4.5817328056868785e-05
{"n": 14, "noise": "sc", "circ": "cnx-lin"}: 0.1.0 1543516884.89   7.795807618330157e-05
{"n": 14, "noise": "sc", "circ": "cnx-lin"}: 0.1.0 1543517741.77   9.516773671732997e-05
{"n": 14, "noise": "sc", "circ": "cnx-lin"}: 0.1.0 1543518641.05   2.5780142702649865e-05
{"n": 14, "noise": "sc", "circ": "cnx-lin"}: 0.1.0 1543519515.76   0.00013464480797383658
{"n": 14, "noise": "sc", "circ": "cnx-lin"}: 0.1.0 1543520472.29   8.204407114567937e-05
{"n": 14, "noise": "sc", "circ": "cnx-lin"}: 0.1.0 1543521379.22   2.6271465999731194e-05
{"n": 14, "noise": "sc", "circ": "cnx-lin"}: 0.1.0 1543522232.08   0.00010798985048230716
{"n": 14, "noise": "sc", "circ": "cnx-lin"}: 0.1.0 1543523102.31   7.614266515204312e-05
=====
{"n": 14, "noise": "sc", "circ": "cnx-lin-borrowed-1"}: 0.1.0 1543525047.80   1.047318674658618e-06
{"n": 14, "noise": "sc", "circ": "cnx-lin-borrowed-1"}: 0.1.0 1543525236.95   6.256907101047585e-05
{"n": 14, "noise": "sc", "circ": "cnx-lin-borrowed-1"}: 0.1.0 1543525418.16   2.2514951865998865e-05
{"n": 14, "noise": "sc", "circ": "cnx-lin-borrowed-1"}: 0.1.0 1543525605.79   1.3041886382243204e-05
{"n": 14, "noise": "sc", "circ": "cnx-lin-borrowed-1"}: 0.1.0 1543525789.08   0.9849770390092611
{"n": 14, "noise": "sc", "circ": "cnx-lin-borrowed-1"}: 0.1.0 1543525962.06   1.5522544967564854e-05
{"n": 14, "noise": "sc", "circ": "cnx-lin-borrowed-1"}: 0.1.0 1543526148.49   0.06432513988586538
{"n": 14, "noise": "sc", "circ": "cnx-lin-borrowed-1"}: 0.1.0 1543526316.57   3.9967468724173094e-05
{"n": 14, "noise": "sc", "circ": "cnx-lin-borrowed-1"}: 0.1.0 1543526498.29   2.0010237706026724e-05
{"n": 14, "noise": "sc", "circ": "cnx-lin-borrowed-1"}: 0.1.0 1543526675.48   3.286966785020578e-06
{"n": 14, "noise": "sc", "circ": "cnx-lin-borrowed-1"}: 0.1.0 1543526847.12   5.134198760650401e-05
{"n": 14, "noise": "sc", "circ": "cnx-lin-borrowed-1"}: 0.1.0 1543527030.51   9.138592095415789e-07
{"n": 14, "noise": "sc", "circ": "cnx-lin-borrowed-1"}: 0.1.0 1543527208.55   8.258863515413974e-06
{"n": 14, "noise": "sc", "circ": "cnx-lin-borrowed-1"}: 0.1.0 1543527381.09   5.8751581295526095e-06
{"n": 14, "noise": "sc", "circ": "cnx-lin-borrowed-1"}: 0.1.0 1543527563.95   0.9847608236759079
{"n": 14, "noise": "sc", "circ": "cnx-lin-borrowed-1"}: 0.1.0 1543527738.69   6.868578159121316e-06
{"n": 14, "noise": "sc", "circ": "cnx-lin-borrowed-1"}: 0.1.0 1543527904.68   0.0001297251198281551
{"n": 14, "noise": "sc", "circ": "cnx-lin-borrowed-1"}: 0.1.0 1543528088.02   2.054295004957081e-05
{"n": 14, "noise": "sc", "circ": "cnx-lin-borrowed-1"}: 0.1.0 1543528264.43   1.6697771304983468e-05
{"n": 14, "noise": "sc", "circ": "cnx-lin-borrowed-1"}: 0.1.0 1543528457.83   0.9848478279037957
{"n": 14, "noise": "sc", "circ": "cnx-lin-borrowed-1"}: 0.1.0 1543528640.90   5.6649291205274164e-06
{"n": 14, "noise": "sc", "circ": "cnx-lin-borrowed-1"}: 0.1.0 1543528803.32   0.9849340617142776
{"n": 14, "noise": "sc", "circ": "cnx-lin-borrowed-1"}: 0.1.0 1543528987.06   0.0001314478119931817
{"n": 14, "noise": "sc", "circ": "cnx-lin-borrowed-1"}: 0.1.0 1543529160.17   3.153215558975626e-05
{"n": 14, "noise": "sc", "circ": "cnx-lin-borrowed-1"}: 0.1.0 1543529335.48   0.9849330212595262
{"n": 14, "noise": "sc", "circ": "cnx-lin-borrowed-1"}: 0.1.0 1543529513.20   1.0712511787115205e-05
{"n": 14, "noise": "sc", "circ": "cnx-lin-borrowed-1"}: 0.1.0 1543529697.94   2.583068966326666e-05
{"n": 14, "noise": "sc", "circ": "cnx-lin-borrowed-1"}: 0.1.0 1543529861.61   0.9849032249816488
{"n": 14, "noise": "sc", "circ": "cnx-lin-borrowed-1"}: 0.1.0 1543530045.44   5.810095880150434e-06
{"n": 14, "noise": "sc", "circ": "cnx-lin-borrowed-1"}: 0.1.0 1543530228.24   2.490652904162393e-05
{"n": 14, "noise": "sc", "circ": "cnx-lin-borrowed-1"}: 0.1.0 1543530402.60   0.9848284843914779
{"n": 14, "noise": "sc", "circ": "cnx-lin-borrowed-1"}: 0.1.0 1543530585.49   1.6784443037970646e-05
{"n": 14, "noise": "sc", "circ": "cnx-lin-borrowed-1"}: 0.1.0 1543530764.15   1.125762006601272e-05
{"n": 14, "noise": "sc", "circ": "cnx-lin-borrowed-1"}: 0.1.0 1543530934.47   8.237525832856948e-06
{"n": 14, "noise": "sc", "circ": "cnx-lin-borrowed-1"}: 0.1.0 1543531116.55   0.9850641832977657
{"n": 14, "noise": "sc", "circ": "cnx-lin-borrowed-1"}: 0.1.0 1543531299.37   0.00021673497725428192
{"n": 14, "noise": "sc", "circ": "cnx-lin-borrowed-1"}: 0.1.0 1543531476.20   3.95680472857617e-05
{"n": 14, "noise": "sc", "circ": "cnx-lin-borrowed-1"}: 0.1.0 1543531645.39   3.3033573125435396e-05
{"n": 14, "noise": "sc", "circ": "cnx-lin-borrowed-1"}: 0.1.0 1543531818.01   0.00012387915493922508
{"n": 14, "noise": "sc", "circ": "cnx-lin-borrowed-1"}: 0.1.0 1543532004.47   0.984853660503804
{"n": 14, "noise": "sc", "circ": "cnx-lin-borrowed-1"}: 0.1.0 1543532194.50   0.9848960428477672
{"n": 14, "noise": "sc", "circ": "cnx-lin-borrowed-1"}: 0.1.0 1543532370.46   0.9850049341084344
{"n": 14, "noise": "sc", "circ": "cnx-lin-borrowed-1"}: 0.1.0 1543532558.15   0.9848599586719966
{"n": 14, "noise": "sc", "circ": "cnx-lin-borrowed-1"}: 0.1.0 1543532740.41   5.318749511705763e-06
{"n": 14, "noise": "sc", "circ": "cnx-lin-borrowed-1"}: 0.1.0 1543532916.10   6.029744844618366e-07
{"n": 14, "noise": "sc", "circ": "cnx-lin-borrowed-1"}: 0.1.0 1543533110.22   9.72720052550176e-06
{"n": 14, "noise": "sc", "circ": "cnx-lin-borrowed-1"}: 0.1.0 1543533301.13   3.47439476920145e-07
{"n": 14, "noise": "sc", "circ": "cnx-lin-borrowed-1"}: 0.1.0 1543533477.82   6.032251278701922e-05
{"n": 14, "noise": "sc", "circ": "cnx-lin-borrowed-1"}: 0.1.0 1543533658.08   3.1986178235843146e-05
{"n": 14, "noise": "sc", "circ": "cnx-lin-borrowed-1"}: 0.1.0 1543533841.78   6.030242707086542e-05
{"n": 14, "noise": "sc", "circ": "cnx-lin-borrowed-1"}: 0.1.0 1543534020.75   2.1505816295411272e-05
{"n": 14, "noise": "sc", "circ": "cnx-lin-borrowed-1"}: 0.1.0 1543534191.46   1.7021697485850555e-05
{"n": 14, "noise": "sc", "circ": "cnx-lin-borrowed-1"}: 0.1.0 1543534362.68   9.323806647638864e-06
{"n": 14, "noise": "sc", "circ": "cnx-lin-borrowed-1"}: 0.1.0 1543534545.15   3.577336255737219e-07
{"n": 14, "noise": "sc", "circ": "cnx-lin-borrowed-1"}: 0.1.0 1543534715.02   2.161612166955515e-06
{"n": 14, "noise": "sc", "circ": "cnx-lin-borrowed-1"}: 0.1.0 1543534897.69   1.884203035785532e-05
{"n": 14, "noise": "sc", "circ": "cnx-lin-borrowed-1"}: 0.1.0 1543535081.38   6.85363180221931e-05
{"n": 14, "noise": "sc", "circ": "cnx-lin-borrowed-1"}: 0.1.0 1543535259.07   0.0001347811251984086
{"n": 14, "noise": "sc", "circ": "cnx-lin-borrowed-1"}: 0.1.0 1543535424.02   0.0003752950706235172
{"n": 14, "noise": "sc", "circ": "cnx-lin-borrowed-1"}: 0.1.0 1543535606.49   0.9848927800860938
{"n": 14, "noise": "sc", "circ": "cnx-lin-borrowed-1"}: 0.1.0 1543535782.32   1.3601276143083129e-05
{"n": 14, "noise": "sc", "circ": "cnx-lin-borrowed-1"}: 0.1.0 1543535961.16   0.9848845049015299
{"n": 14, "noise": "sc", "circ": "cnx-lin-borrowed-1"}: 0.1.0 1543536140.06   3.12181473840689e-05
{"n": 14, "noise": "sc", "circ": "cnx-lin-borrowed-1"}: 0.1.0 1543536336.03   1.6056297873425016e-05
{"n": 14, "noise": "sc", "circ": "cnx-lin-borrowed-1"}: 0.1.0 1543536522.55   0.00013959450544175317
{"n": 14, "noise": "sc", "circ": "cnx-lin-borrowed-1"}: 0.1.0 1543536705.19   0.9847024242349522
{"n": 14, "noise": "sc", "circ": "cnx-lin-borrowed-1"}: 0.1.0 1543536890.45   6.557864899814135e-05
{"n": 14, "noise": "sc", "circ": "cnx-lin-borrowed-1"}: 0.1.0 1543537064.29   0.9848149292163711
{"n": 14, "noise": "sc", "circ": "cnx-lin-borrowed-1"}: 0.1.0 1543537248.51   2.8513656456451114e-05
{"n": 14, "noise": "sc", "circ": "cnx-lin-borrowed-1"}: 0.1.0 1543537423.76   1.3979044734456053e-05
{"n": 14, "noise": "sc", "circ": "cnx-lin-borrowed-1"}: 0.1.0 1543537605.55   3.048717730150849e-05
{"n": 14, "noise": "sc", "circ": "cnx-lin-borrowed-1"}: 0.1.0 1543537791.48   4.218596196634945e-09
{"n": 14, "noise": "sc", "circ": "cnx-lin-borrowed-1"}: 0.1.0 1543537978.72   8.405584834748165e-06
{"n": 14, "noise": "sc", "circ": "cnx-lin-borrowed-1"}: 0.1.0 1543538161.77   9.34065228103999e-06
{"n": 14, "noise": "sc", "circ": "cnx-lin-borrowed-1"}: 0.1.0 1543538341.16   0.9850940736585792
{"n": 14, "noise": "sc", "circ": "cnx-lin-borrowed-1"}: 0.1.0 1543538515.60   0.984915049772561
{"n": 14, "noise": "sc", "circ": "cnx-lin-borrowed-1"}: 0.1.0 1543538693.71   2.004631350828791e-05
{"n": 14, "noise": "sc", "circ": "cnx-lin-borrowed-1"}: 0.1.0 1543538859.35   0.00010256042140810503
=====
{"n": 14, "noise": "sc", "circ": "cnx-lin"}: 0.1.0 1543539764.72   2.926975591046485e-05
{"n": 14, "noise": "sc", "circ": "cnx-lin"}: 0.1.0 1543540627.52   7.743836525080512e-06
{"n": 14, "noise": "sc", "circ": "cnx-lin"}: 0.1.0 1543541483.95   7.318216386420219e-05
{"n": 14, "noise": "sc", "circ": "cnx-lin"}: 0.1.0 1543542371.64   0.0001337592274352343
{"n": 14, "noise": "sc", "circ": "cnx-lin"}: 0.1.0 1543543258.88   0.00011005278696705823
{"n": 14, "noise": "sc", "circ": "cnx-lin"}: 0.1.0 1543544106.98   2.178446323413119e-05
{"n": 14, "noise": "sc", "circ": "cnx-lin"}: 0.1.0 1543544963.55   2.1724736765706733e-05
{"n": 14, "noise": "sc", "circ": "cnx-lin"}: 0.1.0 1543545828.92   1.3753181879939583e-05
{"n": 14, "noise": "sc", "circ": "cnx-lin"}: 0.1.0 1543546729.78   4.991888778146919e-05
=====
{"n": 14, "noise": "sc-better-t1-and-gates", "circ": "cnx-btb"}: 0.1.0 1543548930.17   0.9999973544439822
{"n": 14, "noise": "sc-better-t1-and-gates", "circ": "cnx-btb"}: 0.1.0 1543550263.78   0.999997432443091
{"n": 14, "noise": "sc-better-t1-and-gates", "circ": "cnx-btb"}: 0.1.0 1543551598.38   0.999997332934957
{"n": 14, "noise": "sc-better-t1-and-gates", "circ": "cnx-btb"}: 0.1.0 1543552937.31   0.999997307266269
{"n": 14, "noise": "sc-better-t1-and-gates", "circ": "cnx-btb"}: 0.1.0 1543554269.68   0.9999972968951799
{"n": 14, "noise": "sc-better-t1-and-gates", "circ": "cnx-btb"}: 0.1.0 1543555600.92   1.1870166501466909e-05
{"n": 14, "noise": "sc-better-t1-and-gates", "circ": "cnx-btb"}: 0.1.0 1543556942.22   0.9999974162250905
{"n": 14, "noise": "sc-better-t1-and-gates", "circ": "cnx-btb"}: 0.1.0 1543558270.13   0.9999972160981252
{"n": 14, "noise": "sc-better-t1-and-gates", "circ": "cnx-btb"}: 0.1.0 1543559611.89   0.9999973538405059
{"n": 14, "noise": "sc-better-t1-and-gates", "circ": "cnx-btb"}: 0.1.0 1543560931.07   0.9999972282090028
{"n": 14, "noise": "sc-better-t1-and-gates", "circ": "cnx-btb"}: 0.1.0 1543562251.49   0.23700510429794236
{"n": 14, "noise": "sc-better-t1-and-gates", "circ": "cnx-btb"}: 0.1.0 1543563593.00   0.9999974988006751
{"n": 14, "noise": "sc-better-t1-and-gates", "circ": "cnx-btb"}: 0.1.0 1543564922.01   0.999997219597677
{"n": 14, "noise": "sc-better-t1-and-gates", "circ": "cnx-btb"}: 0.1.0 1543566245.33   0.9999973013631577
{"n": 14, "noise": "sc-better-t1-and-gates", "circ": "cnx-btb"}: 0.1.0 1543567567.90   0.9999974272109392
{"n": 14, "noise": "sc-better-t1-and-gates", "circ": "cnx-btb"}: 0.1.0 1543568893.17   0.9999972156169281
{"n": 14, "noise": "sc-better-t1-and-gates", "circ": "cnx-btb"}: 0.1.0 1543570219.78   0.999997301973111
{"n": 14, "noise": "sc-better-t1-and-gates", "circ": "cnx-btb"}: 0.1.0 1543571553.93   0.999997347712991
{"n": 14, "noise": "sc-better-t1-and-gates", "circ": "cnx-btb"}: 0.1.0 1543572871.93   0.9999973188036848
{"n": 14, "noise": "sc-better-t1-and-gates", "circ": "cnx-btb"}: 0.1.0 1543574198.35   0.9999973286287284
{"n": 14, "noise": "sc-better-t1-and-gates", "circ": "cnx-btb"}: 0.1.0 1543575525.16   0.9999973057936534
{"n": 14, "noise": "sc-better-t1-and-gates", "circ": "cnx-btb"}: 0.1.0 1543576848.20   0.9999973690994426
{"n": 14, "noise": "sc-better-t1-and-gates", "circ": "cnx-btb"}: 0.1.0 1543578169.85   0.999997332012362
{"n": 14, "noise": "sc-better-t1-and-gates", "circ": "cnx-btb"}: 0.1.0 1543579489.96   0.10992493286913506
{"n": 14, "noise": "sc-better-t1-and-gates", "circ": "cnx-btb"}: 0.1.0 1543580808.10   0.9999972156203423
{"n": 14, "noise": "sc-better-t1-and-gates", "circ": "cnx-btb"}: 0.1.0 1543582139.66   0.9999972306262741
{"n": 14, "noise": "sc-better-t1-and-gates", "circ": "cnx-btb"}: 0.1.0 1543583456.56   0.9999973386114079
{"n": 14, "noise": "sc-better-t1-and-gates", "circ": "cnx-btb"}: 0.1.0 1543584783.85   0.9999973167123232
{"n": 14, "noise": "sc-better-t1-and-gates", "circ": "cnx-btb"}: 0.1.0 1543586109.10   0.9999974561469713
{"n": 14, "noise": "sc-better-t1-and-gates", "circ": "cnx-btb"}: 0.1.0 1543587430.26   0.999997393837172
{"n": 14, "noise": "sc-better-t1-and-gates", "circ": "cnx-btb"}: 0.1.0 1543588745.60   0.9999972606453114
{"n": 14, "noise": "sc-better-t1-and-gates", "circ": "cnx-btb"}: 0.1.0 1543590065.51   0.9999973628638152
{"n": 14, "noise": "sc-better-t1-and-gates", "circ": "cnx-btb"}: 0.1.0 1543591385.76   0.9999973165909662
{"n": 14, "noise": "sc-better-t1-and-gates", "circ": "cnx-btb"}: 0.1.0 1543592698.03   0.9999972377745604
{"n": 14, "noise": "sc-better-t1-and-gates", "circ": "cnx-btb"}: 0.1.0 1543594012.30   0.9999973188620027
{"n": 14, "noise": "sc-better-t1-and-gates", "circ": "cnx-btb"}: 0.1.0 1543595334.00   0.9999973673037509
{"n": 14, "noise": "sc-better-t1-and-gates", "circ": "cnx-btb"}: 0.1.0 1543596656.46   0.007534697976284621
{"n": 14, "noise": "sc-better-t1-and-gates", "circ": "cnx-btb"}: 0.1.0 1543597974.70   0.9999972770258814
{"n": 14, "noise": "sc-better-t1-and-gates", "circ": "cnx-btb"}: 0.1.0 1543599298.16   0.999997296136465
{"n": 14, "noise": "sc-better-t1-and-gates", "circ": "cnx-btb"}: 0.1.0 1543600606.12   0.9999973755500267
{"n": 14, "noise": "sc-better-t1-and-gates", "circ": "cnx-btb"}: 0.1.0 1543601919.73   0.9999972573365884
{"n": 14, "noise": "sc-better-t1-and-gates", "circ": "cnx-btb"}: 0.1.0 1543603230.96   0.9999974755977339
{"n": 14, "noise": "sc-better-t1-and-gates", "circ": "cnx-btb"}: 0.1.0 1543604550.19   4.840257027557299e-06
{"n": 14, "noise": "sc-better-t1-and-gates", "circ": "cnx-btb"}: 0.1.0 1543605864.09   0.9999974144056003
{"n": 14, "noise": "sc-better-t1-and-gates", "circ": "cnx-btb"}: 0.1.0 1543607192.11   0.999997233748294
{"n": 14, "noise": "sc-better-t1-and-gates", "circ": "cnx-btb"}: 0.1.0 1543608510.04   0.9999973936510923
{"n": 14, "noise": "sc-better-t1-and-gates", "circ": "cnx-btb"}: 0.1.0 1543609836.14   0.9999972850215271
{"n": 14, "noise": "sc-better-t1-and-gates", "circ": "cnx-btb"}: 0.1.0 1543611160.86   0.999997418647904
{"n": 14, "noise": "sc-better-t1-and-gates", "circ": "cnx-btb"}: 0.1.0 1543612474.74   0.9999974607287013
{"n": 14, "noise": "sc-better-t1-and-gates", "circ": "cnx-btb"}: 0.1.0 1543613792.43   0.9999973069005688
{"n": 14, "noise": "sc-better-t1-and-gates", "circ": "cnx-btb"}: 0.1.0 1543615116.52   0.9999973015248481
