=====
{"n": 14, "noise": "sc-better-t1", "circ": "cnx-btb"}: 0.1.0 1543473523.30   0.9999973848653931
{"n": 14, "noise": "sc-better-t1", "circ": "cnx-btb"}: 0.1.0 1543474814.30   0.0021003431888888075
{"n": 14, "noise": "sc-better-t1", "circ": "cnx-btb"}: 0.1.0 1543476103.89   0.9999973156132791
{"n": 14, "noise": "sc-better-t1", "circ": "cnx-btb"}: 0.1.0 1543477402.78   0.9999973034224425
{"n": 14, "noise": "sc-better-t1", "circ": "cnx-btb"}: 0.1.0 1543478699.04   0.08545249327017661
{"n": 14, "noise": "sc-better-t1", "circ": "cnx-btb"}: 0.1.0 1543479990.21   0.9999974685536264
{"n": 14, "noise": "sc-better-t1", "circ": "cnx-btb"}: 0.1.0 1543481281.14   0.9999973183008615
{"n": 14, "noise": "sc-better-t1", "circ": "cnx-btb"}: 0.1.0 1543482585.72   0.0033245565790636666
{"n": 14, "noise": "sc-better-t1", "circ": "cnx-btb"}: 0.1.0 1543483874.55   2.0302736999188664e-05
{"n": 14, "noise": "sc-better-t1", "circ": "cnx-btb"}: 0.1.0 1543485159.70   2.158443407689563e-05
{"n": 14, "noise": "sc-better-t1", "circ": "cnx-btb"}: 0.1.0 1543486454.71   0.004560043850666166
{"n": 14, "noise": "sc-better-t1", "circ": "cnx-btb"}: 0.1.0 1543487753.41   2.9701046492151703e-07
{"n": 14, "noise": "sc-better-t1", "circ": "cnx-btb"}: 0.1.0 1543489053.33   3.539231914595129e-05
{"n": 14, "noise": "sc-better-t1", "circ": "cnx-btb"}: 0.1.0 1543490360.27   2.8368955906493645e-06
{"n": 14, "noise": "sc-better-t1", "circ": "cnx-btb"}: 0.1.0 1543491657.51   2.032383077437454e-06
{"n": 14, "noise": "sc-better-t1", "circ": "cnx-btb"}: 0.1.0 1543492953.78   0.9999973660931847
{"n": 14, "noise": "sc-better-t1", "circ": "cnx-btb"}: 0.1.0 1543494250.52   0.9999973157213252
{"n": 14, "noise": "sc-better-t1", "circ": "cnx-btb"}: 0.1.0 1543495555.62   0.999997415429924
{"n": 14, "noise": "sc-better-t1", "circ": "cnx-btb"}: 0.1.0 1543496867.65   0.9999973463390671
{"n": 14, "noise": "sc-better-t1", "circ": "cnx-btb"}: 0.1.0 1543498187.06   0.9999972096464017
{"n": 14, "noise": "sc-better-t1", "circ": "cnx-btb"}: 0.1.0 1543499494.31   0.9999974791488659
{"n": 14, "noise": "sc-better-t1", "circ": "cnx-btb"}: 0.1.0 1543500807.43   0.044744922111789875
{"n": 14, "noise": "sc-better-t1", "circ": "cnx-btb"}: 0.1.0 1543502127.92   0.9999972491051712
{"n": 14, "noise": "sc-better-t1", "circ": "cnx-btb"}: 0.1.0 1543503438.09   0.9999972605263924
{"n": 14, "noise": "sc-better-t1", "circ": "cnx-btb"}: 0.1.0 1543504744.99   0.9999972924191924
{"n": 14, "noise": "sc-better-t1", "circ": "cnx-btb"}: 0.1.0 1543506042.90   0.9999973720394687
{"n": 14, "noise": "sc-better-t1", "circ": "cnx-btb"}: 0.1.0 1543507347.44   0.9999971880466255
{"n": 14, "noise": "sc-better-t1", "circ": "cnx-btb"}: 0.1.0 1543508658.21   3.0692095984770123e-05
{"n": 14, "noise": "sc-better-t1", "circ": "cnx-btb"}: 0.1.0 1543509977.46   0.9999973085870816
{"n": 14, "noise": "sc-better-t1", "circ": "cnx-btb"}: 0.1.0 1543511283.68   0.9999974472657396
{"n": 14, "noise": "sc-better-t1", "circ": "cnx-btb"}: 0.1.0 1543512588.89   0.9999972654860205
{"n": 14, "noise": "sc-better-t1", "circ": "cnx-btb"}: 0.1.0 1543513895.40   0.9999974198252598
{"n": 14, "noise": "sc-better-t1", "circ": "cnx-btb"}: 0.1.0 1543515198.21   0.9999974203577239
{"n": 14, "noise": "sc-better-t1", "circ": "cnx-btb"}: 0.1.0 1543516495.41   2.7775269250643192e-05
{"n": 14, "noise": "sc-better-t1", "circ": "cnx-btb"}: 0.1.0 1543517802.82   0.9999971243334974
{"n": 14, "noise": "sc-better-t1", "circ": "cnx-btb"}: 0.1.0 1543519108.75   1.233408320398299e-05
{"n": 14, "noise": "sc-better-t1", "circ": "cnx-btb"}: 0.1.0 1543520423.07   3.3751652477430615e-05
{"n": 14, "noise": "sc-better-t1", "circ": "cnx-btb"}: 0.1.0 1543521733.37   0.0026165829988362256
{"n": 14, "noise": "sc-better-t1", "circ": "cnx-btb"}: 0.1.0 1543523031.37   0.9999972804540964
=====
{"n": 14, "noise": "sc-better-gates", "circ": "cnx-btb"}: 0.1.0 1543526165.16   2.223484912140046e-05
{"n": 14, "noise": "sc-better-gates", "circ": "cnx-btb"}: 0.1.0 1543527468.84   0.9997311830879972
{"n": 14, "noise": "sc-better-gates", "circ": "cnx-btb"}: 0.1.0 1543528753.58   5.085885198667184e-05
{"n": 14, "noise": "sc-better-gates", "circ": "cnx-btb"}: 0.1.0 1543530054.29   0.9997369002144473
{"n": 14, "noise": "sc-better-gates", "circ": "cnx-btb"}: 0.1.0 1543531352.25   0.9997358540411005
{"n": 14, "noise": "sc-better-gates", "circ": "cnx-btb"}: 0.1.0 1543532653.17   2.9806641790107694e-05
{"n": 14, "noise": "sc-better-gates", "circ": "cnx-btb"}: 0.1.0 1543533962.24   0.9997353438605411
{"n": 14, "noise": "sc-better-gates", "circ": "cnx-btb"}: 0.1.0 1543535254.98   0.9997370884001935
{"n": 14, "noise": "sc-better-gates", "circ": "cnx-btb"}: 0.1.0 1543536552.02   0.9997325372194458
{"n": 14, "noise": "sc-better-gates", "circ": "cnx-btb"}: 0.1.0 1543537851.10   0.9997337231997706
=====
{"n": 14, "noise": "sc-better-t1", "circ": "cnx-btb"}: 0.1.0 1543540198.43   0.9999975005252995
{"n": 14, "noise": "sc-better-t1", "circ": "cnx-btb"}: 0.1.0 1543541487.59   0.9999973907233349
{"n": 14, "noise": "sc-better-t1", "circ": "cnx-btb"}: 0.1.0 1543542774.47   0.9999972992827331
{"n": 14, "noise": "sc-better-t1", "circ": "cnx-btb"}: 0.1.0 1543544073.99   0.9999972630914429
{"n": 14, "noise": "sc-better-t1", "circ": "cnx-btb"}: 0.1.0 1543545374.13   0.9999973690269915
{"n": 14, "noise": "sc-better-t1", "circ": "cnx-btb"}: 0.1.0 1543546674.54   0.9999973595936397
=====
{"n": 14, "noise": "sc", "circ": "cnx-btb"}: 0.1.0 1543548896.34   1.1353682343641847e-06
{"n": 14, "noise": "sc", "circ": "cnx-btb"}: 0.1.0 1543550193.44   0.00010127144056156074
{"n": 14, "noise": "sc", "circ": "cnx-btb"}: 0.1.0 1543551484.30   0.9997342475178844
{"n": 14, "noise": "sc", "circ": "cnx-btb"}: 0.1.0 1543552781.77   0.9997360039242033
{"n": 14, "noise": "sc", "circ": "cnx-btb"}: 0.1.0 1543554086.44   0.0
{"n": 14, "noise": "sc", "circ": "cnx-btb"}: 0.1.0 1543555404.10   0.0021522761551800926
{"n": 14, "noise": "sc", "circ": "cnx-btb"}: 0.1.0 1543556725.56   0.9997350304785295
{"n": 14, "noise": "sc", "circ": "cnx-btb"}: 0.1.0 1543558050.88   0.9997355494903919
{"n": 14, "noise": "sc", "circ": "cnx-btb"}: 0.1.0 1543559367.49   0.9997312079839771
{"n": 14, "noise": "sc", "circ": "cnx-btb"}: 0.1.0 1543560692.86   0.9997381746050723
{"n": 14, "noise": "sc", "circ": "cnx-btb"}: 0.1.0 1543562012.23   0.9997369284740413
{"n": 14, "noise": "sc", "circ": "cnx-btb"}: 0.1.0 1543563328.48   0.9997308362620172
{"n": 14, "noise": "sc", "circ": "cnx-btb"}: 0.1.0 1543564655.01   4.0127394806364925e-06
{"n": 14, "noise": "sc", "circ": "cnx-btb"}: 0.1.0 1543565961.96   0.9997282849539351
{"n": 14, "noise": "sc", "circ": "cnx-btb"}: 0.1.0 1543567255.44   0.9997353438337703
{"n": 14, "noise": "sc", "circ": "cnx-btb"}: 0.1.0 1543568521.06   0.9997326970396644
{"n": 14, "noise": "sc", "circ": "cnx-btb"}: 0.1.0 1543569774.24   0.9997351034360912
{"n": 14, "noise": "sc", "circ": "cnx-btb"}: 0.1.0 1543571026.93   0.9997311152538094
{"n": 14, "noise": "sc", "circ": "cnx-btb"}: 0.1.0 1543572320.06   0.9997336705297132
{"n": 14, "noise": "sc", "circ": "cnx-btb"}: 0.1.0 1543573630.62   0.9997343187971034
{"n": 14, "noise": "sc", "circ": "cnx-btb"}: 0.1.0 1543574951.52   6.080660212162424e-06
{"n": 14, "noise": "sc", "circ": "cnx-btb"}: 0.1.0 1543576286.38   1.258941896855492e-06
{"n": 14, "noise": "sc", "circ": "cnx-btb"}: 0.1.0 1543577622.88   2.44117119102608e-05
{"n": 14, "noise": "sc", "circ": "cnx-btb"}: 0.1.0 1543578987.55   0.9997303631353244
{"n": 14, "noise": "sc", "circ": "cnx-btb"}: 0.1.0 1543580353.25   0.9997307919772714
{"n": 14, "noise": "sc", "circ": "cnx-btb"}: 0.1.0 1543581721.71   2.8767478758329655e-06
{"n": 14, "noise": "sc", "circ": "cnx-btb"}: 0.1.0 1543583086.36   1.6918776785556806e-05
{"n": 14, "noise": "sc", "circ": "cnx-btb"}: 0.1.0 1543584440.68   3.95005084678432e-06
{"n": 14, "noise": "sc", "circ": "cnx-btb"}: 0.1.0 1543585795.38   0.999732088318349
{"n": 14, "noise": "sc", "circ": "cnx-btb"}: 0.1.0 1543587151.20   4.759245612108083e-05
{"n": 14, "noise": "sc", "circ": "cnx-btb"}: 0.1.0 1543588512.31   1.2935159625899622e-05
{"n": 14, "noise": "sc", "circ": "cnx-btb"}: 0.1.0 1543589859.08   0.9997259449997131
{"n": 14, "noise": "sc", "circ": "cnx-btb"}: 0.1.0 1543591212.49   0.999738354214539
{"n": 14, "noise": "sc", "circ": "cnx-btb"}: 0.1.0 1543592571.29   2.8080807466355543e-06
{"n": 14, "noise": "sc", "circ": "cnx-btb"}: 0.1.0 1543593928.86   0.0
{"n": 14, "noise": "sc", "circ": "cnx-btb"}: 0.1.0 1543595285.30   0.9997287821159576
{"n": 14, "noise": "sc", "circ": "cnx-btb"}: 0.1.0 1543596641.86   0.999734673591527
{"n": 14, "noise": "sc", "circ": "cnx-btb"}: 0.1.0 1543598008.66   2.830618047829462e-05
{"n": 14, "noise": "sc", "circ": "cnx-btb"}: 0.1.0 1543599381.07   0.9997343678875245
{"n": 14, "noise": "sc", "circ": "cnx-btb"}: 0.1.0 1543600757.71   0.9997310680607585
{"n": 14, "noise": "sc", "circ": "cnx-btb"}: 0.1.0 1543602126.73   3.9243382735950365e-06
{"n": 14, "noise": "sc", "circ": "cnx-btb"}: 0.1.0 1543603488.37   9.702270178803803e-06
{"n": 14, "noise": "sc", "circ": "cnx-btb"}: 0.1.0 1543604851.98   0.9997346501353988
{"n": 14, "noise": "sc", "circ": "cnx-btb"}: 0.1.0 1543606224.56   0.9997332066964356
{"n": 14, "noise": "sc", "circ": "cnx-btb"}: 0.1.0 1543607582.69   0.999728346234116
{"n": 14, "noise": "sc", "circ": "cnx-btb"}: 0.1.0 1543608945.27   0.2500559449681018
{"n": 14, "noise": "sc", "circ": "cnx-btb"}: 0.1.0 1543610305.98   2.1395800938147136e-05
{"n": 14, "noise": "sc", "circ": "cnx-btb"}: 0.1.0 1543611650.51   7.604168101651713e-06
{"n": 14, "noise": "sc", "circ": "cnx-btb"}: 0.1.0 1543613008.59   7.81120595248812e-06
{"n": 14, "noise": "sc", "circ": "cnx-btb"}: 0.1.0 1543614359.25   0.9997389621787361
