=====
{"n": 14, "noise": "sc-better-gates", "circ": "cnx-lin"}: 0.1.0 1543473108.16   4.222866905497117e-05
{"n": 14, "noise": "sc-better-gates", "circ": "cnx-lin"}: 0.1.0 1543473952.26   7.416123149505463e-06
{"n": 14, "noise": "sc-better-gates", "circ": "cnx-lin"}: 0.1.0 1543474799.21   0.00010025770408496104
{"n": 14, "noise": "sc-better-gates", "circ": "cnx-lin"}: 0.1.0 1543475642.26   9.478971176954213e-05
{"n": 14, "noise": "sc-better-gates", "circ": "cnx-lin"}: 0.1.0 1543476520.57   3.799310451092191e-05
{"n": 14, "noise": "sc-better-gates", "circ": "cnx-lin"}: 0.1.0 1543477365.64   4.194038899052558e-05
{"n": 14, "noise": "sc-better-gates", "circ": "cnx-lin"}: 0.1.0 1543478221.82   3.363337326183443e-07
{"n": 14, "noise": "sc-better-gates", "circ": "cnx-lin"}: 0.1.0 1543479110.82   6.649314165135307e-05
{"n": 14, "noise": "sc-better-gates", "circ": "cnx-lin"}: 0.1.0 1543480010.16   7.71789907386228e-05
{"n": 14, "noise": "sc-better-gates", "circ": "cnx-lin"}: 0.1.0 1543480816.04   0.00023036475234466882
{"n": 14, "noise": "sc-better-gates", "circ": "cnx-lin"}: 0.1.0 1543481615.93   4.483497371283829e-05
{"n": 14, "noise": "sc-better-gates", "circ": "cnx-lin"}: 0.1.0 1543482427.03   4.651821704850732e-05
{"n": 14, "noise": "sc-better-gates", "circ": "cnx-lin"}: 0.1.0 1543483311.82   4.29192932998073e-05
{"n": 14, "noise": "sc-better-gates", "circ": "cnx-lin"}: 0.1.0 1543484183.84   2.3873053622626183e-05
{"n": 14, "noise": "sc-better-gates", "circ": "cnx-lin"}: 0.1.0 1543485088.58   9.37312022417918e-05
{"n": 14, "noise": "sc-better-gates", "circ": "cnx-lin"}: 0.1.0 1543485994.02   0.00012130743758415871
{"n": 14, "noise": "sc-better-gates", "circ": "cnx-lin"}: 0.1.0 1543486877.50   2.5206669333752746e-06
{"n": 14, "noise": "sc-better-gates", "circ": "cnx-lin"}: 0.1.0 1543487755.81   8.978828172614347e-05
{"n": 14, "noise": "sc-better-gates", "circ": "cnx-lin"}: 0.1.0 1543488615.53   8.421656782339865e-06
{"n": 14, "noise": "sc-better-gates", "circ": "cnx-lin"}: 0.1.0 1543489462.70   1.8421054897228343e-05
{"n": 14, "noise": "sc-better-gates", "circ": "cnx-lin"}: 0.1.0 1543490325.93   3.1837792215476535e-05
{"n": 14, "noise": "sc-better-gates", "circ": "cnx-lin"}: 0.1.0 1543491177.63   2.7936326895313154e-05
{"n": 14, "noise": "sc-better-gates", "circ": "cnx-lin"}: 0.1.0 1543492052.71   9.383394930582401e-05
{"n": 14, "noise": "sc-better-gates", "circ": "cnx-lin"}: 0.1.0 1543492931.11   0.00010018348757231547
{"n": 14, "noise": "sc-better-gates", "circ": "cnx-lin"}: 0.1.0 1543493825.95   0.00011297134915008059
{"n": 14, "noise": "sc-better-gates", "circ": "cnx-lin"}: 0.1.0 1543494785.76   8.05998491795179e-05
{"n": 14, "noise": "sc-better-gates", "circ": "cnx-lin"}: 0.1.0 1543495699.50   0.0001473129315273942
{"n": 14, "noise": "sc-better-gates", "circ": "cnx-lin"}: 0.1.0 1543496635.28   0.00010456706081004797
{"n": 14, "noise": "sc-better-gates", "circ": "cnx-lin"}: 0.1.0 1543497607.14   7.995450593816318e-05
{"n": 14, "noise": "sc-better-gates", "circ": "cnx-lin"}: 0.1.0 1543498537.78   5.840898699202351e-05
{"n": 14, "noise": "sc-better-gates", "circ": "cnx-lin"}: 0.1.0 1543499468.09   4.3457621512187216e-05
{"n": 14, "noise": "sc-better-gates", "circ": "cnx-lin"}: 0.1.0 1543500260.60   3.189018966796459e-06
{"n": 14, "noise": "sc-better-gates", "circ": "cnx-lin"}: 0.1.0 1543501169.44   8.506854318050287e-05
{"n": 14, "noise": "sc-better-gates", "circ": "cnx-lin"}: 0.1.0 1543502155.14   5.10830662651017e-05
{"n": 14, "noise": "sc-better-gates", "circ": "cnx-lin"}: 0.1.0 1543503110.70   2.9923102074421745e-05
{"n": 14, "noise": "sc-better-gates", "circ": "cnx-lin"}: 0.1.0 1543503970.56   3.870150871474247e-05
{"n": 14, "noise": "sc-better-gates", "circ": "cnx-lin"}: 0.1.0 1543504859.48   0.0001355031600212363
{"n": 14, "noise": "sc-better-gates", "circ": "cnx-lin"}: 0.1.0 1543505688.66   6.0611980064641896e-06
{"n": 14, "noise": "sc-better-gates", "circ": "cnx-lin"}: 0.1.0 1543506597.92   2.2493004972892737e-05
{"n": 14, "noise": "sc-better-gates", "circ": "cnx-lin"}: 0.1.0 1543507475.72   7.009332329718942e-05
{"n": 14, "noise": "sc-better-gates", "circ": "cnx-lin"}: 0.1.0 1543508349.84   1.7425928500153753e-05
{"n": 14, "noise": "sc-better-gates", "circ": "cnx-lin"}: 0.1.0 1543509230.79   8.045631879826433e-05
{"n": 14, "noise": "sc-better-gates", "circ": "cnx-lin"}: 0.1.0 1543510087.26   4.9827042121641775e-05
{"n": 14, "noise": "sc-better-gates", "circ": "cnx-lin"}: 0.1.0 1543510956.46   4.4741118896379705e-05
{"n": 14, "noise": "sc-better-gates", "circ": "cnx-lin"}: 0.1.0 1543511878.85   6.2537982918281805e-06
{"n": 14, "noise": "sc-better-gates", "circ": "cnx-lin"}: 0.1.0 1543512761.26   4.6721599260768025e-05
{"n": 14, "noise": "sc-better-gates", "circ": "cnx-lin"}: 0.1.0 1543513655.52   3.7043787776917495e-05
{"n": 14, "noise": "sc-better-gates", "circ": "cnx-lin"}: 0.1.0 1543514606.65   5.756998367901943e-05
{"n": 14, "noise": "sc-better-gates", "circ": "cnx-lin"}: 0.1.0 1543515522.47   1.0104152338368948e-05
{"n": 14, "noise": "sc-better-gates", "circ": "cnx-lin"}: 0.1.0 1543516444.61   2.804204555007831e-05
{"n": 14, "noise": "sc-better-gates", "circ": "cnx-lin"}: 0.1.0 1543517367.11   8.467321831258787e-06
{"n": 14, "noise": "sc-better-gates", "circ": "cnx-lin"}: 0.1.0 1543518255.59   6.787606152015762e-05
{"n": 14, "noise": "sc-better-gates", "circ": "cnx-lin"}: 0.1.0 1543519202.48   9.190746027088572e-06
{"n": 14, "noise": "sc-better-gates", "circ": "cnx-lin"}: 0.1.0 1543520137.27   9.906012008285476e-05
{"n": 14, "noise": "sc-better-gates", "circ": "cnx-lin"}: 0.1.0 1543521008.70   2.9241421710753635e-05
{"n": 14, "noise": "sc-better-gates", "circ": "cnx-lin"}: 0.1.0 1543521941.67   8.408926175632178e-06
{"n": 14, "noise": "sc-better-gates", "circ": "cnx-lin"}: 0.1.0 1543522847.55   0.0001083871684324854
{"n": 14, "noise": "sc-better-gates", "circ": "cnx-lin"}: 0.1.0 1543523670.70   5.585416559504304e-06
=====
{"n": 14, "noise": "sc-better-gates", "circ": "cnx-lin-borrowed-1"}: 0.1.0 1543525049.71   3.223480160155019e-05
{"n": 14, "noise": "sc-better-gates", "circ": "cnx-lin-borrowed-1"}: 0.1.0 1543525235.37   0.9849662266806563
{"n": 14, "noise": "sc-better-gates", "circ": "cnx-lin-borrowed-1"}: 0.1.0 1543525401.37   0.9848402127423145
{"n": 14, "noise": "sc-better-gates", "circ": "cnx-lin-borrowed-1"}: 0.1.0 1543525578.37   0.00011617134411699146
{"n": 14, "noise": "sc-better-gates", "circ": "cnx-lin-borrowed-1"}: 0.1.0 1543525761.68   5.0381224651594315e-05
{"n": 14, "noise": "sc-better-gates", "circ": "cnx-lin-borrowed-1"}: 0.1.0 1543525938.40   0.9847380464072718
{"n": 14, "noise": "sc-better-gates", "circ": "cnx-lin-borrowed-1"}: 0.1.0 1543526127.08   3.6670242623496657e-06
{"n": 14, "noise": "sc-better-gates", "circ": "cnx-lin-borrowed-1"}: 0.1.0 1543526310.80   3.833634122980667e-05
{"n": 14, "noise": "sc-better-gates", "circ": "cnx-lin-borrowed-1"}: 0.1.0 1543526494.89   0.9847502049638308
{"n": 14, "noise": "sc-better-gates", "circ": "cnx-lin-borrowed-1"}: 0.1.0 1543526675.32   3.215445589922262e-05
{"n": 14, "noise": "sc-better-gates", "circ": "cnx-lin-borrowed-1"}: 0.1.0 1543526850.80   0.9848874653270163
{"n": 14, "noise": "sc-better-gates", "circ": "cnx-lin-borrowed-1"}: 0.1.0 1543527028.72   4.330075028194596e-05
{"n": 14, "noise": "sc-better-gates", "circ": "cnx-lin-borrowed-1"}: 0.1.0 1543527191.34   0.9849367744002252
{"n": 14, "noise": "sc-better-gates", "circ": "cnx-lin-borrowed-1"}: 0.1.0 1543527355.89   0.9848716244625045
{"n": 14, "noise": "sc-better-gates", "circ": "cnx-lin-borrowed-1"}: 0.1.0 1543527530.74   3.2123760238692675e-05
{"n": 14, "noise": "sc-better-gates", "circ": "cnx-lin-borrowed-1"}: 0.1.0 1543527711.40   2.8082277961737007e-06
{"n": 14, "noise": "sc-better-gates", "circ": "cnx-lin-borrowed-1"}: 0.1.0 1543527890.30   7.757024242691096e-05
{"n": 14, "noise": "sc-better-gates", "circ": "cnx-lin-borrowed-1"}: 0.1.0 1543528062.60   4.574876354044929e-05
{"n": 14, "noise": "sc-better-gates", "circ": "cnx-lin-borrowed-1"}: 0.1.0 1543528237.32   2.4527048824003096e-05
{"n": 14, "noise": "sc-better-gates", "circ": "cnx-lin-borrowed-1"}: 0.1.0 1543528409.69   7.768376532327235e-06
{"n": 14, "noise": "sc-better-gates", "circ": "cnx-lin-borrowed-1"}: 0.1.0 1543528571.83   7.873284605825582e-05
{"n": 14, "noise": "sc-better-gates", "circ": "cnx-lin-borrowed-1"}: 0.1.0 1543528741.17   2.1518700445974283e-05
{"n": 14, "noise": "sc-better-gates", "circ": "cnx-lin-borrowed-1"}: 0.1.0 1543528932.47   7.801226078944974e-06
{"n": 14, "noise": "sc-better-gates", "circ": "cnx-lin-borrowed-1"}: 0.1.0 1543529114.63   6.260843413720848e-05
{"n": 14, "noise": "sc-better-gates", "circ": "cnx-lin-borrowed-1"}: 0.1.0 1543529286.22   5.751242356280318e-05
{"n": 14, "noise": "sc-better-gates", "circ": "cnx-lin-borrowed-1"}: 0.1.0 1543529452.01   9.83352608694851e-07
{"n": 14, "noise": "sc-better-gates", "circ": "cnx-lin-borrowed-1"}: 0.1.0 1543529628.76   0.9849259298697701
{"n": 14, "noise": "sc-better-gates", "circ": "cnx-lin-borrowed-1"}: 0.1.0 1543529794.56   2.4565984473730126e-05
{"n": 14, "noise": "sc-better-gates", "circ": "cnx-lin-borrowed-1"}: 0.1.0 1543529969.47   5.612151253322842e-05
{"n": 14, "noise": "sc-better-gates", "circ": "cnx-lin-borrowed-1"}: 0.1.0 1543530153.49   0.984779526752194
{"n": 14, "noise": "sc-better-gates", "circ": "cnx-lin-borrowed-1"}: 0.1.0 1543530333.05   2.3015347946079422e-05
{"n": 14, "noise": "sc-better-gates", "circ": "cnx-lin-borrowed-1"}: 0.1.0 1543530507.31   8.299946258822414e-05
{"n": 14, "noise": "sc-better-gates", "circ": "cnx-lin-borrowed-1"}: 0.1.0 1543530685.27   1.4120433172004507e-05
{"n": 14, "noise": "sc-better-gates", "circ": "cnx-lin-borrowed-1"}: 0.1.0 1543530863.52   0.9847390548058381
{"n": 14, "noise": "sc-better-gates", "circ": "cnx-lin-borrowed-1"}: 0.1.0 1543531052.59   5.852126426012071e-06
{"n": 14, "noise": "sc-better-gates", "circ": "cnx-lin-borrowed-1"}: 0.1.0 1543531233.45   3.819752871795146e-05
{"n": 14, "noise": "sc-better-gates", "circ": "cnx-lin-borrowed-1"}: 0.1.0 1543531414.29   0.9849152357022933
{"n": 14, "noise": "sc-better-gates", "circ": "cnx-lin-borrowed-1"}: 0.1.0 1543531601.33   0.00010747112968919375
{"n": 14, "noise": "sc-better-gates", "circ": "cnx-lin-borrowed-1"}: 0.1.0 1543531774.98   6.540002444724275e-06
{"n": 14, "noise": "sc-better-gates", "circ": "cnx-lin-borrowed-1"}: 0.1.0 1543531960.57   0.9848178318883133
{"n": 14, "noise": "sc-better-gates", "circ": "cnx-lin-borrowed-1"}: 0.1.0 1543532151.71   3.96196014564905e-05
{"n": 14, "noise": "sc-better-gates", "circ": "cnx-lin-borrowed-1"}: 0.1.0 1543532329.46   2.4774437195474485e-06
{"n": 14, "noise": "sc-better-gates", "circ": "cnx-lin-borrowed-1"}: 0.1.0 1543532496.62   0.0002721630152973257
{"n": 14, "noise": "sc-better-gates", "circ": "cnx-lin-borrowed-1"}: 0.1.0 1543532686.79   0.9847822723186521
{"n": 14, "noise": "sc-better-gates", "circ": "cnx-lin-borrowed-1"}: 0.1.0 1543532863.02   2.2170277345517317e-05
{"n": 14, "noise": "sc-better-gates", "circ": "cnx-lin-borrowed-1"}: 0.1.0 1543533027.80   1.5054198504351582e-05
{"n": 14, "noise": "sc-better-gates", "circ": "cnx-lin-borrowed-1"}: 0.1.0 1543533195.24   2.6775180603142383e-05
{"n": 14, "noise": "sc-better-gates", "circ": "cnx-lin-borrowed-1"}: 0.1.0 1543533373.92   5.807562997173178e-06
{"n": 14, "noise": "sc-better-gates", "circ": "cnx-lin-borrowed-1"}: 0.1.0 1543533559.47   0.9849606555200546
{"n": 14, "noise": "sc-better-gates", "circ": "cnx-lin-borrowed-1"}: 0.1.0 1543533722.96   0.9849343180796178
{"n": 14, "noise": "sc-better-gates", "circ": "cnx-lin-borrowed-1"}: 0.1.0 1543533898.61   4.492970976918181e-05
{"n": 14, "noise": "sc-better-gates", "circ": "cnx-lin-borrowed-1"}: 0.1.0 1543534089.59   5.183856743857737e-07
{"n": 14, "noise": "sc-better-gates", "circ": "cnx-lin-borrowed-1"}: 0.1.0 1543534264.89   0.9848746137775248
{"n": 14, "noise": "sc-better-gates", "circ": "cnx-lin-borrowed-1"}: 0.1.0 1543534453.90   6.845024829273686e-06
{"n": 14, "noise": "sc-better-gates", "circ": "cnx-lin-borrowed-1"}: 0.1.0 1543534635.80   0.9850470910932723
{"n": 14, "noise": "sc-better-gates", "circ": "cnx-lin-borrowed-1"}: 0.1.0 1543534816.75   0.9847955065778707
{"n": 14, "noise": "sc-better-gates", "circ": "cnx-lin-borrowed-1"}: 0.1.0 1543534992.25   0.9849487560217078
{"n": 14, "noise": "sc-better-gates", "circ": "cnx-lin-borrowed-1"}: 0.1.0 1543535159.66   2.17296942364335e-05
{"n": 14, "noise": "sc-better-gates", "circ": "cnx-lin-borrowed-1"}: 0.1.0 1543535343.79   0.9848662960054293
{"n": 14, "noise": "sc-better-gates", "circ": "cnx-lin-borrowed-1"}: 0.1.0 1543535521.15   8.246107992072216e-06
{"n": 14, "noise": "sc-better-gates", "circ": "cnx-lin-borrowed-1"}: 0.1.0 1543535690.34   9.289667479842726e-06
{"n": 14, "noise": "sc-better-gates", "circ": "cnx-lin-borrowed-1"}: 0.1.0 1543535871.20   0.0001531992333593607
{"n": 14, "noise": "sc-better-gates", "circ": "cnx-lin-borrowed-1"}: 0.1.0 1543536063.71   1.2584813009329145e-05
{"n": 14, "noise": "sc-better-gates", "circ": "cnx-lin-borrowed-1"}: 0.1.0 1543536236.15   0.9847666568053796
{"n": 14, "noise": "sc-better-gates", "circ": "cnx-lin-borrowed-1"}: 0.1.0 1543536414.31   0.9850156137751708
{"n": 14, "noise": "sc-better-gates", "circ": "cnx-lin-borrowed-1"}: 0.1.0 1543536595.62   9.489690552824301e-08
{"n": 14, "noise": "sc-better-gates", "circ": "cnx-lin-borrowed-1"}: 0.1.0 1543536783.54   7.289595298108022e-05
{"n": 14, "noise": "sc-better-gates", "circ": "cnx-lin-borrowed-1"}: 0.1.0 1543536956.39   0.9850683133914687
{"n": 14, "noise": "sc-better-gates", "circ": "cnx-lin-borrowed-1"}: 0.1.0 1543537130.62   0.000248621115093529
{"n": 14, "noise": "sc-better-gates", "circ": "cnx-lin-borrowed-1"}: 0.1.0 1543537311.89   1.7198639260933e-05
{"n": 14, "noise": "sc-better-gates", "circ": "cnx-lin-borrowed-1"}: 0.1.0 1543537484.55   2.934374582917304e-05
{"n": 14, "noise": "sc-better-gates", "circ": "cnx-lin-borrowed-1"}: 0.1.0 1543537651.27   1.6054684055069176e-05
{"n": 14, "noise": "sc-better-gates", "circ": "cnx-lin-borrowed-1"}: 0.1.0 1543537845.12   0.00011876760280120424
{"n": 14, "noise": "sc-better-gates", "circ": "cnx-lin-borrowed-1"}: 0.1.0 1543538028.31   0.9848427713723885
{"n": 14, "noise": "sc-better-gates", "circ": "cnx-lin-borrowed-1"}: 0.1.0 1543538202.57   0.9850572170477065
{"n": 14, "noise": "sc-better-gates", "circ": "cnx-lin-borrowed-1"}: 0.1.0 1543538392.84   1.3029385037107058e-05
{"n": 14, "noise": "sc-better-gates", "circ": "cnx-lin-borrowed-1"}: 0.1.0 1543538572.81   3.85101710500505e-05
{"n": 14, "noise": "sc-better-gates", "circ": "cnx-lin-borrowed-1"}: 0.1.0 1543538757.26   3.798834127632761e-05
=====
{"n": 14, "noise": "sc-better-gates", "circ": "cnx-lin"}: 0.1.0 1543539769.02   6.919160285859207e-06
{"n": 14, "noise": "sc-better-gates", "circ": "cnx-lin"}: 0.1.0 1543540597.77   7.671667464076214e-06
{"n": 14, "noise": "sc-better-gates", "circ": "cnx-lin"}: 0.1.0 1543541435.66   2.15555148074741e-05
{"n": 14, "noise": "sc-better-gates", "circ": "cnx-lin"}: 0.1.0 1543542287.01   1.765690031821816e-05
{"n": 14, "noise": "sc-better-gates", "circ": "cnx-lin"}: 0.1.0 1543543085.48   1.285954242592593e-05
{"n": 14, "noise": "sc-better-gates", "circ": "cnx-lin"}: 0.1.0 1543543977.40   6.361131765097806e-05
{"n": 14, "noise": "sc-better-gates", "circ": "cnx-lin"}: 0.1.0 1543544845.67   6.213357627555472e-05
{"n": 14, "noise": "sc-better-gates", "circ": "cnx-lin"}: 0.1.0 1543545735.80   2.9762496905354802e-05
{"n": 14, "noise": "sc-better-gates", "circ": "cnx-lin"}: 0.1.0 1543546596.52   5.5536636902275824e-05
{"n": 14, "noise": "sc-better-gates", "circ": "cnx-lin"}: 0.1.0 1543547530.73   2.139117202727055e-05
=====
{"n": 14, "noise": "sc", "circ": "cnx-lin"}: 0.1.0 1543548374.07   2.6771011973099634e-06
{"n": 14, "noise": "sc", "circ": "cnx-lin"}: 0.1.0 1543549168.03   6.910916191634253e-06
{"n": 14, "noise": "sc", "circ": "cnx-lin"}: 0.1.0 1543550060.06   8.420936289528237e-05
{"n": 14, "noise": "sc", "circ": "cnx-lin"}: 0.1.0 1543550882.97   7.460911281003856e-05
{"n": 14, "noise": "sc", "circ": "cnx-lin"}: 0.1.0 1543551732.38   0.00032743204406429454
{"n": 14, "noise": "sc", "circ": "cnx-lin"}: 0.1.0 1543552638.31   0.0001021446872307499
{"n": 14, "noise": "sc", "circ": "cnx-lin"}: 0.1.0 1543553476.50   4.785008326652768e-05
{"n": 14, "noise": "sc", "circ": "cnx-lin"}: 0.1.0 1543554344.36   0.00031391256261500413
{"n": 14, "noise": "sc", "circ": "cnx-lin"}: 0.1.0 1543555213.91   0.0002975610374992601
{"n": 14, "noise": "sc", "circ": "cnx-lin"}: 0.1.0 1543556089.75   4.218377665039355e-05
{"n": 14, "noise": "sc", "circ": "cnx-lin"}: 0.1.0 1543556928.64   2.6114162655600253e-05
{"n": 14, "noise": "sc", "circ": "cnx-lin"}: 0.1.0 1543557813.84   6.982296027347678e-05
{"n": 14, "noise": "sc", "circ": "cnx-lin"}: 0.1.0 1543558650.53   4.062683846159625e-05
{"n": 14, "noise": "sc", "circ": "cnx-lin"}: 0.1.0 1543559528.19   5.479713429757879e-05
{"n": 14, "noise": "sc", "circ": "cnx-lin"}: 0.1.0 1543560386.02   4.1883732583198916e-05
{"n": 14, "noise": "sc", "circ": "cnx-lin"}: 0.1.0 1543561262.63   4.951550130588009e-05
{"n": 14, "noise": "sc", "circ": "cnx-lin"}: 0.1.0 1543562156.68   1.6325133239800805e-05
{"n": 14, "noise": "sc", "circ": "cnx-lin"}: 0.1.0 1543563015.17   6.313332219868431e-05
{"n": 14, "noise": "sc", "circ": "cnx-lin"}: 0.1.0 1543563915.16   9.639400723713623e-06
{"n": 14, "noise": "sc", "circ": "cnx-lin"}: 0.1.0 1543564806.33   0.00024925925604280907
{"n": 14, "noise": "sc", "circ": "cnx-lin"}: 0.1.0 1543565710.08   5.790795451510863e-05
{"n": 14, "noise": "sc", "circ": "cnx-lin"}: 0.1.0 1543566634.56   1.3756534437440693e-05
{"n": 14, "noise": "sc", "circ": "cnx-lin"}: 0.1.0 1543567553.01   4.150509542911862e-05
{"n": 14, "noise": "sc", "circ": "cnx-lin"}: 0.1.0 1543568511.70   0.00012373085132239342
{"n": 14, "noise": "sc", "circ": "cnx-lin"}: 0.1.0 1543569419.21   1.1368303626435333e-05
{"n": 14, "noise": "sc", "circ": "cnx-lin"}: 0.1.0 1543570339.26   8.7770671077451e-05
{"n": 14, "noise": "sc", "circ": "cnx-lin"}: 0.1.0 1543571219.17   3.350679456755422e-05
{"n": 14, "noise": "sc", "circ": "cnx-lin"}: 0.1.0 1543572131.00   7.96545604673751e-06
{"n": 14, "noise": "sc", "circ": "cnx-lin"}: 0.1.0 1543573053.05   6.487663008169332e-05
{"n": 14, "noise": "sc", "circ": "cnx-lin"}: 0.1.0 1543573981.49   0.0001871906522458027
{"n": 14, "noise": "sc", "circ": "cnx-lin"}: 0.1.0 1543574864.94   4.540809409337174e-05
{"n": 14, "noise": "sc", "circ": "cnx-lin"}: 0.1.0 1543575780.33   8.649978118690913e-05
{"n": 14, "noise": "sc", "circ": "cnx-lin"}: 0.1.0 1543576702.55   5.559559267772768e-06
{"n": 14, "noise": "sc", "circ": "cnx-lin"}: 0.1.0 1543577594.04   0.00020666079851152107
{"n": 14, "noise": "sc", "circ": "cnx-lin"}: 0.1.0 1543578470.01   7.39124601228229e-05
{"n": 14, "noise": "sc", "circ": "cnx-lin"}: 0.1.0 1543579315.66   1.56443584481181e-05
{"n": 14, "noise": "sc", "circ": "cnx-lin"}: 0.1.0 1543580172.87   6.444253695669846e-05
{"n": 14, "noise": "sc", "circ": "cnx-lin"}: 0.1.0 1543581034.92   1.251594292682274e-05
{"n": 14, "noise": "sc", "circ": "cnx-lin"}: 0.1.0 1543581904.04   1.658489940837826e-05
{"n": 14, "noise": "sc", "circ": "cnx-lin"}: 0.1.0 1543582791.51   0.0001688203629714954
{"n": 14, "noise": "sc", "circ": "cnx-lin"}: 0.1.0 1543583676.83   2.89217973123315e-05
{"n": 14, "noise": "sc", "circ": "cnx-lin"}: 0.1.0 1543584585.58   5.732490166886022e-06
{"n": 14, "noise": "sc", "circ": "cnx-lin"}: 0.1.0 1543585467.09   6.19531911471516e-05
{"n": 14, "noise": "sc", "circ": "cnx-lin"}: 0.1.0 1543586344.13   1.664828280340462e-05
{"n": 14, "noise": "sc", "circ": "cnx-lin"}: 0.1.0 1543587239.65   2.3503646422252627e-08
{"n": 14, "noise": "sc", "circ": "cnx-lin"}: 0.1.0 1543588044.45   3.427364857465215e-05
{"n": 14, "noise": "sc", "circ": "cnx-lin"}: 0.1.0 1543588937.73   0.00017163082469367368
{"n": 14, "noise": "sc", "circ": "cnx-lin"}: 0.1.0 1543589799.01   1.0835789506225574e-05
{"n": 14, "noise": "sc", "circ": "cnx-lin"}: 0.1.0 1543590717.81   9.885446417857988e-05
{"n": 14, "noise": "sc", "circ": "cnx-lin"}: 0.1.0 1543591549.74   2.7675703380417874e-05
{"n": 14, "noise": "sc", "circ": "cnx-lin"}: 0.1.0 1543592482.42   0.00011862100668635102
{"n": 14, "noise": "sc", "circ": "cnx-lin"}: 0.1.0 1543593379.95   1.4683857869151887e-05
{"n": 14, "noise": "sc", "circ": "cnx-lin"}: 0.1.0 1543594374.44   4.69872055973135e-05
{"n": 14, "noise": "sc", "circ": "cnx-lin"}: 0.1.0 1543595312.26   0.00010854554084063531
{"n": 14, "noise": "sc", "circ": "cnx-lin"}: 0.1.0 1543596095.23   0.0002555211773434551
{"n": 14, "noise": "sc", "circ": "cnx-lin"}: 0.1.0 1543596996.38   4.957590619861964e-06
{"n": 14, "noise": "sc", "circ": "cnx-lin"}: 0.1.0 1543597874.57   4.803840745417333e-05
{"n": 14, "noise": "sc", "circ": "cnx-lin"}: 0.1.0 1543598822.77   0.00011700094830234767
{"n": 14, "noise": "sc", "circ": "cnx-lin"}: 0.1.0 1543599731.56   4.502833058568689e-05
{"n": 14, "noise": "sc", "circ": "cnx-lin"}: 0.1.0 1543600501.28   6.970458097460189e-05
{"n": 14, "noise": "sc", "circ": "cnx-lin"}: 0.1.0 1543601409.91   1.6854722190541285e-05
{"n": 14, "noise": "sc", "circ": "cnx-lin"}: 0.1.0 1543602259.25   6.520242117508281e-05
{"n": 14, "noise": "sc", "circ": "cnx-lin"}: 0.1.0 1543603143.55   1.5015010724047233e-05
{"n": 14, "noise": "sc", "circ": "cnx-lin"}: 0.1.0 1543604042.83   2.8941864118239728e-05
{"n": 14, "noise": "sc", "circ": "cnx-lin"}: 0.1.0 1543604955.26   5.3262398487794824e-05
{"n": 14, "noise": "sc", "circ": "cnx-lin"}: 0.1.0 1543605844.39   4.326247959274448e-06
{"n": 14, "noise": "sc", "circ": "cnx-lin"}: 0.1.0 1543606826.44   0.00017213340354678503
{"n": 14, "noise": "sc", "circ": "cnx-lin"}: 0.1.0 1543607831.83   0.00017307431078449504
{"n": 14, "noise": "sc", "circ": "cnx-lin"}: 0.1.0 1543608660.25   8.797955491234572e-06
{"n": 14, "noise": "sc", "circ": "cnx-lin"}: 0.1.0 1543609570.54   5.6585141804240857e-05
{"n": 14, "noise": "sc", "circ": "cnx-lin"}: 0.1.0 1543610486.37   2.275126388904669e-05
{"n": 14, "noise": "sc", "circ": "cnx-lin"}: 0.1.0 1543611414.95   2.6289699906728998e-05
{"n": 14, "noise": "sc", "circ": "cnx-lin"}: 0.1.0 1543612256.39   7.346401120388337e-05
{"n": 14, "noise": "sc", "circ": "cnx-lin"}: 0.1.0 1543613143.61   2.404083562033227e-05
{"n": 14, "noise": "sc", "circ": "cnx-lin"}: 0.1.0 1543614004.55   6.463585854992411e-05
{"n": 14, "noise": "sc", "circ": "cnx-lin"}: 0.1.0 1543614841.16   2.4315159836915835e-05
