=====
{"n": 14, "noise": "sc-better-gates", "circ": "cnx-lin"}: 0.1.0 1543472962.59   0.0001969002436080383
{"n": 14, "noise": "sc-better-gates", "circ": "cnx-lin"}: 0.1.0 1543473694.09   9.102142952950052e-06
{"n": 14, "noise": "sc-better-gates", "circ": "cnx-lin"}: 0.1.0 1543474441.47   0.00026345751748592383
{"n": 14, "noise": "sc-better-gates", "circ": "cnx-lin"}: 0.1.0 1543475231.05   3.2195246707990116e-05
{"n": 14, "noise": "sc-better-gates", "circ": "cnx-lin"}: 0.1.0 1543475963.79   2.481388644319384e-05
{"n": 14, "noise": "sc-better-gates", "circ": "cnx-lin"}: 0.1.0 1543476689.67   0.000113578930851195
{"n": 14, "noise": "sc-better-gates", "circ": "cnx-lin"}: 0.1.0 1543477455.89   1.7323713158763218e-05
{"n": 14, "noise": "sc-better-gates", "circ": "cnx-lin"}: 0.1.0 1543478180.73   0.00013817447098237167
{"n": 14, "noise": "sc-better-gates", "circ": "cnx-lin"}: 0.1.0 1543478888.70   8.22152623696331e-06
{"n": 14, "noise": "sc-better-gates", "circ": "cnx-lin"}: 0.1.0 1543479627.57   1.1354315314375337e-05
{"n": 14, "noise": "sc-better-gates", "circ": "cnx-lin"}: 0.1.0 1543480324.97   0.00016902314393374537
{"n": 14, "noise": "sc-better-gates", "circ": "cnx-lin"}: 0.1.0 1543481055.18   0.00013618309392047834
{"n": 14, "noise": "sc-better-gates", "circ": "cnx-lin"}: 0.1.0 1543481783.25   1.2596860155251462e-06
{"n": 14, "noise": "sc-better-gates", "circ": "cnx-lin"}: 0.1.0 1543482512.05   3.1294138522233684e-05
{"n": 14, "noise": "sc-better-gates", "circ": "cnx-lin"}: 0.1.0 1543483188.15   1.5121821993321276e-05
{"n": 14, "noise": "sc-better-gates", "circ": "cnx-lin"}: 0.1.0 1543483872.70   6.379561513744498e-05
{"n": 14, "noise": "sc-better-gates", "circ": "cnx-lin"}: 0.1.0 1543484616.36   1.0366025404343106e-05
{"n": 14, "noise": "sc-better-gates", "circ": "cnx-lin"}: 0.1.0 1543485332.49   5.327090880410029e-06
{"n": 14, "noise": "sc-better-gates", "circ": "cnx-lin"}: 0.1.0 1543486046.50   2.5569407177642412e-06
{"n": 14, "noise": "sc-better-gates", "circ": "cnx-lin"}: 0.1.0 1543486736.80   2.3612164751451034e-05
{"n": 14, "noise": "sc-better-gates", "circ": "cnx-lin"}: 0.1.0 1543487506.16   5.859199128612064e-06
{"n": 14, "noise": "sc-better-gates", "circ": "cnx-lin"}: 0.1.0 1543488223.26   2.5860000577126823e-05
{"n": 14, "noise": "sc-better-gates", "circ": "cnx-lin"}: 0.1.0 1543488938.12   0.0001504614305606032
{"n": 14, "noise": "sc-better-gates", "circ": "cnx-lin"}: 0.1.0 1543489706.50   3.1948653617184382e-06
{"n": 14, "noise": "sc-better-gates", "circ": "cnx-lin"}: 0.1.0 1543490357.33   8.198777800559602e-05
{"n": 14, "noise": "sc-better-gates", "circ": "cnx-lin"}: 0.1.0 1543491118.54   0.00028120958852719625
{"n": 14, "noise": "sc-better-gates", "circ": "cnx-lin"}: 0.1.0 1543491809.89   0.00021495458732719938
{"n": 14, "noise": "sc-better-gates", "circ": "cnx-lin"}: 0.1.0 1543492519.41   6.418423202649754e-05
{"n": 14, "noise": "sc-better-gates", "circ": "cnx-lin"}: 0.1.0 1543493312.16   8.954755356770016e-06
{"n": 14, "noise": "sc-better-gates", "circ": "cnx-lin"}: 0.1.0 1543494009.05   4.6207124002746215e-05
{"n": 14, "noise": "sc-better-gates", "circ": "cnx-lin"}: 0.1.0 1543494744.34   9.871475389087203e-05
{"n": 14, "noise": "sc-better-gates", "circ": "cnx-lin"}: 0.1.0 1543495483.85   4.9689610675207225e-06
{"n": 14, "noise": "sc-better-gates", "circ": "cnx-lin"}: 0.1.0 1543496241.97   6.662845129641407e-05
{"n": 14, "noise": "sc-better-gates", "circ": "cnx-lin"}: 0.1.0 1543496971.43   7.427846056963584e-05
{"n": 14, "noise": "sc-better-gates", "circ": "cnx-lin"}: 0.1.0 1543497679.17   0.00040634042363796297
{"n": 14, "noise": "sc-better-gates", "circ": "cnx-lin"}: 0.1.0 1543498414.61   6.139874900358875e-05
{"n": 14, "noise": "sc-better-gates", "circ": "cnx-lin"}: 0.1.0 1543499155.50   9.684681147008187e-05
{"n": 14, "noise": "sc-better-gates", "circ": "cnx-lin"}: 0.1.0 1543499877.53   2.705648148084254e-05
{"n": 14, "noise": "sc-better-gates", "circ": "cnx-lin"}: 0.1.0 1543500687.49   0.0001567249278502594
{"n": 14, "noise": "sc-better-gates", "circ": "cnx-lin"}: 0.1.0 1543501469.23   7.198338841649938e-05
{"n": 14, "noise": "sc-better-gates", "circ": "cnx-lin"}: 0.1.0 1543502254.71   1.1569811011950985e-05
{"n": 14, "noise": "sc-better-gates", "circ": "cnx-lin"}: 0.1.0 1543502986.39   1.5438892230358108e-05
{"n": 14, "noise": "sc-better-gates", "circ": "cnx-lin"}: 0.1.0 1543503750.93   0.00010777639457179817
{"n": 14, "noise": "sc-better-gates", "circ": "cnx-lin"}: 0.1.0 1543504524.64   7.011391020572874e-05
{"n": 14, "noise": "sc-better-gates", "circ": "cnx-lin"}: 0.1.0 1543505276.67   2.9016163843373898e-05
{"n": 14, "noise": "sc-better-gates", "circ": "cnx-lin"}: 0.1.0 1543506033.93   1.4346516708987307e-05
{"n": 14, "noise": "sc-better-gates", "circ": "cnx-lin"}: 0.1.0 1543506820.40   2.9529447386063774e-05
{"n": 14, "noise": "sc-better-gates", "circ": "cnx-lin"}: 0.1.0 1543507587.41   1.1967677488670842e-05
{"n": 14, "noise": "sc-better-gates", "circ": "cnx-lin"}: 0.1.0 1543508326.51   1.9310225992918e-05
{"n": 14, "noise": "sc-better-gates", "circ": "cnx-lin"}: 0.1.0 1543509067.57   1.0446916558190398e-05
{"n": 14, "noise": "sc-better-gates", "circ": "cnx-lin"}: 0.1.0 1543509867.28   3.670795901990251e-05
{"n": 14, "noise": "sc-better-gates", "circ": "cnx-lin"}: 0.1.0 1543510658.98   5.304019066816796e-05
{"n": 14, "noise": "sc-better-gates", "circ": "cnx-lin"}: 0.1.0 1543511468.10   3.726078655624733e-05
{"n": 14, "noise": "sc-better-gates", "circ": "cnx-lin"}: 0.1.0 1543512233.20   4.306529530366254e-05
{"n": 14, "noise": "sc-better-gates", "circ": "cnx-lin"}: 0.1.0 1543513055.02   2.3309875688104818e-07
{"n": 14, "noise": "sc-better-gates", "circ": "cnx-lin"}: 0.1.0 1543513801.78   0.00010298670614447997
{"n": 14, "noise": "sc-better-gates", "circ": "cnx-lin"}: 0.1.0 1543514644.50   5.796573135713693e-05
{"n": 14, "noise": "sc-better-gates", "circ": "cnx-lin"}: 0.1.0 1543515436.08   6.119828280474182e-05
{"n": 14, "noise": "sc-better-gates", "circ": "cnx-lin"}: 0.1.0 1543516235.08   1.786405815841636e-06
{"n": 14, "noise": "sc-better-gates", "circ": "cnx-lin"}: 0.1.0 1543517056.73   5.1510730399731916e-06
{"n": 14, "noise": "sc-better-gates", "circ": "cnx-lin"}: 0.1.0 1543517852.50   2.5381150548623064e-05
{"n": 14, "noise": "sc-better-gates", "circ": "cnx-lin"}: 0.1.0 1543518752.75   3.055690306456192e-05
{"n": 14, "noise": "sc-better-gates", "circ": "cnx-lin"}: 0.1.0 1543519579.31   0.00015966057319703167
{"n": 14, "noise": "sc-better-gates", "circ": "cnx-lin"}: 0.1.0 1543520456.15   0.00018228915538756716
{"n": 14, "noise": "sc-better-gates", "circ": "cnx-lin"}: 0.1.0 1543521333.67   6.282148076935282e-05
{"n": 14, "noise": "sc-better-gates", "circ": "cnx-lin"}: 0.1.0 1543522207.12   2.830601945197227e-05
{"n": 14, "noise": "sc-better-gates", "circ": "cnx-lin"}: 0.1.0 1543523087.88   2.0497808300131123e-05
{"n": 14, "noise": "sc-better-gates", "circ": "cnx-lin"}: 0.1.0 1543523911.12   2.4705997404213434e-06
=====
{"n": 14, "noise": "sc-better-gates", "circ": "cnx-lin-borrowed-1"}: 0.1.0 1543525048.97   7.007010500474736e-06
{"n": 14, "noise": "sc-better-gates", "circ": "cnx-lin-borrowed-1"}: 0.1.0 1543525233.89   3.250066165902797e-05
{"n": 14, "noise": "sc-better-gates", "circ": "cnx-lin-borrowed-1"}: 0.1.0 1543525427.20   8.100860379108815e-05
{"n": 14, "noise": "sc-better-gates", "circ": "cnx-lin-borrowed-1"}: 0.1.0 1543525597.60   5.105387048832935e-05
{"n": 14, "noise": "sc-better-gates", "circ": "cnx-lin-borrowed-1"}: 0.1.0 1543525759.30   2.7794237815831828e-05
{"n": 14, "noise": "sc-better-gates", "circ": "cnx-lin-borrowed-1"}: 0.1.0 1543525938.42   0.984782548098249
{"n": 14, "noise": "sc-better-gates", "circ": "cnx-lin-borrowed-1"}: 0.1.0 1543526123.92   2.389823977004388e-05
{"n": 14, "noise": "sc-better-gates", "circ": "cnx-lin-borrowed-1"}: 0.1.0 1543526303.70   9.608426869613312e-05
{"n": 14, "noise": "sc-better-gates", "circ": "cnx-lin-borrowed-1"}: 0.1.0 1543526473.23   0.9848719041770059
{"n": 14, "noise": "sc-better-gates", "circ": "cnx-lin-borrowed-1"}: 0.1.0 1543526638.78   0.2461704156805149
{"n": 14, "noise": "sc-better-gates", "circ": "cnx-lin-borrowed-1"}: 0.1.0 1543526800.80   0.9848177216773415
{"n": 14, "noise": "sc-better-gates", "circ": "cnx-lin-borrowed-1"}: 0.1.0 1543526970.00   1.836378010457067e-05
{"n": 14, "noise": "sc-better-gates", "circ": "cnx-lin-borrowed-1"}: 0.1.0 1543527127.47   0.9850974422986167
{"n": 14, "noise": "sc-better-gates", "circ": "cnx-lin-borrowed-1"}: 0.1.0 1543527290.87   6.51239573044499e-05
{"n": 14, "noise": "sc-better-gates", "circ": "cnx-lin-borrowed-1"}: 0.1.0 1543527452.27   4.160580556512326e-06
{"n": 14, "noise": "sc-better-gates", "circ": "cnx-lin-borrowed-1"}: 0.1.0 1543527617.95   3.0295746800492215e-05
{"n": 14, "noise": "sc-better-gates", "circ": "cnx-lin-borrowed-1"}: 0.1.0 1543527783.94   6.409685230207343e-05
{"n": 14, "noise": "sc-better-gates", "circ": "cnx-lin-borrowed-1"}: 0.1.0 1543527958.27   2.0586269813342173e-05
{"n": 14, "noise": "sc-better-gates", "circ": "cnx-lin-borrowed-1"}: 0.1.0 1543528133.02   0.9850640472102327
{"n": 14, "noise": "sc-better-gates", "circ": "cnx-lin-borrowed-1"}: 0.1.0 1543528294.70   1.1454579560480876e-05
{"n": 14, "noise": "sc-better-gates", "circ": "cnx-lin-borrowed-1"}: 0.1.0 1543528459.57   0.9848658769210688
{"n": 14, "noise": "sc-better-gates", "circ": "cnx-lin-borrowed-1"}: 0.1.0 1543528621.29   0.9847740721974281
{"n": 14, "noise": "sc-better-gates", "circ": "cnx-lin-borrowed-1"}: 0.1.0 1543528794.80   2.7530411467923545e-05
{"n": 14, "noise": "sc-better-gates", "circ": "cnx-lin-borrowed-1"}: 0.1.0 1543528953.84   5.289061641494208e-05
{"n": 14, "noise": "sc-better-gates", "circ": "cnx-lin-borrowed-1"}: 0.1.0 1543529129.62   1.4349764365167387e-05
{"n": 14, "noise": "sc-better-gates", "circ": "cnx-lin-borrowed-1"}: 0.1.0 1543529290.60   5.475609945415066e-05
{"n": 14, "noise": "sc-better-gates", "circ": "cnx-lin-borrowed-1"}: 0.1.0 1543529453.25   0.9850661341997037
{"n": 14, "noise": "sc-better-gates", "circ": "cnx-lin-borrowed-1"}: 0.1.0 1543529629.84   1.1483027408004352e-05
{"n": 14, "noise": "sc-better-gates", "circ": "cnx-lin-borrowed-1"}: 0.1.0 1543529790.73   3.438021370596084e-05
{"n": 14, "noise": "sc-better-gates", "circ": "cnx-lin-borrowed-1"}: 0.1.0 1543529958.35   1.9391707159533145e-05
{"n": 14, "noise": "sc-better-gates", "circ": "cnx-lin-borrowed-1"}: 0.1.0 1543530135.51   5.183307686421307e-06
{"n": 14, "noise": "sc-better-gates", "circ": "cnx-lin-borrowed-1"}: 0.1.0 1543530315.75   7.99217032383723e-06
{"n": 14, "noise": "sc-better-gates", "circ": "cnx-lin-borrowed-1"}: 0.1.0 1543530488.61   4.410005792607288e-06
{"n": 14, "noise": "sc-better-gates", "circ": "cnx-lin-borrowed-1"}: 0.1.0 1543530653.34   1.3023888440414648e-05
{"n": 14, "noise": "sc-better-gates", "circ": "cnx-lin-borrowed-1"}: 0.1.0 1543530829.47   3.239015103270294e-05
{"n": 14, "noise": "sc-better-gates", "circ": "cnx-lin-borrowed-1"}: 0.1.0 1543531011.07   9.36923289860202e-05
{"n": 14, "noise": "sc-better-gates", "circ": "cnx-lin-borrowed-1"}: 0.1.0 1543531183.74   3.315895424909242e-05
{"n": 14, "noise": "sc-better-gates", "circ": "cnx-lin-borrowed-1"}: 0.1.0 1543531365.98   0.984832095978076
{"n": 14, "noise": "sc-better-gates", "circ": "cnx-lin-borrowed-1"}: 0.1.0 1543531533.74   7.496806611753328e-07
{"n": 14, "noise": "sc-better-gates", "circ": "cnx-lin-borrowed-1"}: 0.1.0 1543531714.60   1.657595260556839e-05
{"n": 14, "noise": "sc-better-gates", "circ": "cnx-lin-borrowed-1"}: 0.1.0 1543531899.91   9.529747086186852e-05
{"n": 14, "noise": "sc-better-gates", "circ": "cnx-lin-borrowed-1"}: 0.1.0 1543532072.62   5.674133394844646e-05
{"n": 14, "noise": "sc-better-gates", "circ": "cnx-lin-borrowed-1"}: 0.1.0 1543532251.30   0.9850297697125404
{"n": 14, "noise": "sc-better-gates", "circ": "cnx-lin-borrowed-1"}: 0.1.0 1543532435.94   2.8793270479525757e-05
{"n": 14, "noise": "sc-better-gates", "circ": "cnx-lin-borrowed-1"}: 0.1.0 1543532603.12   8.69492951837684e-05
{"n": 14, "noise": "sc-better-gates", "circ": "cnx-lin-borrowed-1"}: 0.1.0 1543532781.39   9.073047316467077e-06
{"n": 14, "noise": "sc-better-gates", "circ": "cnx-lin-borrowed-1"}: 0.1.0 1543532968.99   0.9850995834260937
{"n": 14, "noise": "sc-better-gates", "circ": "cnx-lin-borrowed-1"}: 0.1.0 1543533145.94   3.107799169649348e-05
{"n": 14, "noise": "sc-better-gates", "circ": "cnx-lin-borrowed-1"}: 0.1.0 1543533308.56   8.87422693002949e-05
{"n": 14, "noise": "sc-better-gates", "circ": "cnx-lin-borrowed-1"}: 0.1.0 1543533487.74   0.9850728472298552
{"n": 14, "noise": "sc-better-gates", "circ": "cnx-lin-borrowed-1"}: 0.1.0 1543533670.20   0.9847918145299137
{"n": 14, "noise": "sc-better-gates", "circ": "cnx-lin-borrowed-1"}: 0.1.0 1543533854.77   2.0428555968990824e-05
{"n": 14, "noise": "sc-better-gates", "circ": "cnx-lin-borrowed-1"}: 0.1.0 1543534031.44   1.0439767536485223e-05
{"n": 14, "noise": "sc-better-gates", "circ": "cnx-lin-borrowed-1"}: 0.1.0 1543534222.20   0.9847199761074148
{"n": 14, "noise": "sc-better-gates", "circ": "cnx-lin-borrowed-1"}: 0.1.0 1543534408.06   1.2083124393504765e-05
{"n": 14, "noise": "sc-better-gates", "circ": "cnx-lin-borrowed-1"}: 0.1.0 1543534576.43   3.070476202953955e-05
{"n": 14, "noise": "sc-better-gates", "circ": "cnx-lin-borrowed-1"}: 0.1.0 1543534749.57   1.977554367607356e-05
{"n": 14, "noise": "sc-better-gates", "circ": "cnx-lin-borrowed-1"}: 0.1.0 1543534927.82   2.8402898643092147e-05
{"n": 14, "noise": "sc-better-gates", "circ": "cnx-lin-borrowed-1"}: 0.1.0 1543535108.25   0.9849133726427151
{"n": 14, "noise": "sc-better-gates", "circ": "cnx-lin-borrowed-1"}: 0.1.0 1543535282.98   1.78667450007872e-05
{"n": 14, "noise": "sc-better-gates", "circ": "cnx-lin-borrowed-1"}: 0.1.0 1543535466.69   6.9392989371874844e-06
{"n": 14, "noise": "sc-better-gates", "circ": "cnx-lin-borrowed-1"}: 0.1.0 1543535651.17   0.9847662039256563
{"n": 14, "noise": "sc-better-gates", "circ": "cnx-lin-borrowed-1"}: 0.1.0 1543535839.92   2.579958037214652e-05
{"n": 14, "noise": "sc-better-gates", "circ": "cnx-lin-borrowed-1"}: 0.1.0 1543536025.54   4.750622392573098e-05
{"n": 14, "noise": "sc-better-gates", "circ": "cnx-lin-borrowed-1"}: 0.1.0 1543536210.55   6.151593059424463e-05
{"n": 14, "noise": "sc-better-gates", "circ": "cnx-lin-borrowed-1"}: 0.1.0 1543536403.57   3.1063230733392086e-05
{"n": 14, "noise": "sc-better-gates", "circ": "cnx-lin-borrowed-1"}: 0.1.0 1543536582.70   0.9849037763127857
{"n": 14, "noise": "sc-better-gates", "circ": "cnx-lin-borrowed-1"}: 0.1.0 1543536750.60   0.00018044005935673616
{"n": 14, "noise": "sc-better-gates", "circ": "cnx-lin-borrowed-1"}: 0.1.0 1543536932.03   8.996038652957206e-06
{"n": 14, "noise": "sc-better-gates", "circ": "cnx-lin-borrowed-1"}: 0.1.0 1543537102.09   3.7530517304600253e-05
{"n": 14, "noise": "sc-better-gates", "circ": "cnx-lin-borrowed-1"}: 0.1.0 1543537275.27   0.9849641932385677
{"n": 14, "noise": "sc-better-gates", "circ": "cnx-lin-borrowed-1"}: 0.1.0 1543537471.13   5.8715050154733e-06
{"n": 14, "noise": "sc-better-gates", "circ": "cnx-lin-borrowed-1"}: 0.1.0 1543537652.08   0.9848986294117602
{"n": 14, "noise": "sc-better-gates", "circ": "cnx-lin-borrowed-1"}: 0.1.0 1543537825.54   1.0295846673311102e-05
{"n": 14, "noise": "sc-better-gates", "circ": "cnx-lin-borrowed-1"}: 0.1.0 1543538012.84   2.0742157011512067e-05
{"n": 14, "noise": "sc-better-gates", "circ": "cnx-lin-borrowed-1"}: 0.1.0 1543538195.94   0.0002067201582773311
{"n": 14, "noise": "sc-better-gates", "circ": "cnx-lin-borrowed-1"}: 0.1.0 1543538388.93   0.00010536076286815663
{"n": 14, "noise": "sc-better-gates", "circ": "cnx-lin-borrowed-1"}: 0.1.0 1543538567.40   9.84422155544667e-08
{"n": 14, "noise": "sc-better-gates", "circ": "cnx-lin-borrowed-1"}: 0.1.0 1543538745.09   0.0001321093078154232
=====
{"n": 14, "noise": "sc-better-gates", "circ": "cnx-lin"}: 0.1.0 1543539787.84   1.2880292935645347e-05
{"n": 14, "noise": "sc-better-gates", "circ": "cnx-lin"}: 0.1.0 1543540604.07   3.3598784820457185e-06
{"n": 14, "noise": "sc-better-gates", "circ": "cnx-lin"}: 0.1.0 1543541452.01   0.000101957154949236
{"n": 14, "noise": "sc-better-gates", "circ": "cnx-lin"}: 0.1.0 1543542286.48   0.00014906157853227203
{"n": 14, "noise": "sc-better-gates", "circ": "cnx-lin"}: 0.1.0 1543543102.76   2.5022973589694095e-07
{"n": 14, "noise": "sc-better-gates", "circ": "cnx-lin"}: 0.1.0 1543543922.67   2.8708515095954988e-05
{"n": 14, "noise": "sc-better-gates", "circ": "cnx-lin"}: 0.1.0 1543544813.31   0.0001233278126230866
{"n": 14, "noise": "sc-better-gates", "circ": "cnx-lin"}: 0.1.0 1543545659.09   1.3506018244878673e-05
{"n": 14, "noise": "sc-better-gates", "circ": "cnx-lin"}: 0.1.0 1543546455.54   3.9165154903236815e-06
{"n": 14, "noise": "sc-better-gates", "circ": "cnx-lin"}: 0.1.0 1543547293.01   1.9775514725164536e-05
=====
{"n": 14, "noise": "sc", "circ": "cnx-lin"}: 0.1.0 1543548422.61   4.667303233964887e-05
{"n": 14, "noise": "sc", "circ": "cnx-lin"}: 0.1.0 1543549243.48   6.345403954403789e-05
{"n": 14, "noise": "sc", "circ": "cnx-lin"}: 0.1.0 1543550066.37   6.451248393847323e-07
{"n": 14, "noise": "sc", "circ": "cnx-lin"}: 0.1.0 1543550893.06   2.1656711054181048e-05
{"n": 14, "noise": "sc", "circ": "cnx-lin"}: 0.1.0 1543551768.23   1.06588090445626e-05
{"n": 14, "noise": "sc", "circ": "cnx-lin"}: 0.1.0 1543552568.13   3.0017531880020903e-05
{"n": 14, "noise": "sc", "circ": "cnx-lin"}: 0.1.0 1543553451.08   9.695765838992698e-05
{"n": 14, "noise": "sc", "circ": "cnx-lin"}: 0.1.0 1543554326.69   2.9097311244026753e-05
{"n": 14, "noise": "sc", "circ": "cnx-lin"}: 0.1.0 1543555182.39   7.009819427012298e-05
{"n": 14, "noise": "sc", "circ": "cnx-lin"}: 0.1.0 1543556055.34   2.3818820980110298e-05
{"n": 14, "noise": "sc", "circ": "cnx-lin"}: 0.1.0 1543556949.69   2.5890083658447497e-05
{"n": 14, "noise": "sc", "circ": "cnx-lin"}: 0.1.0 1543557824.64   0.00017709494591959578
{"n": 14, "noise": "sc", "circ": "cnx-lin"}: 0.1.0 1543558775.46   8.83778893450448e-05
{"n": 14, "noise": "sc", "circ": "cnx-lin"}: 0.1.0 1543559634.85   2.8796256708864286e-05
{"n": 14, "noise": "sc", "circ": "cnx-lin"}: 0.1.0 1543560523.56   0.00013651381158144023
{"n": 14, "noise": "sc", "circ": "cnx-lin"}: 0.1.0 1543561409.52   1.2187924426988898e-07
{"n": 14, "noise": "sc", "circ": "cnx-lin"}: 0.1.0 1543562285.47   5.458665457990864e-06
{"n": 14, "noise": "sc", "circ": "cnx-lin"}: 0.1.0 1543563133.24   9.856415116843029e-06
{"n": 14, "noise": "sc", "circ": "cnx-lin"}: 0.1.0 1543564037.14   4.931614815690669e-05
{"n": 14, "noise": "sc", "circ": "cnx-lin"}: 0.1.0 1543564901.03   1.378725737685128e-05
{"n": 14, "noise": "sc", "circ": "cnx-lin"}: 0.1.0 1543565750.38   0.00010087778187561597
{"n": 14, "noise": "sc", "circ": "cnx-lin"}: 0.1.0 1543566595.53   8.506541175127911e-05
{"n": 14, "noise": "sc", "circ": "cnx-lin"}: 0.1.0 1543567439.71   2.0455871586612043e-05
{"n": 14, "noise": "sc", "circ": "cnx-lin"}: 0.1.0 1543568253.09   4.791531266408128e-05
{"n": 14, "noise": "sc", "circ": "cnx-lin"}: 0.1.0 1543569107.84   1.2529293604824222e-06
{"n": 14, "noise": "sc", "circ": "cnx-lin"}: 0.1.0 1543569905.40   0.00012110440640506163
{"n": 14, "noise": "sc", "circ": "cnx-lin"}: 0.1.0 1543570722.92   4.1461821730206735e-05
{"n": 14, "noise": "sc", "circ": "cnx-lin"}: 0.1.0 1543571512.66   0.0001255235487904538
{"n": 14, "noise": "sc", "circ": "cnx-lin"}: 0.1.0 1543572310.38   4.6468490514004085e-05
{"n": 14, "noise": "sc", "circ": "cnx-lin"}: 0.1.0 1543573137.74   4.463720982742756e-06
{"n": 14, "noise": "sc", "circ": "cnx-lin"}: 0.1.0 1543573959.31   1.3434601237448801e-05
{"n": 14, "noise": "sc", "circ": "cnx-lin"}: 0.1.0 1543574759.37   2.566423795987737e-05
{"n": 14, "noise": "sc", "circ": "cnx-lin"}: 0.1.0 1543575585.73   7.605196146750283e-06
{"n": 14, "noise": "sc", "circ": "cnx-lin"}: 0.1.0 1543576423.15   0.00019915778364029018
{"n": 14, "noise": "sc", "circ": "cnx-lin"}: 0.1.0 1543577271.59   8.173682956726755e-05
{"n": 14, "noise": "sc", "circ": "cnx-lin"}: 0.1.0 1543578099.10   0.00010040356438478013
{"n": 14, "noise": "sc", "circ": "cnx-lin"}: 0.1.0 1543578911.00   5.3522018283068744e-05
{"n": 14, "noise": "sc", "circ": "cnx-lin"}: 0.1.0 1543579749.27   6.272386013857011e-05
{"n": 14, "noise": "sc", "circ": "cnx-lin"}: 0.1.0 1543580590.66   0.0005181787848401975
{"n": 14, "noise": "sc", "circ": "cnx-lin"}: 0.1.0 1543581414.90   5.714809559488583e-05
{"n": 14, "noise": "sc", "circ": "cnx-lin"}: 0.1.0 1543582226.74   0.00013817447682740698
{"n": 14, "noise": "sc", "circ": "cnx-lin"}: 0.1.0 1543583050.26   1.6377173448723272e-05
{"n": 14, "noise": "sc", "circ": "cnx-lin"}: 0.1.0 1543583950.94   3.127953079810655e-05
{"n": 14, "noise": "sc", "circ": "cnx-lin"}: 0.1.0 1543584813.20   6.495951923718664e-05
{"n": 14, "noise": "sc", "circ": "cnx-lin"}: 0.1.0 1543585676.66   1.944131839911647e-05
{"n": 14, "noise": "sc", "circ": "cnx-lin"}: 0.1.0 1543586528.39   3.692772982353741e-05
{"n": 14, "noise": "sc", "circ": "cnx-lin"}: 0.1.0 1543587384.10   4.7653072435424005e-05
{"n": 14, "noise": "sc", "circ": "cnx-lin"}: 0.1.0 1543588309.74   4.741664493086873e-05
{"n": 14, "noise": "sc", "circ": "cnx-lin"}: 0.1.0 1543589223.70   0.00011076836411703745
{"n": 14, "noise": "sc", "circ": "cnx-lin"}: 0.1.0 1543590190.18   1.2936214024296835e-05
{"n": 14, "noise": "sc", "circ": "cnx-lin"}: 0.1.0 1543591127.40   1.1919217820742138e-05
{"n": 14, "noise": "sc", "circ": "cnx-lin"}: 0.1.0 1543592058.60   5.296068338128206e-05
{"n": 14, "noise": "sc", "circ": "cnx-lin"}: 0.1.0 1543593008.06   4.511241252810379e-05
{"n": 14, "noise": "sc", "circ": "cnx-lin"}: 0.1.0 1543593944.77   3.394103527315426e-05
{"n": 14, "noise": "sc", "circ": "cnx-lin"}: 0.1.0 1543594869.14   3.027103640093878e-05
{"n": 14, "noise": "sc", "circ": "cnx-lin"}: 0.1.0 1543595791.74   0.00014787305560518208
{"n": 14, "noise": "sc", "circ": "cnx-lin"}: 0.1.0 1543596670.16   7.833044274881102e-05
{"n": 14, "noise": "sc", "circ": "cnx-lin"}: 0.1.0 1543597577.07   1.4956413006598206e-05
{"n": 14, "noise": "sc", "circ": "cnx-lin"}: 0.1.0 1543598421.11   3.384294156494467e-05
{"n": 14, "noise": "sc", "circ": "cnx-lin"}: 0.1.0 1543599373.04   3.6638591053497585e-05
{"n": 14, "noise": "sc", "circ": "cnx-lin"}: 0.1.0 1543600343.82   8.391305527543634e-05
{"n": 14, "noise": "sc", "circ": "cnx-lin"}: 0.1.0 1543601276.80   8.298467954835365e-07
{"n": 14, "noise": "sc", "circ": "cnx-lin"}: 0.1.0 1543602221.48   1.877515285767427e-05
{"n": 14, "noise": "sc", "circ": "cnx-lin"}: 0.1.0 1543603140.96   6.305072438433167e-05
{"n": 14, "noise": "sc", "circ": "cnx-lin"}: 0.1.0 1543604060.32   4.04935158745827e-05
{"n": 14, "noise": "sc", "circ": "cnx-lin"}: 0.1.0 1543605010.46   5.1362100058242996e-05
{"n": 14, "noise": "sc", "circ": "cnx-lin"}: 0.1.0 1543605944.44   9.982963323535695e-05
{"n": 14, "noise": "sc", "circ": "cnx-lin"}: 0.1.0 1543606793.06   5.8472594728956165e-05
{"n": 14, "noise": "sc", "circ": "cnx-lin"}: 0.1.0 1543607676.68   1.750778615852704e-05
{"n": 14, "noise": "sc", "circ": "cnx-lin"}: 0.1.0 1543608560.11   5.045082636482911e-05
{"n": 14, "noise": "sc", "circ": "cnx-lin"}: 0.1.0 1543609419.37   3.7676119870563186e-05
{"n": 14, "noise": "sc", "circ": "cnx-lin"}: 0.1.0 1543610279.98   3.362803366500059e-05
{"n": 14, "noise": "sc", "circ": "cnx-lin"}: 0.1.0 1543611210.19   2.5568182002800282e-05
{"n": 14, "noise": "sc", "circ": "cnx-lin"}: 0.1.0 1543612110.17   2.8778044218481522e-05
{"n": 14, "noise": "sc", "circ": "cnx-lin"}: 0.1.0 1543612972.14   4.006810910782307e-05
{"n": 14, "noise": "sc", "circ": "cnx-lin"}: 0.1.0 1543613863.34   3.284631992329896e-05
{"n": 14, "noise": "sc", "circ": "cnx-lin"}: 0.1.0 1543614800.61   1.0395953484240376e-05
