=====
{"n": 14, "noise": "sc-better-t1-and-gates", "circ": "cnx-btb"}: 0.1.0 1543473555.02   0.9999972839563235
{"n": 14, "noise": "sc-better-t1-and-gates", "circ": "cnx-btb"}: 0.1.0 1543474855.04   0.9999974212776488
{"n": 14, "noise": "sc-better-t1-and-gates", "circ": "cnx-btb"}: 0.1.0 1543476131.28   0.9999972940356194
{"n": 14, "noise": "sc-better-t1-and-gates", "circ": "cnx-btb"}: 0.1.0 1543477380.64   0.9999972455507722
{"n": 14, "noise": "sc-better-t1-and-gates", "circ": "cnx-btb"}: 0.1.0 1543478658.66   0.9999973752085922
{"n": 14, "noise": "sc-better-t1-and-gates", "circ": "cnx-btb"}: 0.1.0 1543479930.55   0.9999972861887318
{"n": 14, "noise": "sc-better-t1-and-gates", "circ": "cnx-btb"}: 0.1.0 1543481198.43   0.9999972549729836
{"n": 14, "noise": "sc-better-t1-and-gates", "circ": "cnx-btb"}: 0.1.0 1543482462.71   0.9999972904019377
{"n": 14, "noise": "sc-better-t1-and-gates", "circ": "cnx-btb"}: 0.1.0 1543483726.93   0.9999972887836073
{"n": 14, "noise": "sc-better-t1-and-gates", "circ": "cnx-btb"}: 0.1.0 1543485014.89   0.9999975491088802
{"n": 14, "noise": "sc-better-t1-and-gates", "circ": "cnx-btb"}: 0.1.0 1543486294.12   0.9999971917957837
{"n": 14, "noise": "sc-better-t1-and-gates", "circ": "cnx-btb"}: 0.1.0 1543487588.86   0.9999973297171239
{"n": 14, "noise": "sc-better-t1-and-gates", "circ": "cnx-btb"}: 0.1.0 1543488863.03   0.9999973567870399
{"n": 14, "noise": "sc-better-t1-and-gates", "circ": "cnx-btb"}: 0.1.0 1543490145.06   0.9999973802972866
{"n": 14, "noise": "sc-better-t1-and-gates", "circ": "cnx-btb"}: 0.1.0 1543491426.83   0.9999973043526026
{"n": 14, "noise": "sc-better-t1-and-gates", "circ": "cnx-btb"}: 0.1.0 1543492711.69   0.9999972204146796
{"n": 14, "noise": "sc-better-t1-and-gates", "circ": "cnx-btb"}: 0.1.0 1543494001.20   0.9999972936704516
{"n": 14, "noise": "sc-better-t1-and-gates", "circ": "cnx-btb"}: 0.1.0 1543495285.96   0.9999971832995805
{"n": 14, "noise": "sc-better-t1-and-gates", "circ": "cnx-btb"}: 0.1.0 1543496570.17   0.9999973173289225
{"n": 14, "noise": "sc-better-t1-and-gates", "circ": "cnx-btb"}: 0.1.0 1543497860.77   0.9999972682724922
{"n": 14, "noise": "sc-better-t1-and-gates", "circ": "cnx-btb"}: 0.1.0 1543499147.85   0.9999972939687801
{"n": 14, "noise": "sc-better-t1-and-gates", "circ": "cnx-btb"}: 0.1.0 1543500419.82   0.999997448305612
{"n": 14, "noise": "sc-better-t1-and-gates", "circ": "cnx-btb"}: 0.1.0 1543501692.26   0.0001031213044802664
{"n": 14, "noise": "sc-better-t1-and-gates", "circ": "cnx-btb"}: 0.1.0 1543502971.66   0.9999973029949615
{"n": 14, "noise": "sc-better-t1-and-gates", "circ": "cnx-btb"}: 0.1.0 1543504232.81   0.999997338309207
{"n": 14, "noise": "sc-better-t1-and-gates", "circ": "cnx-btb"}: 0.1.0 1543505515.42   0.9999972422576181
{"n": 14, "noise": "sc-better-t1-and-gates", "circ": "cnx-btb"}: 0.1.0 1543506807.82   0.9999972782528074
{"n": 14, "noise": "sc-better-t1-and-gates", "circ": "cnx-btb"}: 0.1.0 1543508119.89   2.2012252631059947e-05
{"n": 14, "noise": "sc-better-t1-and-gates", "circ": "cnx-btb"}: 0.1.0 1543509423.45   0.9999972927690155
{"n": 14, "noise": "sc-better-t1-and-gates", "circ": "cnx-btb"}: 0.1.0 1543510730.31   0.999997377136448
{"n": 14, "noise": "sc-better-t1-and-gates", "circ": "cnx-btb"}: 0.1.0 1543512043.29   0.9999972979831941
{"n": 14, "noise": "sc-better-t1-and-gates", "circ": "cnx-btb"}: 0.1.0 1543513355.85   0.999997382928448
{"n": 14, "noise": "sc-better-t1-and-gates", "circ": "cnx-btb"}: 0.1.0 1543514654.81   0.9999972906329795
{"n": 14, "noise": "sc-better-t1-and-gates", "circ": "cnx-btb"}: 0.1.0 1543515946.77   0.9999972534485851
{"n": 14, "noise": "sc-better-t1-and-gates", "circ": "cnx-btb"}: 0.1.0 1543517248.18   0.9999974280301487
{"n": 14, "noise": "sc-better-t1-and-gates", "circ": "cnx-btb"}: 0.1.0 1543518559.28   0.9999972870383347
{"n": 14, "noise": "sc-better-t1-and-gates", "circ": "cnx-btb"}: 0.1.0 1543519857.31   0.9999974191190032
{"n": 14, "noise": "sc-better-t1-and-gates", "circ": "cnx-btb"}: 0.1.0 1543521163.12   0.9999974855577131
{"n": 14, "noise": "sc-better-t1-and-gates", "circ": "cnx-btb"}: 0.1.0 1543522447.55   0.9999972329753365
{"n": 14, "noise": "sc-better-t1-and-gates", "circ": "cnx-btb"}: 0.1.0 1543523746.30   0.9999973138134177
=====
{"n": 14, "noise": "sc-better-t1-and-gates", "circ": "cnx-lin"}: 0.1.0 1543525682.31   0.9983929429565044
{"n": 14, "noise": "sc-better-t1-and-gates", "circ": "cnx-lin"}: 0.1.0 1543526487.66   2.9605103344642233e-05
{"n": 14, "noise": "sc-better-t1-and-gates", "circ": "cnx-lin"}: 0.1.0 1543527242.96   7.6908668923425e-05
{"n": 14, "noise": "sc-better-t1-and-gates", "circ": "cnx-lin"}: 0.1.0 1543527972.09   0.00013646202332485757
{"n": 14, "noise": "sc-better-t1-and-gates", "circ": "cnx-lin"}: 0.1.0 1543528698.69   0.00020035140599751705
{"n": 14, "noise": "sc-better-t1-and-gates", "circ": "cnx-lin"}: 0.1.0 1543529487.26   2.1426516154591035e-07
{"n": 14, "noise": "sc-better-t1-and-gates", "circ": "cnx-lin"}: 0.1.0 1543530259.84   8.119389485308059e-05
{"n": 14, "noise": "sc-better-t1-and-gates", "circ": "cnx-lin"}: 0.1.0 1543530999.23   1.6630413927396656e-05
{"n": 14, "noise": "sc-better-t1-and-gates", "circ": "cnx-lin"}: 0.1.0 1543531802.52   6.956687866013935e-05
{"n": 14, "noise": "sc-better-t1-and-gates", "circ": "cnx-lin"}: 0.1.0 1543532631.99   9.987344673812396e-05
{"n": 14, "noise": "sc-better-t1-and-gates", "circ": "cnx-lin"}: 0.1.0 1543533453.14   0.9984376748428204
{"n": 14, "noise": "sc-better-t1-and-gates", "circ": "cnx-lin"}: 0.1.0 1543534368.20   0.00021526321456484684
{"n": 14, "noise": "sc-better-t1-and-gates", "circ": "cnx-lin"}: 0.1.0 1543535234.57   5.208282927616153e-05
{"n": 14, "noise": "sc-better-t1-and-gates", "circ": "cnx-lin"}: 0.1.0 1543536088.33   0.00023508638119065596
{"n": 14, "noise": "sc-better-t1-and-gates", "circ": "cnx-lin"}: 0.1.0 1543536939.25   3.843425647811547e-05
{"n": 14, "noise": "sc-better-t1-and-gates", "circ": "cnx-lin"}: 0.1.0 1543537765.35   3.120955410078116e-05
{"n": 14, "noise": "sc-better-t1-and-gates", "circ": "cnx-lin"}: 0.1.0 1543538603.31   0.9984193528845169
=====
{"n": 14, "noise": "sc-better-t1-and-gates", "circ": "cnx-btb"}: 0.1.0 1543540202.76   0.999997183631205
{"n": 14, "noise": "sc-better-t1-and-gates", "circ": "cnx-btb"}: 0.1.0 1543541492.72   0.9999972921867445
{"n": 14, "noise": "sc-better-t1-and-gates", "circ": "cnx-btb"}: 0.1.0 1543542789.01   0.9999971746157263
{"n": 14, "noise": "sc-better-t1-and-gates", "circ": "cnx-btb"}: 0.1.0 1543544091.22   0.9999973353719245
{"n": 14, "noise": "sc-better-t1-and-gates", "circ": "cnx-btb"}: 0.1.0 1543545387.81   0.9999972908558025
{"n": 14, "noise": "sc-better-t1-and-gates", "circ": "cnx-btb"}: 0.1.0 1543546674.91   0.9999971847451027
=====
{"n": 14, "noise": "sc-better-gates", "circ": "cnx-btb"}: 0.1.0 1543548896.54   0.9997311248403375
{"n": 14, "noise": "sc-better-gates", "circ": "cnx-btb"}: 0.1.0 1543550213.10   0.999730540780264
{"n": 14, "noise": "sc-better-gates", "circ": "cnx-btb"}: 0.1.0 1543551537.30   0.9997299479425342
{"n": 14, "noise": "sc-better-gates", "circ": "cnx-btb"}: 0.1.0 1543552847.58   0.9997281748422278
{"n": 14, "noise": "sc-better-gates", "circ": "cnx-btb"}: 0.1.0 1543554168.10   0.9997326782854054
{"n": 14, "noise": "sc-better-gates", "circ": "cnx-btb"}: 0.1.0 1543555482.38   0.9997344954070457
{"n": 14, "noise": "sc-better-gates", "circ": "cnx-btb"}: 0.1.0 1543556771.39   6.413911311477208e-05
{"n": 14, "noise": "sc-better-gates", "circ": "cnx-btb"}: 0.1.0 1543558078.52   0.9997360008702355
{"n": 14, "noise": "sc-better-gates", "circ": "cnx-btb"}: 0.1.0 1543559370.25   2.4417659450357294e-05
{"n": 14, "noise": "sc-better-gates", "circ": "cnx-btb"}: 0.1.0 1543560659.28   0.9997349408772784
{"n": 14, "noise": "sc-better-gates", "circ": "cnx-btb"}: 0.1.0 1543561946.99   0.0036582677750715054
{"n": 14, "noise": "sc-better-gates", "circ": "cnx-btb"}: 0.1.0 1543563213.60   0.9997378316899299
{"n": 14, "noise": "sc-better-gates", "circ": "cnx-btb"}: 0.1.0 1543564485.35   0.9997397254433615
{"n": 14, "noise": "sc-better-gates", "circ": "cnx-btb"}: 0.1.0 1543565740.51   0.9997293035060241
{"n": 14, "noise": "sc-better-gates", "circ": "cnx-btb"}: 0.1.0 1543567013.59   0.9997305221028134
{"n": 14, "noise": "sc-better-gates", "circ": "cnx-btb"}: 0.1.0 1543568290.00   0.9997387006162056
{"n": 14, "noise": "sc-better-gates", "circ": "cnx-btb"}: 0.1.0 1543569569.80   2.6292423054379e-05
{"n": 14, "noise": "sc-better-gates", "circ": "cnx-btb"}: 0.1.0 1543570845.42   0.9997361825331282
{"n": 14, "noise": "sc-better-gates", "circ": "cnx-btb"}: 0.1.0 1543572138.37   0.9997348145303478
{"n": 14, "noise": "sc-better-gates", "circ": "cnx-btb"}: 0.1.0 1543573430.89   0.9997374748961694
{"n": 14, "noise": "sc-better-gates", "circ": "cnx-btb"}: 0.1.0 1543574710.30   0.9997360430240598
{"n": 14, "noise": "sc-better-gates", "circ": "cnx-btb"}: 0.1.0 1543575991.10   2.0895208091878282e-05
{"n": 14, "noise": "sc-better-gates", "circ": "cnx-btb"}: 0.1.0 1543577256.56   0.9997363511610027
{"n": 14, "noise": "sc-better-gates", "circ": "cnx-btb"}: 0.1.0 1543578520.39   2.988186212569682e-05
{"n": 14, "noise": "sc-better-gates", "circ": "cnx-btb"}: 0.1.0 1543579797.32   0.9997338252989448
{"n": 14, "noise": "sc-better-gates", "circ": "cnx-btb"}: 0.1.0 1543581090.23   5.99526723420232e-05
{"n": 14, "noise": "sc-better-gates", "circ": "cnx-btb"}: 0.1.0 1543582373.54   0.9997384008708069
{"n": 14, "noise": "sc-better-gates", "circ": "cnx-btb"}: 0.1.0 1543583669.33   0.9997396014415704
{"n": 14, "noise": "sc-better-gates", "circ": "cnx-btb"}: 0.1.0 1543584963.58   0.9997373399177428
{"n": 14, "noise": "sc-better-gates", "circ": "cnx-btb"}: 0.1.0 1543586253.73   0.9997343569682228
{"n": 14, "noise": "sc-better-gates", "circ": "cnx-btb"}: 0.1.0 1543587563.41   0.9997383542390731
{"n": 14, "noise": "sc-better-gates", "circ": "cnx-btb"}: 0.1.0 1543588857.45   1.4663352796412257e-12
{"n": 14, "noise": "sc-better-gates", "circ": "cnx-btb"}: 0.1.0 1543590161.45   0.9997316202642901
{"n": 14, "noise": "sc-better-gates", "circ": "cnx-btb"}: 0.1.0 1543591450.27   0.9997312310428339
{"n": 14, "noise": "sc-better-gates", "circ": "cnx-btb"}: 0.1.0 1543592750.04   0.9997336113991464
{"n": 14, "noise": "sc-better-gates", "circ": "cnx-btb"}: 0.1.0 1543594057.15   0.9997379271751797
{"n": 14, "noise": "sc-better-gates", "circ": "cnx-btb"}: 0.1.0 1543595316.82   7.544253733643698e-05
{"n": 14, "noise": "sc-better-gates", "circ": "cnx-btb"}: 0.1.0 1543596583.45   0.9997305935139087
{"n": 14, "noise": "sc-better-gates", "circ": "cnx-btb"}: 0.1.0 1543597886.69   0.9997312630711997
{"n": 14, "noise": "sc-better-gates", "circ": "cnx-btb"}: 0.1.0 1543599193.85   0.9997350299662069
{"n": 14, "noise": "sc-better-gates", "circ": "cnx-btb"}: 0.1.0 1543600475.08   0.9997309352556812
{"n": 14, "noise": "sc-better-gates", "circ": "cnx-btb"}: 0.1.0 1543601756.99   0.9997339921346542
{"n": 14, "noise": "sc-better-gates", "circ": "cnx-btb"}: 0.1.0 1543603058.50   0.9997382011812997
{"n": 14, "noise": "sc-better-gates", "circ": "cnx-btb"}: 0.1.0 1543604359.80   0.999737344776753
{"n": 14, "noise": "sc-better-gates", "circ": "cnx-btb"}: 0.1.0 1543605659.41   0.9997344316537883
{"n": 14, "noise": "sc-better-gates", "circ": "cnx-btb"}: 0.1.0 1543606955.59   0.9997341587492319
{"n": 14, "noise": "sc-better-gates", "circ": "cnx-btb"}: 0.1.0 1543608263.43   0.9997366048206038
{"n": 14, "noise": "sc-better-gates", "circ": "cnx-btb"}: 0.1.0 1543609567.78   0.9997381076804243
{"n": 14, "noise": "sc-better-gates", "circ": "cnx-btb"}: 0.1.0 1543610861.34   0.9997309953769544
{"n": 14, "noise": "sc-better-gates", "circ": "cnx-btb"}: 0.1.0 1543612166.39   0.9997373818349578
{"n": 14, "noise": "sc-better-gates", "circ": "cnx-btb"}: 0.1.0 1543613466.98   0.9997304517725235
{"n": 14, "noise": "sc-better-gates", "circ": "cnx-btb"}: 0.1.0 1543614767.46   0.9997362879663251
