=====
{"n": 14, "noise": "sc-better-t1", "circ": "cnx-lin-borrowed-1"}: 0.1.0 1543539117.88   0.00011894878873152573
{"n": 14, "noise": "sc-better-t1", "circ": "cnx-lin-borrowed-1"}: 0.1.0 1543539301.32   0.9998494427961054
{"n": 14, "noise": "sc-better-t1", "circ": "cnx-lin-borrowed-1"}: 0.1.0 1543539487.36   0.9998512650206799
{"n": 14, "noise": "sc-better-t1", "circ": "cnx-lin-borrowed-1"}: 0.1.0 1543539657.46   2.697305229493363e-05
{"n": 14, "noise": "sc-better-t1", "circ": "cnx-lin-borrowed-1"}: 0.1.0 1543539850.09   0.9998508889848832
{"n": 14, "noise": "sc-better-t1", "circ": "cnx-lin-borrowed-1"}: 0.1.0 1543540034.52   0.9998496391239334
{"n": 14, "noise": "sc-better-t1", "circ": "cnx-lin-borrowed-1"}: 0.1.0 1543540201.61   0.9998506520891017
{"n": 14, "noise": "sc-better-t1", "circ": "cnx-lin-borrowed-1"}: 0.1.0 1543540379.60   2.4986847744109274e-05
{"n": 14, "noise": "sc-better-t1", "circ": "cnx-lin-borrowed-1"}: 0.1.0 1543540569.76   0.9998500327912749
{"n": 14, "noise": "sc-better-t1", "circ": "cnx-lin-borrowed-1"}: 0.1.0 1543540754.86   0.9998493159190638
{"n": 14, "noise": "sc-better-t1", "circ": "cnx-lin-borrowed-1"}: 0.1.0 1543540940.34   0.9998511539735138
{"n": 14, "noise": "sc-better-t1", "circ": "cnx-lin-borrowed-1"}: 0.1.0 1543541118.80   6.79495535062532e-05
{"n": 14, "noise": "sc-better-t1", "circ": "cnx-lin-borrowed-1"}: 0.1.0 1543541307.02   0.9998486854820089
{"n": 14, "noise": "sc-better-t1", "circ": "cnx-lin-borrowed-1"}: 0.1.0 1543541480.25   5.117114339476635e-06
{"n": 14, "noise": "sc-better-t1", "circ": "cnx-lin-borrowed-1"}: 0.1.0 1543541647.61   0.9998503007139677
{"n": 14, "noise": "sc-better-t1", "circ": "cnx-lin-borrowed-1"}: 0.1.0 1543541835.01   8.101990954850818e-05
{"n": 14, "noise": "sc-better-t1", "circ": "cnx-lin-borrowed-1"}: 0.1.0 1543542021.32   0.999853359578698
{"n": 14, "noise": "sc-better-t1", "circ": "cnx-lin-borrowed-1"}: 0.1.0 1543542201.35   5.527394246239928e-05
{"n": 14, "noise": "sc-better-t1", "circ": "cnx-lin-borrowed-1"}: 0.1.0 1543542382.75   2.313770112802682e-05
{"n": 14, "noise": "sc-better-t1", "circ": "cnx-lin-borrowed-1"}: 0.1.0 1543542566.20   6.455326350391608e-05
{"n": 14, "noise": "sc-better-t1", "circ": "cnx-lin-borrowed-1"}: 0.1.0 1543542733.35   0.00010041832948322079
{"n": 14, "noise": "sc-better-t1", "circ": "cnx-lin-borrowed-1"}: 0.1.0 1543542918.19   0.9998516995855419
{"n": 14, "noise": "sc-better-t1", "circ": "cnx-lin-borrowed-1"}: 0.1.0 1543543101.44   0.9998517874688329
{"n": 14, "noise": "sc-better-t1", "circ": "cnx-lin-borrowed-1"}: 0.1.0 1543543284.80   0.9998527219906084
{"n": 14, "noise": "sc-better-t1", "circ": "cnx-lin-borrowed-1"}: 0.1.0 1543543460.83   0.9998510345811716
{"n": 14, "noise": "sc-better-t1", "circ": "cnx-lin-borrowed-1"}: 0.1.0 1543543653.84   9.454787101302114e-06
{"n": 14, "noise": "sc-better-t1", "circ": "cnx-lin-borrowed-1"}: 0.1.0 1543543841.89   0.9998500213480821
{"n": 14, "noise": "sc-better-t1", "circ": "cnx-lin-borrowed-1"}: 0.1.0 1543544029.52   0.9998512855894623
{"n": 14, "noise": "sc-better-t1", "circ": "cnx-lin-borrowed-1"}: 0.1.0 1543544221.15   0.9998490702460889
{"n": 14, "noise": "sc-better-t1", "circ": "cnx-lin-borrowed-1"}: 0.1.0 1543544411.31   6.37508923869184e-08
{"n": 14, "noise": "sc-better-t1", "circ": "cnx-lin-borrowed-1"}: 0.1.0 1543544594.01   3.4009776684414655e-06
{"n": 14, "noise": "sc-better-t1", "circ": "cnx-lin-borrowed-1"}: 0.1.0 1543544777.86   2.168251204049048e-06
{"n": 14, "noise": "sc-better-t1", "circ": "cnx-lin-borrowed-1"}: 0.1.0 1543544965.49   9.792395886357852e-05
{"n": 14, "noise": "sc-better-t1", "circ": "cnx-lin-borrowed-1"}: 0.1.0 1543545152.78   5.081688044083155e-06
{"n": 14, "noise": "sc-better-t1", "circ": "cnx-lin-borrowed-1"}: 0.1.0 1543545348.65   2.7268812997752677e-05
{"n": 14, "noise": "sc-better-t1", "circ": "cnx-lin-borrowed-1"}: 0.1.0 1543545515.76   7.279246820253317e-05
{"n": 14, "noise": "sc-better-t1", "circ": "cnx-lin-borrowed-1"}: 0.1.0 1543545704.74   3.282842764311357e-05
{"n": 14, "noise": "sc-better-t1", "circ": "cnx-lin-borrowed-1"}: 0.1.0 1543545893.20   3.0904376994627567e-06
{"n": 14, "noise": "sc-better-t1", "circ": "cnx-lin-borrowed-1"}: 0.1.0 1543546068.25   0.999851679943836
{"n": 14, "noise": "sc-better-t1", "circ": "cnx-lin-borrowed-1"}: 0.1.0 1543546253.68   0.9998521439202659
{"n": 14, "noise": "sc-better-t1", "circ": "cnx-lin-borrowed-1"}: 0.1.0 1543546444.56   0.9998506153208224
{"n": 14, "noise": "sc-better-t1", "circ": "cnx-lin-borrowed-1"}: 0.1.0 1543546621.38   2.27760344985524e-05
{"n": 14, "noise": "sc-better-t1", "circ": "cnx-lin-borrowed-1"}: 0.1.0 1543546805.70   1.8212784243632167e-06
{"n": 14, "noise": "sc-better-t1", "circ": "cnx-lin-borrowed-1"}: 0.1.0 1543546983.45   1.9115693135823568e-05
{"n": 14, "noise": "sc-better-t1", "circ": "cnx-lin-borrowed-1"}: 0.1.0 1543547159.93   2.3260606574967617e-05
{"n": 14, "noise": "sc-better-t1", "circ": "cnx-lin-borrowed-1"}: 0.1.0 1543547344.14   0.9998526562064232
{"n": 14, "noise": "sc-better-t1", "circ": "cnx-lin-borrowed-1"}: 0.1.0 1543547533.43   5.775536231262812e-06
=====
{"n": 14, "noise": "sc-better-gates", "circ": "cnx-lin"}: 0.1.0 1543548418.31   3.085594964093897e-05
{"n": 14, "noise": "sc-better-gates", "circ": "cnx-lin"}: 0.1.0 1543549170.93   1.225705344820342e-05
{"n": 14, "noise": "sc-better-gates", "circ": "cnx-lin"}: 0.1.0 1543550057.24   0.00011476065532412868
{"n": 14, "noise": "sc-better-gates", "circ": "cnx-lin"}: 0.1.0 1543550963.70   2.6359572367457503e-05
{"n": 14, "noise": "sc-better-gates", "circ": "cnx-lin"}: 0.1.0 1543551800.28   8.88228429163582e-05
{"n": 14, "noise": "sc-better-gates", "circ": "cnx-lin"}: 0.1.0 1543552620.18   5.8184312444387444e-05
{"n": 14, "noise": "sc-better-gates", "circ": "cnx-lin"}: 0.1.0 1543553486.97   4.8592154911197055e-05
{"n": 14, "noise": "sc-better-gates", "circ": "cnx-lin"}: 0.1.0 1543554290.37   2.1833768236412103e-05
{"n": 14, "noise": "sc-better-gates", "circ": "cnx-lin"}: 0.1.0 1543555181.39   4.498750236525165e-05
{"n": 14, "noise": "sc-better-gates", "circ": "cnx-lin"}: 0.1.0 1543556077.87   0.00011627255867543256
{"n": 14, "noise": "sc-better-gates", "circ": "cnx-lin"}: 0.1.0 1543556973.79   9.775388982443044e-05
{"n": 14, "noise": "sc-better-gates", "circ": "cnx-lin"}: 0.1.0 1543557854.90   3.0264129619830145e-05
{"n": 14, "noise": "sc-better-gates", "circ": "cnx-lin"}: 0.1.0 1543558720.04   3.128296531837022e-05
{"n": 14, "noise": "sc-better-gates", "circ": "cnx-lin"}: 0.1.0 1543559604.48   0.00016362137624401391
{"n": 14, "noise": "sc-better-gates", "circ": "cnx-lin"}: 0.1.0 1543560487.67   5.8656774220065136e-05
{"n": 14, "noise": "sc-better-gates", "circ": "cnx-lin"}: 0.1.0 1543561347.18   0.00021207567497987794
{"n": 14, "noise": "sc-better-gates", "circ": "cnx-lin"}: 0.1.0 1543562249.93   2.5354608579799624e-05
{"n": 14, "noise": "sc-better-gates", "circ": "cnx-lin"}: 0.1.0 1543563082.95   7.389544169439942e-05
{"n": 14, "noise": "sc-better-gates", "circ": "cnx-lin"}: 0.1.0 1543564002.75   2.01061553732825e-05
{"n": 14, "noise": "sc-better-gates", "circ": "cnx-lin"}: 0.1.0 1543564865.68   3.5760644929077275e-05
{"n": 14, "noise": "sc-better-gates", "circ": "cnx-lin"}: 0.1.0 1543565798.58   8.118261674445639e-06
{"n": 14, "noise": "sc-better-gates", "circ": "cnx-lin"}: 0.1.0 1543566753.45   5.182179123128625e-07
{"n": 14, "noise": "sc-better-gates", "circ": "cnx-lin"}: 0.1.0 1543567570.69   2.3938006995891838e-06
{"n": 14, "noise": "sc-better-gates", "circ": "cnx-lin"}: 0.1.0 1543568492.77   0.00014252605842598386
{"n": 14, "noise": "sc-better-gates", "circ": "cnx-lin"}: 0.1.0 1543569425.99   5.7715366882390515e-05
{"n": 14, "noise": "sc-better-gates", "circ": "cnx-lin"}: 0.1.0 1543570350.43   1.8998216362189534e-05
{"n": 14, "noise": "sc-better-gates", "circ": "cnx-lin"}: 0.1.0 1543571274.65   3.7718049640776726e-05
{"n": 14, "noise": "sc-better-gates", "circ": "cnx-lin"}: 0.1.0 1543572211.68   1.2543052768941895e-06
{"n": 14, "noise": "sc-better-gates", "circ": "cnx-lin"}: 0.1.0 1543573140.40   0.00020328982275283477
{"n": 14, "noise": "sc-better-gates", "circ": "cnx-lin"}: 0.1.0 1543573998.20   7.254306722377546e-05
{"n": 14, "noise": "sc-better-gates", "circ": "cnx-lin"}: 0.1.0 1543574886.16   3.204376510910015e-05
{"n": 14, "noise": "sc-better-gates", "circ": "cnx-lin"}: 0.1.0 1543575859.86   5.7366597855424495e-05
{"n": 14, "noise": "sc-better-gates", "circ": "cnx-lin"}: 0.1.0 1543576734.97   1.3004130759435707e-05
{"n": 14, "noise": "sc-better-gates", "circ": "cnx-lin"}: 0.1.0 1543577682.61   0.0001348989156575191
{"n": 14, "noise": "sc-better-gates", "circ": "cnx-lin"}: 0.1.0 1543578604.81   9.213096698073344e-05
{"n": 14, "noise": "sc-better-gates", "circ": "cnx-lin"}: 0.1.0 1543579509.30   2.9470973163599727e-05
{"n": 14, "noise": "sc-better-gates", "circ": "cnx-lin"}: 0.1.0 1543580382.77   4.072930115030768e-05
{"n": 14, "noise": "sc-better-gates", "circ": "cnx-lin"}: 0.1.0 1543581299.66   9.31588346900986e-05
{"n": 14, "noise": "sc-better-gates", "circ": "cnx-lin"}: 0.1.0 1543582237.25   7.980262992912332e-06
{"n": 14, "noise": "sc-better-gates", "circ": "cnx-lin"}: 0.1.0 1543583073.27   5.111274919187585e-05
{"n": 14, "noise": "sc-better-gates", "circ": "cnx-lin"}: 0.1.0 1543583952.11   0.00010078922155470008
{"n": 14, "noise": "sc-better-gates", "circ": "cnx-lin"}: 0.1.0 1543584862.91   0.0001699395953014082
{"n": 14, "noise": "sc-better-gates", "circ": "cnx-lin"}: 0.1.0 1543585735.90   6.269727198679589e-05
{"n": 14, "noise": "sc-better-gates", "circ": "cnx-lin"}: 0.1.0 1543586615.45   4.297937307248577e-05
{"n": 14, "noise": "sc-better-gates", "circ": "cnx-lin"}: 0.1.0 1543587509.53   3.594322484960156e-05
{"n": 14, "noise": "sc-better-gates", "circ": "cnx-lin"}: 0.1.0 1543588439.38   4.775671647196325e-05
{"n": 14, "noise": "sc-better-gates", "circ": "cnx-lin"}: 0.1.0 1543589380.77   0.00010120130206221969
{"n": 14, "noise": "sc-better-gates", "circ": "cnx-lin"}: 0.1.0 1543590316.59   3.222361296709969e-05
{"n": 14, "noise": "sc-better-gates", "circ": "cnx-lin"}: 0.1.0 1543591272.04   4.670530052072299e-05
{"n": 14, "noise": "sc-better-gates", "circ": "cnx-lin"}: 0.1.0 1543592159.69   1.5736778238249855e-06
{"n": 14, "noise": "sc-better-gates", "circ": "cnx-lin"}: 0.1.0 1543593057.96   4.848128921862128e-05
{"n": 14, "noise": "sc-better-gates", "circ": "cnx-lin"}: 0.1.0 1543593964.16   6.836198001930725e-05
{"n": 14, "noise": "sc-better-gates", "circ": "cnx-lin"}: 0.1.0 1543594919.98   5.644971220925431e-06
{"n": 14, "noise": "sc-better-gates", "circ": "cnx-lin"}: 0.1.0 1543595796.91   0.0001443241661191669
{"n": 14, "noise": "sc-better-gates", "circ": "cnx-lin"}: 0.1.0 1543596693.92   0.00011771891475326395
{"n": 14, "noise": "sc-better-gates", "circ": "cnx-lin"}: 0.1.0 1543597628.09   2.6109452320112465e-06
{"n": 14, "noise": "sc-better-gates", "circ": "cnx-lin"}: 0.1.0 1543598560.23   1.6889735583542394e-05
{"n": 14, "noise": "sc-better-gates", "circ": "cnx-lin"}: 0.1.0 1543599498.84   6.744097054547392e-05
{"n": 14, "noise": "sc-better-gates", "circ": "cnx-lin"}: 0.1.0 1543600416.54   3.306665929545039e-05
{"n": 14, "noise": "sc-better-gates", "circ": "cnx-lin"}: 0.1.0 1543601305.18   7.394987760829018e-05
{"n": 14, "noise": "sc-better-gates", "circ": "cnx-lin"}: 0.1.0 1543602169.97   0.00012806130860746468
{"n": 14, "noise": "sc-better-gates", "circ": "cnx-lin"}: 0.1.0 1543603126.02   2.0843413375741532e-05
{"n": 14, "noise": "sc-better-gates", "circ": "cnx-lin"}: 0.1.0 1543603987.31   7.571287798391864e-05
{"n": 14, "noise": "sc-better-gates", "circ": "cnx-lin"}: 0.1.0 1543604862.60   0.00012264370684358564
{"n": 14, "noise": "sc-better-gates", "circ": "cnx-lin"}: 0.1.0 1543605782.12   2.1214530902724876e-05
{"n": 14, "noise": "sc-better-gates", "circ": "cnx-lin"}: 0.1.0 1543606703.56   1.4150225511424549e-05
{"n": 14, "noise": "sc-better-gates", "circ": "cnx-lin"}: 0.1.0 1543607547.96   8.252816844200873e-05
{"n": 14, "noise": "sc-better-gates", "circ": "cnx-lin"}: 0.1.0 1543608394.75   3.3701992488428554e-05
{"n": 14, "noise": "sc-better-gates", "circ": "cnx-lin"}: 0.1.0 1543609268.34   6.550984874960937e-05
{"n": 14, "noise": "sc-better-gates", "circ": "cnx-lin"}: 0.1.0 1543610172.15   0.00014557195258899853
{"n": 14, "noise": "sc-better-gates", "circ": "cnx-lin"}: 0.1.0 1543611048.86   1.5360853588878507e-05
{"n": 14, "noise": "sc-better-gates", "circ": "cnx-lin"}: 0.1.0 1543611956.11   1.239169289058654e-05
{"n": 14, "noise": "sc-better-gates", "circ": "cnx-lin"}: 0.1.0 1543612822.38   2.3246108583433597e-05
{"n": 14, "noise": "sc-better-gates", "circ": "cnx-lin"}: 0.1.0 1543613686.71   4.733500976976994e-05
{"n": 14, "noise": "sc-better-gates", "circ": "cnx-lin"}: 0.1.0 1543614604.47   2.1643906719155764e-05
