=====
{"n": 14, "noise": "sc-better-gates", "circ": "cnx-lin"}: 0.1.0 1543473120.60   1.7289002727320567e-05
{"n": 14, "noise": "sc-better-gates", "circ": "cnx-lin"}: 0.1.0 1543473981.02   9.646698394732251e-08
{"n": 14, "noise": "sc-better-gates", "circ": "cnx-lin"}: 0.1.0 1543474839.37   9.838765860866505e-05
{"n": 14, "noise": "sc-better-gates", "circ": "cnx-lin"}: 0.1.0 1543475699.53   4.404981364795986e-05
{"n": 14, "noise": "sc-better-gates", "circ": "cnx-lin"}: 0.1.0 1543476566.97   1.737247110312379e-05
{"n": 14, "noise": "sc-better-gates", "circ": "cnx-lin"}: 0.1.0 1543477388.87   0.00012306870776791851
{"n": 14, "noise": "sc-better-gates", "circ": "cnx-lin"}: 0.1.0 1543478230.53   5.12051222648132e-05
{"n": 14, "noise": "sc-better-gates", "circ": "cnx-lin"}: 0.1.0 1543479058.87   0.00011356828882237355
{"n": 14, "noise": "sc-better-gates", "circ": "cnx-lin"}: 0.1.0 1543479933.06   0.00011152175829991696
{"n": 14, "noise": "sc-better-gates", "circ": "cnx-lin"}: 0.1.0 1543480810.94   0.00026458200327338685
{"n": 14, "noise": "sc-better-gates", "circ": "cnx-lin"}: 0.1.0 1543481662.47   6.488144150307912e-05
{"n": 14, "noise": "sc-better-gates", "circ": "cnx-lin"}: 0.1.0 1543482536.44   0.00017183117193223096
{"n": 14, "noise": "sc-better-gates", "circ": "cnx-lin"}: 0.1.0 1543483415.43   0.00019877816915861473
{"n": 14, "noise": "sc-better-gates", "circ": "cnx-lin"}: 0.1.0 1543484294.83   9.112618768629836e-05
{"n": 14, "noise": "sc-better-gates", "circ": "cnx-lin"}: 0.1.0 1543485184.58   8.68508071604019e-06
{"n": 14, "noise": "sc-better-gates", "circ": "cnx-lin"}: 0.1.0 1543486112.37   1.3428715216105417e-05
{"n": 14, "noise": "sc-better-gates", "circ": "cnx-lin"}: 0.1.0 1543487007.89   6.324177560422215e-05
{"n": 14, "noise": "sc-better-gates", "circ": "cnx-lin"}: 0.1.0 1543487891.12   1.9067567860511155e-06
{"n": 14, "noise": "sc-better-gates", "circ": "cnx-lin"}: 0.1.0 1543488763.69   8.989723203235567e-06
{"n": 14, "noise": "sc-better-gates", "circ": "cnx-lin"}: 0.1.0 1543489656.52   6.6239120642995e-05
{"n": 14, "noise": "sc-better-gates", "circ": "cnx-lin"}: 0.1.0 1543490624.74   2.283811281642999e-05
{"n": 14, "noise": "sc-better-gates", "circ": "cnx-lin"}: 0.1.0 1543491517.18   0.00028047058772801394
{"n": 14, "noise": "sc-better-gates", "circ": "cnx-lin"}: 0.1.0 1543492428.96   4.3665684608164907e-05
{"n": 14, "noise": "sc-better-gates", "circ": "cnx-lin"}: 0.1.0 1543493353.71   4.468890281506514e-05
{"n": 14, "noise": "sc-better-gates", "circ": "cnx-lin"}: 0.1.0 1543494271.89   9.302225107627288e-06
{"n": 14, "noise": "sc-better-gates", "circ": "cnx-lin"}: 0.1.0 1543495194.73   1.0738784601639443e-06
{"n": 14, "noise": "sc-better-gates", "circ": "cnx-lin"}: 0.1.0 1543496075.81   5.460175675066589e-05
{"n": 14, "noise": "sc-better-gates", "circ": "cnx-lin"}: 0.1.0 1543496958.83   2.6554171595129623e-05
{"n": 14, "noise": "sc-better-gates", "circ": "cnx-lin"}: 0.1.0 1543497841.03   0.00012112139366900666
{"n": 14, "noise": "sc-better-gates", "circ": "cnx-lin"}: 0.1.0 1543498741.42   8.32589862033798e-05
{"n": 14, "noise": "sc-better-gates", "circ": "cnx-lin"}: 0.1.0 1543499659.34   8.521177654820762e-05
{"n": 14, "noise": "sc-better-gates", "circ": "cnx-lin"}: 0.1.0 1543500595.04   6.976143944406731e-05
{"n": 14, "noise": "sc-better-gates", "circ": "cnx-lin"}: 0.1.0 1543501494.54   6.961631298754555e-05
{"n": 14, "noise": "sc-better-gates", "circ": "cnx-lin"}: 0.1.0 1543502380.26   1.699599893699556e-05
{"n": 14, "noise": "sc-better-gates", "circ": "cnx-lin"}: 0.1.0 1543503305.60   6.894648413574506e-05
{"n": 14, "noise": "sc-better-gates", "circ": "cnx-lin"}: 0.1.0 1543504118.16   1.0024339257255399e-05
{"n": 14, "noise": "sc-better-gates", "circ": "cnx-lin"}: 0.1.0 1543504998.07   1.5305458404483582e-05
{"n": 14, "noise": "sc-better-gates", "circ": "cnx-lin"}: 0.1.0 1543505903.42   7.035294234155391e-06
{"n": 14, "noise": "sc-better-gates", "circ": "cnx-lin"}: 0.1.0 1543506816.51   0.00011479453626186686
{"n": 14, "noise": "sc-better-gates", "circ": "cnx-lin"}: 0.1.0 1543507727.89   0.00018848610192060433
{"n": 14, "noise": "sc-better-gates", "circ": "cnx-lin"}: 0.1.0 1543508646.02   2.2991069740299185e-05
{"n": 14, "noise": "sc-better-gates", "circ": "cnx-lin"}: 0.1.0 1543509529.34   7.185471815741114e-05
{"n": 14, "noise": "sc-better-gates", "circ": "cnx-lin"}: 0.1.0 1543510464.16   4.0117930986014526e-05
{"n": 14, "noise": "sc-better-gates", "circ": "cnx-lin"}: 0.1.0 1543511352.74   8.33588083451039e-07
{"n": 14, "noise": "sc-better-gates", "circ": "cnx-lin"}: 0.1.0 1543512287.86   7.609459457715618e-05
{"n": 14, "noise": "sc-better-gates", "circ": "cnx-lin"}: 0.1.0 1543513237.37   4.999410805483237e-06
{"n": 14, "noise": "sc-better-gates", "circ": "cnx-lin"}: 0.1.0 1543514131.95   3.826233149688264e-06
{"n": 14, "noise": "sc-better-gates", "circ": "cnx-lin"}: 0.1.0 1543515100.69   0.00012368445251118726
{"n": 14, "noise": "sc-better-gates", "circ": "cnx-lin"}: 0.1.0 1543516041.60   2.523930292564552e-05
{"n": 14, "noise": "sc-better-gates", "circ": "cnx-lin"}: 0.1.0 1543516983.16   7.3533295423026535e-06
{"n": 14, "noise": "sc-better-gates", "circ": "cnx-lin"}: 0.1.0 1543517830.94   4.2488862133516043e-05
{"n": 14, "noise": "sc-better-gates", "circ": "cnx-lin"}: 0.1.0 1543518721.09   6.932840150073801e-05
{"n": 14, "noise": "sc-better-gates", "circ": "cnx-lin"}: 0.1.0 1543519607.66   2.3342773595678118e-05
{"n": 14, "noise": "sc-better-gates", "circ": "cnx-lin"}: 0.1.0 1543520445.80   4.85787750966921e-05
{"n": 14, "noise": "sc-better-gates", "circ": "cnx-lin"}: 0.1.0 1543521386.24   3.079767949928814e-05
{"n": 14, "noise": "sc-better-gates", "circ": "cnx-lin"}: 0.1.0 1543522210.84   5.933450412665522e-05
{"n": 14, "noise": "sc-better-gates", "circ": "cnx-lin"}: 0.1.0 1543523074.62   2.394212192470843e-05
{"n": 14, "noise": "sc-better-gates", "circ": "cnx-lin"}: 0.1.0 1543523948.04   5.920061209939895e-05
=====
{"n": 14, "noise": "sc-better-gates", "circ": "cnx-lin-borrowed-1"}: 0.1.0 1543525049.81   5.045423663462433e-05
{"n": 14, "noise": "sc-better-gates", "circ": "cnx-lin-borrowed-1"}: 0.1.0 1543525231.85   3.0417789502014214e-05
{"n": 14, "noise": "sc-better-gates", "circ": "cnx-lin-borrowed-1"}: 0.1.0 1543525412.72   1.3689141907361822e-05
{"n": 14, "noise": "sc-better-gates", "circ": "cnx-lin-borrowed-1"}: 0.1.0 1543525591.54   0.9849820517058535
{"n": 14, "noise": "sc-better-gates", "circ": "cnx-lin-borrowed-1"}: 0.1.0 1543525758.19   2.118241796090412e-05
{"n": 14, "noise": "sc-better-gates", "circ": "cnx-lin-borrowed-1"}: 0.1.0 1543525919.64   4.648880740336307e-05
{"n": 14, "noise": "sc-better-gates", "circ": "cnx-lin-borrowed-1"}: 0.1.0 1543526093.21   9.370747685436755e-05
{"n": 14, "noise": "sc-better-gates", "circ": "cnx-lin-borrowed-1"}: 0.1.0 1543526259.62   0.9847884334544561
{"n": 14, "noise": "sc-better-gates", "circ": "cnx-lin-borrowed-1"}: 0.1.0 1543526430.32   0.00010040131357283937
{"n": 14, "noise": "sc-better-gates", "circ": "cnx-lin-borrowed-1"}: 0.1.0 1543526610.43   0.9848944899890744
{"n": 14, "noise": "sc-better-gates", "circ": "cnx-lin-borrowed-1"}: 0.1.0 1543526794.06   0.9849686552758995
{"n": 14, "noise": "sc-better-gates", "circ": "cnx-lin-borrowed-1"}: 0.1.0 1543526969.75   0.9848333698604989
{"n": 14, "noise": "sc-better-gates", "circ": "cnx-lin-borrowed-1"}: 0.1.0 1543527144.20   0.9848977793637443
{"n": 14, "noise": "sc-better-gates", "circ": "cnx-lin-borrowed-1"}: 0.1.0 1543527312.24   2.0366250497298388e-05
{"n": 14, "noise": "sc-better-gates", "circ": "cnx-lin-borrowed-1"}: 0.1.0 1543527484.58   0.9848509127171217
{"n": 14, "noise": "sc-better-gates", "circ": "cnx-lin-borrowed-1"}: 0.1.0 1543527664.56   2.8738541138587246e-05
{"n": 14, "noise": "sc-better-gates", "circ": "cnx-lin-borrowed-1"}: 0.1.0 1543527839.99   0.9847490263969454
{"n": 14, "noise": "sc-better-gates", "circ": "cnx-lin-borrowed-1"}: 0.1.0 1543528023.48   1.6503505159276332e-05
{"n": 14, "noise": "sc-better-gates", "circ": "cnx-lin-borrowed-1"}: 0.1.0 1543528201.14   0.9847981727660476
{"n": 14, "noise": "sc-better-gates", "circ": "cnx-lin-borrowed-1"}: 0.1.0 1543528381.19   0.9848367693807111
{"n": 14, "noise": "sc-better-gates", "circ": "cnx-lin-borrowed-1"}: 0.1.0 1543528552.42   0.9849610218647803
{"n": 14, "noise": "sc-better-gates", "circ": "cnx-lin-borrowed-1"}: 0.1.0 1543528735.03   8.206020592045142e-05
{"n": 14, "noise": "sc-better-gates", "circ": "cnx-lin-borrowed-1"}: 0.1.0 1543528916.88   3.1139457059557065e-06
{"n": 14, "noise": "sc-better-gates", "circ": "cnx-lin-borrowed-1"}: 0.1.0 1543529095.99   0.00013592969640013037
{"n": 14, "noise": "sc-better-gates", "circ": "cnx-lin-borrowed-1"}: 0.1.0 1543529278.38   1.1700537369817679e-05
{"n": 14, "noise": "sc-better-gates", "circ": "cnx-lin-borrowed-1"}: 0.1.0 1543529464.99   8.478597521854136e-05
{"n": 14, "noise": "sc-better-gates", "circ": "cnx-lin-borrowed-1"}: 0.1.0 1543529645.31   8.959358117953273e-06
{"n": 14, "noise": "sc-better-gates", "circ": "cnx-lin-borrowed-1"}: 0.1.0 1543529827.90   1.7761018534011573e-05
{"n": 14, "noise": "sc-better-gates", "circ": "cnx-lin-borrowed-1"}: 0.1.0 1543530009.61   1.7730756631660447e-05
{"n": 14, "noise": "sc-better-gates", "circ": "cnx-lin-borrowed-1"}: 0.1.0 1543530195.62   0.9847836309645971
{"n": 14, "noise": "sc-better-gates", "circ": "cnx-lin-borrowed-1"}: 0.1.0 1543530386.15   3.81742881732422e-05
{"n": 14, "noise": "sc-better-gates", "circ": "cnx-lin-borrowed-1"}: 0.1.0 1543530559.70   2.003964497144312e-05
{"n": 14, "noise": "sc-better-gates", "circ": "cnx-lin-borrowed-1"}: 0.1.0 1543530734.85   6.038142076017689e-06
{"n": 14, "noise": "sc-better-gates", "circ": "cnx-lin-borrowed-1"}: 0.1.0 1543530915.64   0.00023927451440226694
{"n": 14, "noise": "sc-better-gates", "circ": "cnx-lin-borrowed-1"}: 0.1.0 1543531092.44   0.00017745278002065834
{"n": 14, "noise": "sc-better-gates", "circ": "cnx-lin-borrowed-1"}: 0.1.0 1543531271.07   2.501849054705456e-07
{"n": 14, "noise": "sc-better-gates", "circ": "cnx-lin-borrowed-1"}: 0.1.0 1543531444.13   0.9847514963628787
{"n": 14, "noise": "sc-better-gates", "circ": "cnx-lin-borrowed-1"}: 0.1.0 1543531627.35   2.205681413694709e-05
{"n": 14, "noise": "sc-better-gates", "circ": "cnx-lin-borrowed-1"}: 0.1.0 1543531806.81   7.900448461777605e-05
{"n": 14, "noise": "sc-better-gates", "circ": "cnx-lin-borrowed-1"}: 0.1.0 1543531982.15   4.810178271418108e-05
{"n": 14, "noise": "sc-better-gates", "circ": "cnx-lin-borrowed-1"}: 0.1.0 1543532161.79   4.6666830068495144e-05
{"n": 14, "noise": "sc-better-gates", "circ": "cnx-lin-borrowed-1"}: 0.1.0 1543532327.54   4.226256455897936e-06
{"n": 14, "noise": "sc-better-gates", "circ": "cnx-lin-borrowed-1"}: 0.1.0 1543532498.53   0.9849223088667551
{"n": 14, "noise": "sc-better-gates", "circ": "cnx-lin-borrowed-1"}: 0.1.0 1543532671.09   0.9850444356942099
{"n": 14, "noise": "sc-better-gates", "circ": "cnx-lin-borrowed-1"}: 0.1.0 1543532845.47   8.623117331420763e-05
{"n": 14, "noise": "sc-better-gates", "circ": "cnx-lin-borrowed-1"}: 0.1.0 1543533017.85   9.615671061904633e-05
{"n": 14, "noise": "sc-better-gates", "circ": "cnx-lin-borrowed-1"}: 0.1.0 1543533203.21   3.757394303020738e-06
{"n": 14, "noise": "sc-better-gates", "circ": "cnx-lin-borrowed-1"}: 0.1.0 1543533387.52   0.9850051556404056
{"n": 14, "noise": "sc-better-gates", "circ": "cnx-lin-borrowed-1"}: 0.1.0 1543533558.66   5.0831557024006715e-05
{"n": 14, "noise": "sc-better-gates", "circ": "cnx-lin-borrowed-1"}: 0.1.0 1543533735.21   3.017204086255457e-05
{"n": 14, "noise": "sc-better-gates", "circ": "cnx-lin-borrowed-1"}: 0.1.0 1543533909.40   2.5570001935589507e-05
{"n": 14, "noise": "sc-better-gates", "circ": "cnx-lin-borrowed-1"}: 0.1.0 1543534077.58   3.537292622209576e-07
{"n": 14, "noise": "sc-better-gates", "circ": "cnx-lin-borrowed-1"}: 0.1.0 1543534250.99   5.650897053661142e-06
{"n": 14, "noise": "sc-better-gates", "circ": "cnx-lin-borrowed-1"}: 0.1.0 1543534432.80   2.9717213222733825e-05
{"n": 14, "noise": "sc-better-gates", "circ": "cnx-lin-borrowed-1"}: 0.1.0 1543534614.72   5.516482627718185e-05
{"n": 14, "noise": "sc-better-gates", "circ": "cnx-lin-borrowed-1"}: 0.1.0 1543534790.76   0.9848206328405544
{"n": 14, "noise": "sc-better-gates", "circ": "cnx-lin-borrowed-1"}: 0.1.0 1543534962.35   0.984703763265981
{"n": 14, "noise": "sc-better-gates", "circ": "cnx-lin-borrowed-1"}: 0.1.0 1543535132.13   0.9847686925415485
{"n": 14, "noise": "sc-better-gates", "circ": "cnx-lin-borrowed-1"}: 0.1.0 1543535295.08   3.265272110973588e-05
{"n": 14, "noise": "sc-better-gates", "circ": "cnx-lin-borrowed-1"}: 0.1.0 1543535481.75   1.3913944896195537e-05
{"n": 14, "noise": "sc-better-gates", "circ": "cnx-lin-borrowed-1"}: 0.1.0 1543535661.92   0.9849893805820251
{"n": 14, "noise": "sc-better-gates", "circ": "cnx-lin-borrowed-1"}: 0.1.0 1543535835.02   1.3428211114261199e-05
{"n": 14, "noise": "sc-better-gates", "circ": "cnx-lin-borrowed-1"}: 0.1.0 1543536016.50   3.3875769570663065e-05
{"n": 14, "noise": "sc-better-gates", "circ": "cnx-lin-borrowed-1"}: 0.1.0 1543536187.16   9.442125346275173e-05
{"n": 14, "noise": "sc-better-gates", "circ": "cnx-lin-borrowed-1"}: 0.1.0 1543536361.27   9.985559314767698e-06
{"n": 14, "noise": "sc-better-gates", "circ": "cnx-lin-borrowed-1"}: 0.1.0 1543536543.99   0.9848535307504195
{"n": 14, "noise": "sc-better-gates", "circ": "cnx-lin-borrowed-1"}: 0.1.0 1543536729.51   1.0380648894445086e-05
{"n": 14, "noise": "sc-better-gates", "circ": "cnx-lin-borrowed-1"}: 0.1.0 1543536921.55   0.9848919435891493
{"n": 14, "noise": "sc-better-gates", "circ": "cnx-lin-borrowed-1"}: 0.1.0 1543537106.26   0.9849881570733596
{"n": 14, "noise": "sc-better-gates", "circ": "cnx-lin-borrowed-1"}: 0.1.0 1543537292.88   4.7168834504926893e-07
{"n": 14, "noise": "sc-better-gates", "circ": "cnx-lin-borrowed-1"}: 0.1.0 1543537479.52   1.4731802325554185e-05
{"n": 14, "noise": "sc-better-gates", "circ": "cnx-lin-borrowed-1"}: 0.1.0 1543537664.85   1.1118023764943563e-05
{"n": 14, "noise": "sc-better-gates", "circ": "cnx-lin-borrowed-1"}: 0.1.0 1543537845.37   0.9848847772305911
{"n": 14, "noise": "sc-better-gates", "circ": "cnx-lin-borrowed-1"}: 0.1.0 1543538031.49   0.984659282572868
{"n": 14, "noise": "sc-better-gates", "circ": "cnx-lin-borrowed-1"}: 0.1.0 1543538195.82   2.3445234299895806e-05
{"n": 14, "noise": "sc-better-gates", "circ": "cnx-lin-borrowed-1"}: 0.1.0 1543538373.63   3.381415726101784e-05
{"n": 14, "noise": "sc-better-gates", "circ": "cnx-lin-borrowed-1"}: 0.1.0 1543538553.57   1.1761511479504846e-05
{"n": 14, "noise": "sc-better-gates", "circ": "cnx-lin-borrowed-1"}: 0.1.0 1543538722.95   5.976898038611158e-06
{"n": 14, "noise": "sc-better-gates", "circ": "cnx-lin-borrowed-1"}: 0.1.0 1543538890.28   6.82036933082898e-06
=====
{"n": 14, "noise": "sc-better-gates", "circ": "cnx-lin"}: 0.1.0 1543539785.43   8.625453879199215e-05
{"n": 14, "noise": "sc-better-gates", "circ": "cnx-lin"}: 0.1.0 1543540607.54   2.4875405797718343e-05
{"n": 14, "noise": "sc-better-gates", "circ": "cnx-lin"}: 0.1.0 1543541453.46   6.449145667748817e-05
{"n": 14, "noise": "sc-better-gates", "circ": "cnx-lin"}: 0.1.0 1543542224.31   0.00016869155454093
{"n": 14, "noise": "sc-better-gates", "circ": "cnx-lin"}: 0.1.0 1543543017.81   0.0003300846098884038
{"n": 14, "noise": "sc-better-gates", "circ": "cnx-lin"}: 0.1.0 1543543849.34   2.409319741780406e-05
{"n": 14, "noise": "sc-better-gates", "circ": "cnx-lin"}: 0.1.0 1543544725.65   7.00401692030376e-05
{"n": 14, "noise": "sc-better-gates", "circ": "cnx-lin"}: 0.1.0 1543545609.44   1.3984734331870354e-06
{"n": 14, "noise": "sc-better-gates", "circ": "cnx-lin"}: 0.1.0 1543546390.46   2.3464596135210238e-05
{"n": 14, "noise": "sc-better-gates", "circ": "cnx-lin"}: 0.1.0 1543547267.61   5.6836326809579225e-05
=====
{"n": 14, "noise": "sc", "circ": "cnx-lin"}: 0.1.0 1543548372.10   6.030560960788503e-07
{"n": 14, "noise": "sc", "circ": "cnx-lin"}: 0.1.0 1543549264.03   8.565231016383386e-07
{"n": 14, "noise": "sc", "circ": "cnx-lin"}: 0.1.0 1543550081.32   3.586059086390628e-05
{"n": 14, "noise": "sc", "circ": "cnx-lin"}: 0.1.0 1543550896.30   3.40539151881726e-05
{"n": 14, "noise": "sc", "circ": "cnx-lin"}: 0.1.0 1543551756.96   8.81556417968513e-05
{"n": 14, "noise": "sc", "circ": "cnx-lin"}: 0.1.0 1543552647.16   9.60807379506004e-05
{"n": 14, "noise": "sc", "circ": "cnx-lin"}: 0.1.0 1543553479.15   4.100265725489625e-05
{"n": 14, "noise": "sc", "circ": "cnx-lin"}: 0.1.0 1543554320.29   3.704577338923054e-05
{"n": 14, "noise": "sc", "circ": "cnx-lin"}: 0.1.0 1543555149.09   3.1346671749905905e-05
{"n": 14, "noise": "sc", "circ": "cnx-lin"}: 0.1.0 1543556014.88   9.711449257834116e-06
{"n": 14, "noise": "sc", "circ": "cnx-lin"}: 0.1.0 1543556875.25   8.778327342162845e-05
{"n": 14, "noise": "sc", "circ": "cnx-lin"}: 0.1.0 1543557762.92   3.8080687595086847e-06
{"n": 14, "noise": "sc", "circ": "cnx-lin"}: 0.1.0 1543558640.86   6.44088237837933e-07
{"n": 14, "noise": "sc", "circ": "cnx-lin"}: 0.1.0 1543559506.70   3.924127907851339e-05
{"n": 14, "noise": "sc", "circ": "cnx-lin"}: 0.1.0 1543560305.45   4.912335833424282e-05
{"n": 14, "noise": "sc", "circ": "cnx-lin"}: 0.1.0 1543561156.10   7.688164597209814e-05
{"n": 14, "noise": "sc", "circ": "cnx-lin"}: 0.1.0 1543561923.62   1.3382426620973742e-05
{"n": 14, "noise": "sc", "circ": "cnx-lin"}: 0.1.0 1543562783.21   9.190550272474705e-05
{"n": 14, "noise": "sc", "circ": "cnx-lin"}: 0.1.0 1543563682.06   1.314014970465385e-05
{"n": 14, "noise": "sc", "circ": "cnx-lin"}: 0.1.0 1543564569.58   0.00011367723201454258
{"n": 14, "noise": "sc", "circ": "cnx-lin"}: 0.1.0 1543565452.17   0.00010417593981255949
{"n": 14, "noise": "sc", "circ": "cnx-lin"}: 0.1.0 1543566262.70   7.44442934031325e-05
{"n": 14, "noise": "sc", "circ": "cnx-lin"}: 0.1.0 1543567135.91   7.329927849744953e-05
{"n": 14, "noise": "sc", "circ": "cnx-lin"}: 0.1.0 1543568033.03   7.068639621368798e-05
{"n": 14, "noise": "sc", "circ": "cnx-lin"}: 0.1.0 1543568898.43   7.990785036145092e-05
{"n": 14, "noise": "sc", "circ": "cnx-lin"}: 0.1.0 1543569770.24   1.286851249883516e-05
{"n": 14, "noise": "sc", "circ": "cnx-lin"}: 0.1.0 1543570645.20   0.00015936108110038312
{"n": 14, "noise": "sc", "circ": "cnx-lin"}: 0.1.0 1543571535.33   2.4290147862750184e-05
{"n": 14, "noise": "sc", "circ": "cnx-lin"}: 0.1.0 1543572400.45   5.6622438999885815e-05
{"n": 14, "noise": "sc", "circ": "cnx-lin"}: 0.1.0 1543573308.26   1.890979457161819e-05
{"n": 14, "noise": "sc", "circ": "cnx-lin"}: 0.1.0 1543574163.52   3.607138067625129e-05
{"n": 14, "noise": "sc", "circ": "cnx-lin"}: 0.1.0 1543574996.73   8.96503414568838e-07
{"n": 14, "noise": "sc", "circ": "cnx-lin"}: 0.1.0 1543575911.49   2.605933940833227e-05
{"n": 14, "noise": "sc", "circ": "cnx-lin"}: 0.1.0 1543576825.31   5.429325875595773e-05
{"n": 14, "noise": "sc", "circ": "cnx-lin"}: 0.1.0 1543577732.49   3.1855592721487586e-05
{"n": 14, "noise": "sc", "circ": "cnx-lin"}: 0.1.0 1543578605.49   2.0004524268618055e-05
{"n": 14, "noise": "sc", "circ": "cnx-lin"}: 0.1.0 1543579466.31   2.5462018477967625e-05
{"n": 14, "noise": "sc", "circ": "cnx-lin"}: 0.1.0 1543580299.96   1.1449121210931452e-05
{"n": 14, "noise": "sc", "circ": "cnx-lin"}: 0.1.0 1543581193.31   0.00012781682900890072
{"n": 14, "noise": "sc", "circ": "cnx-lin"}: 0.1.0 1543582097.67   0.00011857373476116899
{"n": 14, "noise": "sc", "circ": "cnx-lin"}: 0.1.0 1543582988.57   1.1234854678413325e-05
{"n": 14, "noise": "sc", "circ": "cnx-lin"}: 0.1.0 1543583861.22   3.95358041255528e-06
{"n": 14, "noise": "sc", "circ": "cnx-lin"}: 0.1.0 1543584757.05   3.4684282897953465e-05
{"n": 14, "noise": "sc", "circ": "cnx-lin"}: 0.1.0 1543585633.30   5.750594174514175e-05
{"n": 14, "noise": "sc", "circ": "cnx-lin"}: 0.1.0 1543586554.34   9.453815091625806e-06
{"n": 14, "noise": "sc", "circ": "cnx-lin"}: 0.1.0 1543587478.60   1.7814738577982505e-07
{"n": 14, "noise": "sc", "circ": "cnx-lin"}: 0.1.0 1543588425.67   4.433944284891975e-05
{"n": 14, "noise": "sc", "circ": "cnx-lin"}: 0.1.0 1543589356.24   8.720157110182251e-06
{"n": 14, "noise": "sc", "circ": "cnx-lin"}: 0.1.0 1543590270.59   6.439995169193604e-06
{"n": 14, "noise": "sc", "circ": "cnx-lin"}: 0.1.0 1543591159.55   8.857643165616521e-05
{"n": 14, "noise": "sc", "circ": "cnx-lin"}: 0.1.0 1543592075.73   0.00010865745196495765
{"n": 14, "noise": "sc", "circ": "cnx-lin"}: 0.1.0 1543592936.39   5.58080747583099e-05
{"n": 14, "noise": "sc", "circ": "cnx-lin"}: 0.1.0 1543593705.25   0.0001817597708961097
{"n": 14, "noise": "sc", "circ": "cnx-lin"}: 0.1.0 1543594592.64   4.344691615493474e-05
{"n": 14, "noise": "sc", "circ": "cnx-lin"}: 0.1.0 1543595496.08   8.61125311008451e-05
{"n": 14, "noise": "sc", "circ": "cnx-lin"}: 0.1.0 1543596396.38   3.1279610769499405e-05
{"n": 14, "noise": "sc", "circ": "cnx-lin"}: 0.1.0 1543597281.73   8.39803629437844e-05
{"n": 14, "noise": "sc", "circ": "cnx-lin"}: 0.1.0 1543598256.00   9.441291637150211e-05
{"n": 14, "noise": "sc", "circ": "cnx-lin"}: 0.1.0 1543599167.72   0.000162261509110272
{"n": 14, "noise": "sc", "circ": "cnx-lin"}: 0.1.0 1543600058.44   2.0211221629480664e-05
{"n": 14, "noise": "sc", "circ": "cnx-lin"}: 0.1.0 1543600823.90   3.986983389185749e-06
{"n": 14, "noise": "sc", "circ": "cnx-lin"}: 0.1.0 1543601726.13   1.6855045279795247e-05
{"n": 14, "noise": "sc", "circ": "cnx-lin"}: 0.1.0 1543602628.68   0.00012200889380548807
{"n": 14, "noise": "sc", "circ": "cnx-lin"}: 0.1.0 1543603563.40   8.03268523836967e-05
{"n": 14, "noise": "sc", "circ": "cnx-lin"}: 0.1.0 1543604452.38   5.922652249435603e-05
{"n": 14, "noise": "sc", "circ": "cnx-lin"}: 0.1.0 1543605395.14   0.0001734065950482243
{"n": 14, "noise": "sc", "circ": "cnx-lin"}: 0.1.0 1543606221.80   9.13189765184694e-05
{"n": 14, "noise": "sc", "circ": "cnx-lin"}: 0.1.0 1543607126.67   6.562844331561931e-05
{"n": 14, "noise": "sc", "circ": "cnx-lin"}: 0.1.0 1543607980.66   0.00011401294521074941
{"n": 14, "noise": "sc", "circ": "cnx-lin"}: 0.1.0 1543608901.70   1.9336684018327957e-05
{"n": 14, "noise": "sc", "circ": "cnx-lin"}: 0.1.0 1543609757.38   1.6185723098707934e-05
{"n": 14, "noise": "sc", "circ": "cnx-lin"}: 0.1.0 1543610624.59   0.00014215567585557835
{"n": 14, "noise": "sc", "circ": "cnx-lin"}: 0.1.0 1543611503.61   1.9389296140623217e-05
{"n": 14, "noise": "sc", "circ": "cnx-lin"}: 0.1.0 1543612406.00   6.907721842514758e-06
{"n": 14, "noise": "sc", "circ": "cnx-lin"}: 0.1.0 1543613257.08   2.268523254102228e-05
{"n": 14, "noise": "sc", "circ": "cnx-lin"}: 0.1.0 1543614091.38   0.00012837943794453898
{"n": 14, "noise": "sc", "circ": "cnx-lin"}: 0.1.0 1543614920.98   8.423245199741227e-05
