=====
{"n": 14, "noise": "sc-better-t1-and-gates", "circ": "cnx-lin"}: 0.1.0 1543473031.54   0.998417724095529
{"n": 14, "noise": "sc-better-t1-and-gates", "circ": "cnx-lin"}: 0.1.0 1543473823.89   5.623842724352467e-05
{"n": 14, "noise": "sc-better-t1-and-gates", "circ": "cnx-lin"}: 0.1.0 1543474619.43   8.918954042368801e-05
{"n": 14, "noise": "sc-better-t1-and-gates", "circ": "cnx-lin"}: 0.1.0 1543475433.73   0.00014169410626955592
{"n": 14, "noise": "sc-better-t1-and-gates", "circ": "cnx-lin"}: 0.1.0 1543476170.54   0.00012884557797473807
{"n": 14, "noise": "sc-better-t1-and-gates", "circ": "cnx-lin"}: 0.1.0 1543476924.95   3.275009935444515e-05
{"n": 14, "noise": "sc-better-t1-and-gates", "circ": "cnx-lin"}: 0.1.0 1543477650.66   0.9984383394358728
{"n": 14, "noise": "sc-better-t1-and-gates", "circ": "cnx-lin"}: 0.1.0 1543478421.00   0.00011127111198698609
{"n": 14, "noise": "sc-better-t1-and-gates", "circ": "cnx-lin"}: 0.1.0 1543479154.41   2.203081462988192e-05
{"n": 14, "noise": "sc-better-t1-and-gates", "circ": "cnx-lin"}: 0.1.0 1543480001.27   0.00011943845319457517
{"n": 14, "noise": "sc-better-t1-and-gates", "circ": "cnx-lin"}: 0.1.0 1543480747.85   0.0001018687167331174
{"n": 14, "noise": "sc-better-t1-and-gates", "circ": "cnx-lin"}: 0.1.0 1543481567.70   0.9984272874636909
{"n": 14, "noise": "sc-better-t1-and-gates", "circ": "cnx-lin"}: 0.1.0 1543482337.61   8.315859031173655e-05
{"n": 14, "noise": "sc-better-t1-and-gates", "circ": "cnx-lin"}: 0.1.0 1543483220.67   0.9984231314147699
{"n": 14, "noise": "sc-better-t1-and-gates", "circ": "cnx-lin"}: 0.1.0 1543484022.51   0.9984310614710737
{"n": 14, "noise": "sc-better-t1-and-gates", "circ": "cnx-lin"}: 0.1.0 1543484823.11   7.980647136515256e-06
{"n": 14, "noise": "sc-better-t1-and-gates", "circ": "cnx-lin"}: 0.1.0 1543485616.51   0.9983971734410694
{"n": 14, "noise": "sc-better-t1-and-gates", "circ": "cnx-lin"}: 0.1.0 1543486415.56   6.645469011742969e-05
{"n": 14, "noise": "sc-better-t1-and-gates", "circ": "cnx-lin"}: 0.1.0 1543487185.02   1.833995374609084e-06
{"n": 14, "noise": "sc-better-t1-and-gates", "circ": "cnx-lin"}: 0.1.0 1543487969.51   5.839340215578507e-05
{"n": 14, "noise": "sc-better-t1-and-gates", "circ": "cnx-lin"}: 0.1.0 1543488730.87   7.058827851973567e-05
{"n": 14, "noise": "sc-better-t1-and-gates", "circ": "cnx-lin"}: 0.1.0 1543489463.06   2.219991507753679e-05
{"n": 14, "noise": "sc-better-t1-and-gates", "circ": "cnx-lin"}: 0.1.0 1543490226.33   0.9984350370989472
{"n": 14, "noise": "sc-better-t1-and-gates", "circ": "cnx-lin"}: 0.1.0 1543491077.88   2.26004403599641e-05
{"n": 14, "noise": "sc-better-t1-and-gates", "circ": "cnx-lin"}: 0.1.0 1543491884.22   1.3665730396230692e-05
{"n": 14, "noise": "sc-better-t1-and-gates", "circ": "cnx-lin"}: 0.1.0 1543492768.68   4.408304541203954e-05
{"n": 14, "noise": "sc-better-t1-and-gates", "circ": "cnx-lin"}: 0.1.0 1543493637.94   0.9984559592086281
{"n": 14, "noise": "sc-better-t1-and-gates", "circ": "cnx-lin"}: 0.1.0 1543494460.30   0.9984435360633946
{"n": 14, "noise": "sc-better-t1-and-gates", "circ": "cnx-lin"}: 0.1.0 1543495304.92   6.515319694713135e-07
{"n": 14, "noise": "sc-better-t1-and-gates", "circ": "cnx-lin"}: 0.1.0 1543496129.90   0.00010371940194901608
{"n": 14, "noise": "sc-better-t1-and-gates", "circ": "cnx-lin"}: 0.1.0 1543496936.51   0.9984267245463343
{"n": 14, "noise": "sc-better-t1-and-gates", "circ": "cnx-lin"}: 0.1.0 1543497708.31   0.00016851581713376662
{"n": 14, "noise": "sc-better-t1-and-gates", "circ": "cnx-lin"}: 0.1.0 1543498562.32   4.959324793968574e-05
{"n": 14, "noise": "sc-better-t1-and-gates", "circ": "cnx-lin"}: 0.1.0 1543499416.65   5.266695073332204e-07
{"n": 14, "noise": "sc-better-t1-and-gates", "circ": "cnx-lin"}: 0.1.0 1543500174.87   0.9984392386729336
{"n": 14, "noise": "sc-better-t1-and-gates", "circ": "cnx-lin"}: 0.1.0 1543501035.90   4.7153271859454e-05
{"n": 14, "noise": "sc-better-t1-and-gates", "circ": "cnx-lin"}: 0.1.0 1543501865.61   6.780009447731298e-05
{"n": 14, "noise": "sc-better-t1-and-gates", "circ": "cnx-lin"}: 0.1.0 1543502665.64   0.9984162302644052
{"n": 14, "noise": "sc-better-t1-and-gates", "circ": "cnx-lin"}: 0.1.0 1543503512.63   1.8654845872912317e-05
{"n": 14, "noise": "sc-better-t1-and-gates", "circ": "cnx-lin"}: 0.1.0 1543504370.75   3.9160906806438076e-05
{"n": 14, "noise": "sc-better-t1-and-gates", "circ": "cnx-lin"}: 0.1.0 1543505244.93   1.0469208595350337e-05
{"n": 14, "noise": "sc-better-t1-and-gates", "circ": "cnx-lin"}: 0.1.0 1543506165.92   0.998431466213981
{"n": 14, "noise": "sc-better-t1-and-gates", "circ": "cnx-lin"}: 0.1.0 1543507068.78   9.909670526238239e-05
{"n": 14, "noise": "sc-better-t1-and-gates", "circ": "cnx-lin"}: 0.1.0 1543507960.48   0.9984122792990017
{"n": 14, "noise": "sc-better-t1-and-gates", "circ": "cnx-lin"}: 0.1.0 1543508820.98   3.1875272966617594e-05
{"n": 14, "noise": "sc-better-t1-and-gates", "circ": "cnx-lin"}: 0.1.0 1543509633.94   0.00014868873774670423
{"n": 14, "noise": "sc-better-t1-and-gates", "circ": "cnx-lin"}: 0.1.0 1543510522.25   7.82630918007404e-05
{"n": 14, "noise": "sc-better-t1-and-gates", "circ": "cnx-lin"}: 0.1.0 1543511381.44   9.884402624281675e-06
{"n": 14, "noise": "sc-better-t1-and-gates", "circ": "cnx-lin"}: 0.1.0 1543512247.88   1.7344647314517894e-05
{"n": 14, "noise": "sc-better-t1-and-gates", "circ": "cnx-lin"}: 0.1.0 1543513142.92   0.9984408739158767
{"n": 14, "noise": "sc-better-t1-and-gates", "circ": "cnx-lin"}: 0.1.0 1543514014.01   6.2681745576851e-05
{"n": 14, "noise": "sc-better-t1-and-gates", "circ": "cnx-lin"}: 0.1.0 1543514881.43   5.9794737348784234e-05
{"n": 14, "noise": "sc-better-t1-and-gates", "circ": "cnx-lin"}: 0.1.0 1543515743.99   0.00033595305893144246
{"n": 14, "noise": "sc-better-t1-and-gates", "circ": "cnx-lin"}: 0.1.0 1543516591.04   0.00033923250319037876
{"n": 14, "noise": "sc-better-t1-and-gates", "circ": "cnx-lin"}: 0.1.0 1543517474.04   2.1459191369858585e-05
{"n": 14, "noise": "sc-better-t1-and-gates", "circ": "cnx-lin"}: 0.1.0 1543518387.68   3.4155256207079106e-05
{"n": 14, "noise": "sc-better-t1-and-gates", "circ": "cnx-lin"}: 0.1.0 1543519295.45   1.2190016417495047e-05
{"n": 14, "noise": "sc-better-t1-and-gates", "circ": "cnx-lin"}: 0.1.0 1543520188.97   4.024381522785698e-05
{"n": 14, "noise": "sc-better-t1-and-gates", "circ": "cnx-lin"}: 0.1.0 1543521068.09   5.308660506488844e-05
{"n": 14, "noise": "sc-better-t1-and-gates", "circ": "cnx-lin"}: 0.1.0 1543521961.28   6.4855889516194755e-06
{"n": 14, "noise": "sc-better-t1-and-gates", "circ": "cnx-lin"}: 0.1.0 1543522812.54   1.7867681848189652e-05
{"n": 14, "noise": "sc-better-t1-and-gates", "circ": "cnx-lin"}: 0.1.0 1543523598.26   8.346086352068342e-05
=====
{"n": 14, "noise": "sc-better-t1-and-gates", "circ": "cnx-lin-borrowed-1"}: 0.1.0 1543525040.69   0.9998507774923894
{"n": 14, "noise": "sc-better-t1-and-gates", "circ": "cnx-lin-borrowed-1"}: 0.1.0 1543525224.21   0.9998529745981165
{"n": 14, "noise": "sc-better-t1-and-gates", "circ": "cnx-lin-borrowed-1"}: 0.1.0 1543525401.19   0.9998501558565387
{"n": 14, "noise": "sc-better-t1-and-gates", "circ": "cnx-lin-borrowed-1"}: 0.1.0 1543525566.37   1.9488452769473962e-05
{"n": 14, "noise": "sc-better-t1-and-gates", "circ": "cnx-lin-borrowed-1"}: 0.1.0 1543525740.98   0.9998500948728554
{"n": 14, "noise": "sc-better-t1-and-gates", "circ": "cnx-lin-borrowed-1"}: 0.1.0 1543525919.64   0.9998504667367207
{"n": 14, "noise": "sc-better-t1-and-gates", "circ": "cnx-lin-borrowed-1"}: 0.1.0 1543526102.84   2.4824597670974996e-05
{"n": 14, "noise": "sc-better-t1-and-gates", "circ": "cnx-lin-borrowed-1"}: 0.1.0 1543526278.98   0.9998510817907725
{"n": 14, "noise": "sc-better-t1-and-gates", "circ": "cnx-lin-borrowed-1"}: 0.1.0 1543526454.39   2.2472504408024058e-05
{"n": 14, "noise": "sc-better-t1-and-gates", "circ": "cnx-lin-borrowed-1"}: 0.1.0 1543526618.91   0.9998499983016185
{"n": 14, "noise": "sc-better-t1-and-gates", "circ": "cnx-lin-borrowed-1"}: 0.1.0 1543526790.78   7.204590948673272e-07
{"n": 14, "noise": "sc-better-t1-and-gates", "circ": "cnx-lin-borrowed-1"}: 0.1.0 1543526944.90   0.9998480576600187
{"n": 14, "noise": "sc-better-t1-and-gates", "circ": "cnx-lin-borrowed-1"}: 0.1.0 1543527101.49   0.9998522299867418
{"n": 14, "noise": "sc-better-t1-and-gates", "circ": "cnx-lin-borrowed-1"}: 0.1.0 1543527263.86   0.9998524866691774
{"n": 14, "noise": "sc-better-t1-and-gates", "circ": "cnx-lin-borrowed-1"}: 0.1.0 1543527423.56   0.999851724048592
{"n": 14, "noise": "sc-better-t1-and-gates", "circ": "cnx-lin-borrowed-1"}: 0.1.0 1543527600.08   0.9998518161926925
{"n": 14, "noise": "sc-better-t1-and-gates", "circ": "cnx-lin-borrowed-1"}: 0.1.0 1543527758.04   0.9998518780481732
{"n": 14, "noise": "sc-better-t1-and-gates", "circ": "cnx-lin-borrowed-1"}: 0.1.0 1543527917.95   0.9998500234273574
{"n": 14, "noise": "sc-better-t1-and-gates", "circ": "cnx-lin-borrowed-1"}: 0.1.0 1543528079.46   0.9998509164157856
{"n": 14, "noise": "sc-better-t1-and-gates", "circ": "cnx-lin-borrowed-1"}: 0.1.0 1543528253.02   6.995782560584389e-06
{"n": 14, "noise": "sc-better-t1-and-gates", "circ": "cnx-lin-borrowed-1"}: 0.1.0 1543528418.73   0.9998493758471784
{"n": 14, "noise": "sc-better-t1-and-gates", "circ": "cnx-lin-borrowed-1"}: 0.1.0 1543528586.80   6.99841009120505e-06
{"n": 14, "noise": "sc-better-t1-and-gates", "circ": "cnx-lin-borrowed-1"}: 0.1.0 1543528758.85   0.9998506391225087
{"n": 14, "noise": "sc-better-t1-and-gates", "circ": "cnx-lin-borrowed-1"}: 0.1.0 1543528915.65   3.206565989082954e-05
{"n": 14, "noise": "sc-better-t1-and-gates", "circ": "cnx-lin-borrowed-1"}: 0.1.0 1543529082.49   0.9998510254621784
{"n": 14, "noise": "sc-better-t1-and-gates", "circ": "cnx-lin-borrowed-1"}: 0.1.0 1543529248.99   0.9998494936259044
{"n": 14, "noise": "sc-better-t1-and-gates", "circ": "cnx-lin-borrowed-1"}: 0.1.0 1543529421.38   0.9998512123675825
{"n": 14, "noise": "sc-better-t1-and-gates", "circ": "cnx-lin-borrowed-1"}: 0.1.0 1543529588.41   0.9998509269358901
{"n": 14, "noise": "sc-better-t1-and-gates", "circ": "cnx-lin-borrowed-1"}: 0.1.0 1543529756.86   0.9998508568908792
{"n": 14, "noise": "sc-better-t1-and-gates", "circ": "cnx-lin-borrowed-1"}: 0.1.0 1543529924.16   0.9998502952998679
{"n": 14, "noise": "sc-better-t1-and-gates", "circ": "cnx-lin-borrowed-1"}: 0.1.0 1543530092.15   0.9998496923277875
{"n": 14, "noise": "sc-better-t1-and-gates", "circ": "cnx-lin-borrowed-1"}: 0.1.0 1543530257.30   0.9998499247190136
{"n": 14, "noise": "sc-better-t1-and-gates", "circ": "cnx-lin-borrowed-1"}: 0.1.0 1543530412.75   0.9998505501335927
{"n": 14, "noise": "sc-better-t1-and-gates", "circ": "cnx-lin-borrowed-1"}: 0.1.0 1543530581.92   0.9998520283822826
{"n": 14, "noise": "sc-better-t1-and-gates", "circ": "cnx-lin-borrowed-1"}: 0.1.0 1543530756.22   0.9998510282168438
{"n": 14, "noise": "sc-better-t1-and-gates", "circ": "cnx-lin-borrowed-1"}: 0.1.0 1543530921.99   0.9998512785214999
{"n": 14, "noise": "sc-better-t1-and-gates", "circ": "cnx-lin-borrowed-1"}: 0.1.0 1543531082.10   0.9998514022627314
{"n": 14, "noise": "sc-better-t1-and-gates", "circ": "cnx-lin-borrowed-1"}: 0.1.0 1543531257.13   4.255957065686096e-05
{"n": 14, "noise": "sc-better-t1-and-gates", "circ": "cnx-lin-borrowed-1"}: 0.1.0 1543531427.09   0.9998509710227198
{"n": 14, "noise": "sc-better-t1-and-gates", "circ": "cnx-lin-borrowed-1"}: 0.1.0 1543531604.05   0.9998520464613344
{"n": 14, "noise": "sc-better-t1-and-gates", "circ": "cnx-lin-borrowed-1"}: 0.1.0 1543531777.70   0.9998509766099736
{"n": 14, "noise": "sc-better-t1-and-gates", "circ": "cnx-lin-borrowed-1"}: 0.1.0 1543531950.18   0.999849531920786
{"n": 14, "noise": "sc-better-t1-and-gates", "circ": "cnx-lin-borrowed-1"}: 0.1.0 1543532132.71   0.9998526292106774
{"n": 14, "noise": "sc-better-t1-and-gates", "circ": "cnx-lin-borrowed-1"}: 0.1.0 1543532317.63   0.9998529321028815
{"n": 14, "noise": "sc-better-t1-and-gates", "circ": "cnx-lin-borrowed-1"}: 0.1.0 1543532492.34   3.981517565292823e-06
{"n": 14, "noise": "sc-better-t1-and-gates", "circ": "cnx-lin-borrowed-1"}: 0.1.0 1543532667.92   0.9998521113325067
{"n": 14, "noise": "sc-better-t1-and-gates", "circ": "cnx-lin-borrowed-1"}: 0.1.0 1543532831.60   0.9998512409524168
{"n": 14, "noise": "sc-better-t1-and-gates", "circ": "cnx-lin-borrowed-1"}: 0.1.0 1543533009.01   0.9998519169688491
{"n": 14, "noise": "sc-better-t1-and-gates", "circ": "cnx-lin-borrowed-1"}: 0.1.0 1543533184.17   0.9998504591471251
{"n": 14, "noise": "sc-better-t1-and-gates", "circ": "cnx-lin-borrowed-1"}: 0.1.0 1543533361.61   0.9998500733007977
{"n": 14, "noise": "sc-better-t1-and-gates", "circ": "cnx-lin-borrowed-1"}: 0.1.0 1543533535.64   0.9998506640630906
{"n": 14, "noise": "sc-better-t1-and-gates", "circ": "cnx-lin-borrowed-1"}: 0.1.0 1543533702.17   0.9998495539412872
{"n": 14, "noise": "sc-better-t1-and-gates", "circ": "cnx-lin-borrowed-1"}: 0.1.0 1543533874.42   0.00013795428166502125
{"n": 14, "noise": "sc-better-t1-and-gates", "circ": "cnx-lin-borrowed-1"}: 0.1.0 1543534039.44   0.9998502330425777
{"n": 14, "noise": "sc-better-t1-and-gates", "circ": "cnx-lin-borrowed-1"}: 0.1.0 1543534202.17   0.9998497657570338
{"n": 14, "noise": "sc-better-t1-and-gates", "circ": "cnx-lin-borrowed-1"}: 0.1.0 1543534376.48   0.9998515999580404
{"n": 14, "noise": "sc-better-t1-and-gates", "circ": "cnx-lin-borrowed-1"}: 0.1.0 1543534555.32   2.0761579486013027e-07
{"n": 14, "noise": "sc-better-t1-and-gates", "circ": "cnx-lin-borrowed-1"}: 0.1.0 1543534725.90   0.9998504769928155
{"n": 14, "noise": "sc-better-t1-and-gates", "circ": "cnx-lin-borrowed-1"}: 0.1.0 1543534885.96   0.9998517679803882
{"n": 14, "noise": "sc-better-t1-and-gates", "circ": "cnx-lin-borrowed-1"}: 0.1.0 1543535042.50   0.00011545050352403257
{"n": 14, "noise": "sc-better-t1-and-gates", "circ": "cnx-lin-borrowed-1"}: 0.1.0 1543535215.71   0.9998504596430366
{"n": 14, "noise": "sc-better-t1-and-gates", "circ": "cnx-lin-borrowed-1"}: 0.1.0 1543535386.77   0.9998506534938961
{"n": 14, "noise": "sc-better-t1-and-gates", "circ": "cnx-lin-borrowed-1"}: 0.1.0 1543535554.85   0.9998489421016228
{"n": 14, "noise": "sc-better-t1-and-gates", "circ": "cnx-lin-borrowed-1"}: 0.1.0 1543535725.10   0.9998497646593852
{"n": 14, "noise": "sc-better-t1-and-gates", "circ": "cnx-lin-borrowed-1"}: 0.1.0 1543535898.41   1.4416809268896283e-05
{"n": 14, "noise": "sc-better-t1-and-gates", "circ": "cnx-lin-borrowed-1"}: 0.1.0 1543536078.19   0.9998497164147824
{"n": 14, "noise": "sc-better-t1-and-gates", "circ": "cnx-lin-borrowed-1"}: 0.1.0 1543536248.53   4.8461293347928253e-05
{"n": 14, "noise": "sc-better-t1-and-gates", "circ": "cnx-lin-borrowed-1"}: 0.1.0 1543536408.04   0.9998506411507628
{"n": 14, "noise": "sc-better-t1-and-gates", "circ": "cnx-lin-borrowed-1"}: 0.1.0 1543536586.05   1.7999443006807777e-05
{"n": 14, "noise": "sc-better-t1-and-gates", "circ": "cnx-lin-borrowed-1"}: 0.1.0 1543536753.71   0.9998505324983693
{"n": 14, "noise": "sc-better-t1-and-gates", "circ": "cnx-lin-borrowed-1"}: 0.1.0 1543536933.61   1.719557811508561e-05
{"n": 14, "noise": "sc-better-t1-and-gates", "circ": "cnx-lin-borrowed-1"}: 0.1.0 1543537096.77   5.262298346015041e-09
{"n": 14, "noise": "sc-better-t1-and-gates", "circ": "cnx-lin-borrowed-1"}: 0.1.0 1543537275.34   0.9998506197592656
{"n": 14, "noise": "sc-better-t1-and-gates", "circ": "cnx-lin-borrowed-1"}: 0.1.0 1543537452.88   0.9998527886552858
{"n": 14, "noise": "sc-better-t1-and-gates", "circ": "cnx-lin-borrowed-1"}: 0.1.0 1543537617.66   0.9998518514675041
{"n": 14, "noise": "sc-better-t1-and-gates", "circ": "cnx-lin-borrowed-1"}: 0.1.0 1543537797.37   1.0882531127176037e-05
{"n": 14, "noise": "sc-better-t1-and-gates", "circ": "cnx-lin-borrowed-1"}: 0.1.0 1543537965.85   0.9998509539769036
{"n": 14, "noise": "sc-better-t1-and-gates", "circ": "cnx-lin-borrowed-1"}: 0.1.0 1543538146.15   0.9998518341423571
{"n": 14, "noise": "sc-better-t1-and-gates", "circ": "cnx-lin-borrowed-1"}: 0.1.0 1543538317.08   0.9998523307358204
{"n": 14, "noise": "sc-better-t1-and-gates", "circ": "cnx-lin-borrowed-1"}: 0.1.0 1543538487.84   0.9998515611157437
{"n": 14, "noise": "sc-better-t1-and-gates", "circ": "cnx-lin-borrowed-1"}: 0.1.0 1543538659.01   0.9998504006140148
{"n": 14, "noise": "sc-better-t1-and-gates", "circ": "cnx-lin-borrowed-1"}: 0.1.0 1543538836.33   0.9998512619513915
=====
{"n": 14, "noise": "sc-better-t1-and-gates", "circ": "cnx-lin"}: 0.1.0 1543539687.51   1.719001628414534e-05
{"n": 14, "noise": "sc-better-t1-and-gates", "circ": "cnx-lin"}: 0.1.0 1543540545.80   0.9984073467273942
{"n": 14, "noise": "sc-better-t1-and-gates", "circ": "cnx-lin"}: 0.1.0 1543541357.92   0.00010477237095286896
{"n": 14, "noise": "sc-better-t1-and-gates", "circ": "cnx-lin"}: 0.1.0 1543542144.95   0.00013588825884550614
{"n": 14, "noise": "sc-better-t1-and-gates", "circ": "cnx-lin"}: 0.1.0 1543542852.06   3.410939033335536e-05
{"n": 14, "noise": "sc-better-t1-and-gates", "circ": "cnx-lin"}: 0.1.0 1543543699.95   0.9984347029508533
{"n": 14, "noise": "sc-better-t1-and-gates", "circ": "cnx-lin"}: 0.1.0 1543544511.24   0.9984478473324064
{"n": 14, "noise": "sc-better-t1-and-gates", "circ": "cnx-lin"}: 0.1.0 1543545357.64   6.289743317927255e-05
{"n": 14, "noise": "sc-better-t1-and-gates", "circ": "cnx-lin"}: 0.1.0 1543546181.20   0.9984355634110427
{"n": 14, "noise": "sc-better-t1-and-gates", "circ": "cnx-lin"}: 0.1.0 1543547045.96   1.009414667585756e-05
=====
{"n": 14, "noise": "sc-better-t1", "circ": "cnx-lin"}: 0.1.0 1543548376.10   9.460169379687968e-06
{"n": 14, "noise": "sc-better-t1", "circ": "cnx-lin"}: 0.1.0 1543549193.14   6.198579979607022e-05
{"n": 14, "noise": "sc-better-t1", "circ": "cnx-lin"}: 0.1.0 1543550037.73   1.8393685253244873e-05
{"n": 14, "noise": "sc-better-t1", "circ": "cnx-lin"}: 0.1.0 1543550859.83   1.9696324526650594e-05
{"n": 14, "noise": "sc-better-t1", "circ": "cnx-lin"}: 0.1.0 1543551684.59   7.827661635659713e-05
{"n": 14, "noise": "sc-better-t1", "circ": "cnx-lin"}: 0.1.0 1543552513.44   2.090019369879876e-06
{"n": 14, "noise": "sc-better-t1", "circ": "cnx-lin"}: 0.1.0 1543553318.84   1.7538825145206832e-06
{"n": 14, "noise": "sc-better-t1", "circ": "cnx-lin"}: 0.1.0 1543554084.81   6.573926792488727e-06
{"n": 14, "noise": "sc-better-t1", "circ": "cnx-lin"}: 0.1.0 1543554962.67   9.878742179505757e-06
{"n": 14, "noise": "sc-better-t1", "circ": "cnx-lin"}: 0.1.0 1543555828.58   0.0001053828918749407
{"n": 14, "noise": "sc-better-t1", "circ": "cnx-lin"}: 0.1.0 1543556662.65   7.018397538341264e-05
{"n": 14, "noise": "sc-better-t1", "circ": "cnx-lin"}: 0.1.0 1543557485.01   0.0004524326910057148
{"n": 14, "noise": "sc-better-t1", "circ": "cnx-lin"}: 0.1.0 1543558285.12   6.939844979484001e-05
{"n": 14, "noise": "sc-better-t1", "circ": "cnx-lin"}: 0.1.0 1543559122.53   2.138440509843136e-06
{"n": 14, "noise": "sc-better-t1", "circ": "cnx-lin"}: 0.1.0 1543559922.99   0.00012177473652966402
{"n": 14, "noise": "sc-better-t1", "circ": "cnx-lin"}: 0.1.0 1543560765.18   2.3704686063494848e-06
{"n": 14, "noise": "sc-better-t1", "circ": "cnx-lin"}: 0.1.0 1543561606.33   6.343563914673556e-05
{"n": 14, "noise": "sc-better-t1", "circ": "cnx-lin"}: 0.1.0 1543562489.05   7.849966304618636e-05
{"n": 14, "noise": "sc-better-t1", "circ": "cnx-lin"}: 0.1.0 1543563307.30   7.521865519537148e-05
{"n": 14, "noise": "sc-better-t1", "circ": "cnx-lin"}: 0.1.0 1543564135.53   6.70541640234226e-05
{"n": 14, "noise": "sc-better-t1", "circ": "cnx-lin"}: 0.1.0 1543564937.88   3.893118360637283e-05
{"n": 14, "noise": "sc-better-t1", "circ": "cnx-lin"}: 0.1.0 1543565720.87   1.4612252042403084e-05
{"n": 14, "noise": "sc-better-t1", "circ": "cnx-lin"}: 0.1.0 1543566526.45   5.708201560552291e-05
{"n": 14, "noise": "sc-better-t1", "circ": "cnx-lin"}: 0.1.0 1543567343.69   9.94922710505253e-05
{"n": 14, "noise": "sc-better-t1", "circ": "cnx-lin"}: 0.1.0 1543568127.36   4.7508597161387755e-05
{"n": 14, "noise": "sc-better-t1", "circ": "cnx-lin"}: 0.1.0 1543568938.09   1.2994768428751329e-05
{"n": 14, "noise": "sc-better-t1", "circ": "cnx-lin"}: 0.1.0 1543569791.12   0.0003056662366129219
{"n": 14, "noise": "sc-better-t1", "circ": "cnx-lin"}: 0.1.0 1543570637.37   0.00010148450027968196
{"n": 14, "noise": "sc-better-t1", "circ": "cnx-lin"}: 0.1.0 1543571511.49   2.4257150803120332e-05
{"n": 14, "noise": "sc-better-t1", "circ": "cnx-lin"}: 0.1.0 1543572373.00   0.00013170612529491682
{"n": 14, "noise": "sc-better-t1", "circ": "cnx-lin"}: 0.1.0 1543573127.36   4.389279995768311e-05
{"n": 14, "noise": "sc-better-t1", "circ": "cnx-lin"}: 0.1.0 1543573846.74   2.684808329168108e-06
{"n": 14, "noise": "sc-better-t1", "circ": "cnx-lin"}: 0.1.0 1543574714.61   2.7487786781688248e-05
{"n": 14, "noise": "sc-better-t1", "circ": "cnx-lin"}: 0.1.0 1543575492.79   4.807238807859333e-05
{"n": 14, "noise": "sc-better-t1", "circ": "cnx-lin"}: 0.1.0 1543576262.36   5.85649018031636e-05
{"n": 14, "noise": "sc-better-t1", "circ": "cnx-lin"}: 0.1.0 1543577030.07   3.094674896618426e-05
{"n": 14, "noise": "sc-better-t1", "circ": "cnx-lin"}: 0.1.0 1543577762.65   5.592481749463576e-05
{"n": 14, "noise": "sc-better-t1", "circ": "cnx-lin"}: 0.1.0 1543578557.56   0.0001891586972401447
{"n": 14, "noise": "sc-better-t1", "circ": "cnx-lin"}: 0.1.0 1543579318.73   7.690063815993989e-05
{"n": 14, "noise": "sc-better-t1", "circ": "cnx-lin"}: 0.1.0 1543580071.06   7.925231009179655e-05
{"n": 14, "noise": "sc-better-t1", "circ": "cnx-lin"}: 0.1.0 1543580824.01   3.044178293123263e-05
{"n": 14, "noise": "sc-better-t1", "circ": "cnx-lin"}: 0.1.0 1543581627.88   4.9444112793441955e-05
{"n": 14, "noise": "sc-better-t1", "circ": "cnx-lin"}: 0.1.0 1543582383.62   2.879791231006699e-05
{"n": 14, "noise": "sc-better-t1", "circ": "cnx-lin"}: 0.1.0 1543583111.09   4.5134310022147194e-05
{"n": 14, "noise": "sc-better-t1", "circ": "cnx-lin"}: 0.1.0 1543583925.81   5.2120132185434327e-05
{"n": 14, "noise": "sc-better-t1", "circ": "cnx-lin"}: 0.1.0 1543584688.64   0.00038358468631863573
{"n": 14, "noise": "sc-better-t1", "circ": "cnx-lin"}: 0.1.0 1543585460.62   4.831780565470976e-05
{"n": 14, "noise": "sc-better-t1", "circ": "cnx-lin"}: 0.1.0 1543586334.87   1.82977967438761e-05
{"n": 14, "noise": "sc-better-t1", "circ": "cnx-lin"}: 0.1.0 1543587104.35   2.082394435845305e-05
{"n": 14, "noise": "sc-better-t1", "circ": "cnx-lin"}: 0.1.0 1543587920.74   7.0288343127902e-05
{"n": 14, "noise": "sc-better-t1", "circ": "cnx-lin"}: 0.1.0 1543588616.46   4.608222469558339e-06
{"n": 14, "noise": "sc-better-t1", "circ": "cnx-lin"}: 0.1.0 1543589426.24   3.750641310853266e-05
{"n": 14, "noise": "sc-better-t1", "circ": "cnx-lin"}: 0.1.0 1543590155.67   0.0001324123518721689
{"n": 14, "noise": "sc-better-t1", "circ": "cnx-lin"}: 0.1.0 1543590941.34   3.726562677579134e-05
{"n": 14, "noise": "sc-better-t1", "circ": "cnx-lin"}: 0.1.0 1543591743.23   0.00011122148351145445
{"n": 14, "noise": "sc-better-t1", "circ": "cnx-lin"}: 0.1.0 1543592539.34   1.7092880374751403e-05
{"n": 14, "noise": "sc-better-t1", "circ": "cnx-lin"}: 0.1.0 1543593344.43   3.7652629168593985e-05
{"n": 14, "noise": "sc-better-t1", "circ": "cnx-lin"}: 0.1.0 1543594100.12   0.00013414930410817098
{"n": 14, "noise": "sc-better-t1", "circ": "cnx-lin"}: 0.1.0 1543594866.00   4.997612119989374e-05
{"n": 14, "noise": "sc-better-t1", "circ": "cnx-lin"}: 0.1.0 1543595646.38   5.5749987318689944e-05
{"n": 14, "noise": "sc-better-t1", "circ": "cnx-lin"}: 0.1.0 1543596448.50   3.5385044059065356e-06
{"n": 14, "noise": "sc-better-t1", "circ": "cnx-lin"}: 0.1.0 1543597228.16   0.00010509927244968054
{"n": 14, "noise": "sc-better-t1", "circ": "cnx-lin"}: 0.1.0 1543598016.99   6.11879836135575e-06
{"n": 14, "noise": "sc-better-t1", "circ": "cnx-lin"}: 0.1.0 1543598794.49   1.501562138190169e-05
{"n": 14, "noise": "sc-better-t1", "circ": "cnx-lin"}: 0.1.0 1543599564.42   3.0469353875963088e-05
{"n": 14, "noise": "sc-better-t1", "circ": "cnx-lin"}: 0.1.0 1543600340.98   4.519028054258333e-06
{"n": 14, "noise": "sc-better-t1", "circ": "cnx-lin"}: 0.1.0 1543601084.38   6.650029786741253e-05
{"n": 14, "noise": "sc-better-t1", "circ": "cnx-lin"}: 0.1.0 1543601868.91   1.1911150239384046e-05
{"n": 14, "noise": "sc-better-t1", "circ": "cnx-lin"}: 0.1.0 1543602691.40   2.8867107917034294e-05
{"n": 14, "noise": "sc-better-t1", "circ": "cnx-lin"}: 0.1.0 1543603510.17   6.477096691935471e-05
{"n": 14, "noise": "sc-better-t1", "circ": "cnx-lin"}: 0.1.0 1543604304.60   0.0002656633039559644
{"n": 14, "noise": "sc-better-t1", "circ": "cnx-lin"}: 0.1.0 1543605113.53   0.00011575908148239935
{"n": 14, "noise": "sc-better-t1", "circ": "cnx-lin"}: 0.1.0 1543605927.26   0.00010153277142645702
{"n": 14, "noise": "sc-better-t1", "circ": "cnx-lin"}: 0.1.0 1543606757.84   0.0001354774267503998
{"n": 14, "noise": "sc-better-t1", "circ": "cnx-lin"}: 0.1.0 1543607616.27   7.280600409554334e-05
{"n": 14, "noise": "sc-better-t1", "circ": "cnx-lin"}: 0.1.0 1543608393.42   2.976098424077239e-05
{"n": 14, "noise": "sc-better-t1", "circ": "cnx-lin"}: 0.1.0 1543609194.38   4.5829481584544545e-06
{"n": 14, "noise": "sc-better-t1", "circ": "cnx-lin"}: 0.1.0 1543609962.44   5.641549754197462e-05
{"n": 14, "noise": "sc-better-t1", "circ": "cnx-lin"}: 0.1.0 1543610745.06   0.00010466497122200496
{"n": 14, "noise": "sc-better-t1", "circ": "cnx-lin"}: 0.1.0 1543611545.32   7.552816580784253e-05
{"n": 14, "noise": "sc-better-t1", "circ": "cnx-lin"}: 0.1.0 1543612304.88   1.1977600567622408e-05
{"n": 14, "noise": "sc-better-t1", "circ": "cnx-lin"}: 0.1.0 1543613095.26   0.00014701503767372955
{"n": 14, "noise": "sc-better-t1", "circ": "cnx-lin"}: 0.1.0 1543613862.14   1.055108786963477e-05
{"n": 14, "noise": "sc-better-t1", "circ": "cnx-lin"}: 0.1.0 1543614603.04   0.00011291256968942963
