=====
{"n": 14, "noise": "sc-better-gates", "circ": "cnx-btb"}: 0.1.0 1543473538.29   0.9997319100475378
{"n": 14, "noise": "sc-better-gates", "circ": "cnx-btb"}: 0.1.0 1543474833.38   0.9997358700313006
{"n": 14, "noise": "sc-better-gates", "circ": "cnx-btb"}: 0.1.0 1543476132.38   4.852070887341272e-06
{"n": 14, "noise": "sc-better-gates", "circ": "cnx-btb"}: 0.1.0 1543477426.53   0.0001280447560092206
{"n": 14, "noise": "sc-better-gates", "circ": "cnx-btb"}: 0.1.0 1543478711.11   0.999731998177728
{"n": 14, "noise": "sc-better-gates", "circ": "cnx-btb"}: 0.1.0 1543479993.78   0.9997378350671355
{"n": 14, "noise": "sc-better-gates", "circ": "cnx-btb"}: 0.1.0 1543481273.08   0.9997329995476215
{"n": 14, "noise": "sc-better-gates", "circ": "cnx-btb"}: 0.1.0 1543482547.56   0.9997339566296048
{"n": 14, "noise": "sc-better-gates", "circ": "cnx-btb"}: 0.1.0 1543483832.94   0.9997330722129378
{"n": 14, "noise": "sc-better-gates", "circ": "cnx-btb"}: 0.1.0 1543485122.95   0.24993842134586197
{"n": 14, "noise": "sc-better-gates", "circ": "cnx-btb"}: 0.1.0 1543486407.01   0.9997324665401189
{"n": 14, "noise": "sc-better-gates", "circ": "cnx-btb"}: 0.1.0 1543487699.13   0.9997334492352494
{"n": 14, "noise": "sc-better-gates", "circ": "cnx-btb"}: 0.1.0 1543489000.39   0.9997329334707694
{"n": 14, "noise": "sc-better-gates", "circ": "cnx-btb"}: 0.1.0 1543490286.58   0.9997288200448055
{"n": 14, "noise": "sc-better-gates", "circ": "cnx-btb"}: 0.1.0 1543491576.27   0.9997317860778708
{"n": 14, "noise": "sc-better-gates", "circ": "cnx-btb"}: 0.1.0 1543492868.06   0.9997319702202054
{"n": 14, "noise": "sc-better-gates", "circ": "cnx-btb"}: 0.1.0 1543494167.77   0.9997330086934342
{"n": 14, "noise": "sc-better-gates", "circ": "cnx-btb"}: 0.1.0 1543495454.97   0.9997316150592191
{"n": 14, "noise": "sc-better-gates", "circ": "cnx-btb"}: 0.1.0 1543496743.26   0.9997320715688799
{"n": 14, "noise": "sc-better-gates", "circ": "cnx-btb"}: 0.1.0 1543498031.26   6.324128607090867e-05
{"n": 14, "noise": "sc-better-gates", "circ": "cnx-btb"}: 0.1.0 1543499327.16   0.9997348442820955
{"n": 14, "noise": "sc-better-gates", "circ": "cnx-btb"}: 0.1.0 1543500620.63   0.999732295015999
{"n": 14, "noise": "sc-better-gates", "circ": "cnx-btb"}: 0.1.0 1543501915.60   0.9997322934989434
{"n": 14, "noise": "sc-better-gates", "circ": "cnx-btb"}: 0.1.0 1543503205.44   0.9997383613608091
{"n": 14, "noise": "sc-better-gates", "circ": "cnx-btb"}: 0.1.0 1543504495.36   0.9997308619757734
{"n": 14, "noise": "sc-better-gates", "circ": "cnx-btb"}: 0.1.0 1543505783.94   0.999735789734234
{"n": 14, "noise": "sc-better-gates", "circ": "cnx-btb"}: 0.1.0 1543507073.40   0.9997346209394607
{"n": 14, "noise": "sc-better-gates", "circ": "cnx-btb"}: 0.1.0 1543508356.23   5.391480417586163e-07
{"n": 14, "noise": "sc-better-gates", "circ": "cnx-btb"}: 0.1.0 1543509645.35   0.99973572003113
{"n": 14, "noise": "sc-better-gates", "circ": "cnx-btb"}: 0.1.0 1543510930.95   0.9997325235990976
{"n": 14, "noise": "sc-better-gates", "circ": "cnx-btb"}: 0.1.0 1543512213.15   2.2512427029299824e-05
{"n": 14, "noise": "sc-better-gates", "circ": "cnx-btb"}: 0.1.0 1543513497.28   0.9997335475995579
{"n": 14, "noise": "sc-better-gates", "circ": "cnx-btb"}: 0.1.0 1543514782.69   0.9997322709142206
{"n": 14, "noise": "sc-better-gates", "circ": "cnx-btb"}: 0.1.0 1543516076.19   0.9997387307371919
{"n": 14, "noise": "sc-better-gates", "circ": "cnx-btb"}: 0.1.0 1543517362.33   0.999733209130861
{"n": 14, "noise": "sc-better-gates", "circ": "cnx-btb"}: 0.1.0 1543518660.59   1.3046115648459106e-06
{"n": 14, "noise": "sc-better-gates", "circ": "cnx-btb"}: 0.1.0 1543519941.57   0.9997287332416923
{"n": 14, "noise": "sc-better-gates", "circ": "cnx-btb"}: 0.1.0 1543521229.21   0.9997322620507928
{"n": 14, "noise": "sc-better-gates", "circ": "cnx-btb"}: 0.1.0 1543522515.56   0.9997357618711716
{"n": 14, "noise": "sc-better-gates", "circ": "cnx-btb"}: 0.1.0 1543523807.76   9.59753298176125e-05
=====
{"n": 14, "noise": "sc-better-t1", "circ": "cnx-lin"}: 0.1.0 1543525738.95   0.0009191462521357244
{"n": 14, "noise": "sc-better-t1", "circ": "cnx-lin"}: 0.1.0 1543526570.70   4.345465619837649e-05
{"n": 14, "noise": "sc-better-t1", "circ": "cnx-lin"}: 0.1.0 1543527436.20   4.256363940231964e-05
{"n": 14, "noise": "sc-better-t1", "circ": "cnx-lin"}: 0.1.0 1543528272.22   0.00011793120235419774
{"n": 14, "noise": "sc-better-t1", "circ": "cnx-lin"}: 0.1.0 1543529181.65   0.00024956382549757477
{"n": 14, "noise": "sc-better-t1", "circ": "cnx-lin"}: 0.1.0 1543530053.36   0.00014964910922658371
{"n": 14, "noise": "sc-better-t1", "circ": "cnx-lin"}: 0.1.0 1543530872.07   1.5030450457009037e-05
{"n": 14, "noise": "sc-better-t1", "circ": "cnx-lin"}: 0.1.0 1543531794.88   3.347226964213791e-05
{"n": 14, "noise": "sc-better-t1", "circ": "cnx-lin"}: 0.1.0 1543532635.86   6.821841089365242e-06
{"n": 14, "noise": "sc-better-t1", "circ": "cnx-lin"}: 0.1.0 1543533532.06   1.313425928973226e-05
{"n": 14, "noise": "sc-better-t1", "circ": "cnx-lin"}: 0.1.0 1543534374.42   4.0363704347990305e-05
{"n": 14, "noise": "sc-better-t1", "circ": "cnx-lin"}: 0.1.0 1543535157.87   6.463111160764626e-05
{"n": 14, "noise": "sc-better-t1", "circ": "cnx-lin"}: 0.1.0 1543536022.40   3.9848061649980573e-05
{"n": 14, "noise": "sc-better-t1", "circ": "cnx-lin"}: 0.1.0 1543536932.96   0.00013288517660422892
{"n": 14, "noise": "sc-better-t1", "circ": "cnx-lin"}: 0.1.0 1543537753.58   3.167398461093359e-05
{"n": 14, "noise": "sc-better-t1", "circ": "cnx-lin"}: 0.1.0 1543538643.85   7.887412790190252e-05
=====
{"n": 14, "noise": "sc-better-gates", "circ": "cnx-btb"}: 0.1.0 1543540193.18   0.9997339612535717
{"n": 14, "noise": "sc-better-gates", "circ": "cnx-btb"}: 0.1.0 1543541483.13   0.0
{"n": 14, "noise": "sc-better-gates", "circ": "cnx-btb"}: 0.1.0 1543542770.25   0.9997354367934576
{"n": 14, "noise": "sc-better-gates", "circ": "cnx-btb"}: 0.1.0 1543544056.62   0.9997321413870609
{"n": 14, "noise": "sc-better-gates", "circ": "cnx-btb"}: 0.1.0 1543545340.07   0.9997320756740797
{"n": 14, "noise": "sc-better-gates", "circ": "cnx-btb"}: 0.1.0 1543546623.60   0.9997407522436664
=====
{"n": 14, "noise": "sc-better-t1", "circ": "cnx-btb"}: 0.1.0 1543548893.98   1.7090196240294614e-05
{"n": 14, "noise": "sc-better-t1", "circ": "cnx-btb"}: 0.1.0 1543550191.95   0.9999973249497969
{"n": 14, "noise": "sc-better-t1", "circ": "cnx-btb"}: 0.1.0 1543551494.08   3.115767001425958e-06
{"n": 14, "noise": "sc-better-t1", "circ": "cnx-btb"}: 0.1.0 1543552788.98   2.699664855401839e-07
{"n": 14, "noise": "sc-better-t1", "circ": "cnx-btb"}: 0.1.0 1543554084.73   0.999997351177046
{"n": 14, "noise": "sc-better-t1", "circ": "cnx-btb"}: 0.1.0 1543555377.43   6.307808335334176e-06
{"n": 14, "noise": "sc-better-t1", "circ": "cnx-btb"}: 0.1.0 1543556683.71   0.999997279398594
{"n": 14, "noise": "sc-better-t1", "circ": "cnx-btb"}: 0.1.0 1543557974.22   2.5061603257187936e-05
{"n": 14, "noise": "sc-better-t1", "circ": "cnx-btb"}: 0.1.0 1543559277.48   4.3267326948061944e-05
{"n": 14, "noise": "sc-better-t1", "circ": "cnx-btb"}: 0.1.0 1543560572.94   0.054179558997424854
{"n": 14, "noise": "sc-better-t1", "circ": "cnx-btb"}: 0.1.0 1543561869.20   8.620679284828061e-05
{"n": 14, "noise": "sc-better-t1", "circ": "cnx-btb"}: 0.1.0 1543563160.88   1.074582901928001e-05
{"n": 14, "noise": "sc-better-t1", "circ": "cnx-btb"}: 0.1.0 1543564450.57   0.11421777796848054
{"n": 14, "noise": "sc-better-t1", "circ": "cnx-btb"}: 0.1.0 1543565737.38   0.9999973077701897
{"n": 14, "noise": "sc-better-t1", "circ": "cnx-btb"}: 0.1.0 1543567036.00   2.76899204467637e-05
{"n": 14, "noise": "sc-better-t1", "circ": "cnx-btb"}: 0.1.0 1543568328.32   0.06084361531502547
{"n": 14, "noise": "sc-better-t1", "circ": "cnx-btb"}: 0.1.0 1543569614.63   0.9999972154103722
{"n": 14, "noise": "sc-better-t1", "circ": "cnx-btb"}: 0.1.0 1543570904.38   0.99999740069155
{"n": 14, "noise": "sc-better-t1", "circ": "cnx-btb"}: 0.1.0 1543572198.44   0.0015542115645515529
{"n": 14, "noise": "sc-better-t1", "circ": "cnx-btb"}: 0.1.0 1543573491.93   0.9999973019784978
{"n": 14, "noise": "sc-better-t1", "circ": "cnx-btb"}: 0.1.0 1543574779.79   0.9999973327211649
{"n": 14, "noise": "sc-better-t1", "circ": "cnx-btb"}: 0.1.0 1543576076.87   0.9999972415722052
{"n": 14, "noise": "sc-better-t1", "circ": "cnx-btb"}: 0.1.0 1543577368.00   0.9999974310745741
{"n": 14, "noise": "sc-better-t1", "circ": "cnx-btb"}: 0.1.0 1543578650.85   0.999997304051276
{"n": 14, "noise": "sc-better-t1", "circ": "cnx-btb"}: 0.1.0 1543579943.21   2.9103034665290377e-06
{"n": 14, "noise": "sc-better-t1", "circ": "cnx-btb"}: 0.1.0 1543581231.95   1.8938421854732726e-05
{"n": 14, "noise": "sc-better-t1", "circ": "cnx-btb"}: 0.1.0 1543582519.74   0.0480717929877661
{"n": 14, "noise": "sc-better-t1", "circ": "cnx-btb"}: 0.1.0 1543583809.45   0.9999973482481017
{"n": 14, "noise": "sc-better-t1", "circ": "cnx-btb"}: 0.1.0 1543585103.69   0.9999973443388618
{"n": 14, "noise": "sc-better-t1", "circ": "cnx-btb"}: 0.1.0 1543586393.43   0.9999972576156512
{"n": 14, "noise": "sc-better-t1", "circ": "cnx-btb"}: 0.1.0 1543587683.66   0.9999974637001482
{"n": 14, "noise": "sc-better-t1", "circ": "cnx-btb"}: 0.1.0 1543588972.53   0.999997424637055
{"n": 14, "noise": "sc-better-t1", "circ": "cnx-btb"}: 0.1.0 1543590268.61   0.9999974308830443
{"n": 14, "noise": "sc-better-t1", "circ": "cnx-btb"}: 0.1.0 1543591548.54   5.698265621631767e-06
{"n": 14, "noise": "sc-better-t1", "circ": "cnx-btb"}: 0.1.0 1543592834.67   0.9999972683138328
{"n": 14, "noise": "sc-better-t1", "circ": "cnx-btb"}: 0.1.0 1543594123.40   5.468328477741498e-06
{"n": 14, "noise": "sc-better-t1", "circ": "cnx-btb"}: 0.1.0 1543595407.58   0.9999973799242989
{"n": 14, "noise": "sc-better-t1", "circ": "cnx-btb"}: 0.1.0 1543596703.16   0.9999972690669157
{"n": 14, "noise": "sc-better-t1", "circ": "cnx-btb"}: 0.1.0 1543597985.91   0.9999972654060655
{"n": 14, "noise": "sc-better-t1", "circ": "cnx-btb"}: 0.1.0 1543599277.70   0.9999973298970648
{"n": 14, "noise": "sc-better-t1", "circ": "cnx-btb"}: 0.1.0 1543600563.00   0.9999972483692293
{"n": 14, "noise": "sc-better-t1", "circ": "cnx-btb"}: 0.1.0 1543601851.97   0.00764923758839508
{"n": 14, "noise": "sc-better-t1", "circ": "cnx-btb"}: 0.1.0 1543603139.36   0.9999973182061969
{"n": 14, "noise": "sc-better-t1", "circ": "cnx-btb"}: 0.1.0 1543604426.81   0.9999972786627893
{"n": 14, "noise": "sc-better-t1", "circ": "cnx-btb"}: 0.1.0 1543605722.43   0.08580178668925187
{"n": 14, "noise": "sc-better-t1", "circ": "cnx-btb"}: 0.1.0 1543607012.33   0.999997235507536
{"n": 14, "noise": "sc-better-t1", "circ": "cnx-btb"}: 0.1.0 1543608302.53   0.9999972469908257
{"n": 14, "noise": "sc-better-t1", "circ": "cnx-btb"}: 0.1.0 1543609590.07   0.99999723605273
{"n": 14, "noise": "sc-better-t1", "circ": "cnx-btb"}: 0.1.0 1543610876.32   0.999997226299919
{"n": 14, "noise": "sc-better-t1", "circ": "cnx-btb"}: 0.1.0 1543612174.53   2.2568138296285503e-06
{"n": 14, "noise": "sc-better-t1", "circ": "cnx-btb"}: 0.1.0 1543613463.16   1.3392994077188956e-05
{"n": 14, "noise": "sc-better-t1", "circ": "cnx-btb"}: 0.1.0 1543614756.48   0.9999973447541795
