=====
{"n": 14, "noise": "sc-better-t1-and-gates", "circ": "cnx-lin"}: 0.1.0 1543473075.38   0.99841986824455
{"n": 14, "noise": "sc-better-t1-and-gates", "circ": "cnx-lin"}: 0.1.0 1543473874.23   0.00014044351351711636
{"n": 14, "noise": "sc-better-t1-and-gates", "circ": "cnx-lin"}: 0.1.0 1543474667.80   3.879257617210242e-05
{"n": 14, "noise": "sc-better-t1-and-gates", "circ": "cnx-lin"}: 0.1.0 1543475328.28   0.9984034228601641
{"n": 14, "noise": "sc-better-t1-and-gates", "circ": "cnx-lin"}: 0.1.0 1543476048.86   3.353369525297052e-05
{"n": 14, "noise": "sc-better-t1-and-gates", "circ": "cnx-lin"}: 0.1.0 1543476755.53   0.9984330782551954
{"n": 14, "noise": "sc-better-t1-and-gates", "circ": "cnx-lin"}: 0.1.0 1543477480.92   1.7467616845794508e-07
{"n": 14, "noise": "sc-better-t1-and-gates", "circ": "cnx-lin"}: 0.1.0 1543478197.38   0.9984669337674534
{"n": 14, "noise": "sc-better-t1-and-gates", "circ": "cnx-lin"}: 0.1.0 1543478900.00   0.9984272470273721
{"n": 14, "noise": "sc-better-t1-and-gates", "circ": "cnx-lin"}: 0.1.0 1543479637.04   0.00025304849805067223
{"n": 14, "noise": "sc-better-t1-and-gates", "circ": "cnx-lin"}: 0.1.0 1543480351.11   0.9984407347640742
{"n": 14, "noise": "sc-better-t1-and-gates", "circ": "cnx-lin"}: 0.1.0 1543481099.70   8.721762582026435e-05
{"n": 14, "noise": "sc-better-t1-and-gates", "circ": "cnx-lin"}: 0.1.0 1543481763.25   4.011442590579961e-05
{"n": 14, "noise": "sc-better-t1-and-gates", "circ": "cnx-lin"}: 0.1.0 1543482529.85   0.9983906840859106
{"n": 14, "noise": "sc-better-t1-and-gates", "circ": "cnx-lin"}: 0.1.0 1543483313.36   2.6263266511153216e-05
{"n": 14, "noise": "sc-better-t1-and-gates", "circ": "cnx-lin"}: 0.1.0 1543484041.85   9.157316521719039e-07
{"n": 14, "noise": "sc-better-t1-and-gates", "circ": "cnx-lin"}: 0.1.0 1543484759.32   0.9984379589004542
{"n": 14, "noise": "sc-better-t1-and-gates", "circ": "cnx-lin"}: 0.1.0 1543485542.01   0.00011543968195295677
{"n": 14, "noise": "sc-better-t1-and-gates", "circ": "cnx-lin"}: 0.1.0 1543486323.63   0.00014800843069094762
{"n": 14, "noise": "sc-better-t1-and-gates", "circ": "cnx-lin"}: 0.1.0 1543487127.84   0.00011629146288928388
{"n": 14, "noise": "sc-better-t1-and-gates", "circ": "cnx-lin"}: 0.1.0 1543487956.22   0.00016462293262155738
{"n": 14, "noise": "sc-better-t1-and-gates", "circ": "cnx-lin"}: 0.1.0 1543488826.40   0.00011417655288735276
{"n": 14, "noise": "sc-better-t1-and-gates", "circ": "cnx-lin"}: 0.1.0 1543489693.74   2.6443605354380974e-07
{"n": 14, "noise": "sc-better-t1-and-gates", "circ": "cnx-lin"}: 0.1.0 1543490508.05   0.00032408051125862346
{"n": 14, "noise": "sc-better-t1-and-gates", "circ": "cnx-lin"}: 0.1.0 1543491341.30   0.00020258388918797078
{"n": 14, "noise": "sc-better-t1-and-gates", "circ": "cnx-lin"}: 0.1.0 1543492123.45   3.820412011259283e-06
{"n": 14, "noise": "sc-better-t1-and-gates", "circ": "cnx-lin"}: 0.1.0 1543492931.90   4.146698214902085e-05
{"n": 14, "noise": "sc-better-t1-and-gates", "circ": "cnx-lin"}: 0.1.0 1543493755.29   0.9984578597324432
{"n": 14, "noise": "sc-better-t1-and-gates", "circ": "cnx-lin"}: 0.1.0 1543494604.19   4.723097480794986e-06
{"n": 14, "noise": "sc-better-t1-and-gates", "circ": "cnx-lin"}: 0.1.0 1543495451.15   9.646370539041904e-05
{"n": 14, "noise": "sc-better-t1-and-gates", "circ": "cnx-lin"}: 0.1.0 1543496279.60   0.2523033282495412
{"n": 14, "noise": "sc-better-t1-and-gates", "circ": "cnx-lin"}: 0.1.0 1543497217.00   1.0968418493762919e-05
{"n": 14, "noise": "sc-better-t1-and-gates", "circ": "cnx-lin"}: 0.1.0 1543498067.46   0.00010983280451331952
{"n": 14, "noise": "sc-better-t1-and-gates", "circ": "cnx-lin"}: 0.1.0 1543498880.83   0.006264323550028172
{"n": 14, "noise": "sc-better-t1-and-gates", "circ": "cnx-lin"}: 0.1.0 1543499707.26   8.03704363129015e-06
{"n": 14, "noise": "sc-better-t1-and-gates", "circ": "cnx-lin"}: 0.1.0 1543500558.99   8.188072548777311e-05
{"n": 14, "noise": "sc-better-t1-and-gates", "circ": "cnx-lin"}: 0.1.0 1543501437.98   0.9984309937364625
{"n": 14, "noise": "sc-better-t1-and-gates", "circ": "cnx-lin"}: 0.1.0 1543502326.62   8.415452986701433e-05
{"n": 14, "noise": "sc-better-t1-and-gates", "circ": "cnx-lin"}: 0.1.0 1543503255.51   0.9984291961160714
{"n": 14, "noise": "sc-better-t1-and-gates", "circ": "cnx-lin"}: 0.1.0 1543504086.64   3.494620872095791e-05
{"n": 14, "noise": "sc-better-t1-and-gates", "circ": "cnx-lin"}: 0.1.0 1543504897.50   0.9984454327207182
{"n": 14, "noise": "sc-better-t1-and-gates", "circ": "cnx-lin"}: 0.1.0 1543505782.06   2.878949772779344e-05
{"n": 14, "noise": "sc-better-t1-and-gates", "circ": "cnx-lin"}: 0.1.0 1543506617.41   1.7845571364183545e-05
{"n": 14, "noise": "sc-better-t1-and-gates", "circ": "cnx-lin"}: 0.1.0 1543507497.54   0.9984518156851472
{"n": 14, "noise": "sc-better-t1-and-gates", "circ": "cnx-lin"}: 0.1.0 1543508459.48   4.406278269830815e-05
{"n": 14, "noise": "sc-better-t1-and-gates", "circ": "cnx-lin"}: 0.1.0 1543509256.42   2.7696042545781846e-05
{"n": 14, "noise": "sc-better-t1-and-gates", "circ": "cnx-lin"}: 0.1.0 1543510086.50   0.00019501848343550258
{"n": 14, "noise": "sc-better-t1-and-gates", "circ": "cnx-lin"}: 0.1.0 1543510907.83   0.9983992298162002
{"n": 14, "noise": "sc-better-t1-and-gates", "circ": "cnx-lin"}: 0.1.0 1543511768.35   9.493343094365329e-05
{"n": 14, "noise": "sc-better-t1-and-gates", "circ": "cnx-lin"}: 0.1.0 1543512636.15   7.936780020447343e-05
{"n": 14, "noise": "sc-better-t1-and-gates", "circ": "cnx-lin"}: 0.1.0 1543513454.20   0.9984583772934643
{"n": 14, "noise": "sc-better-t1-and-gates", "circ": "cnx-lin"}: 0.1.0 1543514312.47   8.047450141734729e-05
{"n": 14, "noise": "sc-better-t1-and-gates", "circ": "cnx-lin"}: 0.1.0 1543515184.19   5.232564392495088e-05
{"n": 14, "noise": "sc-better-t1-and-gates", "circ": "cnx-lin"}: 0.1.0 1543516014.11   1.9107117088522538e-05
{"n": 14, "noise": "sc-better-t1-and-gates", "circ": "cnx-lin"}: 0.1.0 1543516894.53   0.9984078253745937
{"n": 14, "noise": "sc-better-t1-and-gates", "circ": "cnx-lin"}: 0.1.0 1543517822.30   1.1291245414953382e-05
{"n": 14, "noise": "sc-better-t1-and-gates", "circ": "cnx-lin"}: 0.1.0 1543518705.06   0.00017819358841120704
{"n": 14, "noise": "sc-better-t1-and-gates", "circ": "cnx-lin"}: 0.1.0 1543519542.59   0.9984363279711864
{"n": 14, "noise": "sc-better-t1-and-gates", "circ": "cnx-lin"}: 0.1.0 1543520334.29   4.1386183516750165e-06
{"n": 14, "noise": "sc-better-t1-and-gates", "circ": "cnx-lin"}: 0.1.0 1543521147.30   0.00014386337827947433
{"n": 14, "noise": "sc-better-t1-and-gates", "circ": "cnx-lin"}: 0.1.0 1543521994.57   0.0002121827730395929
{"n": 14, "noise": "sc-better-t1-and-gates", "circ": "cnx-lin"}: 0.1.0 1543522802.98   5.282050714966822e-05
{"n": 14, "noise": "sc-better-t1-and-gates", "circ": "cnx-lin"}: 0.1.0 1543523720.35   0.9984370429435305
=====
{"n": 14, "noise": "sc-better-t1-and-gates", "circ": "cnx-lin-borrowed-1"}: 0.1.0 1543525035.05   0.9998537901574027
{"n": 14, "noise": "sc-better-t1-and-gates", "circ": "cnx-lin-borrowed-1"}: 0.1.0 1543525207.21   0.9998495582454581
{"n": 14, "noise": "sc-better-t1-and-gates", "circ": "cnx-lin-borrowed-1"}: 0.1.0 1543525374.07   0.9998507510073547
{"n": 14, "noise": "sc-better-t1-and-gates", "circ": "cnx-lin-borrowed-1"}: 0.1.0 1543525535.46   0.9998507724176748
{"n": 14, "noise": "sc-better-t1-and-gates", "circ": "cnx-lin-borrowed-1"}: 0.1.0 1543525710.00   0.9998502730675124
{"n": 14, "noise": "sc-better-t1-and-gates", "circ": "cnx-lin-borrowed-1"}: 0.1.0 1543525885.14   0.9998516864484892
{"n": 14, "noise": "sc-better-t1-and-gates", "circ": "cnx-lin-borrowed-1"}: 0.1.0 1543526054.38   0.9998485358892656
{"n": 14, "noise": "sc-better-t1-and-gates", "circ": "cnx-lin-borrowed-1"}: 0.1.0 1543526216.86   0.9998497182315425
{"n": 14, "noise": "sc-better-t1-and-gates", "circ": "cnx-lin-borrowed-1"}: 0.1.0 1543526383.51   0.9998496231525467
{"n": 14, "noise": "sc-better-t1-and-gates", "circ": "cnx-lin-borrowed-1"}: 0.1.0 1543526554.47   0.9998519519873341
{"n": 14, "noise": "sc-better-t1-and-gates", "circ": "cnx-lin-borrowed-1"}: 0.1.0 1543526714.14   1.0805676302612288e-05
{"n": 14, "noise": "sc-better-t1-and-gates", "circ": "cnx-lin-borrowed-1"}: 0.1.0 1543526873.29   1.089408307450653e-06
{"n": 14, "noise": "sc-better-t1-and-gates", "circ": "cnx-lin-borrowed-1"}: 0.1.0 1543527048.88   0.9998505338485378
{"n": 14, "noise": "sc-better-t1-and-gates", "circ": "cnx-lin-borrowed-1"}: 0.1.0 1543527226.83   4.97279177688841e-06
{"n": 14, "noise": "sc-better-t1-and-gates", "circ": "cnx-lin-borrowed-1"}: 0.1.0 1543527391.17   7.25444336719886e-07
{"n": 14, "noise": "sc-better-t1-and-gates", "circ": "cnx-lin-borrowed-1"}: 0.1.0 1543527567.82   0.9998528323749268
{"n": 14, "noise": "sc-better-t1-and-gates", "circ": "cnx-lin-borrowed-1"}: 0.1.0 1543527722.65   0.9998534102818499
{"n": 14, "noise": "sc-better-t1-and-gates", "circ": "cnx-lin-borrowed-1"}: 0.1.0 1543527893.43   0.9998510925129699
{"n": 14, "noise": "sc-better-t1-and-gates", "circ": "cnx-lin-borrowed-1"}: 0.1.0 1543528054.76   0.9998506169256068
{"n": 14, "noise": "sc-better-t1-and-gates", "circ": "cnx-lin-borrowed-1"}: 0.1.0 1543528220.65   0.9998506851084058
{"n": 14, "noise": "sc-better-t1-and-gates", "circ": "cnx-lin-borrowed-1"}: 0.1.0 1543528392.97   0.9998512625635518
{"n": 14, "noise": "sc-better-t1-and-gates", "circ": "cnx-lin-borrowed-1"}: 0.1.0 1543528553.42   0.0001047334174835494
{"n": 14, "noise": "sc-better-t1-and-gates", "circ": "cnx-lin-borrowed-1"}: 0.1.0 1543528720.33   0.9998506843669857
{"n": 14, "noise": "sc-better-t1-and-gates", "circ": "cnx-lin-borrowed-1"}: 0.1.0 1543528896.10   3.9433521328169904e-05
{"n": 14, "noise": "sc-better-t1-and-gates", "circ": "cnx-lin-borrowed-1"}: 0.1.0 1543529056.68   0.9998508699002635
{"n": 14, "noise": "sc-better-t1-and-gates", "circ": "cnx-lin-borrowed-1"}: 0.1.0 1543529235.05   1.5710174984786437e-05
{"n": 14, "noise": "sc-better-t1-and-gates", "circ": "cnx-lin-borrowed-1"}: 0.1.0 1543529415.50   0.9998513072673709
{"n": 14, "noise": "sc-better-t1-and-gates", "circ": "cnx-lin-borrowed-1"}: 0.1.0 1543529591.56   0.9998507420962202
{"n": 14, "noise": "sc-better-t1-and-gates", "circ": "cnx-lin-borrowed-1"}: 0.1.0 1543529764.71   0.9998498178372462
{"n": 14, "noise": "sc-better-t1-and-gates", "circ": "cnx-lin-borrowed-1"}: 0.1.0 1543529926.44   0.9998511872718076
{"n": 14, "noise": "sc-better-t1-and-gates", "circ": "cnx-lin-borrowed-1"}: 0.1.0 1543530106.97   0.9998507048827595
{"n": 14, "noise": "sc-better-t1-and-gates", "circ": "cnx-lin-borrowed-1"}: 0.1.0 1543530283.98   0.9998510268556934
{"n": 14, "noise": "sc-better-t1-and-gates", "circ": "cnx-lin-borrowed-1"}: 0.1.0 1543530460.45   0.9998509177707559
{"n": 14, "noise": "sc-better-t1-and-gates", "circ": "cnx-lin-borrowed-1"}: 0.1.0 1543530631.07   0.9998496997191852
{"n": 14, "noise": "sc-better-t1-and-gates", "circ": "cnx-lin-borrowed-1"}: 0.1.0 1543530797.72   6.296037501765295e-06
{"n": 14, "noise": "sc-better-t1-and-gates", "circ": "cnx-lin-borrowed-1"}: 0.1.0 1543530960.24   0.9998513759845228
{"n": 14, "noise": "sc-better-t1-and-gates", "circ": "cnx-lin-borrowed-1"}: 0.1.0 1543531126.82   0.9998504784508683
{"n": 14, "noise": "sc-better-t1-and-gates", "circ": "cnx-lin-borrowed-1"}: 0.1.0 1543531280.38   0.9998512619755549
{"n": 14, "noise": "sc-better-t1-and-gates", "circ": "cnx-lin-borrowed-1"}: 0.1.0 1543531460.50   0.9998506107174381
{"n": 14, "noise": "sc-better-t1-and-gates", "circ": "cnx-lin-borrowed-1"}: 0.1.0 1543531640.19   0.9998494979660497
{"n": 14, "noise": "sc-better-t1-and-gates", "circ": "cnx-lin-borrowed-1"}: 0.1.0 1543531803.89   0.00012034120563212369
{"n": 14, "noise": "sc-better-t1-and-gates", "circ": "cnx-lin-borrowed-1"}: 0.1.0 1543531974.50   0.9998506326714415
{"n": 14, "noise": "sc-better-t1-and-gates", "circ": "cnx-lin-borrowed-1"}: 0.1.0 1543532146.11   0.99985102497984
{"n": 14, "noise": "sc-better-t1-and-gates", "circ": "cnx-lin-borrowed-1"}: 0.1.0 1543532315.76   3.0206023453664045e-05
{"n": 14, "noise": "sc-better-t1-and-gates", "circ": "cnx-lin-borrowed-1"}: 0.1.0 1543532470.62   0.9998493797686768
{"n": 14, "noise": "sc-better-t1-and-gates", "circ": "cnx-lin-borrowed-1"}: 0.1.0 1543532637.26   0.9998511457036402
{"n": 14, "noise": "sc-better-t1-and-gates", "circ": "cnx-lin-borrowed-1"}: 0.1.0 1543532800.41   0.9998507108935849
{"n": 14, "noise": "sc-better-t1-and-gates", "circ": "cnx-lin-borrowed-1"}: 0.1.0 1543532973.87   6.471820587160321e-06
{"n": 14, "noise": "sc-better-t1-and-gates", "circ": "cnx-lin-borrowed-1"}: 0.1.0 1543533152.83   0.9998514148709993
{"n": 14, "noise": "sc-better-t1-and-gates", "circ": "cnx-lin-borrowed-1"}: 0.1.0 1543533322.09   0.9998524933995541
{"n": 14, "noise": "sc-better-t1-and-gates", "circ": "cnx-lin-borrowed-1"}: 0.1.0 1543533490.27   0.9998507126196389
{"n": 14, "noise": "sc-better-t1-and-gates", "circ": "cnx-lin-borrowed-1"}: 0.1.0 1543533663.44   0.9998534029489857
{"n": 14, "noise": "sc-better-t1-and-gates", "circ": "cnx-lin-borrowed-1"}: 0.1.0 1543533831.14   0.9998500383334205
{"n": 14, "noise": "sc-better-t1-and-gates", "circ": "cnx-lin-borrowed-1"}: 0.1.0 1543533996.56   0.999851465309108
{"n": 14, "noise": "sc-better-t1-and-gates", "circ": "cnx-lin-borrowed-1"}: 0.1.0 1543534163.47   0.9998522551256809
{"n": 14, "noise": "sc-better-t1-and-gates", "circ": "cnx-lin-borrowed-1"}: 0.1.0 1543534336.09   0.9998503538514878
{"n": 14, "noise": "sc-better-t1-and-gates", "circ": "cnx-lin-borrowed-1"}: 0.1.0 1543534512.40   1.05179661762897e-05
{"n": 14, "noise": "sc-better-t1-and-gates", "circ": "cnx-lin-borrowed-1"}: 0.1.0 1543534683.39   5.176797386634728e-05
{"n": 14, "noise": "sc-better-t1-and-gates", "circ": "cnx-lin-borrowed-1"}: 0.1.0 1543534858.60   0.9998489504197565
{"n": 14, "noise": "sc-better-t1-and-gates", "circ": "cnx-lin-borrowed-1"}: 0.1.0 1543535029.62   0.9998522389178348
{"n": 14, "noise": "sc-better-t1-and-gates", "circ": "cnx-lin-borrowed-1"}: 0.1.0 1543535196.97   0.9998495463968288
{"n": 14, "noise": "sc-better-t1-and-gates", "circ": "cnx-lin-borrowed-1"}: 0.1.0 1543535365.96   4.96294108374663e-06
{"n": 14, "noise": "sc-better-t1-and-gates", "circ": "cnx-lin-borrowed-1"}: 0.1.0 1543535535.24   0.9998489197718969
{"n": 14, "noise": "sc-better-t1-and-gates", "circ": "cnx-lin-borrowed-1"}: 0.1.0 1543535704.85   2.3315090324781284e-05
{"n": 14, "noise": "sc-better-t1-and-gates", "circ": "cnx-lin-borrowed-1"}: 0.1.0 1543535866.40   0.9998508041984492
{"n": 14, "noise": "sc-better-t1-and-gates", "circ": "cnx-lin-borrowed-1"}: 0.1.0 1543536033.04   0.9998509269678785
{"n": 14, "noise": "sc-better-t1-and-gates", "circ": "cnx-lin-borrowed-1"}: 0.1.0 1543536202.05   0.9998503323376464
{"n": 14, "noise": "sc-better-t1-and-gates", "circ": "cnx-lin-borrowed-1"}: 0.1.0 1543536372.00   0.9998505799717708
{"n": 14, "noise": "sc-better-t1-and-gates", "circ": "cnx-lin-borrowed-1"}: 0.1.0 1543536545.13   8.266523746830587e-05
{"n": 14, "noise": "sc-better-t1-and-gates", "circ": "cnx-lin-borrowed-1"}: 0.1.0 1543536709.02   0.999850756196827
{"n": 14, "noise": "sc-better-t1-and-gates", "circ": "cnx-lin-borrowed-1"}: 0.1.0 1543536886.37   0.9998502196759802
{"n": 14, "noise": "sc-better-t1-and-gates", "circ": "cnx-lin-borrowed-1"}: 0.1.0 1543537074.05   0.9998510081891195
{"n": 14, "noise": "sc-better-t1-and-gates", "circ": "cnx-lin-borrowed-1"}: 0.1.0 1543537245.72   0.9998509266545406
{"n": 14, "noise": "sc-better-t1-and-gates", "circ": "cnx-lin-borrowed-1"}: 0.1.0 1543537418.01   0.9998508729794884
{"n": 14, "noise": "sc-better-t1-and-gates", "circ": "cnx-lin-borrowed-1"}: 0.1.0 1543537597.82   0.9998502894151343
{"n": 14, "noise": "sc-better-t1-and-gates", "circ": "cnx-lin-borrowed-1"}: 0.1.0 1543537773.57   0.9998509622620915
{"n": 14, "noise": "sc-better-t1-and-gates", "circ": "cnx-lin-borrowed-1"}: 0.1.0 1543537955.15   0.9998511974496846
{"n": 14, "noise": "sc-better-t1-and-gates", "circ": "cnx-lin-borrowed-1"}: 0.1.0 1543538117.32   0.9998487899229577
{"n": 14, "noise": "sc-better-t1-and-gates", "circ": "cnx-lin-borrowed-1"}: 0.1.0 1543538278.93   0.9998522465970826
{"n": 14, "noise": "sc-better-t1-and-gates", "circ": "cnx-lin-borrowed-1"}: 0.1.0 1543538457.63   0.9998518429988313
{"n": 14, "noise": "sc-better-t1-and-gates", "circ": "cnx-lin-borrowed-1"}: 0.1.0 1543538632.27   0.9998518690593237
{"n": 14, "noise": "sc-better-t1-and-gates", "circ": "cnx-lin-borrowed-1"}: 0.1.0 1543538799.02   0.9998508214689699
=====
{"n": 14, "noise": "sc-better-t1-and-gates", "circ": "cnx-lin"}: 0.1.0 1543539686.11   0.9983942367724578
{"n": 14, "noise": "sc-better-t1-and-gates", "circ": "cnx-lin"}: 0.1.0 1543540560.78   0.9984680164928371
{"n": 14, "noise": "sc-better-t1-and-gates", "circ": "cnx-lin"}: 0.1.0 1543541378.91   0.99843593888863
{"n": 14, "noise": "sc-better-t1-and-gates", "circ": "cnx-lin"}: 0.1.0 1543542193.88   9.714188052716028e-05
{"n": 14, "noise": "sc-better-t1-and-gates", "circ": "cnx-lin"}: 0.1.0 1543543023.95   0.998419336644306
{"n": 14, "noise": "sc-better-t1-and-gates", "circ": "cnx-lin"}: 0.1.0 1543543844.85   1.3433042609304927e-05
{"n": 14, "noise": "sc-better-t1-and-gates", "circ": "cnx-lin"}: 0.1.0 1543544692.66   0.9984079941382218
{"n": 14, "noise": "sc-better-t1-and-gates", "circ": "cnx-lin"}: 0.1.0 1543545530.53   0.00011636566626444887
{"n": 14, "noise": "sc-better-t1-and-gates", "circ": "cnx-lin"}: 0.1.0 1543546377.69   1.7452236207071184e-05
{"n": 14, "noise": "sc-better-t1-and-gates", "circ": "cnx-lin"}: 0.1.0 1543547239.44   3.272739104439325e-05
=====
{"n": 14, "noise": "sc-better-t1", "circ": "cnx-lin"}: 0.1.0 1543548390.32   0.00012513305641891466
{"n": 14, "noise": "sc-better-t1", "circ": "cnx-lin"}: 0.1.0 1543549232.68   9.98837230840462e-06
{"n": 14, "noise": "sc-better-t1", "circ": "cnx-lin"}: 0.1.0 1543550021.68   0.00018072818053913253
{"n": 14, "noise": "sc-better-t1", "circ": "cnx-lin"}: 0.1.0 1543550840.08   5.285550006159388e-05
{"n": 14, "noise": "sc-better-t1", "circ": "cnx-lin"}: 0.1.0 1543551610.57   6.989167113932402e-05
{"n": 14, "noise": "sc-better-t1", "circ": "cnx-lin"}: 0.1.0 1543552413.97   4.88830871140712e-05
{"n": 14, "noise": "sc-better-t1", "circ": "cnx-lin"}: 0.1.0 1543553257.09   1.4151251211800353e-05
{"n": 14, "noise": "sc-better-t1", "circ": "cnx-lin"}: 0.1.0 1543554122.71   0.00010079363164690491
{"n": 14, "noise": "sc-better-t1", "circ": "cnx-lin"}: 0.1.0 1543554932.98   1.2772756306903087e-05
{"n": 14, "noise": "sc-better-t1", "circ": "cnx-lin"}: 0.1.0 1543555765.01   4.5337757043092454e-06
{"n": 14, "noise": "sc-better-t1", "circ": "cnx-lin"}: 0.1.0 1543556603.23   8.622088764742115e-05
{"n": 14, "noise": "sc-better-t1", "circ": "cnx-lin"}: 0.1.0 1543557355.68   3.13381049899841e-05
{"n": 14, "noise": "sc-better-t1", "circ": "cnx-lin"}: 0.1.0 1543558207.76   6.937263558657602e-06
{"n": 14, "noise": "sc-better-t1", "circ": "cnx-lin"}: 0.1.0 1543559007.23   0.0002107381307511983
{"n": 14, "noise": "sc-better-t1", "circ": "cnx-lin"}: 0.1.0 1543559807.05   6.426760717024412e-05
{"n": 14, "noise": "sc-better-t1", "circ": "cnx-lin"}: 0.1.0 1543560604.29   9.82781141718045e-05
{"n": 14, "noise": "sc-better-t1", "circ": "cnx-lin"}: 0.1.0 1543561400.46   0.00012513188474768013
{"n": 14, "noise": "sc-better-t1", "circ": "cnx-lin"}: 0.1.0 1543562174.01   4.844838777300954e-05
{"n": 14, "noise": "sc-better-t1", "circ": "cnx-lin"}: 0.1.0 1543562961.36   1.2055791453282309e-05
{"n": 14, "noise": "sc-better-t1", "circ": "cnx-lin"}: 0.1.0 1543563764.46   5.2649224400525854e-05
{"n": 14, "noise": "sc-better-t1", "circ": "cnx-lin"}: 0.1.0 1543564577.98   0.00015476945692336763
{"n": 14, "noise": "sc-better-t1", "circ": "cnx-lin"}: 0.1.0 1543565387.08   5.681669872187298e-06
{"n": 14, "noise": "sc-better-t1", "circ": "cnx-lin"}: 0.1.0 1543566177.72   3.3730757811596023e-06
{"n": 14, "noise": "sc-better-t1", "circ": "cnx-lin"}: 0.1.0 1543566972.36   0.00017530184360134725
{"n": 14, "noise": "sc-better-t1", "circ": "cnx-lin"}: 0.1.0 1543567820.80   7.812418321265324e-06
{"n": 14, "noise": "sc-better-t1", "circ": "cnx-lin"}: 0.1.0 1543568603.97   8.956621966614861e-05
{"n": 14, "noise": "sc-better-t1", "circ": "cnx-lin"}: 0.1.0 1543569379.38   6.495457274156125e-05
{"n": 14, "noise": "sc-better-t1", "circ": "cnx-lin"}: 0.1.0 1543570157.45   0.00012034005507285928
{"n": 14, "noise": "sc-better-t1", "circ": "cnx-lin"}: 0.1.0 1543570958.67   1.0212403200246231e-05
{"n": 14, "noise": "sc-better-t1", "circ": "cnx-lin"}: 0.1.0 1543571730.60   5.212506278977813e-05
{"n": 14, "noise": "sc-better-t1", "circ": "cnx-lin"}: 0.1.0 1543572482.84   5.102602089300433e-05
{"n": 14, "noise": "sc-better-t1", "circ": "cnx-lin"}: 0.1.0 1543573265.76   0.00016570056044130666
{"n": 14, "noise": "sc-better-t1", "circ": "cnx-lin"}: 0.1.0 1543574032.16   2.0961599799468754e-05
{"n": 14, "noise": "sc-better-t1", "circ": "cnx-lin"}: 0.1.0 1543574815.87   6.795718515174959e-05
{"n": 14, "noise": "sc-better-t1", "circ": "cnx-lin"}: 0.1.0 1543575603.75   3.3403717312802297e-06
{"n": 14, "noise": "sc-better-t1", "circ": "cnx-lin"}: 0.1.0 1543576386.81   0.00010983189070774272
{"n": 14, "noise": "sc-better-t1", "circ": "cnx-lin"}: 0.1.0 1543577207.26   6.442946624973178e-05
{"n": 14, "noise": "sc-better-t1", "circ": "cnx-lin"}: 0.1.0 1543578016.14   3.420394737222699e-05
{"n": 14, "noise": "sc-better-t1", "circ": "cnx-lin"}: 0.1.0 1543578793.16   7.5220370994037e-06
{"n": 14, "noise": "sc-better-t1", "circ": "cnx-lin"}: 0.1.0 1543579602.10   5.202375643723004e-05
{"n": 14, "noise": "sc-better-t1", "circ": "cnx-lin"}: 0.1.0 1543580409.99   2.4086145228756158e-05
{"n": 14, "noise": "sc-better-t1", "circ": "cnx-lin"}: 0.1.0 1543581241.18   2.6251871124860858e-05
{"n": 14, "noise": "sc-better-t1", "circ": "cnx-lin"}: 0.1.0 1543582063.07   8.069745018626385e-06
{"n": 14, "noise": "sc-better-t1", "circ": "cnx-lin"}: 0.1.0 1543582947.90   0.0003220727291325908
{"n": 14, "noise": "sc-better-t1", "circ": "cnx-lin"}: 0.1.0 1543583779.16   4.764421885247908e-06
{"n": 14, "noise": "sc-better-t1", "circ": "cnx-lin"}: 0.1.0 1543584589.25   2.684050113512367e-05
{"n": 14, "noise": "sc-better-t1", "circ": "cnx-lin"}: 0.1.0 1543585480.47   3.4875610424252074e-05
{"n": 14, "noise": "sc-better-t1", "circ": "cnx-lin"}: 0.1.0 1543586339.68   3.400648749149465e-07
{"n": 14, "noise": "sc-better-t1", "circ": "cnx-lin"}: 0.1.0 1543587209.05   3.8657476618929266e-05
{"n": 14, "noise": "sc-better-t1", "circ": "cnx-lin"}: 0.1.0 1543588061.56   0.0001349532655583577
{"n": 14, "noise": "sc-better-t1", "circ": "cnx-lin"}: 0.1.0 1543588936.06   6.771292707870775e-05
{"n": 14, "noise": "sc-better-t1", "circ": "cnx-lin"}: 0.1.0 1543589774.59   0.00025744042432694695
{"n": 14, "noise": "sc-better-t1", "circ": "cnx-lin"}: 0.1.0 1543590598.22   6.021056636917956e-05
{"n": 14, "noise": "sc-better-t1", "circ": "cnx-lin"}: 0.1.0 1543591408.95   1.3211398474722212e-05
{"n": 14, "noise": "sc-better-t1", "circ": "cnx-lin"}: 0.1.0 1543592165.64   6.462428285699744e-06
{"n": 14, "noise": "sc-better-t1", "circ": "cnx-lin"}: 0.1.0 1543592932.84   1.5588003618480997e-05
{"n": 14, "noise": "sc-better-t1", "circ": "cnx-lin"}: 0.1.0 1543593760.77   3.466385910430139e-05
{"n": 14, "noise": "sc-better-t1", "circ": "cnx-lin"}: 0.1.0 1543594448.39   1.053514743336612e-05
{"n": 14, "noise": "sc-better-t1", "circ": "cnx-lin"}: 0.1.0 1543595214.68   0.00024505335070375517
{"n": 14, "noise": "sc-better-t1", "circ": "cnx-lin"}: 0.1.0 1543596034.84   7.742409484519407e-05
{"n": 14, "noise": "sc-better-t1", "circ": "cnx-lin"}: 0.1.0 1543596889.51   2.096853607758486e-05
{"n": 14, "noise": "sc-better-t1", "circ": "cnx-lin"}: 0.1.0 1543597743.61   2.0979286699944062e-05
{"n": 14, "noise": "sc-better-t1", "circ": "cnx-lin"}: 0.1.0 1543598576.37   0.000257037339343743
{"n": 14, "noise": "sc-better-t1", "circ": "cnx-lin"}: 0.1.0 1543599408.32   7.731979079623891e-06
{"n": 14, "noise": "sc-better-t1", "circ": "cnx-lin"}: 0.1.0 1543600254.32   3.061667290282113e-05
{"n": 14, "noise": "sc-better-t1", "circ": "cnx-lin"}: 0.1.0 1543601040.93   2.1526632035673585e-06
{"n": 14, "noise": "sc-better-t1", "circ": "cnx-lin"}: 0.1.0 1543601958.07   2.9331062115922422e-05
{"n": 14, "noise": "sc-better-t1", "circ": "cnx-lin"}: 0.1.0 1543602819.13   6.361392949907127e-05
{"n": 14, "noise": "sc-better-t1", "circ": "cnx-lin"}: 0.1.0 1543603728.04   1.1887836014461397e-05
{"n": 14, "noise": "sc-better-t1", "circ": "cnx-lin"}: 0.1.0 1543604578.08   0.00016571646804137884
{"n": 14, "noise": "sc-better-t1", "circ": "cnx-lin"}: 0.1.0 1543605448.49   7.760740884114802e-05
{"n": 14, "noise": "sc-better-t1", "circ": "cnx-lin"}: 0.1.0 1543606387.84   5.4708499396018346e-05
{"n": 14, "noise": "sc-better-t1", "circ": "cnx-lin"}: 0.1.0 1543607300.42   4.888620654860643e-06
{"n": 14, "noise": "sc-better-t1", "circ": "cnx-lin"}: 0.1.0 1543608198.17   7.319631215616896e-05
{"n": 14, "noise": "sc-better-t1", "circ": "cnx-lin"}: 0.1.0 1543609086.56   0.00020734048245822827
{"n": 14, "noise": "sc-better-t1", "circ": "cnx-lin"}: 0.1.0 1543610064.72   6.899325387777229e-05
{"n": 14, "noise": "sc-better-t1", "circ": "cnx-lin"}: 0.1.0 1543610968.94   2.4297284950862312e-05
{"n": 14, "noise": "sc-better-t1", "circ": "cnx-lin"}: 0.1.0 1543611844.77   1.6082905187441576e-05
{"n": 14, "noise": "sc-better-t1", "circ": "cnx-lin"}: 0.1.0 1543612713.08   4.159403854572697e-05
{"n": 14, "noise": "sc-better-t1", "circ": "cnx-lin"}: 0.1.0 1543613602.18   1.4336213834550455e-05
{"n": 14, "noise": "sc-better-t1", "circ": "cnx-lin"}: 0.1.0 1543614446.23   5.552486308885628e-05
{"n": 14, "noise": "sc-better-t1", "circ": "cnx-lin"}: 0.1.0 1543615301.00   2.8635652258743232e-05
