=====
{"n": 14, "noise": "sc-better-gates", "circ": "cnx-lin-borrowed-1"}: 0.1.0 1543539140.40   1.6758308832542315e-05
{"n": 14, "noise": "sc-better-gates", "circ": "cnx-lin-borrowed-1"}: 0.1.0 1543539325.06   5.881185740929146e-05
{"n": 14, "noise": "sc-better-gates", "circ": "cnx-lin-borrowed-1"}: 0.1.0 1543539511.11   3.1864555940893966e-05
{"n": 14, "noise": "sc-better-gates", "circ": "cnx-lin-borrowed-1"}: 0.1.0 1543539700.28   6.268274764043771e-07
{"n": 14, "noise": "sc-better-gates", "circ": "cnx-lin-borrowed-1"}: 0.1.0 1543539884.72   0.00014424647450020486
{"n": 14, "noise": "sc-better-gates", "circ": "cnx-lin-borrowed-1"}: 0.1.0 1543540064.92   0.9849389711171251
{"n": 14, "noise": "sc-better-gates", "circ": "cnx-lin-borrowed-1"}: 0.1.0 1543540242.75   1.2778747686544118e-05
{"n": 14, "noise": "sc-better-gates", "circ": "cnx-lin-borrowed-1"}: 0.1.0 1543540418.44   0.9849960426619994
{"n": 14, "noise": "sc-better-gates", "circ": "cnx-lin-borrowed-1"}: 0.1.0 1543540611.98   6.149541916777793e-05
{"n": 14, "noise": "sc-better-gates", "circ": "cnx-lin-borrowed-1"}: 0.1.0 1543540808.31   2.113880674434679e-05
{"n": 14, "noise": "sc-better-gates", "circ": "cnx-lin-borrowed-1"}: 0.1.0 1543540973.63   2.623132043194688e-06
{"n": 14, "noise": "sc-better-gates", "circ": "cnx-lin-borrowed-1"}: 0.1.0 1543541151.40   3.998374950208206e-05
{"n": 14, "noise": "sc-better-gates", "circ": "cnx-lin-borrowed-1"}: 0.1.0 1543541331.80   4.602918301369151e-05
{"n": 14, "noise": "sc-better-gates", "circ": "cnx-lin-borrowed-1"}: 0.1.0 1543541501.46   5.621833357245933e-05
{"n": 14, "noise": "sc-better-gates", "circ": "cnx-lin-borrowed-1"}: 0.1.0 1543541667.80   0.9847715244374445
{"n": 14, "noise": "sc-better-gates", "circ": "cnx-lin-borrowed-1"}: 0.1.0 1543541846.85   1.2436932440633868e-05
{"n": 14, "noise": "sc-better-gates", "circ": "cnx-lin-borrowed-1"}: 0.1.0 1543542016.55   5.02336545441406e-05
{"n": 14, "noise": "sc-better-gates", "circ": "cnx-lin-borrowed-1"}: 0.1.0 1543542207.45   1.938519632833511e-05
{"n": 14, "noise": "sc-better-gates", "circ": "cnx-lin-borrowed-1"}: 0.1.0 1543542390.75   7.985055488189102e-06
{"n": 14, "noise": "sc-better-gates", "circ": "cnx-lin-borrowed-1"}: 0.1.0 1543542553.63   1.2145753987494528e-05
{"n": 14, "noise": "sc-better-gates", "circ": "cnx-lin-borrowed-1"}: 0.1.0 1543542725.57   0.9849560866653583
{"n": 14, "noise": "sc-better-gates", "circ": "cnx-lin-borrowed-1"}: 0.1.0 1543542916.58   9.53638835054734e-06
{"n": 14, "noise": "sc-better-gates", "circ": "cnx-lin-borrowed-1"}: 0.1.0 1543543106.84   0.9849079174894642
{"n": 14, "noise": "sc-better-gates", "circ": "cnx-lin-borrowed-1"}: 0.1.0 1543543279.82   0.9849434752961053
{"n": 14, "noise": "sc-better-gates", "circ": "cnx-lin-borrowed-1"}: 0.1.0 1543543468.68   3.8039428249903956e-05
{"n": 14, "noise": "sc-better-gates", "circ": "cnx-lin-borrowed-1"}: 0.1.0 1543543641.96   0.0001253180058815394
{"n": 14, "noise": "sc-better-gates", "circ": "cnx-lin-borrowed-1"}: 0.1.0 1543543809.46   2.1311872565066435e-05
{"n": 14, "noise": "sc-better-gates", "circ": "cnx-lin-borrowed-1"}: 0.1.0 1543543992.80   2.3475369636942004e-05
{"n": 14, "noise": "sc-better-gates", "circ": "cnx-lin-borrowed-1"}: 0.1.0 1543544165.67   2.4655498756470433e-05
{"n": 14, "noise": "sc-better-gates", "circ": "cnx-lin-borrowed-1"}: 0.1.0 1543544334.54   4.117846976795842e-05
{"n": 14, "noise": "sc-better-gates", "circ": "cnx-lin-borrowed-1"}: 0.1.0 1543544507.28   0.0001639377579476933
{"n": 14, "noise": "sc-better-gates", "circ": "cnx-lin-borrowed-1"}: 0.1.0 1543544701.28   3.156508911589755e-06
{"n": 14, "noise": "sc-better-gates", "circ": "cnx-lin-borrowed-1"}: 0.1.0 1543544893.74   0.9847748968057177
{"n": 14, "noise": "sc-better-gates", "circ": "cnx-lin-borrowed-1"}: 0.1.0 1543545073.52   0.9849592411247777
{"n": 14, "noise": "sc-better-gates", "circ": "cnx-lin-borrowed-1"}: 0.1.0 1543545245.90   4.932856443953659e-06
{"n": 14, "noise": "sc-better-gates", "circ": "cnx-lin-borrowed-1"}: 0.1.0 1543545425.05   0.00015144655150212136
{"n": 14, "noise": "sc-better-gates", "circ": "cnx-lin-borrowed-1"}: 0.1.0 1543545606.62   0.9852206061146354
{"n": 14, "noise": "sc-better-gates", "circ": "cnx-lin-borrowed-1"}: 0.1.0 1543545790.94   5.302670297536893e-05
{"n": 14, "noise": "sc-better-gates", "circ": "cnx-lin-borrowed-1"}: 0.1.0 1543545970.48   2.617902956853597e-05
{"n": 14, "noise": "sc-better-gates", "circ": "cnx-lin-borrowed-1"}: 0.1.0 1543546139.82   0.9849587856538081
{"n": 14, "noise": "sc-better-gates", "circ": "cnx-lin-borrowed-1"}: 0.1.0 1543546324.17   0.9847828374091391
{"n": 14, "noise": "sc-better-gates", "circ": "cnx-lin-borrowed-1"}: 0.1.0 1543546518.97   4.010393213452308e-06
{"n": 14, "noise": "sc-better-gates", "circ": "cnx-lin-borrowed-1"}: 0.1.0 1543546707.52   3.434745813707646e-05
{"n": 14, "noise": "sc-better-gates", "circ": "cnx-lin-borrowed-1"}: 0.1.0 1543546898.97   7.953603315189253e-06
{"n": 14, "noise": "sc-better-gates", "circ": "cnx-lin-borrowed-1"}: 0.1.0 1543547080.88   7.797745537336388e-05
{"n": 14, "noise": "sc-better-gates", "circ": "cnx-lin-borrowed-1"}: 0.1.0 1543547250.04   2.4592076549082246e-05
{"n": 14, "noise": "sc-better-gates", "circ": "cnx-lin-borrowed-1"}: 0.1.0 1543547434.43   0.9847362745387017
=====
{"n": 14, "noise": "sc-better-t1-and-gates", "circ": "cnx-lin"}: 0.1.0 1543548448.53   5.334471164406874e-05
{"n": 14, "noise": "sc-better-t1-and-gates", "circ": "cnx-lin"}: 0.1.0 1543549306.32   0.9984259177118379
{"n": 14, "noise": "sc-better-t1-and-gates", "circ": "cnx-lin"}: 0.1.0 1543550127.10   0.9984352616671003
{"n": 14, "noise": "sc-better-t1-and-gates", "circ": "cnx-lin"}: 0.1.0 1543550990.24   0.998409397005449
{"n": 14, "noise": "sc-better-t1-and-gates", "circ": "cnx-lin"}: 0.1.0 1543551850.01   2.5616163052069178e-05
{"n": 14, "noise": "sc-better-t1-and-gates", "circ": "cnx-lin"}: 0.1.0 1543552708.64   4.679233958092961e-05
{"n": 14, "noise": "sc-better-t1-and-gates", "circ": "cnx-lin"}: 0.1.0 1543553536.12   7.466004243362357e-05
{"n": 14, "noise": "sc-better-t1-and-gates", "circ": "cnx-lin"}: 0.1.0 1543554390.59   0.9984622262883182
{"n": 14, "noise": "sc-better-t1-and-gates", "circ": "cnx-lin"}: 0.1.0 1543555213.12   1.3458801992958237e-07
{"n": 14, "noise": "sc-better-t1-and-gates", "circ": "cnx-lin"}: 0.1.0 1543556101.65   0.9984204105175937
{"n": 14, "noise": "sc-better-t1-and-gates", "circ": "cnx-lin"}: 0.1.0 1543556911.41   5.6675160216292146e-05
{"n": 14, "noise": "sc-better-t1-and-gates", "circ": "cnx-lin"}: 0.1.0 1543557766.37   6.438183814273129e-05
{"n": 14, "noise": "sc-better-t1-and-gates", "circ": "cnx-lin"}: 0.1.0 1543558639.97   0.00014284118300335604
{"n": 14, "noise": "sc-better-t1-and-gates", "circ": "cnx-lin"}: 0.1.0 1543559506.05   0.00011678745993020258
{"n": 14, "noise": "sc-better-t1-and-gates", "circ": "cnx-lin"}: 0.1.0 1543560404.24   0.9984281280936806
{"n": 14, "noise": "sc-better-t1-and-gates", "circ": "cnx-lin"}: 0.1.0 1543561298.05   6.0127945061227255e-05
{"n": 14, "noise": "sc-better-t1-and-gates", "circ": "cnx-lin"}: 0.1.0 1543562204.86   5.915720197672071e-05
{"n": 14, "noise": "sc-better-t1-and-gates", "circ": "cnx-lin"}: 0.1.0 1543563102.94   6.9862775016052075e-06
{"n": 14, "noise": "sc-better-t1-and-gates", "circ": "cnx-lin"}: 0.1.0 1543564038.61   0.9984357322954481
{"n": 14, "noise": "sc-better-t1-and-gates", "circ": "cnx-lin"}: 0.1.0 1543564972.65   4.9531848320725194e-05
{"n": 14, "noise": "sc-better-t1-and-gates", "circ": "cnx-lin"}: 0.1.0 1543565880.43   0.9984280240438279
{"n": 14, "noise": "sc-better-t1-and-gates", "circ": "cnx-lin"}: 0.1.0 1543566794.54   0.00015239644241894345
{"n": 14, "noise": "sc-better-t1-and-gates", "circ": "cnx-lin"}: 0.1.0 1543567723.68   1.702535539058144e-05
{"n": 14, "noise": "sc-better-t1-and-gates", "circ": "cnx-lin"}: 0.1.0 1543568680.62   7.532218505029812e-06
{"n": 14, "noise": "sc-better-t1-and-gates", "circ": "cnx-lin"}: 0.1.0 1543569571.06   6.462095922642241e-05
{"n": 14, "noise": "sc-better-t1-and-gates", "circ": "cnx-lin"}: 0.1.0 1543570493.25   1.6731582941372043e-05
{"n": 14, "noise": "sc-better-t1-and-gates", "circ": "cnx-lin"}: 0.1.0 1543571432.29   1.2070139526581911e-05
{"n": 14, "noise": "sc-better-t1-and-gates", "circ": "cnx-lin"}: 0.1.0 1543572403.94   0.9984414828501607
{"n": 14, "noise": "sc-better-t1-and-gates", "circ": "cnx-lin"}: 0.1.0 1543573331.02   0.9984437909342532
{"n": 14, "noise": "sc-better-t1-and-gates", "circ": "cnx-lin"}: 0.1.0 1543574204.12   5.3058917961577234e-05
{"n": 14, "noise": "sc-better-t1-and-gates", "circ": "cnx-lin"}: 0.1.0 1543575038.57   9.377266534300326e-05
{"n": 14, "noise": "sc-better-t1-and-gates", "circ": "cnx-lin"}: 0.1.0 1543575904.06   0.9984172040194041
{"n": 14, "noise": "sc-better-t1-and-gates", "circ": "cnx-lin"}: 0.1.0 1543576784.87   0.9984071574482942
{"n": 14, "noise": "sc-better-t1-and-gates", "circ": "cnx-lin"}: 0.1.0 1543577582.31   0.00013822436002729928
{"n": 14, "noise": "sc-better-t1-and-gates", "circ": "cnx-lin"}: 0.1.0 1543578344.50   3.097697791182601e-05
{"n": 14, "noise": "sc-better-t1-and-gates", "circ": "cnx-lin"}: 0.1.0 1543579296.37   0.9984083167876959
{"n": 14, "noise": "sc-better-t1-and-gates", "circ": "cnx-lin"}: 0.1.0 1543580189.60   8.069248308869602e-05
{"n": 14, "noise": "sc-better-t1-and-gates", "circ": "cnx-lin"}: 0.1.0 1543581148.01   5.893193353013315e-05
{"n": 14, "noise": "sc-better-t1-and-gates", "circ": "cnx-lin"}: 0.1.0 1543582053.71   0.9984232874336614
{"n": 14, "noise": "sc-better-t1-and-gates", "circ": "cnx-lin"}: 0.1.0 1543582948.55   0.9983929545173814
{"n": 14, "noise": "sc-better-t1-and-gates", "circ": "cnx-lin"}: 0.1.0 1543583792.72   0.9984391100089679
{"n": 14, "noise": "sc-better-t1-and-gates", "circ": "cnx-lin"}: 0.1.0 1543584689.23   3.9598874814654015e-05
{"n": 14, "noise": "sc-better-t1-and-gates", "circ": "cnx-lin"}: 0.1.0 1543585442.41   6.225906059820086e-05
{"n": 14, "noise": "sc-better-t1-and-gates", "circ": "cnx-lin"}: 0.1.0 1543586327.84   1.4293850698487717e-05
{"n": 14, "noise": "sc-better-t1-and-gates", "circ": "cnx-lin"}: 0.1.0 1543587161.06   0.9984361320011029
{"n": 14, "noise": "sc-better-t1-and-gates", "circ": "cnx-lin"}: 0.1.0 1543588023.10   7.271086103264929e-05
{"n": 14, "noise": "sc-better-t1-and-gates", "circ": "cnx-lin"}: 0.1.0 1543588801.12   0.00010372966837505391
{"n": 14, "noise": "sc-better-t1-and-gates", "circ": "cnx-lin"}: 0.1.0 1543589682.54   0.9984271854833746
{"n": 14, "noise": "sc-better-t1-and-gates", "circ": "cnx-lin"}: 0.1.0 1543590604.95   0.998458059345594
{"n": 14, "noise": "sc-better-t1-and-gates", "circ": "cnx-lin"}: 0.1.0 1543591442.37   0.9984354290342234
{"n": 14, "noise": "sc-better-t1-and-gates", "circ": "cnx-lin"}: 0.1.0 1543592301.56   2.766860623925503e-05
{"n": 14, "noise": "sc-better-t1-and-gates", "circ": "cnx-lin"}: 0.1.0 1543593141.25   0.9984515745853121
{"n": 14, "noise": "sc-better-t1-and-gates", "circ": "cnx-lin"}: 0.1.0 1543593967.37   5.148061403840413e-05
{"n": 14, "noise": "sc-better-t1-and-gates", "circ": "cnx-lin"}: 0.1.0 1543594825.30   2.279269933745052e-05
{"n": 14, "noise": "sc-better-t1-and-gates", "circ": "cnx-lin"}: 0.1.0 1543595670.05   0.9984322672560505
{"n": 14, "noise": "sc-better-t1-and-gates", "circ": "cnx-lin"}: 0.1.0 1543596517.47   2.0736348978520194e-05
{"n": 14, "noise": "sc-better-t1-and-gates", "circ": "cnx-lin"}: 0.1.0 1543597381.03   2.9767703362067828e-06
{"n": 14, "noise": "sc-better-t1-and-gates", "circ": "cnx-lin"}: 0.1.0 1543598268.14   3.903274479789956e-05
{"n": 14, "noise": "sc-better-t1-and-gates", "circ": "cnx-lin"}: 0.1.0 1543599057.46   0.0002750322387376169
{"n": 14, "noise": "sc-better-t1-and-gates", "circ": "cnx-lin"}: 0.1.0 1543599936.36   5.2639843313034735e-05
{"n": 14, "noise": "sc-better-t1-and-gates", "circ": "cnx-lin"}: 0.1.0 1543600819.45   2.2097930811872006e-05
{"n": 14, "noise": "sc-better-t1-and-gates", "circ": "cnx-lin"}: 0.1.0 1543601660.35   1.8424434444112838e-05
{"n": 14, "noise": "sc-better-t1-and-gates", "circ": "cnx-lin"}: 0.1.0 1543602544.07   1.432463108724618e-05
{"n": 14, "noise": "sc-better-t1-and-gates", "circ": "cnx-lin"}: 0.1.0 1543603448.82   0.0003091934116532089
{"n": 14, "noise": "sc-better-t1-and-gates", "circ": "cnx-lin"}: 0.1.0 1543604284.81   7.375055407628973e-06
{"n": 14, "noise": "sc-better-t1-and-gates", "circ": "cnx-lin"}: 0.1.0 1543605165.97   3.4746342392150936e-05
{"n": 14, "noise": "sc-better-t1-and-gates", "circ": "cnx-lin"}: 0.1.0 1543606056.33   2.6555283004255954e-05
{"n": 14, "noise": "sc-better-t1-and-gates", "circ": "cnx-lin"}: 0.1.0 1543606969.30   0.11231260072723875
{"n": 14, "noise": "sc-better-t1-and-gates", "circ": "cnx-lin"}: 0.1.0 1543607816.80   2.583572449515558e-06
{"n": 14, "noise": "sc-better-t1-and-gates", "circ": "cnx-lin"}: 0.1.0 1543608710.95   2.749999811057785e-05
{"n": 14, "noise": "sc-better-t1-and-gates", "circ": "cnx-lin"}: 0.1.0 1543609557.30   3.1577941441638825e-05
{"n": 14, "noise": "sc-better-t1-and-gates", "circ": "cnx-lin"}: 0.1.0 1543610333.82   4.997907385864345e-06
{"n": 14, "noise": "sc-better-t1-and-gates", "circ": "cnx-lin"}: 0.1.0 1543611170.32   8.649620650041709e-05
{"n": 14, "noise": "sc-better-t1-and-gates", "circ": "cnx-lin"}: 0.1.0 1543611990.83   0.00011508965164676816
{"n": 14, "noise": "sc-better-t1-and-gates", "circ": "cnx-lin"}: 0.1.0 1543612881.16   1.4347047460200776e-05
{"n": 14, "noise": "sc-better-t1-and-gates", "circ": "cnx-lin"}: 0.1.0 1543613691.39   0.031469382950708946
{"n": 14, "noise": "sc-better-t1-and-gates", "circ": "cnx-lin"}: 0.1.0 1543614560.03   0.00012032285973627774
