=====
{"n": 14, "noise": "sc", "circ": "cnx-lin-borrowed-1"}: 0.1.0 1543539131.97   2.186846266911451e-05
{"n": 14, "noise": "sc", "circ": "cnx-lin-borrowed-1"}: 0.1.0 1543539330.47   3.8105961220347903e-06
{"n": 14, "noise": "sc", "circ": "cnx-lin-borrowed-1"}: 0.1.0 1543539527.35   3.486100035216348e-06
{"n": 14, "noise": "sc", "circ": "cnx-lin-borrowed-1"}: 0.1.0 1543539730.06   6.851622827338005e-05
{"n": 14, "noise": "sc", "circ": "cnx-lin-borrowed-1"}: 0.1.0 1543539935.84   0.9850018415416544
{"n": 14, "noise": "sc", "circ": "cnx-lin-borrowed-1"}: 0.1.0 1543540130.15   0.9847247781541073
{"n": 14, "noise": "sc", "circ": "cnx-lin-borrowed-1"}: 0.1.0 1543540314.87   2.6027646354042812e-06
{"n": 14, "noise": "sc", "circ": "cnx-lin-borrowed-1"}: 0.1.0 1543540513.90   1.1045798373226194e-05
{"n": 14, "noise": "sc", "circ": "cnx-lin-borrowed-1"}: 0.1.0 1543540697.19   7.375602360461755e-05
{"n": 14, "noise": "sc", "circ": "cnx-lin-borrowed-1"}: 0.1.0 1543540875.51   1.6247397022806795e-06
{"n": 14, "noise": "sc", "circ": "cnx-lin-borrowed-1"}: 0.1.0 1543541056.94   0.984880429888572
{"n": 14, "noise": "sc", "circ": "cnx-lin-borrowed-1"}: 0.1.0 1543541260.96   4.835657032731179e-05
{"n": 14, "noise": "sc", "circ": "cnx-lin-borrowed-1"}: 0.1.0 1543541445.70   4.9271398534661886e-05
{"n": 14, "noise": "sc", "circ": "cnx-lin-borrowed-1"}: 0.1.0 1543541622.07   6.565359905784303e-05
{"n": 14, "noise": "sc", "circ": "cnx-lin-borrowed-1"}: 0.1.0 1543541821.26   1.0270428416299239e-05
{"n": 14, "noise": "sc", "circ": "cnx-lin-borrowed-1"}: 0.1.0 1543542009.01   2.1340482064539046e-05
{"n": 14, "noise": "sc", "circ": "cnx-lin-borrowed-1"}: 0.1.0 1543542209.46   0.9849068403338798
{"n": 14, "noise": "sc", "circ": "cnx-lin-borrowed-1"}: 0.1.0 1543542425.82   0.9847738647914472
{"n": 14, "noise": "sc", "circ": "cnx-lin-borrowed-1"}: 0.1.0 1543542622.27   3.514804630189986e-05
{"n": 14, "noise": "sc", "circ": "cnx-lin-borrowed-1"}: 0.1.0 1543542825.13   3.000950377967992e-06
{"n": 14, "noise": "sc", "circ": "cnx-lin-borrowed-1"}: 0.1.0 1543543037.33   0.0005422980395637686
{"n": 14, "noise": "sc", "circ": "cnx-lin-borrowed-1"}: 0.1.0 1543543214.53   4.172539406166338e-06
{"n": 14, "noise": "sc", "circ": "cnx-lin-borrowed-1"}: 0.1.0 1543543413.18   7.507072553762287e-05
{"n": 14, "noise": "sc", "circ": "cnx-lin-borrowed-1"}: 0.1.0 1543543609.17   1.3242161860298352e-05
{"n": 14, "noise": "sc", "circ": "cnx-lin-borrowed-1"}: 0.1.0 1543543803.90   2.085815528264385e-05
{"n": 14, "noise": "sc", "circ": "cnx-lin-borrowed-1"}: 0.1.0 1543543999.44   2.879108121672263e-06
{"n": 14, "noise": "sc", "circ": "cnx-lin-borrowed-1"}: 0.1.0 1543544200.48   2.171812209316806e-05
{"n": 14, "noise": "sc", "circ": "cnx-lin-borrowed-1"}: 0.1.0 1543544396.79   0.9849350256303085
{"n": 14, "noise": "sc", "circ": "cnx-lin-borrowed-1"}: 0.1.0 1543544583.62   0.9848444035280317
{"n": 14, "noise": "sc", "circ": "cnx-lin-borrowed-1"}: 0.1.0 1543544784.95   6.13403402098027e-05
{"n": 14, "noise": "sc", "circ": "cnx-lin-borrowed-1"}: 0.1.0 1543544973.64   2.6934361074526852e-05
{"n": 14, "noise": "sc", "circ": "cnx-lin-borrowed-1"}: 0.1.0 1543545178.86   0.9849056449264282
{"n": 14, "noise": "sc", "circ": "cnx-lin-borrowed-1"}: 0.1.0 1543545387.16   1.8657542533980517e-05
{"n": 14, "noise": "sc", "circ": "cnx-lin-borrowed-1"}: 0.1.0 1543545588.22   2.9379875236196626e-05
{"n": 14, "noise": "sc", "circ": "cnx-lin-borrowed-1"}: 0.1.0 1543545780.48   4.7157218077985645e-06
{"n": 14, "noise": "sc", "circ": "cnx-lin-borrowed-1"}: 0.1.0 1543545987.21   0.00010353508934614661
{"n": 14, "noise": "sc", "circ": "cnx-lin-borrowed-1"}: 0.1.0 1543546190.60   9.525161649120206e-06
{"n": 14, "noise": "sc", "circ": "cnx-lin-borrowed-1"}: 0.1.0 1543546378.63   7.488429470046643e-05
{"n": 14, "noise": "sc", "circ": "cnx-lin-borrowed-1"}: 0.1.0 1543546585.01   0.00023757601569276195
{"n": 14, "noise": "sc", "circ": "cnx-lin-borrowed-1"}: 0.1.0 1543546775.05   1.978249820439348e-05
{"n": 14, "noise": "sc", "circ": "cnx-lin-borrowed-1"}: 0.1.0 1543546965.54   9.307857818812542e-06
{"n": 14, "noise": "sc", "circ": "cnx-lin-borrowed-1"}: 0.1.0 1543547172.19   2.0626491927640846e-05
{"n": 14, "noise": "sc", "circ": "cnx-lin-borrowed-1"}: 0.1.0 1543547384.40   0.015440235827427587
=====
{"n": 14, "noise": "sc-better-gates", "circ": "cnx-lin"}: 0.1.0 1543548535.18   2.3526589388136063e-05
{"n": 14, "noise": "sc-better-gates", "circ": "cnx-lin"}: 0.1.0 1543549373.81   0.00010078806286186781
{"n": 14, "noise": "sc-better-gates", "circ": "cnx-lin"}: 0.1.0 1543550292.44   2.829301737843844e-05
{"n": 14, "noise": "sc-better-gates", "circ": "cnx-lin"}: 0.1.0 1543551225.56   2.40517805202101e-06
{"n": 14, "noise": "sc-better-gates", "circ": "cnx-lin"}: 0.1.0 1543552089.40   3.723271518839677e-05
{"n": 14, "noise": "sc-better-gates", "circ": "cnx-lin"}: 0.1.0 1543553055.41   3.7416215067422464e-05
{"n": 14, "noise": "sc-better-gates", "circ": "cnx-lin"}: 0.1.0 1543554047.98   3.089450998273294e-05
{"n": 14, "noise": "sc-better-gates", "circ": "cnx-lin"}: 0.1.0 1543554971.81   0.00010664583118579084
{"n": 14, "noise": "sc-better-gates", "circ": "cnx-lin"}: 0.1.0 1543555925.56   5.8561852785427836e-05
{"n": 14, "noise": "sc-better-gates", "circ": "cnx-lin"}: 0.1.0 1543556861.74   1.627316844493043e-05
{"n": 14, "noise": "sc-better-gates", "circ": "cnx-lin"}: 0.1.0 1543557788.76   4.5596371816631624e-05
{"n": 14, "noise": "sc-better-gates", "circ": "cnx-lin"}: 0.1.0 1543558720.28   0.00034194886169501576
{"n": 14, "noise": "sc-better-gates", "circ": "cnx-lin"}: 0.1.0 1543559624.24   0.00023329689653999052
{"n": 14, "noise": "sc-better-gates", "circ": "cnx-lin"}: 0.1.0 1543560575.04   9.828581289688954e-05
{"n": 14, "noise": "sc-better-gates", "circ": "cnx-lin"}: 0.1.0 1543561424.20   9.308285244558304e-05
{"n": 14, "noise": "sc-better-gates", "circ": "cnx-lin"}: 0.1.0 1543562301.19   6.0082322198271134e-05
{"n": 14, "noise": "sc-better-gates", "circ": "cnx-lin"}: 0.1.0 1543563164.41   9.120409163733772e-05
{"n": 14, "noise": "sc-better-gates", "circ": "cnx-lin"}: 0.1.0 1543564042.14   0.00015335977038579045
{"n": 14, "noise": "sc-better-gates", "circ": "cnx-lin"}: 0.1.0 1543564952.89   7.36203690357057e-05
{"n": 14, "noise": "sc-better-gates", "circ": "cnx-lin"}: 0.1.0 1543565826.15   4.4529399220087266e-05
{"n": 14, "noise": "sc-better-gates", "circ": "cnx-lin"}: 0.1.0 1543566651.79   3.7987394463222646e-05
{"n": 14, "noise": "sc-better-gates", "circ": "cnx-lin"}: 0.1.0 1543567508.96   3.905449762216509e-05
{"n": 14, "noise": "sc-better-gates", "circ": "cnx-lin"}: 0.1.0 1543568385.30   8.01482944714427e-05
{"n": 14, "noise": "sc-better-gates", "circ": "cnx-lin"}: 0.1.0 1543569309.95   7.028856197433186e-05
{"n": 14, "noise": "sc-better-gates", "circ": "cnx-lin"}: 0.1.0 1543570182.54   5.2591469654029675e-05
{"n": 14, "noise": "sc-better-gates", "circ": "cnx-lin"}: 0.1.0 1543571069.32   6.42178316317464e-05
{"n": 14, "noise": "sc-better-gates", "circ": "cnx-lin"}: 0.1.0 1543572001.78   3.432819773964118e-05
{"n": 14, "noise": "sc-better-gates", "circ": "cnx-lin"}: 0.1.0 1543572934.18   0.00012228527210767396
{"n": 14, "noise": "sc-better-gates", "circ": "cnx-lin"}: 0.1.0 1543573742.76   0.00011500372018294859
{"n": 14, "noise": "sc-better-gates", "circ": "cnx-lin"}: 0.1.0 1543574592.84   3.4547031075959344e-05
{"n": 14, "noise": "sc-better-gates", "circ": "cnx-lin"}: 0.1.0 1543575475.85   1.0491579671288409e-05
{"n": 14, "noise": "sc-better-gates", "circ": "cnx-lin"}: 0.1.0 1543576422.16   4.440538474082401e-05
{"n": 14, "noise": "sc-better-gates", "circ": "cnx-lin"}: 0.1.0 1543577256.19   2.042521785115299e-05
{"n": 14, "noise": "sc-better-gates", "circ": "cnx-lin"}: 0.1.0 1543578202.12   3.1686318003852066e-05
{"n": 14, "noise": "sc-better-gates", "circ": "cnx-lin"}: 0.1.0 1543579111.26   1.9164032501757848e-05
{"n": 14, "noise": "sc-better-gates", "circ": "cnx-lin"}: 0.1.0 1543580118.69   1.4774324644684829e-05
{"n": 14, "noise": "sc-better-gates", "circ": "cnx-lin"}: 0.1.0 1543581002.60   2.191774642600002e-05
{"n": 14, "noise": "sc-better-gates", "circ": "cnx-lin"}: 0.1.0 1543581873.84   7.167173750830283e-05
{"n": 14, "noise": "sc-better-gates", "circ": "cnx-lin"}: 0.1.0 1543582739.19   0.00011003942703903683
{"n": 14, "noise": "sc-better-gates", "circ": "cnx-lin"}: 0.1.0 1543583607.58   4.2834558334621704e-05
{"n": 14, "noise": "sc-better-gates", "circ": "cnx-lin"}: 0.1.0 1543584545.57   3.0326059551324457e-05
{"n": 14, "noise": "sc-better-gates", "circ": "cnx-lin"}: 0.1.0 1543585424.41   1.3226754339058957e-05
{"n": 14, "noise": "sc-better-gates", "circ": "cnx-lin"}: 0.1.0 1543586302.67   2.4444493942536587e-05
{"n": 14, "noise": "sc-better-gates", "circ": "cnx-lin"}: 0.1.0 1543587254.55   6.581415863915433e-05
{"n": 14, "noise": "sc-better-gates", "circ": "cnx-lin"}: 0.1.0 1543588199.38   6.43144010017536e-05
{"n": 14, "noise": "sc-better-gates", "circ": "cnx-lin"}: 0.1.0 1543589141.55   1.2400292913804904e-05
{"n": 14, "noise": "sc-better-gates", "circ": "cnx-lin"}: 0.1.0 1543590077.06   1.323627638540422e-05
{"n": 14, "noise": "sc-better-gates", "circ": "cnx-lin"}: 0.1.0 1543591043.38   9.504733549618693e-05
{"n": 14, "noise": "sc-better-gates", "circ": "cnx-lin"}: 0.1.0 1543591989.89   0.00023048978845471244
{"n": 14, "noise": "sc-better-gates", "circ": "cnx-lin"}: 0.1.0 1543592901.90   1.2056123805631862e-06
{"n": 14, "noise": "sc-better-gates", "circ": "cnx-lin"}: 0.1.0 1543593814.68   7.409983819862867e-06
{"n": 14, "noise": "sc-better-gates", "circ": "cnx-lin"}: 0.1.0 1543594677.92   1.2817502250186651e-06
{"n": 14, "noise": "sc-better-gates", "circ": "cnx-lin"}: 0.1.0 1543595573.62   1.890163314176057e-06
{"n": 14, "noise": "sc-better-gates", "circ": "cnx-lin"}: 0.1.0 1543596521.08   3.518997409891273e-05
{"n": 14, "noise": "sc-better-gates", "circ": "cnx-lin"}: 0.1.0 1543597452.83   9.573276859497965e-05
{"n": 14, "noise": "sc-better-gates", "circ": "cnx-lin"}: 0.1.0 1543598440.95   5.688818833943167e-07
{"n": 14, "noise": "sc-better-gates", "circ": "cnx-lin"}: 0.1.0 1543599500.02   0.0001228772242801781
{"n": 14, "noise": "sc-better-gates", "circ": "cnx-lin"}: 0.1.0 1543600546.24   7.33839407113679e-06
{"n": 14, "noise": "sc-better-gates", "circ": "cnx-lin"}: 0.1.0 1543601532.91   0.00010061879219117268
{"n": 14, "noise": "sc-better-gates", "circ": "cnx-lin"}: 0.1.0 1543602559.20   4.983338131313945e-05
{"n": 14, "noise": "sc-better-gates", "circ": "cnx-lin"}: 0.1.0 1543603537.40   1.1043823768044715e-05
{"n": 14, "noise": "sc-better-gates", "circ": "cnx-lin"}: 0.1.0 1543604502.75   0.0001067101855135976
{"n": 14, "noise": "sc-better-gates", "circ": "cnx-lin"}: 0.1.0 1543605421.42   1.426510914026594e-05
{"n": 14, "noise": "sc-better-gates", "circ": "cnx-lin"}: 0.1.0 1543606324.46   0.0001333023018073473
{"n": 14, "noise": "sc-better-gates", "circ": "cnx-lin"}: 0.1.0 1543607291.90   3.65579532778645e-05
{"n": 14, "noise": "sc-better-gates", "circ": "cnx-lin"}: 0.1.0 1543608269.76   4.3721176713761244e-06
{"n": 14, "noise": "sc-better-gates", "circ": "cnx-lin"}: 0.1.0 1543609160.44   0.00012633610541258578
{"n": 14, "noise": "sc-better-gates", "circ": "cnx-lin"}: 0.1.0 1543610104.37   0.00012272680404530967
{"n": 14, "noise": "sc-better-gates", "circ": "cnx-lin"}: 0.1.0 1543610998.50   4.172530057554945e-06
{"n": 14, "noise": "sc-better-gates", "circ": "cnx-lin"}: 0.1.0 1543611939.46   7.253837718625741e-05
{"n": 14, "noise": "sc-better-gates", "circ": "cnx-lin"}: 0.1.0 1543612906.29   1.1170148586617061e-06
{"n": 14, "noise": "sc-better-gates", "circ": "cnx-lin"}: 0.1.0 1543613899.60   1.4434561239868654e-06
{"n": 14, "noise": "sc-better-gates", "circ": "cnx-lin"}: 0.1.0 1543614873.57   6.62464809369148e-05
