=====
{"n": 14, "noise": "sc", "circ": "cnx-lin"}: 0.1.0 1543473094.81   9.244164204495753e-06
{"n": 14, "noise": "sc", "circ": "cnx-lin"}: 0.1.0 1543473918.54   2.251521478272309e-06
{"n": 14, "noise": "sc", "circ": "cnx-lin"}: 0.1.0 1543474745.22   6.016256805479937e-06
{"n": 14, "noise": "sc", "circ": "cnx-lin"}: 0.1.0 1543475539.86   0.00011579672500954773
{"n": 14, "noise": "sc", "circ": "cnx-lin"}: 0.1.0 1543476368.71   4.19017769256235e-06
{"n": 14, "noise": "sc", "circ": "cnx-lin"}: 0.1.0 1543477209.00   4.912490287204446e-05
{"n": 14, "noise": "sc", "circ": "cnx-lin"}: 0.1.0 1543478128.65   3.196276123624397e-05
{"n": 14, "noise": "sc", "circ": "cnx-lin"}: 0.1.0 1543479057.75   3.290764596920661e-05
{"n": 14, "noise": "sc", "circ": "cnx-lin"}: 0.1.0 1543479927.03   5.8071900983002464e-06
{"n": 14, "noise": "sc", "circ": "cnx-lin"}: 0.1.0 1543480758.22   1.2053770901265732e-06
{"n": 14, "noise": "sc", "circ": "cnx-lin"}: 0.1.0 1543481654.93   2.9329014777083372e-05
{"n": 14, "noise": "sc", "circ": "cnx-lin"}: 0.1.0 1543482545.77   6.51838846489657e-05
{"n": 14, "noise": "sc", "circ": "cnx-lin"}: 0.1.0 1543483360.49   2.966453784051479e-05
{"n": 14, "noise": "sc", "circ": "cnx-lin"}: 0.1.0 1543484180.22   0.0001289809351387406
{"n": 14, "noise": "sc", "circ": "cnx-lin"}: 0.1.0 1543485028.53   3.13061826601115e-05
{"n": 14, "noise": "sc", "circ": "cnx-lin"}: 0.1.0 1543485908.82   2.305189094695261e-05
{"n": 14, "noise": "sc", "circ": "cnx-lin"}: 0.1.0 1543486741.49   5.503098475802237e-05
{"n": 14, "noise": "sc", "circ": "cnx-lin"}: 0.1.0 1543487660.71   5.801584893714583e-05
{"n": 14, "noise": "sc", "circ": "cnx-lin"}: 0.1.0 1543488516.98   8.427891106309413e-05
{"n": 14, "noise": "sc", "circ": "cnx-lin"}: 0.1.0 1543489359.66   3.3088448010673514e-05
{"n": 14, "noise": "sc", "circ": "cnx-lin"}: 0.1.0 1543490229.00   1.2440185547196568e-05
{"n": 14, "noise": "sc", "circ": "cnx-lin"}: 0.1.0 1543491145.01   1.6321691167502516e-05
{"n": 14, "noise": "sc", "circ": "cnx-lin"}: 0.1.0 1543491998.76   6.076483097631194e-05
{"n": 14, "noise": "sc", "circ": "cnx-lin"}: 0.1.0 1543492880.81   6.0290549047518815e-05
{"n": 14, "noise": "sc", "circ": "cnx-lin"}: 0.1.0 1543493729.85   1.584955417477775e-05
{"n": 14, "noise": "sc", "circ": "cnx-lin"}: 0.1.0 1543494596.12   3.76554648802867e-05
{"n": 14, "noise": "sc", "circ": "cnx-lin"}: 0.1.0 1543495448.78   1.7342150566764607e-05
{"n": 14, "noise": "sc", "circ": "cnx-lin"}: 0.1.0 1543496290.67   4.972419211506958e-06
{"n": 14, "noise": "sc", "circ": "cnx-lin"}: 0.1.0 1543497084.39   0.00029383369761809374
{"n": 14, "noise": "sc", "circ": "cnx-lin"}: 0.1.0 1543497986.81   2.9831251403356266e-06
{"n": 14, "noise": "sc", "circ": "cnx-lin"}: 0.1.0 1543498863.74   1.1992390863558726e-06
{"n": 14, "noise": "sc", "circ": "cnx-lin"}: 0.1.0 1543499740.75   9.724966969715508e-06
{"n": 14, "noise": "sc", "circ": "cnx-lin"}: 0.1.0 1543500638.23   7.668615825382749e-05
{"n": 14, "noise": "sc", "circ": "cnx-lin"}: 0.1.0 1543501495.95   1.891571260072522e-05
{"n": 14, "noise": "sc", "circ": "cnx-lin"}: 0.1.0 1543502346.24   0.00015423672678523996
{"n": 14, "noise": "sc", "circ": "cnx-lin"}: 0.1.0 1543503172.51   8.155024868122984e-05
{"n": 14, "noise": "sc", "circ": "cnx-lin"}: 0.1.0 1543504033.10   2.1523015109130713e-05
{"n": 14, "noise": "sc", "circ": "cnx-lin"}: 0.1.0 1543504895.63   1.7721987957260874e-05
{"n": 14, "noise": "sc", "circ": "cnx-lin"}: 0.1.0 1543505737.27   3.2522227381094757e-06
{"n": 14, "noise": "sc", "circ": "cnx-lin"}: 0.1.0 1543506648.50   1.1138843016672936e-05
{"n": 14, "noise": "sc", "circ": "cnx-lin"}: 0.1.0 1543507550.27   2.5481436092178575e-05
{"n": 14, "noise": "sc", "circ": "cnx-lin"}: 0.1.0 1543508448.18   5.684631192467193e-05
{"n": 14, "noise": "sc", "circ": "cnx-lin"}: 0.1.0 1543509326.69   0.00011534643732074607
{"n": 14, "noise": "sc", "circ": "cnx-lin"}: 0.1.0 1543510225.57   7.949074903042376e-06
{"n": 14, "noise": "sc", "circ": "cnx-lin"}: 0.1.0 1543511125.96   2.1010775903646154e-06
{"n": 14, "noise": "sc", "circ": "cnx-lin"}: 0.1.0 1543512060.83   6.104635459581343e-05
{"n": 14, "noise": "sc", "circ": "cnx-lin"}: 0.1.0 1543513002.52   2.499422500811224e-06
{"n": 14, "noise": "sc", "circ": "cnx-lin"}: 0.1.0 1543513906.21   6.412030895255137e-05
{"n": 14, "noise": "sc", "circ": "cnx-lin"}: 0.1.0 1543514832.54   0.00010226691270786386
{"n": 14, "noise": "sc", "circ": "cnx-lin"}: 0.1.0 1543515746.20   4.6585932433591834e-05
{"n": 14, "noise": "sc", "circ": "cnx-lin"}: 0.1.0 1543516684.82   5.871737084555241e-07
{"n": 14, "noise": "sc", "circ": "cnx-lin"}: 0.1.0 1543517596.33   0.0001334407534489104
{"n": 14, "noise": "sc", "circ": "cnx-lin"}: 0.1.0 1543518523.74   0.00017422029967465295
{"n": 14, "noise": "sc", "circ": "cnx-lin"}: 0.1.0 1543519392.24   0.00013311154928921594
{"n": 14, "noise": "sc", "circ": "cnx-lin"}: 0.1.0 1543520312.53   8.019377630528858e-05
{"n": 14, "noise": "sc", "circ": "cnx-lin"}: 0.1.0 1543521217.68   2.078480721100369e-06
{"n": 14, "noise": "sc", "circ": "cnx-lin"}: 0.1.0 1543522128.81   1.6433859650819954e-05
{"n": 14, "noise": "sc", "circ": "cnx-lin"}: 0.1.0 1543522997.67   1.7934802999525724e-05
{"n": 14, "noise": "sc", "circ": "cnx-lin"}: 0.1.0 1543523842.40   5.3365130494655495e-05
=====
{"n": 14, "noise": "sc", "circ": "cnx-lin-borrowed-1"}: 0.1.0 1543525046.44   9.623882659440978e-05
{"n": 14, "noise": "sc", "circ": "cnx-lin-borrowed-1"}: 0.1.0 1543525240.70   0.9849609906789972
{"n": 14, "noise": "sc", "circ": "cnx-lin-borrowed-1"}: 0.1.0 1543525413.11   6.599399857515592e-05
{"n": 14, "noise": "sc", "circ": "cnx-lin-borrowed-1"}: 0.1.0 1543525599.58   0.9848531521823323
{"n": 14, "noise": "sc", "circ": "cnx-lin-borrowed-1"}: 0.1.0 1543525782.57   0.9848685367493963
{"n": 14, "noise": "sc", "circ": "cnx-lin-borrowed-1"}: 0.1.0 1543525959.99   2.091758291965143e-06
{"n": 14, "noise": "sc", "circ": "cnx-lin-borrowed-1"}: 0.1.0 1543526125.81   0.0004104899360717587
{"n": 14, "noise": "sc", "circ": "cnx-lin-borrowed-1"}: 0.1.0 1543526319.48   4.7673208244980886e-05
{"n": 14, "noise": "sc", "circ": "cnx-lin-borrowed-1"}: 0.1.0 1543526508.86   0.9846973426789524
{"n": 14, "noise": "sc", "circ": "cnx-lin-borrowed-1"}: 0.1.0 1543526683.51   0.0003008149165130805
{"n": 14, "noise": "sc", "circ": "cnx-lin-borrowed-1"}: 0.1.0 1543526867.09   5.072381350622587e-05
{"n": 14, "noise": "sc", "circ": "cnx-lin-borrowed-1"}: 0.1.0 1543527040.36   3.4709592692126737e-06
{"n": 14, "noise": "sc", "circ": "cnx-lin-borrowed-1"}: 0.1.0 1543527215.44   3.759385622711221e-05
{"n": 14, "noise": "sc", "circ": "cnx-lin-borrowed-1"}: 0.1.0 1543527389.21   3.505863325771818e-06
{"n": 14, "noise": "sc", "circ": "cnx-lin-borrowed-1"}: 0.1.0 1543527551.32   8.293517838152146e-05
{"n": 14, "noise": "sc", "circ": "cnx-lin-borrowed-1"}: 0.1.0 1543527721.81   0.0003339102403583059
{"n": 14, "noise": "sc", "circ": "cnx-lin-borrowed-1"}: 0.1.0 1543527897.91   3.626962808603075e-05
{"n": 14, "noise": "sc", "circ": "cnx-lin-borrowed-1"}: 0.1.0 1543528093.61   0.984929216239727
{"n": 14, "noise": "sc", "circ": "cnx-lin-borrowed-1"}: 0.1.0 1543528283.95   3.793986633822881e-06
{"n": 14, "noise": "sc", "circ": "cnx-lin-borrowed-1"}: 0.1.0 1543528463.39   3.4780806827481835e-05
{"n": 14, "noise": "sc", "circ": "cnx-lin-borrowed-1"}: 0.1.0 1543528628.33   8.810100328656399e-06
{"n": 14, "noise": "sc", "circ": "cnx-lin-borrowed-1"}: 0.1.0 1543528803.65   2.6928850746675347e-05
{"n": 14, "noise": "sc", "circ": "cnx-lin-borrowed-1"}: 0.1.0 1543528984.59   6.0127698127844544e-05
{"n": 14, "noise": "sc", "circ": "cnx-lin-borrowed-1"}: 0.1.0 1543529165.82   0.9849228534772267
{"n": 14, "noise": "sc", "circ": "cnx-lin-borrowed-1"}: 0.1.0 1543529340.44   1.2018152342090881e-05
{"n": 14, "noise": "sc", "circ": "cnx-lin-borrowed-1"}: 0.1.0 1543529507.55   4.350220227915863e-05
{"n": 14, "noise": "sc", "circ": "cnx-lin-borrowed-1"}: 0.1.0 1543529693.46   2.9974760413002427e-05
{"n": 14, "noise": "sc", "circ": "cnx-lin-borrowed-1"}: 0.1.0 1543529858.16   0.0001477590281120295
{"n": 14, "noise": "sc", "circ": "cnx-lin-borrowed-1"}: 0.1.0 1543530028.25   1.316926623227463e-05
{"n": 14, "noise": "sc", "circ": "cnx-lin-borrowed-1"}: 0.1.0 1543530199.69   3.529070725750053e-05
{"n": 14, "noise": "sc", "circ": "cnx-lin-borrowed-1"}: 0.1.0 1543530371.63   1.369247907064983e-05
{"n": 14, "noise": "sc", "circ": "cnx-lin-borrowed-1"}: 0.1.0 1543530549.96   1.5557129344394198e-05
{"n": 14, "noise": "sc", "circ": "cnx-lin-borrowed-1"}: 0.1.0 1543530734.90   0.9849196994988416
{"n": 14, "noise": "sc", "circ": "cnx-lin-borrowed-1"}: 0.1.0 1543530906.71   0.0007562860725267661
{"n": 14, "noise": "sc", "circ": "cnx-lin-borrowed-1"}: 0.1.0 1543531085.85   0.9849808494528682
{"n": 14, "noise": "sc", "circ": "cnx-lin-borrowed-1"}: 0.1.0 1543531267.09   2.654961795110466e-05
{"n": 14, "noise": "sc", "circ": "cnx-lin-borrowed-1"}: 0.1.0 1543531444.61   2.8734430189501747e-05
{"n": 14, "noise": "sc", "circ": "cnx-lin-borrowed-1"}: 0.1.0 1543531615.32   3.384197053894251e-05
{"n": 14, "noise": "sc", "circ": "cnx-lin-borrowed-1"}: 0.1.0 1543531788.13   1.694759431064351e-07
{"n": 14, "noise": "sc", "circ": "cnx-lin-borrowed-1"}: 0.1.0 1543531967.84   4.221032458937676e-05
{"n": 14, "noise": "sc", "circ": "cnx-lin-borrowed-1"}: 0.1.0 1543532152.53   1.1966950886330064e-06
{"n": 14, "noise": "sc", "circ": "cnx-lin-borrowed-1"}: 0.1.0 1543532335.84   2.8973237453310966e-05
{"n": 14, "noise": "sc", "circ": "cnx-lin-borrowed-1"}: 0.1.0 1543532526.93   6.292579909767429e-06
{"n": 14, "noise": "sc", "circ": "cnx-lin-borrowed-1"}: 0.1.0 1543532689.50   5.959777668045865e-05
{"n": 14, "noise": "sc", "circ": "cnx-lin-borrowed-1"}: 0.1.0 1543532865.03   2.42587224252079e-05
{"n": 14, "noise": "sc", "circ": "cnx-lin-borrowed-1"}: 0.1.0 1543533038.36   5.208483272460023e-05
{"n": 14, "noise": "sc", "circ": "cnx-lin-borrowed-1"}: 0.1.0 1543533216.01   4.5863972183946076e-05
{"n": 14, "noise": "sc", "circ": "cnx-lin-borrowed-1"}: 0.1.0 1543533395.72   1.4405190900025758e-05
{"n": 14, "noise": "sc", "circ": "cnx-lin-borrowed-1"}: 0.1.0 1543533577.62   4.8723007057936444e-05
{"n": 14, "noise": "sc", "circ": "cnx-lin-borrowed-1"}: 0.1.0 1543533768.30   7.3755032051833755e-06
{"n": 14, "noise": "sc", "circ": "cnx-lin-borrowed-1"}: 0.1.0 1543533955.86   1.996444107940996e-05
{"n": 14, "noise": "sc", "circ": "cnx-lin-borrowed-1"}: 0.1.0 1543534130.07   0.0001124672668195049
{"n": 14, "noise": "sc", "circ": "cnx-lin-borrowed-1"}: 0.1.0 1543534308.90   0.9848840952668887
{"n": 14, "noise": "sc", "circ": "cnx-lin-borrowed-1"}: 0.1.0 1543534479.67   0.000593926343093661
{"n": 14, "noise": "sc", "circ": "cnx-lin-borrowed-1"}: 0.1.0 1543534646.73   2.389332942723817e-05
{"n": 14, "noise": "sc", "circ": "cnx-lin-borrowed-1"}: 0.1.0 1543534829.78   5.757014933507269e-07
{"n": 14, "noise": "sc", "circ": "cnx-lin-borrowed-1"}: 0.1.0 1543535006.20   3.173750413475536e-05
{"n": 14, "noise": "sc", "circ": "cnx-lin-borrowed-1"}: 0.1.0 1543535178.10   1.4226381446480072e-05
{"n": 14, "noise": "sc", "circ": "cnx-lin-borrowed-1"}: 0.1.0 1543535360.75   1.3533247222299901e-06
{"n": 14, "noise": "sc", "circ": "cnx-lin-borrowed-1"}: 0.1.0 1543535544.73   1.9981037133242672e-05
{"n": 14, "noise": "sc", "circ": "cnx-lin-borrowed-1"}: 0.1.0 1543535729.78   3.439139688273757e-05
{"n": 14, "noise": "sc", "circ": "cnx-lin-borrowed-1"}: 0.1.0 1543535917.37   1.2011760517499622e-06
{"n": 14, "noise": "sc", "circ": "cnx-lin-borrowed-1"}: 0.1.0 1543536103.43   9.04088569126484e-05
{"n": 14, "noise": "sc", "circ": "cnx-lin-borrowed-1"}: 0.1.0 1543536279.69   1.9912211372662142e-05
{"n": 14, "noise": "sc", "circ": "cnx-lin-borrowed-1"}: 0.1.0 1543536461.63   0.9849269541102209
{"n": 14, "noise": "sc", "circ": "cnx-lin-borrowed-1"}: 0.1.0 1543536648.16   6.509623584880923e-05
{"n": 14, "noise": "sc", "circ": "cnx-lin-borrowed-1"}: 0.1.0 1543536835.57   8.03544627095276e-06
{"n": 14, "noise": "sc", "circ": "cnx-lin-borrowed-1"}: 0.1.0 1543537027.11   3.3580686285110997e-07
{"n": 14, "noise": "sc", "circ": "cnx-lin-borrowed-1"}: 0.1.0 1543537216.83   2.598241787490085e-06
{"n": 14, "noise": "sc", "circ": "cnx-lin-borrowed-1"}: 0.1.0 1543537401.19   8.49217757572162e-06
{"n": 14, "noise": "sc", "circ": "cnx-lin-borrowed-1"}: 0.1.0 1543537573.98   0.9849840544437337
{"n": 14, "noise": "sc", "circ": "cnx-lin-borrowed-1"}: 0.1.0 1543537745.79   9.519781417598317e-06
{"n": 14, "noise": "sc", "circ": "cnx-lin-borrowed-1"}: 0.1.0 1543537912.35   7.5597251775363175e-06
{"n": 14, "noise": "sc", "circ": "cnx-lin-borrowed-1"}: 0.1.0 1543538092.23   5.385887788075332e-06
{"n": 14, "noise": "sc", "circ": "cnx-lin-borrowed-1"}: 0.1.0 1543538274.85   6.144511901912545e-05
{"n": 14, "noise": "sc", "circ": "cnx-lin-borrowed-1"}: 0.1.0 1543538466.65   6.035269677842713e-06
{"n": 14, "noise": "sc", "circ": "cnx-lin-borrowed-1"}: 0.1.0 1543538643.63   0.9849679781240178
{"n": 14, "noise": "sc", "circ": "cnx-lin-borrowed-1"}: 0.1.0 1543538820.35   0.9847735173121106
=====
{"n": 14, "noise": "sc", "circ": "cnx-lin"}: 0.1.0 1543539774.45   2.505814993372448e-05
{"n": 14, "noise": "sc", "circ": "cnx-lin"}: 0.1.0 1543540615.63   1.986601637391342e-05
{"n": 14, "noise": "sc", "circ": "cnx-lin"}: 0.1.0 1543541502.03   0.00011208371456666283
{"n": 14, "noise": "sc", "circ": "cnx-lin"}: 0.1.0 1543542363.00   1.9953337313397205e-05
{"n": 14, "noise": "sc", "circ": "cnx-lin"}: 0.1.0 1543543236.29   0.00016310487635464504
{"n": 14, "noise": "sc", "circ": "cnx-lin"}: 0.1.0 1543544107.50   3.371436605566546e-05
{"n": 14, "noise": "sc", "circ": "cnx-lin"}: 0.1.0 1543544980.91   2.8350777193226772e-05
{"n": 14, "noise": "sc", "circ": "cnx-lin"}: 0.1.0 1543545824.14   9.020789488836245e-05
{"n": 14, "noise": "sc", "circ": "cnx-lin"}: 0.1.0 1543546692.97   4.4091079229354016e-05
=====
{"n": 14, "noise": "sc-better-t1-and-gates", "circ": "cnx-btb"}: 0.1.0 1543548910.76   0.9999972979964231
{"n": 14, "noise": "sc-better-t1-and-gates", "circ": "cnx-btb"}: 0.1.0 1543550224.19   0.9999973000400776
{"n": 14, "noise": "sc-better-t1-and-gates", "circ": "cnx-btb"}: 0.1.0 1543551535.23   0.9999973248036534
{"n": 14, "noise": "sc-better-t1-and-gates", "circ": "cnx-btb"}: 0.1.0 1543552857.95   0.99999725826359
{"n": 14, "noise": "sc-better-t1-and-gates", "circ": "cnx-btb"}: 0.1.0 1543554169.48   0.9999973154853179
{"n": 14, "noise": "sc-better-t1-and-gates", "circ": "cnx-btb"}: 0.1.0 1543555475.33   0.9999973651945606
{"n": 14, "noise": "sc-better-t1-and-gates", "circ": "cnx-btb"}: 0.1.0 1543556788.94   0.9999973907113949
{"n": 14, "noise": "sc-better-t1-and-gates", "circ": "cnx-btb"}: 0.1.0 1543558106.00   0.9999973538269606
{"n": 14, "noise": "sc-better-t1-and-gates", "circ": "cnx-btb"}: 0.1.0 1543559412.00   0.9999973354135165
{"n": 14, "noise": "sc-better-t1-and-gates", "circ": "cnx-btb"}: 0.1.0 1543560723.63   0.9999975064897019
{"n": 14, "noise": "sc-better-t1-and-gates", "circ": "cnx-btb"}: 0.1.0 1543562035.82   0.9999972390147742
{"n": 14, "noise": "sc-better-t1-and-gates", "circ": "cnx-btb"}: 0.1.0 1543563354.11   0.9999974328899233
{"n": 14, "noise": "sc-better-t1-and-gates", "circ": "cnx-btb"}: 0.1.0 1543564678.00   0.9999974478605157
{"n": 14, "noise": "sc-better-t1-and-gates", "circ": "cnx-btb"}: 0.1.0 1543565997.41   0.9999972903535929
{"n": 14, "noise": "sc-better-t1-and-gates", "circ": "cnx-btb"}: 0.1.0 1543567306.70   0.9999973740841067
{"n": 14, "noise": "sc-better-t1-and-gates", "circ": "cnx-btb"}: 0.1.0 1543568627.20   1.320832459128487e-05
{"n": 14, "noise": "sc-better-t1-and-gates", "circ": "cnx-btb"}: 0.1.0 1543569939.20   0.9999970842579753
{"n": 14, "noise": "sc-better-t1-and-gates", "circ": "cnx-btb"}: 0.1.0 1543571249.78   0.999997402781732
{"n": 14, "noise": "sc-better-t1-and-gates", "circ": "cnx-btb"}: 0.1.0 1543572567.36   0.9999971084827003
{"n": 14, "noise": "sc-better-t1-and-gates", "circ": "cnx-btb"}: 0.1.0 1543573884.33   0.9999974405126788
{"n": 14, "noise": "sc-better-t1-and-gates", "circ": "cnx-btb"}: 0.1.0 1543575192.83   0.9999974494074674
{"n": 14, "noise": "sc-better-t1-and-gates", "circ": "cnx-btb"}: 0.1.0 1543576502.36   0.9999972080223888
{"n": 14, "noise": "sc-better-t1-and-gates", "circ": "cnx-btb"}: 0.1.0 1543577814.45   0.9999975358685554
{"n": 14, "noise": "sc-better-t1-and-gates", "circ": "cnx-btb"}: 0.1.0 1543579127.47   0.9999975058699957
{"n": 14, "noise": "sc-better-t1-and-gates", "circ": "cnx-btb"}: 0.1.0 1543580441.14   0.9999972362514402
{"n": 14, "noise": "sc-better-t1-and-gates", "circ": "cnx-btb"}: 0.1.0 1543581754.91   1.264942386216445e-06
{"n": 14, "noise": "sc-better-t1-and-gates", "circ": "cnx-btb"}: 0.1.0 1543583071.35   0.9999973631180238
{"n": 14, "noise": "sc-better-t1-and-gates", "circ": "cnx-btb"}: 0.1.0 1543584384.94   0.9999973007054458
{"n": 14, "noise": "sc-better-t1-and-gates", "circ": "cnx-btb"}: 0.1.0 1543585697.28   0.9999973093526231
{"n": 14, "noise": "sc-better-t1-and-gates", "circ": "cnx-btb"}: 0.1.0 1543587015.25   0.9999974819163477
{"n": 14, "noise": "sc-better-t1-and-gates", "circ": "cnx-btb"}: 0.1.0 1543588342.13   0.9999971991737543
{"n": 14, "noise": "sc-better-t1-and-gates", "circ": "cnx-btb"}: 0.1.0 1543589655.59   0.99999745528941
{"n": 14, "noise": "sc-better-t1-and-gates", "circ": "cnx-btb"}: 0.1.0 1543590972.33   0.9999972774135583
{"n": 14, "noise": "sc-better-t1-and-gates", "circ": "cnx-btb"}: 0.1.0 1543592292.02   0.9999973614076026
{"n": 14, "noise": "sc-better-t1-and-gates", "circ": "cnx-btb"}: 0.1.0 1543593611.46   0.9999973867275658
{"n": 14, "noise": "sc-better-t1-and-gates", "circ": "cnx-btb"}: 0.1.0 1543594929.85   0.9999972076198029
{"n": 14, "noise": "sc-better-t1-and-gates", "circ": "cnx-btb"}: 0.1.0 1543596250.05   0.9999973936091596
{"n": 14, "noise": "sc-better-t1-and-gates", "circ": "cnx-btb"}: 0.1.0 1543597576.15   0.9999973643913342
{"n": 14, "noise": "sc-better-t1-and-gates", "circ": "cnx-btb"}: 0.1.0 1543598885.92   0.9999973715721994
{"n": 14, "noise": "sc-better-t1-and-gates", "circ": "cnx-btb"}: 0.1.0 1543600206.91   2.4558533266380013e-05
{"n": 14, "noise": "sc-better-t1-and-gates", "circ": "cnx-btb"}: 0.1.0 1543601527.80   0.9999973757830237
{"n": 14, "noise": "sc-better-t1-and-gates", "circ": "cnx-btb"}: 0.1.0 1543602851.87   0.99999734386349
{"n": 14, "noise": "sc-better-t1-and-gates", "circ": "cnx-btb"}: 0.1.0 1543604168.21   0.9999974905210155
{"n": 14, "noise": "sc-better-t1-and-gates", "circ": "cnx-btb"}: 0.1.0 1543605484.78   0.9999973350208767
{"n": 14, "noise": "sc-better-t1-and-gates", "circ": "cnx-btb"}: 0.1.0 1543606806.25   0.9999974027509
{"n": 14, "noise": "sc-better-t1-and-gates", "circ": "cnx-btb"}: 0.1.0 1543608127.34   0.9999974369328352
{"n": 14, "noise": "sc-better-t1-and-gates", "circ": "cnx-btb"}: 0.1.0 1543609449.92   0.9999972229365244
{"n": 14, "noise": "sc-better-t1-and-gates", "circ": "cnx-btb"}: 0.1.0 1543610765.47   0.9999974890889859
{"n": 14, "noise": "sc-better-t1-and-gates", "circ": "cnx-btb"}: 0.1.0 1543612082.37   0.9999972574558808
{"n": 14, "noise": "sc-better-t1-and-gates", "circ": "cnx-btb"}: 0.1.0 1543613407.92   0.9999972225299317
{"n": 14, "noise": "sc-better-t1-and-gates", "circ": "cnx-btb"}: 0.1.0 1543614732.71   0.9999973208382694
