=====
{"n": 14, "noise": "sc", "circ": "cnx-btb"}: 0.1.0 1543473553.71   0.02310489009866104
{"n": 14, "noise": "sc", "circ": "cnx-btb"}: 0.1.0 1543474859.51   0.9997331289027748
{"n": 14, "noise": "sc", "circ": "cnx-btb"}: 0.1.0 1543476166.17   0.9997274450336296
{"n": 14, "noise": "sc", "circ": "cnx-btb"}: 0.1.0 1543477475.72   0.9997391689885797
{"n": 14, "noise": "sc", "circ": "cnx-btb"}: 0.1.0 1543478779.91   0.9997348245375349
{"n": 14, "noise": "sc", "circ": "cnx-btb"}: 0.1.0 1543480086.93   0.9997329756332154
{"n": 14, "noise": "sc", "circ": "cnx-btb"}: 0.1.0 1543481393.23   0.99973320981714
{"n": 14, "noise": "sc", "circ": "cnx-btb"}: 0.1.0 1543482693.09   4.231776701714931e-05
{"n": 14, "noise": "sc", "circ": "cnx-btb"}: 0.1.0 1543483996.12   1.9751023318251587e-05
{"n": 14, "noise": "sc", "circ": "cnx-btb"}: 0.1.0 1543485298.52   9.74550826556353e-06
{"n": 14, "noise": "sc", "circ": "cnx-btb"}: 0.1.0 1543486612.81   1.3944040503168675e-05
{"n": 14, "noise": "sc", "circ": "cnx-btb"}: 0.1.0 1543487920.17   4.648570775224306e-05
{"n": 14, "noise": "sc", "circ": "cnx-btb"}: 0.1.0 1543489240.78   0.9997362199286548
{"n": 14, "noise": "sc", "circ": "cnx-btb"}: 0.1.0 1543490540.13   6.412922488681268e-08
{"n": 14, "noise": "sc", "circ": "cnx-btb"}: 0.1.0 1543491858.09   4.765920073573743e-06
{"n": 14, "noise": "sc", "circ": "cnx-btb"}: 0.1.0 1543493167.42   0.0
{"n": 14, "noise": "sc", "circ": "cnx-btb"}: 0.1.0 1543494483.49   3.020897149041044e-05
{"n": 14, "noise": "sc", "circ": "cnx-btb"}: 0.1.0 1543495796.39   0.9997398794695803
{"n": 14, "noise": "sc", "circ": "cnx-btb"}: 0.1.0 1543497104.99   0.9997380995249368
{"n": 14, "noise": "sc", "circ": "cnx-btb"}: 0.1.0 1543498408.83   0.9997332755674823
{"n": 14, "noise": "sc", "circ": "cnx-btb"}: 0.1.0 1543499725.01   0.9997347697557175
{"n": 14, "noise": "sc", "circ": "cnx-btb"}: 0.1.0 1543501039.65   0.9997349139999332
{"n": 14, "noise": "sc", "circ": "cnx-btb"}: 0.1.0 1543502348.94   0.99973493291559
{"n": 14, "noise": "sc", "circ": "cnx-btb"}: 0.1.0 1543503659.43   0.9997305497199643
{"n": 14, "noise": "sc", "circ": "cnx-btb"}: 0.1.0 1543504974.90   0.9997280552090104
{"n": 14, "noise": "sc", "circ": "cnx-btb"}: 0.1.0 1543506284.90   0.03863883636048881
{"n": 14, "noise": "sc", "circ": "cnx-btb"}: 0.1.0 1543507595.56   0.9997300578763108
{"n": 14, "noise": "sc", "circ": "cnx-btb"}: 0.1.0 1543508906.60   1.6757154007614684e-05
{"n": 14, "noise": "sc", "circ": "cnx-btb"}: 0.1.0 1543510223.66   0.9997280436609555
{"n": 14, "noise": "sc", "circ": "cnx-btb"}: 0.1.0 1543511534.17   0.999729837228312
{"n": 14, "noise": "sc", "circ": "cnx-btb"}: 0.1.0 1543512847.18   0.9997351840719698
{"n": 14, "noise": "sc", "circ": "cnx-btb"}: 0.1.0 1543514154.42   5.9026835819469985e-05
{"n": 14, "noise": "sc", "circ": "cnx-btb"}: 0.1.0 1543515465.79   0.9997316081842742
{"n": 14, "noise": "sc", "circ": "cnx-btb"}: 0.1.0 1543516776.29   1.0653233495723856e-07
{"n": 14, "noise": "sc", "circ": "cnx-btb"}: 0.1.0 1543518088.57   0.9997303226604459
{"n": 14, "noise": "sc", "circ": "cnx-btb"}: 0.1.0 1543519389.49   0.9997349560517538
{"n": 14, "noise": "sc", "circ": "cnx-btb"}: 0.1.0 1543520702.59   1.914287959431599e-05
{"n": 14, "noise": "sc", "circ": "cnx-btb"}: 0.1.0 1543522014.24   4.981232390325016e-06
{"n": 14, "noise": "sc", "circ": "cnx-btb"}: 0.1.0 1543523327.60   4.290953013949226e-06
=====
{"n": 14, "noise": "sc-better-t1", "circ": "cnx-btb"}: 0.1.0 1543526168.30   0.9999973837646113
{"n": 14, "noise": "sc-better-t1", "circ": "cnx-btb"}: 0.1.0 1543527484.97   4.481420980785147e-05
{"n": 14, "noise": "sc-better-t1", "circ": "cnx-btb"}: 0.1.0 1543528799.96   0.9999973796528511
{"n": 14, "noise": "sc-better-t1", "circ": "cnx-btb"}: 0.1.0 1543530114.58   1.4536565805583044e-05
{"n": 14, "noise": "sc-better-t1", "circ": "cnx-btb"}: 0.1.0 1543531439.19   0.9999973200225448
{"n": 14, "noise": "sc-better-t1", "circ": "cnx-btb"}: 0.1.0 1543532749.54   0.999997424331783
{"n": 14, "noise": "sc-better-t1", "circ": "cnx-btb"}: 0.1.0 1543534075.15   4.8070983994702104e-05
{"n": 14, "noise": "sc-better-t1", "circ": "cnx-btb"}: 0.1.0 1543535389.36   4.89016726209378e-05
{"n": 14, "noise": "sc-better-t1", "circ": "cnx-btb"}: 0.1.0 1543536710.06   0.013102158745157279
{"n": 14, "noise": "sc-better-t1", "circ": "cnx-btb"}: 0.1.0 1543538029.31   0.999997197743652
=====
{"n": 14, "noise": "sc", "circ": "cnx-btb"}: 0.1.0 1543540212.69   0.9997378120539357
{"n": 14, "noise": "sc", "circ": "cnx-btb"}: 0.1.0 1543541533.86   0.9997330820917707
{"n": 14, "noise": "sc", "circ": "cnx-btb"}: 0.1.0 1543542834.41   0.9997367625827837
{"n": 14, "noise": "sc", "circ": "cnx-btb"}: 0.1.0 1543544140.28   2.2568193978542116e-06
{"n": 14, "noise": "sc", "circ": "cnx-btb"}: 0.1.0 1543545443.94   0.9997320975021255
{"n": 14, "noise": "sc", "circ": "cnx-btb"}: 0.1.0 1543546752.36   0.9997364682646834
{"n": 14, "noise": "sc", "circ": "cnx-btb"}: 0.1.0 1543548049.43   0.9997332190956376
{"n": 14, "noise": "sc", "circ": "cnx-btb"}: 0.1.0 1543549364.95   0.9997329243803463
{"n": 14, "noise": "sc", "circ": "cnx-btb"}: 0.1.0 1543550671.15   0.9997325602095763
{"n": 14, "noise": "sc", "circ": "cnx-btb"}: 0.1.0 1543551973.11   0.9997312614676637
{"n": 14, "noise": "sc", "circ": "cnx-btb"}: 0.1.0 1543553275.03   9.188733306205567e-06
{"n": 14, "noise": "sc", "circ": "cnx-btb"}: 0.1.0 1543554577.09   0.9997298528335127
{"n": 14, "noise": "sc", "circ": "cnx-btb"}: 0.1.0 1543555871.06   2.1234807184485908e-05
{"n": 14, "noise": "sc", "circ": "cnx-btb"}: 0.1.0 1543557177.38   0.9997348435553797
{"n": 14, "noise": "sc", "circ": "cnx-btb"}: 0.1.0 1543558484.21   0.9997339826983965
{"n": 14, "noise": "sc", "circ": "cnx-btb"}: 0.1.0 1543559797.89   0.9997357502069921
{"n": 14, "noise": "sc", "circ": "cnx-btb"}: 0.1.0 1543561104.62   0.999738445808867
{"n": 14, "noise": "sc", "circ": "cnx-btb"}: 0.1.0 1543562410.16   0.9997373923682906
{"n": 14, "noise": "sc", "circ": "cnx-btb"}: 0.1.0 1543563711.87   7.432491561937925e-06
{"n": 14, "noise": "sc", "circ": "cnx-btb"}: 0.1.0 1543565017.84   0.999733573051927
{"n": 14, "noise": "sc", "circ": "cnx-btb"}: 0.1.0 1543566317.93   4.3047030493571904e-05
{"n": 14, "noise": "sc", "circ": "cnx-btb"}: 0.1.0 1543567629.75   1.205286736809993e-05
{"n": 14, "noise": "sc", "circ": "cnx-btb"}: 0.1.0 1543568938.16   0.9997347700201942
{"n": 14, "noise": "sc", "circ": "cnx-btb"}: 0.1.0 1543570229.90   0.9997344342682779
{"n": 14, "noise": "sc", "circ": "cnx-btb"}: 0.1.0 1543571527.63   0.9997342065701367
{"n": 14, "noise": "sc", "circ": "cnx-btb"}: 0.1.0 1543572834.11   0.9997348439014349
{"n": 14, "noise": "sc", "circ": "cnx-btb"}: 0.1.0 1543574134.31   0.0001469773882386261
{"n": 14, "noise": "sc", "circ": "cnx-btb"}: 0.1.0 1543575448.27   0.9997367002939078
{"n": 14, "noise": "sc", "circ": "cnx-btb"}: 0.1.0 1543576749.05   0.9997313917084126
{"n": 14, "noise": "sc", "circ": "cnx-btb"}: 0.1.0 1543578057.02   0.9997330186096567
{"n": 14, "noise": "sc", "circ": "cnx-btb"}: 0.1.0 1543579358.08   0.9997347354200763
{"n": 14, "noise": "sc", "circ": "cnx-btb"}: 0.1.0 1543580662.64   2.1808340646452976e-05
{"n": 14, "noise": "sc", "circ": "cnx-btb"}: 0.1.0 1543581969.64   3.6062506223961157e-06
{"n": 14, "noise": "sc", "circ": "cnx-btb"}: 0.1.0 1543583266.63   0.9997305197437647
{"n": 14, "noise": "sc", "circ": "cnx-btb"}: 0.1.0 1543584568.30   0.0
{"n": 14, "noise": "sc", "circ": "cnx-btb"}: 0.1.0 1543585870.33   0.9997337684827032
{"n": 14, "noise": "sc", "circ": "cnx-btb"}: 0.1.0 1543587180.52   0.9997302198207831
{"n": 14, "noise": "sc", "circ": "cnx-btb"}: 0.1.0 1543588488.58   0.999728819669207
{"n": 14, "noise": "sc", "circ": "cnx-btb"}: 0.1.0 1543589782.60   0.9997355729016195
{"n": 14, "noise": "sc", "circ": "cnx-btb"}: 0.1.0 1543591083.40   0.9997322362841183
{"n": 14, "noise": "sc", "circ": "cnx-btb"}: 0.1.0 1543592386.14   0.9997311534956423
{"n": 14, "noise": "sc", "circ": "cnx-btb"}: 0.1.0 1543593687.92   1.000180929584631e-05
{"n": 14, "noise": "sc", "circ": "cnx-btb"}: 0.1.0 1543594987.88   0.9997381132324359
{"n": 14, "noise": "sc", "circ": "cnx-btb"}: 0.1.0 1543596290.62   0.012033497352599764
{"n": 14, "noise": "sc", "circ": "cnx-btb"}: 0.1.0 1543597583.07   0.004049261919417413
{"n": 14, "noise": "sc", "circ": "cnx-btb"}: 0.1.0 1543598887.67   0.9997388242187929
{"n": 14, "noise": "sc", "circ": "cnx-btb"}: 0.1.0 1543600188.05   0.016125414917805603
{"n": 14, "noise": "sc", "circ": "cnx-btb"}: 0.1.0 1543601486.67   0.9997349721269095
{"n": 14, "noise": "sc", "circ": "cnx-btb"}: 0.1.0 1543602790.59   0.9997303463108653
{"n": 14, "noise": "sc", "circ": "cnx-btb"}: 0.1.0 1543604088.77   7.534249978098375e-13
{"n": 14, "noise": "sc", "circ": "cnx-btb"}: 0.1.0 1543605389.42   0.0
{"n": 14, "noise": "sc", "circ": "cnx-btb"}: 0.1.0 1543606689.93   0.9997306513532093
{"n": 14, "noise": "sc", "circ": "cnx-btb"}: 0.1.0 1543607995.03   0.9997347093109471
{"n": 14, "noise": "sc", "circ": "cnx-btb"}: 0.1.0 1543609295.65   1.3832353766990187e-05
{"n": 14, "noise": "sc", "circ": "cnx-btb"}: 0.1.0 1543610605.89   4.9481497728577994e-05
{"n": 14, "noise": "sc", "circ": "cnx-btb"}: 0.1.0 1543611907.74   2.252573114700377e-06
{"n": 14, "noise": "sc", "circ": "cnx-btb"}: 0.1.0 1543613212.28   0.0
{"n": 14, "noise": "sc", "circ": "cnx-btb"}: 0.1.0 1543614519.56   6.977160412960617e-06
