=====
{"n": 14, "noise": "sc-better-gates", "circ": "cnx-btb"}: 0.1.0 1543473538.40   0.9997327757774096
{"n": 14, "noise": "sc-better-gates", "circ": "cnx-btb"}: 0.1.0 1543474826.40   0.9997326133980126
{"n": 14, "noise": "sc-better-gates", "circ": "cnx-btb"}: 0.1.0 1543476119.28   0.9997328900929743
{"n": 14, "noise": "sc-better-gates", "circ": "cnx-btb"}: 0.1.0 1543477403.02   0.9997320286467947
{"n": 14, "noise": "sc-better-gates", "circ": "cnx-btb"}: 0.1.0 1543478690.14   0.9997369136005664
{"n": 14, "noise": "sc-better-gates", "circ": "cnx-btb"}: 0.1.0 1543479983.30   0.9997346583669421
{"n": 14, "noise": "sc-better-gates", "circ": "cnx-btb"}: 0.1.0 1543481275.95   0.9997355958857239
{"n": 14, "noise": "sc-better-gates", "circ": "cnx-btb"}: 0.1.0 1543482565.02   0.9997290407722539
{"n": 14, "noise": "sc-better-gates", "circ": "cnx-btb"}: 0.1.0 1543483859.50   0.9997353078358546
{"n": 14, "noise": "sc-better-gates", "circ": "cnx-btb"}: 0.1.0 1543485149.63   0.9997361144064276
{"n": 14, "noise": "sc-better-gates", "circ": "cnx-btb"}: 0.1.0 1543486431.89   3.3941188145027186e-05
{"n": 14, "noise": "sc-better-gates", "circ": "cnx-btb"}: 0.1.0 1543487727.52   6.44900535115929e-06
{"n": 14, "noise": "sc-better-gates", "circ": "cnx-btb"}: 0.1.0 1543489022.95   0.9997364822290086
{"n": 14, "noise": "sc-better-gates", "circ": "cnx-btb"}: 0.1.0 1543490328.83   0.999731997685529
{"n": 14, "noise": "sc-better-gates", "circ": "cnx-btb"}: 0.1.0 1543491622.36   0.9997351656422013
{"n": 14, "noise": "sc-better-gates", "circ": "cnx-btb"}: 0.1.0 1543492927.35   0.9997361795078958
{"n": 14, "noise": "sc-better-gates", "circ": "cnx-btb"}: 0.1.0 1543494240.63   1.7707282036212217e-05
{"n": 14, "noise": "sc-better-gates", "circ": "cnx-btb"}: 0.1.0 1543495551.86   0.9997327055217533
{"n": 14, "noise": "sc-better-gates", "circ": "cnx-btb"}: 0.1.0 1543496860.35   3.0416567247161957e-05
{"n": 14, "noise": "sc-better-gates", "circ": "cnx-btb"}: 0.1.0 1543498159.23   0.9997349638655768
{"n": 14, "noise": "sc-better-gates", "circ": "cnx-btb"}: 0.1.0 1543499464.78   0.999733610101538
{"n": 14, "noise": "sc-better-gates", "circ": "cnx-btb"}: 0.1.0 1543500772.24   0.9997373359149012
{"n": 14, "noise": "sc-better-gates", "circ": "cnx-btb"}: 0.1.0 1543502078.18   1.3074840453436524e-12
{"n": 14, "noise": "sc-better-gates", "circ": "cnx-btb"}: 0.1.0 1543503379.18   0.9997296168401746
{"n": 14, "noise": "sc-better-gates", "circ": "cnx-btb"}: 0.1.0 1543504682.54   0.9997336818813096
{"n": 14, "noise": "sc-better-gates", "circ": "cnx-btb"}: 0.1.0 1543505981.32   0.9997358205953084
{"n": 14, "noise": "sc-better-gates", "circ": "cnx-btb"}: 0.1.0 1543507288.29   0.0020392867487154733
{"n": 14, "noise": "sc-better-gates", "circ": "cnx-btb"}: 0.1.0 1543508594.57   0.9997355097331405
{"n": 14, "noise": "sc-better-gates", "circ": "cnx-btb"}: 0.1.0 1543509899.48   0.9997319671130247
{"n": 14, "noise": "sc-better-gates", "circ": "cnx-btb"}: 0.1.0 1543511192.91   0.9997335822447522
{"n": 14, "noise": "sc-better-gates", "circ": "cnx-btb"}: 0.1.0 1543512492.92   1.7389300446118218e-12
{"n": 14, "noise": "sc-better-gates", "circ": "cnx-btb"}: 0.1.0 1543513799.27   8.942900903569687e-05
{"n": 14, "noise": "sc-better-gates", "circ": "cnx-btb"}: 0.1.0 1543515109.67   0.9997324615307317
{"n": 14, "noise": "sc-better-gates", "circ": "cnx-btb"}: 0.1.0 1543516424.64   0.9997331912984041
{"n": 14, "noise": "sc-better-gates", "circ": "cnx-btb"}: 0.1.0 1543517730.34   0.9997313335116593
{"n": 14, "noise": "sc-better-gates", "circ": "cnx-btb"}: 0.1.0 1543519030.02   0.9997362783394405
{"n": 14, "noise": "sc-better-gates", "circ": "cnx-btb"}: 0.1.0 1543520334.00   0.9997370112999255
{"n": 14, "noise": "sc-better-gates", "circ": "cnx-btb"}: 0.1.0 1543521634.36   0.9997420692596268
{"n": 14, "noise": "sc-better-gates", "circ": "cnx-btb"}: 0.1.0 1543522938.77   0.9997330148459689
=====
{"n": 14, "noise": "sc", "circ": "cnx-lin"}: 0.1.0 1543525704.20   6.730163851942169e-05
{"n": 14, "noise": "sc", "circ": "cnx-lin"}: 0.1.0 1543526578.34   5.0275158437411264e-05
{"n": 14, "noise": "sc", "circ": "cnx-lin"}: 0.1.0 1543527466.51   0.0001470982273545344
{"n": 14, "noise": "sc", "circ": "cnx-lin"}: 0.1.0 1543528345.65   6.694936711528746e-05
{"n": 14, "noise": "sc", "circ": "cnx-lin"}: 0.1.0 1543529162.36   7.75716106261518e-05
{"n": 14, "noise": "sc", "circ": "cnx-lin"}: 0.1.0 1543530058.83   2.3549186520224936e-05
{"n": 14, "noise": "sc", "circ": "cnx-lin"}: 0.1.0 1543530884.37   2.329676632392708e-05
{"n": 14, "noise": "sc", "circ": "cnx-lin"}: 0.1.0 1543531804.90   2.7797069837122954e-05
{"n": 14, "noise": "sc", "circ": "cnx-lin"}: 0.1.0 1543532781.60   2.9347652112453563e-05
{"n": 14, "noise": "sc", "circ": "cnx-lin"}: 0.1.0 1543533681.63   6.411908584789563e-05
{"n": 14, "noise": "sc", "circ": "cnx-lin"}: 0.1.0 1543534513.38   0.0001508715590126536
{"n": 14, "noise": "sc", "circ": "cnx-lin"}: 0.1.0 1543535432.80   7.152867471899123e-06
{"n": 14, "noise": "sc", "circ": "cnx-lin"}: 0.1.0 1543536377.61   5.032538857452423e-05
{"n": 14, "noise": "sc", "circ": "cnx-lin"}: 0.1.0 1543537353.87   5.2689907781092995e-05
{"n": 14, "noise": "sc", "circ": "cnx-lin"}: 0.1.0 1543538296.65   1.0045276865250074e-05
=====
{"n": 14, "noise": "sc-better-gates", "circ": "cnx-btb"}: 0.1.0 1543540205.99   0.9997363739031699
{"n": 14, "noise": "sc-better-gates", "circ": "cnx-btb"}: 0.1.0 1543541506.98   0.9997309901522112
{"n": 14, "noise": "sc-better-gates", "circ": "cnx-btb"}: 0.1.0 1543542810.94   0.9997325343503806
{"n": 14, "noise": "sc-better-gates", "circ": "cnx-btb"}: 0.1.0 1543544114.71   0.9997335661633576
{"n": 14, "noise": "sc-better-gates", "circ": "cnx-btb"}: 0.1.0 1543545409.25   0.9997300105146211
{"n": 14, "noise": "sc-better-gates", "circ": "cnx-btb"}: 0.1.0 1543546711.32   0.9997357435949582
=====
{"n": 14, "noise": "sc-better-t1", "circ": "cnx-btb"}: 0.1.0 1543548889.10   0.9999972729516629
{"n": 14, "noise": "sc-better-t1", "circ": "cnx-btb"}: 0.1.0 1543550186.68   0.1094963920201672
{"n": 14, "noise": "sc-better-t1", "circ": "cnx-btb"}: 0.1.0 1543551486.90   0.9999973378825862
{"n": 14, "noise": "sc-better-t1", "circ": "cnx-btb"}: 0.1.0 1543552791.65   0.9999972578092452
{"n": 14, "noise": "sc-better-t1", "circ": "cnx-btb"}: 0.1.0 1543554096.27   0.9999972538360338
{"n": 14, "noise": "sc-better-t1", "circ": "cnx-btb"}: 0.1.0 1543555404.32   0.9999972919113123
{"n": 14, "noise": "sc-better-t1", "circ": "cnx-btb"}: 0.1.0 1543556701.42   8.251575374478247e-06
{"n": 14, "noise": "sc-better-t1", "circ": "cnx-btb"}: 0.1.0 1543558001.92   0.9999972254021491
{"n": 14, "noise": "sc-better-t1", "circ": "cnx-btb"}: 0.1.0 1543559308.87   0.9999973127229681
{"n": 14, "noise": "sc-better-t1", "circ": "cnx-btb"}: 0.1.0 1543560613.24   0.9999974333694654
{"n": 14, "noise": "sc-better-t1", "circ": "cnx-btb"}: 0.1.0 1543561915.44   0.9999973739208609
{"n": 14, "noise": "sc-better-t1", "circ": "cnx-btb"}: 0.1.0 1543563216.26   0.9999972305632804
{"n": 14, "noise": "sc-better-t1", "circ": "cnx-btb"}: 0.1.0 1543564508.62   0.9999972605480142
{"n": 14, "noise": "sc-better-t1", "circ": "cnx-btb"}: 0.1.0 1543565807.72   0.9999973127140093
{"n": 14, "noise": "sc-better-t1", "circ": "cnx-btb"}: 0.1.0 1543567107.13   0.9999973155398164
{"n": 14, "noise": "sc-better-t1", "circ": "cnx-btb"}: 0.1.0 1543568406.24   0.999997287505269
{"n": 14, "noise": "sc-better-t1", "circ": "cnx-btb"}: 0.1.0 1543569704.70   8.323839141373468e-06
{"n": 14, "noise": "sc-better-t1", "circ": "cnx-btb"}: 0.1.0 1543571001.89   0.9999974640219642
{"n": 14, "noise": "sc-better-t1", "circ": "cnx-btb"}: 0.1.0 1543572292.39   0.9999973492656931
{"n": 14, "noise": "sc-better-t1", "circ": "cnx-btb"}: 0.1.0 1543573590.23   0.9999973118214944
{"n": 14, "noise": "sc-better-t1", "circ": "cnx-btb"}: 0.1.0 1543574895.07   2.9600384712606163e-06
{"n": 14, "noise": "sc-better-t1", "circ": "cnx-btb"}: 0.1.0 1543576190.48   0.9999972263025105
{"n": 14, "noise": "sc-better-t1", "circ": "cnx-btb"}: 0.1.0 1543577492.32   0.9999973278479534
{"n": 14, "noise": "sc-better-t1", "circ": "cnx-btb"}: 0.1.0 1543578794.45   0.9999973317508106
{"n": 14, "noise": "sc-better-t1", "circ": "cnx-btb"}: 0.1.0 1543580096.81   0.999997334115058
{"n": 14, "noise": "sc-better-t1", "circ": "cnx-btb"}: 0.1.0 1543581401.53   0.9999973567920302
{"n": 14, "noise": "sc-better-t1", "circ": "cnx-btb"}: 0.1.0 1543582701.33   0.9999974338331278
{"n": 14, "noise": "sc-better-t1", "circ": "cnx-btb"}: 0.1.0 1543583998.16   0.9999974718105317
{"n": 14, "noise": "sc-better-t1", "circ": "cnx-btb"}: 0.1.0 1543585303.31   0.9999974027192999
{"n": 14, "noise": "sc-better-t1", "circ": "cnx-btb"}: 0.1.0 1543586592.36   0.9999972947743879
{"n": 14, "noise": "sc-better-t1", "circ": "cnx-btb"}: 0.1.0 1543587888.56   0.0017573453299245267
{"n": 14, "noise": "sc-better-t1", "circ": "cnx-btb"}: 0.1.0 1543589176.72   1.2275378283211821e-05
{"n": 14, "noise": "sc-better-t1", "circ": "cnx-btb"}: 0.1.0 1543590472.08   0.00755625140492923
{"n": 14, "noise": "sc-better-t1", "circ": "cnx-btb"}: 0.1.0 1543591762.11   0.999997224769314
{"n": 14, "noise": "sc-better-t1", "circ": "cnx-btb"}: 0.1.0 1543593059.34   0.9999972919071387
{"n": 14, "noise": "sc-better-t1", "circ": "cnx-btb"}: 0.1.0 1543594346.97   0.9999973399900416
{"n": 14, "noise": "sc-better-t1", "circ": "cnx-btb"}: 0.1.0 1543595640.99   0.9999974656024544
{"n": 14, "noise": "sc-better-t1", "circ": "cnx-btb"}: 0.1.0 1543596939.36   1.557315683409212e-06
{"n": 14, "noise": "sc-better-t1", "circ": "cnx-btb"}: 0.1.0 1543598238.68   0.01672300551797571
{"n": 14, "noise": "sc-better-t1", "circ": "cnx-btb"}: 0.1.0 1543599539.20   0.9999972038711705
{"n": 14, "noise": "sc-better-t1", "circ": "cnx-btb"}: 0.1.0 1543600834.38   4.034427453942027e-06
{"n": 14, "noise": "sc-better-t1", "circ": "cnx-btb"}: 0.1.0 1543602129.64   0.9999974261728833
{"n": 14, "noise": "sc-better-t1", "circ": "cnx-btb"}: 0.1.0 1543603432.23   0.9999973766330293
{"n": 14, "noise": "sc-better-t1", "circ": "cnx-btb"}: 0.1.0 1543604731.36   0.9999972823832096
{"n": 14, "noise": "sc-better-t1", "circ": "cnx-btb"}: 0.1.0 1543606025.33   4.2338139007406375e-05
{"n": 14, "noise": "sc-better-t1", "circ": "cnx-btb"}: 0.1.0 1543607337.85   0.9999974432447254
{"n": 14, "noise": "sc-better-t1", "circ": "cnx-btb"}: 0.1.0 1543608645.61   3.0228804789019575e-06
{"n": 14, "noise": "sc-better-t1", "circ": "cnx-btb"}: 0.1.0 1543609948.57   0.9999972690148015
{"n": 14, "noise": "sc-better-t1", "circ": "cnx-btb"}: 0.1.0 1543611244.78   0.9999973493795865
{"n": 14, "noise": "sc-better-t1", "circ": "cnx-btb"}: 0.1.0 1543612542.45   0.004860808391729838
{"n": 14, "noise": "sc-better-t1", "circ": "cnx-btb"}: 0.1.0 1543613849.73   0.9999973012080446
{"n": 14, "noise": "sc-better-t1", "circ": "cnx-btb"}: 0.1.0 1543615155.64   1.0347088040558751e-05
