=====
{"n": 14, "noise": "sc-better-t1", "circ": "cnx-lin"}: 0.1.0 1543473117.86   5.190520411865948e-05
{"n": 14, "noise": "sc-better-t1", "circ": "cnx-lin"}: 0.1.0 1543473893.18   2.6646437723138174e-05
{"n": 14, "noise": "sc-better-t1", "circ": "cnx-lin"}: 0.1.0 1543474776.34   4.712632030475348e-05
{"n": 14, "noise": "sc-better-t1", "circ": "cnx-lin"}: 0.1.0 1543475602.07   8.231706192016636e-05
{"n": 14, "noise": "sc-better-t1", "circ": "cnx-lin"}: 0.1.0 1543476454.59   0.00013812856769024377
{"n": 14, "noise": "sc-better-t1", "circ": "cnx-lin"}: 0.1.0 1543477299.61   2.6347486777359896e-05
{"n": 14, "noise": "sc-better-t1", "circ": "cnx-lin"}: 0.1.0 1543478136.45   3.9718713649909954e-05
{"n": 14, "noise": "sc-better-t1", "circ": "cnx-lin"}: 0.1.0 1543478978.12   1.9681602168543815e-05
{"n": 14, "noise": "sc-better-t1", "circ": "cnx-lin"}: 0.1.0 1543479857.98   5.63724318416841e-05
{"n": 14, "noise": "sc-better-t1", "circ": "cnx-lin"}: 0.1.0 1543480680.91   9.247914608671315e-06
{"n": 14, "noise": "sc-better-t1", "circ": "cnx-lin"}: 0.1.0 1543481497.15   1.0645359676442913e-05
{"n": 14, "noise": "sc-better-t1", "circ": "cnx-lin"}: 0.1.0 1543482347.26   1.7381639350542096e-06
{"n": 14, "noise": "sc-better-t1", "circ": "cnx-lin"}: 0.1.0 1543483221.71   7.572469654715857e-05
{"n": 14, "noise": "sc-better-t1", "circ": "cnx-lin"}: 0.1.0 1543484058.85   0.00011918780778182224
{"n": 14, "noise": "sc-better-t1", "circ": "cnx-lin"}: 0.1.0 1543484924.99   5.0690562646652174e-05
{"n": 14, "noise": "sc-better-t1", "circ": "cnx-lin"}: 0.1.0 1543485781.47   5.490438625462513e-05
{"n": 14, "noise": "sc-better-t1", "circ": "cnx-lin"}: 0.1.0 1543486617.83   9.867949715185284e-06
{"n": 14, "noise": "sc-better-t1", "circ": "cnx-lin"}: 0.1.0 1543487484.10   0.00010053061711042126
{"n": 14, "noise": "sc-better-t1", "circ": "cnx-lin"}: 0.1.0 1543488345.70   4.1104609244314894e-05
{"n": 14, "noise": "sc-better-t1", "circ": "cnx-lin"}: 0.1.0 1543489202.34   0.00023065341220324107
{"n": 14, "noise": "sc-better-t1", "circ": "cnx-lin"}: 0.1.0 1543490039.30   0.0001162000309972989
{"n": 14, "noise": "sc-better-t1", "circ": "cnx-lin"}: 0.1.0 1543490900.84   3.0349521084113342e-05
{"n": 14, "noise": "sc-better-t1", "circ": "cnx-lin"}: 0.1.0 1543491776.66   2.3625266494101826e-05
{"n": 14, "noise": "sc-better-t1", "circ": "cnx-lin"}: 0.1.0 1543492613.14   8.603542115489793e-05
{"n": 14, "noise": "sc-better-t1", "circ": "cnx-lin"}: 0.1.0 1543493500.11   0.00011327994372259102
{"n": 14, "noise": "sc-better-t1", "circ": "cnx-lin"}: 0.1.0 1543494371.32   0.00013012920993784208
{"n": 14, "noise": "sc-better-t1", "circ": "cnx-lin"}: 0.1.0 1543495224.44   3.805507447510516e-06
{"n": 14, "noise": "sc-better-t1", "circ": "cnx-lin"}: 0.1.0 1543496047.16   7.954131651829617e-06
{"n": 14, "noise": "sc-better-t1", "circ": "cnx-lin"}: 0.1.0 1543496865.06   2.847006935724267e-05
{"n": 14, "noise": "sc-better-t1", "circ": "cnx-lin"}: 0.1.0 1543497703.38   3.6492240919116886e-05
{"n": 14, "noise": "sc-better-t1", "circ": "cnx-lin"}: 0.1.0 1543498532.45   1.9155861105042644e-05
{"n": 14, "noise": "sc-better-t1", "circ": "cnx-lin"}: 0.1.0 1543499346.00   5.876683502865688e-05
{"n": 14, "noise": "sc-better-t1", "circ": "cnx-lin"}: 0.1.0 1543500206.22   7.452719225633768e-05
{"n": 14, "noise": "sc-better-t1", "circ": "cnx-lin"}: 0.1.0 1543501100.01   7.891804315792835e-06
{"n": 14, "noise": "sc-better-t1", "circ": "cnx-lin"}: 0.1.0 1543501974.77   2.215886813309564e-05
{"n": 14, "noise": "sc-better-t1", "circ": "cnx-lin"}: 0.1.0 1543502805.97   1.3335942214003794e-05
{"n": 14, "noise": "sc-better-t1", "circ": "cnx-lin"}: 0.1.0 1543503648.13   2.2428978146541265e-05
{"n": 14, "noise": "sc-better-t1", "circ": "cnx-lin"}: 0.1.0 1543504500.33   3.7798389117357426e-06
{"n": 14, "noise": "sc-better-t1", "circ": "cnx-lin"}: 0.1.0 1543505436.33   0.00013078542001134308
{"n": 14, "noise": "sc-better-t1", "circ": "cnx-lin"}: 0.1.0 1543506323.77   8.652147217596945e-05
{"n": 14, "noise": "sc-better-t1", "circ": "cnx-lin"}: 0.1.0 1543507220.34   1.9041352375127944e-05
{"n": 14, "noise": "sc-better-t1", "circ": "cnx-lin"}: 0.1.0 1543508102.92   5.3488314533012124e-05
{"n": 14, "noise": "sc-better-t1", "circ": "cnx-lin"}: 0.1.0 1543508950.29   0.9984162647862136
{"n": 14, "noise": "sc-better-t1", "circ": "cnx-lin"}: 0.1.0 1543509818.14   7.86830607341981e-05
{"n": 14, "noise": "sc-better-t1", "circ": "cnx-lin"}: 0.1.0 1543510681.82   9.462862642710137e-06
{"n": 14, "noise": "sc-better-t1", "circ": "cnx-lin"}: 0.1.0 1543511513.65   2.367499054019469e-05
{"n": 14, "noise": "sc-better-t1", "circ": "cnx-lin"}: 0.1.0 1543512396.55   0.00010102853237920522
{"n": 14, "noise": "sc-better-t1", "circ": "cnx-lin"}: 0.1.0 1543513282.55   1.2934454453572715e-05
{"n": 14, "noise": "sc-better-t1", "circ": "cnx-lin"}: 0.1.0 1543514127.70   5.190188751144799e-05
{"n": 14, "noise": "sc-better-t1", "circ": "cnx-lin"}: 0.1.0 1543515019.89   4.236863689133742e-05
{"n": 14, "noise": "sc-better-t1", "circ": "cnx-lin"}: 0.1.0 1543515880.12   4.121500481808729e-05
{"n": 14, "noise": "sc-better-t1", "circ": "cnx-lin"}: 0.1.0 1543516816.01   1.9576367837469255e-05
{"n": 14, "noise": "sc-better-t1", "circ": "cnx-lin"}: 0.1.0 1543517699.18   2.2280931821872247e-06
{"n": 14, "noise": "sc-better-t1", "circ": "cnx-lin"}: 0.1.0 1543518610.68   4.680513819333006e-05
{"n": 14, "noise": "sc-better-t1", "circ": "cnx-lin"}: 0.1.0 1543519506.07   0.0001291046676341944
{"n": 14, "noise": "sc-better-t1", "circ": "cnx-lin"}: 0.1.0 1543520386.42   3.513980044162452e-05
{"n": 14, "noise": "sc-better-t1", "circ": "cnx-lin"}: 0.1.0 1543521323.11   0.00012030277259182727
{"n": 14, "noise": "sc-better-t1", "circ": "cnx-lin"}: 0.1.0 1543522284.32   5.006542589501119e-07
{"n": 14, "noise": "sc-better-t1", "circ": "cnx-lin"}: 0.1.0 1543523243.34   9.367452152038624e-07
=====
{"n": 14, "noise": "sc-better-t1", "circ": "cnx-lin-borrowed-1"}: 0.1.0 1543525063.04   0.9998489797054151
{"n": 14, "noise": "sc-better-t1", "circ": "cnx-lin-borrowed-1"}: 0.1.0 1543525233.86   3.5492956845852316e-06
{"n": 14, "noise": "sc-better-t1", "circ": "cnx-lin-borrowed-1"}: 0.1.0 1543525398.78   1.3923380470357765e-05
{"n": 14, "noise": "sc-better-t1", "circ": "cnx-lin-borrowed-1"}: 0.1.0 1543525583.97   0.9998511398306537
{"n": 14, "noise": "sc-better-t1", "circ": "cnx-lin-borrowed-1"}: 0.1.0 1543525774.12   1.5879897349191984e-05
{"n": 14, "noise": "sc-better-t1", "circ": "cnx-lin-borrowed-1"}: 0.1.0 1543525960.15   0.0001286714862739257
{"n": 14, "noise": "sc-better-t1", "circ": "cnx-lin-borrowed-1"}: 0.1.0 1543526125.28   0.00011204597799607535
{"n": 14, "noise": "sc-better-t1", "circ": "cnx-lin-borrowed-1"}: 0.1.0 1543526316.20   1.1288134407319771e-05
{"n": 14, "noise": "sc-better-t1", "circ": "cnx-lin-borrowed-1"}: 0.1.0 1543526502.07   4.113612795155569e-08
{"n": 14, "noise": "sc-better-t1", "circ": "cnx-lin-borrowed-1"}: 0.1.0 1543526677.96   2.9845291251916616e-06
{"n": 14, "noise": "sc-better-t1", "circ": "cnx-lin-borrowed-1"}: 0.1.0 1543526866.10   1.7159753596632465e-07
{"n": 14, "noise": "sc-better-t1", "circ": "cnx-lin-borrowed-1"}: 0.1.0 1543527041.86   0.9998498678655268
{"n": 14, "noise": "sc-better-t1", "circ": "cnx-lin-borrowed-1"}: 0.1.0 1543527223.61   3.559055029619377e-05
{"n": 14, "noise": "sc-better-t1", "circ": "cnx-lin-borrowed-1"}: 0.1.0 1543527400.81   5.902881408558535e-05
{"n": 14, "noise": "sc-better-t1", "circ": "cnx-lin-borrowed-1"}: 0.1.0 1543527574.09   0.00012434984709479624
{"n": 14, "noise": "sc-better-t1", "circ": "cnx-lin-borrowed-1"}: 0.1.0 1543527748.76   2.358835138870829e-06
{"n": 14, "noise": "sc-better-t1", "circ": "cnx-lin-borrowed-1"}: 0.1.0 1543527930.22   7.483406910961027e-06
{"n": 14, "noise": "sc-better-t1", "circ": "cnx-lin-borrowed-1"}: 0.1.0 1543528094.92   0.9998528177266935
{"n": 14, "noise": "sc-better-t1", "circ": "cnx-lin-borrowed-1"}: 0.1.0 1543528257.76   0.9998504906650795
{"n": 14, "noise": "sc-better-t1", "circ": "cnx-lin-borrowed-1"}: 0.1.0 1543528430.63   5.069368932481604e-07
{"n": 14, "noise": "sc-better-t1", "circ": "cnx-lin-borrowed-1"}: 0.1.0 1543528605.30   0.9998479832649333
{"n": 14, "noise": "sc-better-t1", "circ": "cnx-lin-borrowed-1"}: 0.1.0 1543528785.40   0.9998497729956795
{"n": 14, "noise": "sc-better-t1", "circ": "cnx-lin-borrowed-1"}: 0.1.0 1543528964.93   2.5760313484326663e-05
{"n": 14, "noise": "sc-better-t1", "circ": "cnx-lin-borrowed-1"}: 0.1.0 1543529136.72   1.1800046529242565e-05
{"n": 14, "noise": "sc-better-t1", "circ": "cnx-lin-borrowed-1"}: 0.1.0 1543529312.93   2.374039966927789e-05
{"n": 14, "noise": "sc-better-t1", "circ": "cnx-lin-borrowed-1"}: 0.1.0 1543529499.28   0.9998510934675687
{"n": 14, "noise": "sc-better-t1", "circ": "cnx-lin-borrowed-1"}: 0.1.0 1543529685.35   2.677127320228182e-06
{"n": 14, "noise": "sc-better-t1", "circ": "cnx-lin-borrowed-1"}: 0.1.0 1543529849.66   0.00012982526418864345
{"n": 14, "noise": "sc-better-t1", "circ": "cnx-lin-borrowed-1"}: 0.1.0 1543530034.19   0.9998486155521273
{"n": 14, "noise": "sc-better-t1", "circ": "cnx-lin-borrowed-1"}: 0.1.0 1543530215.43   3.3139325301734845e-05
{"n": 14, "noise": "sc-better-t1", "circ": "cnx-lin-borrowed-1"}: 0.1.0 1543530400.59   0.9998506590211557
{"n": 14, "noise": "sc-better-t1", "circ": "cnx-lin-borrowed-1"}: 0.1.0 1543530584.41   1.9404720144915098e-05
{"n": 14, "noise": "sc-better-t1", "circ": "cnx-lin-borrowed-1"}: 0.1.0 1543530767.32   6.318665216933105e-05
{"n": 14, "noise": "sc-better-t1", "circ": "cnx-lin-borrowed-1"}: 0.1.0 1543530954.96   9.656310535190773e-08
{"n": 14, "noise": "sc-better-t1", "circ": "cnx-lin-borrowed-1"}: 0.1.0 1543531130.22   2.3446017073304103e-07
{"n": 14, "noise": "sc-better-t1", "circ": "cnx-lin-borrowed-1"}: 0.1.0 1543531292.88   2.5110547958752133e-06
{"n": 14, "noise": "sc-better-t1", "circ": "cnx-lin-borrowed-1"}: 0.1.0 1543531461.66   1.858620863404622e-06
{"n": 14, "noise": "sc-better-t1", "circ": "cnx-lin-borrowed-1"}: 0.1.0 1543531640.34   4.457542059643458e-05
{"n": 14, "noise": "sc-better-t1", "circ": "cnx-lin-borrowed-1"}: 0.1.0 1543531828.34   0.9998502730757977
{"n": 14, "noise": "sc-better-t1", "circ": "cnx-lin-borrowed-1"}: 0.1.0 1543532018.71   5.982569469412178e-06
{"n": 14, "noise": "sc-better-t1", "circ": "cnx-lin-borrowed-1"}: 0.1.0 1543532189.20   0.999851472755531
{"n": 14, "noise": "sc-better-t1", "circ": "cnx-lin-borrowed-1"}: 0.1.0 1543532358.69   0.9998498937496925
{"n": 14, "noise": "sc-better-t1", "circ": "cnx-lin-borrowed-1"}: 0.1.0 1543532534.73   8.210216661669747e-05
{"n": 14, "noise": "sc-better-t1", "circ": "cnx-lin-borrowed-1"}: 0.1.0 1543532719.93   0.9998499217715233
{"n": 14, "noise": "sc-better-t1", "circ": "cnx-lin-borrowed-1"}: 0.1.0 1543532888.53   0.9998503057881373
{"n": 14, "noise": "sc-better-t1", "circ": "cnx-lin-borrowed-1"}: 0.1.0 1543533073.49   0.9998504123349609
{"n": 14, "noise": "sc-better-t1", "circ": "cnx-lin-borrowed-1"}: 0.1.0 1543533255.45   4.200631085958062e-10
{"n": 14, "noise": "sc-better-t1", "circ": "cnx-lin-borrowed-1"}: 0.1.0 1543533433.58   5.436946567632987e-05
{"n": 14, "noise": "sc-better-t1", "circ": "cnx-lin-borrowed-1"}: 0.1.0 1543533617.54   1.735319038225168e-06
{"n": 14, "noise": "sc-better-t1", "circ": "cnx-lin-borrowed-1"}: 0.1.0 1543533794.51   1.7308388378008398e-05
{"n": 14, "noise": "sc-better-t1", "circ": "cnx-lin-borrowed-1"}: 0.1.0 1543533978.73   0.9998517964057037
{"n": 14, "noise": "sc-better-t1", "circ": "cnx-lin-borrowed-1"}: 0.1.0 1543534162.19   4.2176479219229583e-05
{"n": 14, "noise": "sc-better-t1", "circ": "cnx-lin-borrowed-1"}: 0.1.0 1543534342.30   0.9998522304579378
{"n": 14, "noise": "sc-better-t1", "circ": "cnx-lin-borrowed-1"}: 0.1.0 1543534509.30   3.043152441459015e-06
{"n": 14, "noise": "sc-better-t1", "circ": "cnx-lin-borrowed-1"}: 0.1.0 1543534691.63   0.9998516484764164
{"n": 14, "noise": "sc-better-t1", "circ": "cnx-lin-borrowed-1"}: 0.1.0 1543534862.24   0.9998517548156178
{"n": 14, "noise": "sc-better-t1", "circ": "cnx-lin-borrowed-1"}: 0.1.0 1543535050.81   0.999851210514219
{"n": 14, "noise": "sc-better-t1", "circ": "cnx-lin-borrowed-1"}: 0.1.0 1543535240.31   9.51233033173312e-06
{"n": 14, "noise": "sc-better-t1", "circ": "cnx-lin-borrowed-1"}: 0.1.0 1543535421.10   0.0002698693695717716
{"n": 14, "noise": "sc-better-t1", "circ": "cnx-lin-borrowed-1"}: 0.1.0 1543535594.27   4.563714517319623e-07
{"n": 14, "noise": "sc-better-t1", "circ": "cnx-lin-borrowed-1"}: 0.1.0 1543535772.12   0.9998520121767368
{"n": 14, "noise": "sc-better-t1", "circ": "cnx-lin-borrowed-1"}: 0.1.0 1543535956.21   3.4228673632621425e-07
{"n": 14, "noise": "sc-better-t1", "circ": "cnx-lin-borrowed-1"}: 0.1.0 1543536142.41   0.9998528159163406
{"n": 14, "noise": "sc-better-t1", "circ": "cnx-lin-borrowed-1"}: 0.1.0 1543536323.63   0.9998528163372407
{"n": 14, "noise": "sc-better-t1", "circ": "cnx-lin-borrowed-1"}: 0.1.0 1543536508.96   0.9998508521550478
{"n": 14, "noise": "sc-better-t1", "circ": "cnx-lin-borrowed-1"}: 0.1.0 1543536693.52   0.9998509891888516
{"n": 14, "noise": "sc-better-t1", "circ": "cnx-lin-borrowed-1"}: 0.1.0 1543536873.22   4.15059003727546e-06
{"n": 14, "noise": "sc-better-t1", "circ": "cnx-lin-borrowed-1"}: 0.1.0 1543537050.06   2.5353155999645947e-07
{"n": 14, "noise": "sc-better-t1", "circ": "cnx-lin-borrowed-1"}: 0.1.0 1543537221.05   0.9998502126686908
{"n": 14, "noise": "sc-better-t1", "circ": "cnx-lin-borrowed-1"}: 0.1.0 1543537403.38   5.20937647416236e-05
{"n": 14, "noise": "sc-better-t1", "circ": "cnx-lin-borrowed-1"}: 0.1.0 1543537578.57   8.219053461006085e-07
{"n": 14, "noise": "sc-better-t1", "circ": "cnx-lin-borrowed-1"}: 0.1.0 1543537767.85   0.999849296411205
{"n": 14, "noise": "sc-better-t1", "circ": "cnx-lin-borrowed-1"}: 0.1.0 1543537951.39   0.9998518938278251
{"n": 14, "noise": "sc-better-t1", "circ": "cnx-lin-borrowed-1"}: 0.1.0 1543538116.75   0.9998526162616325
{"n": 14, "noise": "sc-better-t1", "circ": "cnx-lin-borrowed-1"}: 0.1.0 1543538293.49   4.731492502709627e-05
{"n": 14, "noise": "sc-better-t1", "circ": "cnx-lin-borrowed-1"}: 0.1.0 1543538464.12   0.9998502676772736
{"n": 14, "noise": "sc-better-t1", "circ": "cnx-lin-borrowed-1"}: 0.1.0 1543538639.07   0.9998536235756383
{"n": 14, "noise": "sc-better-t1", "circ": "cnx-lin-borrowed-1"}: 0.1.0 1543538817.43   6.818455198250793e-07
=====
{"n": 14, "noise": "sc-better-t1", "circ": "cnx-lin"}: 0.1.0 1543539755.72   0.00013783850017531787
{"n": 14, "noise": "sc-better-t1", "circ": "cnx-lin"}: 0.1.0 1543540600.29   3.112387359061382e-05
{"n": 14, "noise": "sc-better-t1", "circ": "cnx-lin"}: 0.1.0 1543541406.11   2.8353741262565582e-05
{"n": 14, "noise": "sc-better-t1", "circ": "cnx-lin"}: 0.1.0 1543542270.63   4.9612159655759627e-05
{"n": 14, "noise": "sc-better-t1", "circ": "cnx-lin"}: 0.1.0 1543543121.05   0.00012174955245765429
{"n": 14, "noise": "sc-better-t1", "circ": "cnx-lin"}: 0.1.0 1543543989.09   0.00013908013802591142
{"n": 14, "noise": "sc-better-t1", "circ": "cnx-lin"}: 0.1.0 1543544875.43   7.199805472723233e-06
{"n": 14, "noise": "sc-better-t1", "circ": "cnx-lin"}: 0.1.0 1543545750.52   0.00023584370563907957
{"n": 14, "noise": "sc-better-t1", "circ": "cnx-lin"}: 0.1.0 1543546603.71   1.2908465836745669e-05
{"n": 14, "noise": "sc-better-t1", "circ": "cnx-lin"}: 0.1.0 1543547493.63   3.59064799169191e-05
=====
{"n": 14, "noise": "sc-better-t1-and-gates", "circ": "cnx-btb"}: 0.1.0 1543548890.46   0.9999972135040944
{"n": 14, "noise": "sc-better-t1-and-gates", "circ": "cnx-btb"}: 0.1.0 1543550188.15   0.9999973684868385
{"n": 14, "noise": "sc-better-t1-and-gates", "circ": "cnx-btb"}: 0.1.0 1543551497.77   0.9999974053588461
{"n": 14, "noise": "sc-better-t1-and-gates", "circ": "cnx-btb"}: 0.1.0 1543552805.13   0.9999971934803766
{"n": 14, "noise": "sc-better-t1-and-gates", "circ": "cnx-btb"}: 0.1.0 1543554111.22   0.9999974046296409
{"n": 14, "noise": "sc-better-t1-and-gates", "circ": "cnx-btb"}: 0.1.0 1543555422.93   0.999997314912297
{"n": 14, "noise": "sc-better-t1-and-gates", "circ": "cnx-btb"}: 0.1.0 1543556736.49   0.999997167975109
{"n": 14, "noise": "sc-better-t1-and-gates", "circ": "cnx-btb"}: 0.1.0 1543558046.61   0.9999973265792932
{"n": 14, "noise": "sc-better-t1-and-gates", "circ": "cnx-btb"}: 0.1.0 1543559357.00   0.9999972883616534
{"n": 14, "noise": "sc-better-t1-and-gates", "circ": "cnx-btb"}: 0.1.0 1543560665.13   0.9999973622085885
{"n": 14, "noise": "sc-better-t1-and-gates", "circ": "cnx-btb"}: 0.1.0 1543561967.69   0.9999972435571186
{"n": 14, "noise": "sc-better-t1-and-gates", "circ": "cnx-btb"}: 0.1.0 1543563285.45   0.9999972216936739
{"n": 14, "noise": "sc-better-t1-and-gates", "circ": "cnx-btb"}: 0.1.0 1543564590.61   0.9999973382440321
{"n": 14, "noise": "sc-better-t1-and-gates", "circ": "cnx-btb"}: 0.1.0 1543565896.93   0.9999973691200628
{"n": 14, "noise": "sc-better-t1-and-gates", "circ": "cnx-btb"}: 0.1.0 1543567210.21   0.9999973625870034
{"n": 14, "noise": "sc-better-t1-and-gates", "circ": "cnx-btb"}: 0.1.0 1543568510.68   0.9999973722104584
{"n": 14, "noise": "sc-better-t1-and-gates", "circ": "cnx-btb"}: 0.1.0 1543569814.64   0.9999973474912361
{"n": 14, "noise": "sc-better-t1-and-gates", "circ": "cnx-btb"}: 0.1.0 1543571124.46   0.9999972263084969
{"n": 14, "noise": "sc-better-t1-and-gates", "circ": "cnx-btb"}: 0.1.0 1543572421.15   0.9999974076633343
{"n": 14, "noise": "sc-better-t1-and-gates", "circ": "cnx-btb"}: 0.1.0 1543573738.99   0.9999972384149814
{"n": 14, "noise": "sc-better-t1-and-gates", "circ": "cnx-btb"}: 0.1.0 1543575045.97   0.9999973438675535
{"n": 14, "noise": "sc-better-t1-and-gates", "circ": "cnx-btb"}: 0.1.0 1543576348.87   0.9999973524439798
{"n": 14, "noise": "sc-better-t1-and-gates", "circ": "cnx-btb"}: 0.1.0 1543577661.54   0.9999972607761147
{"n": 14, "noise": "sc-better-t1-and-gates", "circ": "cnx-btb"}: 0.1.0 1543578972.87   0.9999974011917603
{"n": 14, "noise": "sc-better-t1-and-gates", "circ": "cnx-btb"}: 0.1.0 1543580270.53   0.9999974995143911
{"n": 14, "noise": "sc-better-t1-and-gates", "circ": "cnx-btb"}: 0.1.0 1543581579.86   0.9999973976080849
{"n": 14, "noise": "sc-better-t1-and-gates", "circ": "cnx-btb"}: 0.1.0 1543582882.42   0.9999972560460324
{"n": 14, "noise": "sc-better-t1-and-gates", "circ": "cnx-btb"}: 0.1.0 1543584195.37   0.9999973456864125
{"n": 14, "noise": "sc-better-t1-and-gates", "circ": "cnx-btb"}: 0.1.0 1543585493.45   0.9999972905902019
{"n": 14, "noise": "sc-better-t1-and-gates", "circ": "cnx-btb"}: 0.1.0 1543586792.43   0.9999972048376572
{"n": 14, "noise": "sc-better-t1-and-gates", "circ": "cnx-btb"}: 0.1.0 1543588101.86   0.9999974021591788
{"n": 14, "noise": "sc-better-t1-and-gates", "circ": "cnx-btb"}: 0.1.0 1543589413.94   0.9999972862144484
{"n": 14, "noise": "sc-better-t1-and-gates", "circ": "cnx-btb"}: 0.1.0 1543590725.23   0.999997321293099
{"n": 14, "noise": "sc-better-t1-and-gates", "circ": "cnx-btb"}: 0.1.0 1543592032.75   0.9999972486549524
{"n": 14, "noise": "sc-better-t1-and-gates", "circ": "cnx-btb"}: 0.1.0 1543593343.79   0.999997315610641
{"n": 14, "noise": "sc-better-t1-and-gates", "circ": "cnx-btb"}: 0.1.0 1543594658.25   0.00705818923188189
{"n": 14, "noise": "sc-better-t1-and-gates", "circ": "cnx-btb"}: 0.1.0 1543595963.86   0.9999973811387499
{"n": 14, "noise": "sc-better-t1-and-gates", "circ": "cnx-btb"}: 0.1.0 1543597279.52   0.9999974030124817
{"n": 14, "noise": "sc-better-t1-and-gates", "circ": "cnx-btb"}: 0.1.0 1543598588.56   0.9999973206418187
{"n": 14, "noise": "sc-better-t1-and-gates", "circ": "cnx-btb"}: 0.1.0 1543599901.76   0.9999974467101174
{"n": 14, "noise": "sc-better-t1-and-gates", "circ": "cnx-btb"}: 0.1.0 1543601217.27   3.0913694551905346e-06
{"n": 14, "noise": "sc-better-t1-and-gates", "circ": "cnx-btb"}: 0.1.0 1543602517.75   0.9999972849475466
{"n": 14, "noise": "sc-better-t1-and-gates", "circ": "cnx-btb"}: 0.1.0 1543603825.54   0.9999974400152026
{"n": 14, "noise": "sc-better-t1-and-gates", "circ": "cnx-btb"}: 0.1.0 1543605129.70   0.9999972839116864
{"n": 14, "noise": "sc-better-t1-and-gates", "circ": "cnx-btb"}: 0.1.0 1543606432.12   0.9999973566265699
{"n": 14, "noise": "sc-better-t1-and-gates", "circ": "cnx-btb"}: 0.1.0 1543607740.92   0.9999971580027092
{"n": 14, "noise": "sc-better-t1-and-gates", "circ": "cnx-btb"}: 0.1.0 1543609043.08   0.9999974384162815
{"n": 14, "noise": "sc-better-t1-and-gates", "circ": "cnx-btb"}: 0.1.0 1543610346.46   0.9999973455563012
{"n": 14, "noise": "sc-better-t1-and-gates", "circ": "cnx-btb"}: 0.1.0 1543611653.32   0.9999975383440268
{"n": 14, "noise": "sc-better-t1-and-gates", "circ": "cnx-btb"}: 0.1.0 1543612964.54   0.9999973210178249
{"n": 14, "noise": "sc-better-t1-and-gates", "circ": "cnx-btb"}: 0.1.0 1543614275.27   0.9999972851896166
