=====
{"n": 14, "noise": "sc-better-t1-and-gates", "circ": "cnx-lin-borrowed-1"}: 0.1.0 1543539159.57   0.999850657779638
{"n": 14, "noise": "sc-better-t1-and-gates", "circ": "cnx-lin-borrowed-1"}: 0.1.0 1543539347.43   0.9998486516411291
{"n": 14, "noise": "sc-better-t1-and-gates", "circ": "cnx-lin-borrowed-1"}: 0.1.0 1543539525.10   0.9998508433657499
{"n": 14, "noise": "sc-better-t1-and-gates", "circ": "cnx-lin-borrowed-1"}: 0.1.0 1543539715.90   0.9998510064957277
{"n": 14, "noise": "sc-better-t1-and-gates", "circ": "cnx-lin-borrowed-1"}: 0.1.0 1543539913.19   0.9998497836867508
{"n": 14, "noise": "sc-better-t1-and-gates", "circ": "cnx-lin-borrowed-1"}: 0.1.0 1543540109.53   0.9998504796550534
{"n": 14, "noise": "sc-better-t1-and-gates", "circ": "cnx-lin-borrowed-1"}: 0.1.0 1543540278.79   0.9998499823479788
{"n": 14, "noise": "sc-better-t1-and-gates", "circ": "cnx-lin-borrowed-1"}: 0.1.0 1543540459.68   3.159626324829556e-05
{"n": 14, "noise": "sc-better-t1-and-gates", "circ": "cnx-lin-borrowed-1"}: 0.1.0 1543540638.34   0.9998518061725378
{"n": 14, "noise": "sc-better-t1-and-gates", "circ": "cnx-lin-borrowed-1"}: 0.1.0 1543540837.25   0.9998491916506187
{"n": 14, "noise": "sc-better-t1-and-gates", "circ": "cnx-lin-borrowed-1"}: 0.1.0 1543541012.47   0.9998515069716661
{"n": 14, "noise": "sc-better-t1-and-gates", "circ": "cnx-lin-borrowed-1"}: 0.1.0 1543541199.57   0.9998512449446786
{"n": 14, "noise": "sc-better-t1-and-gates", "circ": "cnx-lin-borrowed-1"}: 0.1.0 1543541381.55   6.592441732924182e-05
{"n": 14, "noise": "sc-better-t1-and-gates", "circ": "cnx-lin-borrowed-1"}: 0.1.0 1543541566.61   0.9998518541578073
{"n": 14, "noise": "sc-better-t1-and-gates", "circ": "cnx-lin-borrowed-1"}: 0.1.0 1543541764.23   5.218200480035038e-06
{"n": 14, "noise": "sc-better-t1-and-gates", "circ": "cnx-lin-borrowed-1"}: 0.1.0 1543541941.74   0.999849083141251
{"n": 14, "noise": "sc-better-t1-and-gates", "circ": "cnx-lin-borrowed-1"}: 0.1.0 1543542115.44   0.9998533872641475
{"n": 14, "noise": "sc-better-t1-and-gates", "circ": "cnx-lin-borrowed-1"}: 0.1.0 1543542280.78   1.9830257353666767e-05
{"n": 14, "noise": "sc-better-t1-and-gates", "circ": "cnx-lin-borrowed-1"}: 0.1.0 1543542445.42   0.9998494745422353
{"n": 14, "noise": "sc-better-t1-and-gates", "circ": "cnx-lin-borrowed-1"}: 0.1.0 1543542629.43   7.351227297267171e-06
{"n": 14, "noise": "sc-better-t1-and-gates", "circ": "cnx-lin-borrowed-1"}: 0.1.0 1543542807.91   0.999851997607806
{"n": 14, "noise": "sc-better-t1-and-gates", "circ": "cnx-lin-borrowed-1"}: 0.1.0 1543543004.48   0.9998502676354469
{"n": 14, "noise": "sc-better-t1-and-gates", "circ": "cnx-lin-borrowed-1"}: 0.1.0 1543543187.37   0.9998501910362235
{"n": 14, "noise": "sc-better-t1-and-gates", "circ": "cnx-lin-borrowed-1"}: 0.1.0 1543543368.77   0.9998509906536516
{"n": 14, "noise": "sc-better-t1-and-gates", "circ": "cnx-lin-borrowed-1"}: 0.1.0 1543543564.79   0.9998519737287939
{"n": 14, "noise": "sc-better-t1-and-gates", "circ": "cnx-lin-borrowed-1"}: 0.1.0 1543543734.29   1.5077618385525688e-05
{"n": 14, "noise": "sc-better-t1-and-gates", "circ": "cnx-lin-borrowed-1"}: 0.1.0 1543543925.53   3.135636925592106e-05
{"n": 14, "noise": "sc-better-t1-and-gates", "circ": "cnx-lin-borrowed-1"}: 0.1.0 1543544103.25   3.8284974156845923e-05
{"n": 14, "noise": "sc-better-t1-and-gates", "circ": "cnx-lin-borrowed-1"}: 0.1.0 1543544288.81   0.9998525748458402
{"n": 14, "noise": "sc-better-t1-and-gates", "circ": "cnx-lin-borrowed-1"}: 0.1.0 1543544473.91   0.9998517756668687
{"n": 14, "noise": "sc-better-t1-and-gates", "circ": "cnx-lin-borrowed-1"}: 0.1.0 1543544658.07   0.9998517443298249
{"n": 14, "noise": "sc-better-t1-and-gates", "circ": "cnx-lin-borrowed-1"}: 0.1.0 1543544839.05   2.6473193985063658e-05
{"n": 14, "noise": "sc-better-t1-and-gates", "circ": "cnx-lin-borrowed-1"}: 0.1.0 1543545022.96   1.0131886888479972e-05
{"n": 14, "noise": "sc-better-t1-and-gates", "circ": "cnx-lin-borrowed-1"}: 0.1.0 1543545198.67   0.9998516129662673
{"n": 14, "noise": "sc-better-t1-and-gates", "circ": "cnx-lin-borrowed-1"}: 0.1.0 1543545378.01   0.9998495282865367
{"n": 14, "noise": "sc-better-t1-and-gates", "circ": "cnx-lin-borrowed-1"}: 0.1.0 1543545556.59   0.999849534666623
{"n": 14, "noise": "sc-better-t1-and-gates", "circ": "cnx-lin-borrowed-1"}: 0.1.0 1543545735.61   0.9998503956584177
{"n": 14, "noise": "sc-better-t1-and-gates", "circ": "cnx-lin-borrowed-1"}: 0.1.0 1543545905.85   0.9998518920233517
{"n": 14, "noise": "sc-better-t1-and-gates", "circ": "cnx-lin-borrowed-1"}: 0.1.0 1543546087.11   0.9998503328373832
{"n": 14, "noise": "sc-better-t1-and-gates", "circ": "cnx-lin-borrowed-1"}: 0.1.0 1543546264.14   0.9998505334583943
{"n": 14, "noise": "sc-better-t1-and-gates", "circ": "cnx-lin-borrowed-1"}: 0.1.0 1543546450.43   0.9998492358424074
{"n": 14, "noise": "sc-better-t1-and-gates", "circ": "cnx-lin-borrowed-1"}: 0.1.0 1543546641.22   0.9998507784126168
{"n": 14, "noise": "sc-better-t1-and-gates", "circ": "cnx-lin-borrowed-1"}: 0.1.0 1543546829.46   0.9998498980080607
{"n": 14, "noise": "sc-better-t1-and-gates", "circ": "cnx-lin-borrowed-1"}: 0.1.0 1543547021.46   1.620339262093167e-05
{"n": 14, "noise": "sc-better-t1-and-gates", "circ": "cnx-lin-borrowed-1"}: 0.1.0 1543547211.40   8.212292234402193e-06
{"n": 14, "noise": "sc-better-t1-and-gates", "circ": "cnx-lin-borrowed-1"}: 0.1.0 1543547399.82   0.9998516662726781
{"n": 14, "noise": "sc-better-t1-and-gates", "circ": "cnx-lin-borrowed-1"}: 0.1.0 1543547578.97   0.9998510355507305
=====
{"n": 14, "noise": "sc-better-t1-and-gates", "circ": "cnx-lin"}: 0.1.0 1543548438.09   0.0001862705167511726
{"n": 14, "noise": "sc-better-t1-and-gates", "circ": "cnx-lin"}: 0.1.0 1543549264.32   5.0377337065138444e-05
{"n": 14, "noise": "sc-better-t1-and-gates", "circ": "cnx-lin"}: 0.1.0 1543550152.61   1.3425936687072022e-06
{"n": 14, "noise": "sc-better-t1-and-gates", "circ": "cnx-lin"}: 0.1.0 1543551029.94   0.00017876504061696877
{"n": 14, "noise": "sc-better-t1-and-gates", "circ": "cnx-lin"}: 0.1.0 1543551846.12   0.00024112622869133576
{"n": 14, "noise": "sc-better-t1-and-gates", "circ": "cnx-lin"}: 0.1.0 1543552720.73   4.19382032216264e-05
{"n": 14, "noise": "sc-better-t1-and-gates", "circ": "cnx-lin"}: 0.1.0 1543553593.21   6.84035194946722e-05
{"n": 14, "noise": "sc-better-t1-and-gates", "circ": "cnx-lin"}: 0.1.0 1543554450.08   7.732303449263165e-06
{"n": 14, "noise": "sc-better-t1-and-gates", "circ": "cnx-lin"}: 0.1.0 1543555327.45   2.3742850986845746e-05
{"n": 14, "noise": "sc-better-t1-and-gates", "circ": "cnx-lin"}: 0.1.0 1543556172.53   1.1946719260013777e-06
{"n": 14, "noise": "sc-better-t1-and-gates", "circ": "cnx-lin"}: 0.1.0 1543557002.21   1.9372500559031213e-05
{"n": 14, "noise": "sc-better-t1-and-gates", "circ": "cnx-lin"}: 0.1.0 1543557885.13   5.5060872400668265e-05
{"n": 14, "noise": "sc-better-t1-and-gates", "circ": "cnx-lin"}: 0.1.0 1543558736.13   0.9983887242881301
{"n": 14, "noise": "sc-better-t1-and-gates", "circ": "cnx-lin"}: 0.1.0 1543559611.84   0.998423339842041
{"n": 14, "noise": "sc-better-t1-and-gates", "circ": "cnx-lin"}: 0.1.0 1543560539.22   0.00026453341339397173
{"n": 14, "noise": "sc-better-t1-and-gates", "circ": "cnx-lin"}: 0.1.0 1543561428.95   0.00013924055160975736
{"n": 14, "noise": "sc-better-t1-and-gates", "circ": "cnx-lin"}: 0.1.0 1543562300.48   5.022108520964698e-05
{"n": 14, "noise": "sc-better-t1-and-gates", "circ": "cnx-lin"}: 0.1.0 1543563184.44   5.1704555655657626e-05
{"n": 14, "noise": "sc-better-t1-and-gates", "circ": "cnx-lin"}: 0.1.0 1543564039.88   0.9984446809406771
{"n": 14, "noise": "sc-better-t1-and-gates", "circ": "cnx-lin"}: 0.1.0 1543564922.87   3.957357652754253e-05
{"n": 14, "noise": "sc-better-t1-and-gates", "circ": "cnx-lin"}: 0.1.0 1543565828.30   0.00010779127729039419
{"n": 14, "noise": "sc-better-t1-and-gates", "circ": "cnx-lin"}: 0.1.0 1543566733.78   2.986881788421346e-06
{"n": 14, "noise": "sc-better-t1-and-gates", "circ": "cnx-lin"}: 0.1.0 1543567624.94   3.3139994268494963e-06
{"n": 14, "noise": "sc-better-t1-and-gates", "circ": "cnx-lin"}: 0.1.0 1543568470.84   4.618042229711732e-05
{"n": 14, "noise": "sc-better-t1-and-gates", "circ": "cnx-lin"}: 0.1.0 1543569387.06   5.700938282231747e-06
{"n": 14, "noise": "sc-better-t1-and-gates", "circ": "cnx-lin"}: 0.1.0 1543570295.62   2.8681418066927636e-05
{"n": 14, "noise": "sc-better-t1-and-gates", "circ": "cnx-lin"}: 0.1.0 1543571136.26   8.576845224180752e-05
{"n": 14, "noise": "sc-better-t1-and-gates", "circ": "cnx-lin"}: 0.1.0 1543571997.14   7.29954684302439e-05
{"n": 14, "noise": "sc-better-t1-and-gates", "circ": "cnx-lin"}: 0.1.0 1543572890.45   1.5847824883560572e-05
{"n": 14, "noise": "sc-better-t1-and-gates", "circ": "cnx-lin"}: 0.1.0 1543573734.01   0.9984480602068526
{"n": 14, "noise": "sc-better-t1-and-gates", "circ": "cnx-lin"}: 0.1.0 1543574592.21   5.27464283168477e-05
{"n": 14, "noise": "sc-better-t1-and-gates", "circ": "cnx-lin"}: 0.1.0 1543575476.36   5.19049579843461e-05
{"n": 14, "noise": "sc-better-t1-and-gates", "circ": "cnx-lin"}: 0.1.0 1543576359.34   3.107175474354111e-05
{"n": 14, "noise": "sc-better-t1-and-gates", "circ": "cnx-lin"}: 0.1.0 1543577268.27   0.0001286856988683818
{"n": 14, "noise": "sc-better-t1-and-gates", "circ": "cnx-lin"}: 0.1.0 1543578163.22   8.646129022369059e-06
{"n": 14, "noise": "sc-better-t1-and-gates", "circ": "cnx-lin"}: 0.1.0 1543579027.83   1.4000784192413357e-05
{"n": 14, "noise": "sc-better-t1-and-gates", "circ": "cnx-lin"}: 0.1.0 1543579919.25   7.056032226621338e-05
{"n": 14, "noise": "sc-better-t1-and-gates", "circ": "cnx-lin"}: 0.1.0 1543580827.67   0.00012021329907247025
{"n": 14, "noise": "sc-better-t1-and-gates", "circ": "cnx-lin"}: 0.1.0 1543581731.56   6.242830517024716e-05
{"n": 14, "noise": "sc-better-t1-and-gates", "circ": "cnx-lin"}: 0.1.0 1543582564.58   0.9984413076734925
{"n": 14, "noise": "sc-better-t1-and-gates", "circ": "cnx-lin"}: 0.1.0 1543583478.82   0.9984397415098787
{"n": 14, "noise": "sc-better-t1-and-gates", "circ": "cnx-lin"}: 0.1.0 1543584381.57   2.218018505977424e-08
{"n": 14, "noise": "sc-better-t1-and-gates", "circ": "cnx-lin"}: 0.1.0 1543585349.92   8.423653781082289e-05
{"n": 14, "noise": "sc-better-t1-and-gates", "circ": "cnx-lin"}: 0.1.0 1543586215.20   0.00011118493612195984
{"n": 14, "noise": "sc-better-t1-and-gates", "circ": "cnx-lin"}: 0.1.0 1543587113.81   0.9984229561335055
{"n": 14, "noise": "sc-better-t1-and-gates", "circ": "cnx-lin"}: 0.1.0 1543587991.19   6.600363318925976e-07
{"n": 14, "noise": "sc-better-t1-and-gates", "circ": "cnx-lin"}: 0.1.0 1543588864.92   1.0919222681876714e-05
{"n": 14, "noise": "sc-better-t1-and-gates", "circ": "cnx-lin"}: 0.1.0 1543589812.11   8.29219242936718e-05
{"n": 14, "noise": "sc-better-t1-and-gates", "circ": "cnx-lin"}: 0.1.0 1543590755.26   0.9984356241405143
{"n": 14, "noise": "sc-better-t1-and-gates", "circ": "cnx-lin"}: 0.1.0 1543591682.89   0.9983883012594663
{"n": 14, "noise": "sc-better-t1-and-gates", "circ": "cnx-lin"}: 0.1.0 1543592660.91   8.745979884565085e-05
{"n": 14, "noise": "sc-better-t1-and-gates", "circ": "cnx-lin"}: 0.1.0 1543593595.13   0.00010131926208843991
{"n": 14, "noise": "sc-better-t1-and-gates", "circ": "cnx-lin"}: 0.1.0 1543594579.57   1.4024474476659393e-05
{"n": 14, "noise": "sc-better-t1-and-gates", "circ": "cnx-lin"}: 0.1.0 1543595445.64   0.9984287461264303
{"n": 14, "noise": "sc-better-t1-and-gates", "circ": "cnx-lin"}: 0.1.0 1543596251.69   0.9984374988563554
{"n": 14, "noise": "sc-better-t1-and-gates", "circ": "cnx-lin"}: 0.1.0 1543597119.89   7.108339510020594e-07
{"n": 14, "noise": "sc-better-t1-and-gates", "circ": "cnx-lin"}: 0.1.0 1543598001.04   6.93737876766568e-06
{"n": 14, "noise": "sc-better-t1-and-gates", "circ": "cnx-lin"}: 0.1.0 1543598897.21   0.0001162252038585611
{"n": 14, "noise": "sc-better-t1-and-gates", "circ": "cnx-lin"}: 0.1.0 1543599750.11   7.778920340075732e-05
{"n": 14, "noise": "sc-better-t1-and-gates", "circ": "cnx-lin"}: 0.1.0 1543600531.64   9.014319120072339e-05
{"n": 14, "noise": "sc-better-t1-and-gates", "circ": "cnx-lin"}: 0.1.0 1543601422.63   2.0627936774043672e-05
{"n": 14, "noise": "sc-better-t1-and-gates", "circ": "cnx-lin"}: 0.1.0 1543602252.35   0.9984178446939439
{"n": 14, "noise": "sc-better-t1-and-gates", "circ": "cnx-lin"}: 0.1.0 1543603184.07   1.9315222959047126e-06
{"n": 14, "noise": "sc-better-t1-and-gates", "circ": "cnx-lin"}: 0.1.0 1543604016.09   2.775307375153687e-05
{"n": 14, "noise": "sc-better-t1-and-gates", "circ": "cnx-lin"}: 0.1.0 1543604893.03   0.00018397336361272094
{"n": 14, "noise": "sc-better-t1-and-gates", "circ": "cnx-lin"}: 0.1.0 1543605770.70   0.00021700420825966198
{"n": 14, "noise": "sc-better-t1-and-gates", "circ": "cnx-lin"}: 0.1.0 1543606620.92   0.00013236512682206707
{"n": 14, "noise": "sc-better-t1-and-gates", "circ": "cnx-lin"}: 0.1.0 1543607499.44   1.2818529605125816e-05
{"n": 14, "noise": "sc-better-t1-and-gates", "circ": "cnx-lin"}: 0.1.0 1543608389.39   3.3506411059689793e-05
{"n": 14, "noise": "sc-better-t1-and-gates", "circ": "cnx-lin"}: 0.1.0 1543609232.08   8.48067497375555e-05
{"n": 14, "noise": "sc-better-t1-and-gates", "circ": "cnx-lin"}: 0.1.0 1543610133.03   1.2334794593465758e-05
{"n": 14, "noise": "sc-better-t1-and-gates", "circ": "cnx-lin"}: 0.1.0 1543611039.15   4.2146975427917965e-06
{"n": 14, "noise": "sc-better-t1-and-gates", "circ": "cnx-lin"}: 0.1.0 1543611848.90   4.707966306259198e-05
{"n": 14, "noise": "sc-better-t1-and-gates", "circ": "cnx-lin"}: 0.1.0 1543612694.71   0.9984600055898631
{"n": 14, "noise": "sc-better-t1-and-gates", "circ": "cnx-lin"}: 0.1.0 1543613626.35   6.306518340560316e-05
{"n": 14, "noise": "sc-better-t1-and-gates", "circ": "cnx-lin"}: 0.1.0 1543614500.47   0.000118708127499103
{"n": 14, "noise": "sc-better-t1-and-gates", "circ": "cnx-lin"}: 0.1.0 1543615365.88   6.122079217975989e-05
