=====
{"n": 14, "noise": "sc-better-t1", "circ": "cnx-lin-borrowed-1"}: 0.1.0 1543539115.48   0.0001604740884082209
{"n": 14, "noise": "sc-better-t1", "circ": "cnx-lin-borrowed-1"}: 0.1.0 1543539300.06   0.999850543048078
{"n": 14, "noise": "sc-better-t1", "circ": "cnx-lin-borrowed-1"}: 0.1.0 1543539480.19   0.9998518961589452
{"n": 14, "noise": "sc-better-t1", "circ": "cnx-lin-borrowed-1"}: 0.1.0 1543539671.83   3.592823822895677e-05
{"n": 14, "noise": "sc-better-t1", "circ": "cnx-lin-borrowed-1"}: 0.1.0 1543539861.68   0.9998514828124697
{"n": 14, "noise": "sc-better-t1", "circ": "cnx-lin-borrowed-1"}: 0.1.0 1543540052.15   3.273225660356115e-05
{"n": 14, "noise": "sc-better-t1", "circ": "cnx-lin-borrowed-1"}: 0.1.0 1543540219.28   0.9998497703445979
{"n": 14, "noise": "sc-better-t1", "circ": "cnx-lin-borrowed-1"}: 0.1.0 1543540397.59   0.9998525048631792
{"n": 14, "noise": "sc-better-t1", "circ": "cnx-lin-borrowed-1"}: 0.1.0 1543540588.38   0.9998490022317122
{"n": 14, "noise": "sc-better-t1", "circ": "cnx-lin-borrowed-1"}: 0.1.0 1543540754.93   0.9998519316299026
{"n": 14, "noise": "sc-better-t1", "circ": "cnx-lin-borrowed-1"}: 0.1.0 1543540921.43   3.0443966276279175e-05
{"n": 14, "noise": "sc-better-t1", "circ": "cnx-lin-borrowed-1"}: 0.1.0 1543541100.69   1.0957253669848653e-05
{"n": 14, "noise": "sc-better-t1", "circ": "cnx-lin-borrowed-1"}: 0.1.0 1543541284.81   0.999850806856459
{"n": 14, "noise": "sc-better-t1", "circ": "cnx-lin-borrowed-1"}: 0.1.0 1543541465.01   2.4680761297117524e-05
{"n": 14, "noise": "sc-better-t1", "circ": "cnx-lin-borrowed-1"}: 0.1.0 1543541633.55   0.00013215895061349095
{"n": 14, "noise": "sc-better-t1", "circ": "cnx-lin-borrowed-1"}: 0.1.0 1543541821.00   8.80515258436652e-06
{"n": 14, "noise": "sc-better-t1", "circ": "cnx-lin-borrowed-1"}: 0.1.0 1543541990.47   1.1676571860588273e-06
{"n": 14, "noise": "sc-better-t1", "circ": "cnx-lin-borrowed-1"}: 0.1.0 1543542174.03   1.290021204085008e-05
{"n": 14, "noise": "sc-better-t1", "circ": "cnx-lin-borrowed-1"}: 0.1.0 1543542346.04   3.547497635871881e-07
{"n": 14, "noise": "sc-better-t1", "circ": "cnx-lin-borrowed-1"}: 0.1.0 1543542516.70   0.9998505561991016
{"n": 14, "noise": "sc-better-t1", "circ": "cnx-lin-borrowed-1"}: 0.1.0 1543542684.22   0.9998519506816149
{"n": 14, "noise": "sc-better-t1", "circ": "cnx-lin-borrowed-1"}: 0.1.0 1543542888.42   0.9998527500478704
{"n": 14, "noise": "sc-better-t1", "circ": "cnx-lin-borrowed-1"}: 0.1.0 1543543058.86   0.9998504246634484
{"n": 14, "noise": "sc-better-t1", "circ": "cnx-lin-borrowed-1"}: 0.1.0 1543543238.30   0.9998505606977981
{"n": 14, "noise": "sc-better-t1", "circ": "cnx-lin-borrowed-1"}: 0.1.0 1543543423.59   8.71323161161773e-05
{"n": 14, "noise": "sc-better-t1", "circ": "cnx-lin-borrowed-1"}: 0.1.0 1543543598.37   0.9998506823741771
{"n": 14, "noise": "sc-better-t1", "circ": "cnx-lin-borrowed-1"}: 0.1.0 1543543791.46   1.5480958638953247e-05
{"n": 14, "noise": "sc-better-t1", "circ": "cnx-lin-borrowed-1"}: 0.1.0 1543543972.81   1.0027959792121503e-05
{"n": 14, "noise": "sc-better-t1", "circ": "cnx-lin-borrowed-1"}: 0.1.0 1543544157.60   0.9998491917110094
{"n": 14, "noise": "sc-better-t1", "circ": "cnx-lin-borrowed-1"}: 0.1.0 1543544327.82   0.9998488390813153
{"n": 14, "noise": "sc-better-t1", "circ": "cnx-lin-borrowed-1"}: 0.1.0 1543544502.69   7.691186947433114e-05
{"n": 14, "noise": "sc-better-t1", "circ": "cnx-lin-borrowed-1"}: 0.1.0 1543544684.62   5.347336933215105e-08
{"n": 14, "noise": "sc-better-t1", "circ": "cnx-lin-borrowed-1"}: 0.1.0 1543544868.51   7.82210666861065e-06
{"n": 14, "noise": "sc-better-t1", "circ": "cnx-lin-borrowed-1"}: 0.1.0 1543545048.46   0.9998506911299493
{"n": 14, "noise": "sc-better-t1", "circ": "cnx-lin-borrowed-1"}: 0.1.0 1543545218.20   1.0026225890947032e-05
{"n": 14, "noise": "sc-better-t1", "circ": "cnx-lin-borrowed-1"}: 0.1.0 1543545397.48   0.9998484514362582
{"n": 14, "noise": "sc-better-t1", "circ": "cnx-lin-borrowed-1"}: 0.1.0 1543545586.05   0.9998506097725949
{"n": 14, "noise": "sc-better-t1", "circ": "cnx-lin-borrowed-1"}: 0.1.0 1543545759.86   0.9998514984158201
{"n": 14, "noise": "sc-better-t1", "circ": "cnx-lin-borrowed-1"}: 0.1.0 1543545938.78   0.00012353938149257262
{"n": 14, "noise": "sc-better-t1", "circ": "cnx-lin-borrowed-1"}: 0.1.0 1543546112.84   2.653380183760327e-05
{"n": 14, "noise": "sc-better-t1", "circ": "cnx-lin-borrowed-1"}: 0.1.0 1543546296.21   0.999852027314844
{"n": 14, "noise": "sc-better-t1", "circ": "cnx-lin-borrowed-1"}: 0.1.0 1543546477.03   1.1258627227148246e-05
{"n": 14, "noise": "sc-better-t1", "circ": "cnx-lin-borrowed-1"}: 0.1.0 1543546662.02   3.210387788894212e-05
{"n": 14, "noise": "sc-better-t1", "circ": "cnx-lin-borrowed-1"}: 0.1.0 1543546843.12   0.9998494712078099
{"n": 14, "noise": "sc-better-t1", "circ": "cnx-lin-borrowed-1"}: 0.1.0 1543547021.73   0.9998508951165068
{"n": 14, "noise": "sc-better-t1", "circ": "cnx-lin-borrowed-1"}: 0.1.0 1543547193.83   9.414734528812626e-06
{"n": 14, "noise": "sc-better-t1", "circ": "cnx-lin-borrowed-1"}: 0.1.0 1543547377.32   3.995918113987119e-09
{"n": 14, "noise": "sc-better-t1", "circ": "cnx-lin-borrowed-1"}: 0.1.0 1543547553.18   0.9998495075288572
=====
{"n": 14, "noise": "sc-better-gates", "circ": "cnx-lin"}: 0.1.0 1543548415.88   1.2939748810933142e-05
{"n": 14, "noise": "sc-better-gates", "circ": "cnx-lin"}: 0.1.0 1543549269.51   2.725560627096198e-05
{"n": 14, "noise": "sc-better-gates", "circ": "cnx-lin"}: 0.1.0 1543550115.72   6.577802673673638e-05
{"n": 14, "noise": "sc-better-gates", "circ": "cnx-lin"}: 0.1.0 1543550954.36   5.8472685974255025e-05
{"n": 14, "noise": "sc-better-gates", "circ": "cnx-lin"}: 0.1.0 1543551831.80   0.00019721667662455224
{"n": 14, "noise": "sc-better-gates", "circ": "cnx-lin"}: 0.1.0 1543552705.73   4.326464543130129e-05
{"n": 14, "noise": "sc-better-gates", "circ": "cnx-lin"}: 0.1.0 1543553592.95   3.209848321532837e-05
{"n": 14, "noise": "sc-better-gates", "circ": "cnx-lin"}: 0.1.0 1543554491.76   7.792042909999262e-06
{"n": 14, "noise": "sc-better-gates", "circ": "cnx-lin"}: 0.1.0 1543555452.86   4.103768425214253e-05
{"n": 14, "noise": "sc-better-gates", "circ": "cnx-lin"}: 0.1.0 1543556367.56   0.00016689634485922541
{"n": 14, "noise": "sc-better-gates", "circ": "cnx-lin"}: 0.1.0 1543557276.08   0.0001657881839690468
{"n": 14, "noise": "sc-better-gates", "circ": "cnx-lin"}: 0.1.0 1543558208.72   0.0002134342628771844
{"n": 14, "noise": "sc-better-gates", "circ": "cnx-lin"}: 0.1.0 1543559112.92   7.564262117238025e-05
{"n": 14, "noise": "sc-better-gates", "circ": "cnx-lin"}: 0.1.0 1543560045.05   0.00013611278058537563
{"n": 14, "noise": "sc-better-gates", "circ": "cnx-lin"}: 0.1.0 1543561002.95   8.043426309575515e-05
{"n": 14, "noise": "sc-better-gates", "circ": "cnx-lin"}: 0.1.0 1543561871.23   1.7186991088060647e-05
{"n": 14, "noise": "sc-better-gates", "circ": "cnx-lin"}: 0.1.0 1543562830.57   1.3724891120041999e-05
{"n": 14, "noise": "sc-better-gates", "circ": "cnx-lin"}: 0.1.0 1543563733.71   3.450371936531404e-05
{"n": 14, "noise": "sc-better-gates", "circ": "cnx-lin"}: 0.1.0 1543564638.58   4.935382972920177e-05
{"n": 14, "noise": "sc-better-gates", "circ": "cnx-lin"}: 0.1.0 1543565528.78   2.991617576375568e-05
{"n": 14, "noise": "sc-better-gates", "circ": "cnx-lin"}: 0.1.0 1543566404.03   0.00017036650675882701
{"n": 14, "noise": "sc-better-gates", "circ": "cnx-lin"}: 0.1.0 1543567342.01   1.0497130255247973e-05
{"n": 14, "noise": "sc-better-gates", "circ": "cnx-lin"}: 0.1.0 1543568233.70   7.924146899150703e-05
{"n": 14, "noise": "sc-better-gates", "circ": "cnx-lin"}: 0.1.0 1543569092.70   2.3020428074638572e-05
{"n": 14, "noise": "sc-better-gates", "circ": "cnx-lin"}: 0.1.0 1543569945.97   1.0944544664689116e-05
{"n": 14, "noise": "sc-better-gates", "circ": "cnx-lin"}: 0.1.0 1543570861.34   0.00024825910691234245
{"n": 14, "noise": "sc-better-gates", "circ": "cnx-lin"}: 0.1.0 1543571717.57   7.230826960827415e-05
{"n": 14, "noise": "sc-better-gates", "circ": "cnx-lin"}: 0.1.0 1543572641.09   8.095926161236749e-05
{"n": 14, "noise": "sc-better-gates", "circ": "cnx-lin"}: 0.1.0 1543573533.09   0.00015325774511310765
{"n": 14, "noise": "sc-better-gates", "circ": "cnx-lin"}: 0.1.0 1543574441.48   5.487993533730544e-07
{"n": 14, "noise": "sc-better-gates", "circ": "cnx-lin"}: 0.1.0 1543575299.57   4.2732604298630216e-05
{"n": 14, "noise": "sc-better-gates", "circ": "cnx-lin"}: 0.1.0 1543576180.40   1.2002245746364254e-05
{"n": 14, "noise": "sc-better-gates", "circ": "cnx-lin"}: 0.1.0 1543577069.14   8.56509959668979e-05
{"n": 14, "noise": "sc-better-gates", "circ": "cnx-lin"}: 0.1.0 1543577920.24   0.00015692317022102502
{"n": 14, "noise": "sc-better-gates", "circ": "cnx-lin"}: 0.1.0 1543578782.58   0.00016831852853657964
{"n": 14, "noise": "sc-better-gates", "circ": "cnx-lin"}: 0.1.0 1543579646.79   0.0001842279174493453
{"n": 14, "noise": "sc-better-gates", "circ": "cnx-lin"}: 0.1.0 1543580542.30   3.752363603379347e-05
{"n": 14, "noise": "sc-better-gates", "circ": "cnx-lin"}: 0.1.0 1543581384.66   0.00013601760671332584
{"n": 14, "noise": "sc-better-gates", "circ": "cnx-lin"}: 0.1.0 1543582250.31   0.00012582164953642654
{"n": 14, "noise": "sc-better-gates", "circ": "cnx-lin"}: 0.1.0 1543583097.14   1.375726076730446e-06
{"n": 14, "noise": "sc-better-gates", "circ": "cnx-lin"}: 0.1.0 1543583958.28   7.1414048382473945e-06
{"n": 14, "noise": "sc-better-gates", "circ": "cnx-lin"}: 0.1.0 1543584823.67   4.9443760973090315e-05
{"n": 14, "noise": "sc-better-gates", "circ": "cnx-lin"}: 0.1.0 1543585695.13   4.243815936341185e-05
{"n": 14, "noise": "sc-better-gates", "circ": "cnx-lin"}: 0.1.0 1543586529.53   2.394202450077141e-05
{"n": 14, "noise": "sc-better-gates", "circ": "cnx-lin"}: 0.1.0 1543587403.26   5.460428394548787e-05
{"n": 14, "noise": "sc-better-gates", "circ": "cnx-lin"}: 0.1.0 1543588310.31   4.2002699730874184e-05
{"n": 14, "noise": "sc-better-gates", "circ": "cnx-lin"}: 0.1.0 1543589272.88   4.4206250915354896e-05
{"n": 14, "noise": "sc-better-gates", "circ": "cnx-lin"}: 0.1.0 1543590219.73   6.7420979353299185e-06
{"n": 14, "noise": "sc-better-gates", "circ": "cnx-lin"}: 0.1.0 1543591191.03   5.137258012825227e-05
{"n": 14, "noise": "sc-better-gates", "circ": "cnx-lin"}: 0.1.0 1543592034.05   7.256315323838863e-05
{"n": 14, "noise": "sc-better-gates", "circ": "cnx-lin"}: 0.1.0 1543592887.08   2.490282112853044e-05
{"n": 14, "noise": "sc-better-gates", "circ": "cnx-lin"}: 0.1.0 1543593748.79   3.0377118596624573e-05
{"n": 14, "noise": "sc-better-gates", "circ": "cnx-lin"}: 0.1.0 1543594625.32   3.715310223118854e-05
{"n": 14, "noise": "sc-better-gates", "circ": "cnx-lin"}: 0.1.0 1543595495.30   3.813352031971856e-05
{"n": 14, "noise": "sc-better-gates", "circ": "cnx-lin"}: 0.1.0 1543596359.39   2.2827350759863903e-05
{"n": 14, "noise": "sc-better-gates", "circ": "cnx-lin"}: 0.1.0 1543597226.86   0.00010945651872659613
{"n": 14, "noise": "sc-better-gates", "circ": "cnx-lin"}: 0.1.0 1543598070.12   1.373853037496292e-05
{"n": 14, "noise": "sc-better-gates", "circ": "cnx-lin"}: 0.1.0 1543598893.40   5.497048915528364e-06
{"n": 14, "noise": "sc-better-gates", "circ": "cnx-lin"}: 0.1.0 1543599788.41   1.0908871545252864e-05
{"n": 14, "noise": "sc-better-gates", "circ": "cnx-lin"}: 0.1.0 1543600653.44   1.2801872858155363e-05
{"n": 14, "noise": "sc-better-gates", "circ": "cnx-lin"}: 0.1.0 1543601523.85   3.2537366271669485e-05
{"n": 14, "noise": "sc-better-gates", "circ": "cnx-lin"}: 0.1.0 1543602387.70   5.6500198980111504e-06
{"n": 14, "noise": "sc-better-gates", "circ": "cnx-lin"}: 0.1.0 1543603271.59   3.3667677380513065e-05
{"n": 14, "noise": "sc-better-gates", "circ": "cnx-lin"}: 0.1.0 1543604158.74   2.7815263994984333e-06
{"n": 14, "noise": "sc-better-gates", "circ": "cnx-lin"}: 0.1.0 1543605039.62   6.195132646152978e-05
{"n": 14, "noise": "sc-better-gates", "circ": "cnx-lin"}: 0.1.0 1543605883.13   0.00016039069405239526
{"n": 14, "noise": "sc-better-gates", "circ": "cnx-lin"}: 0.1.0 1543606751.27   0.00010700901252752343
{"n": 14, "noise": "sc-better-gates", "circ": "cnx-lin"}: 0.1.0 1543607642.74   6.75980377177967e-05
{"n": 14, "noise": "sc-better-gates", "circ": "cnx-lin"}: 0.1.0 1543608567.85   2.7005209814575002e-05
{"n": 14, "noise": "sc-better-gates", "circ": "cnx-lin"}: 0.1.0 1543609484.31   2.6644792702595765e-05
{"n": 14, "noise": "sc-better-gates", "circ": "cnx-lin"}: 0.1.0 1543610388.20   1.3240549895524972e-05
{"n": 14, "noise": "sc-better-gates", "circ": "cnx-lin"}: 0.1.0 1543611332.64   7.210526133090551e-05
{"n": 14, "noise": "sc-better-gates", "circ": "cnx-lin"}: 0.1.0 1543612163.43   4.102311798718645e-05
{"n": 14, "noise": "sc-better-gates", "circ": "cnx-lin"}: 0.1.0 1543613032.83   4.484577097963569e-05
{"n": 14, "noise": "sc-better-gates", "circ": "cnx-lin"}: 0.1.0 1543613966.65   8.672648568647082e-06
{"n": 14, "noise": "sc-better-gates", "circ": "cnx-lin"}: 0.1.0 1543614903.04   6.747332642068336e-06
