=====
{"n": 14, "noise": "sc", "circ": "cnx-lin"}: 0.1.0 1543472999.49   4.620384621206517e-05
{"n": 14, "noise": "sc", "circ": "cnx-lin"}: 0.1.0 1543473891.24   4.415369795120396e-05
{"n": 14, "noise": "sc", "circ": "cnx-lin"}: 0.1.0 1543474729.58   0.00014059437892799065
{"n": 14, "noise": "sc", "circ": "cnx-lin"}: 0.1.0 1543475658.73   9.308544897417035e-06
{"n": 14, "noise": "sc", "circ": "cnx-lin"}: 0.1.0 1543476415.57   4.271577533308837e-05
{"n": 14, "noise": "sc", "circ": "cnx-lin"}: 0.1.0 1543477261.34   2.4733798427964164e-05
{"n": 14, "noise": "sc", "circ": "cnx-lin"}: 0.1.0 1543478041.90   0.0001914853477445173
{"n": 14, "noise": "sc", "circ": "cnx-lin"}: 0.1.0 1543479007.19   2.2824186451013293e-05
{"n": 14, "noise": "sc", "circ": "cnx-lin"}: 0.1.0 1543479823.11   6.4363584798233e-05
{"n": 14, "noise": "sc", "circ": "cnx-lin"}: 0.1.0 1543480704.67   0.00020089218292748865
{"n": 14, "noise": "sc", "circ": "cnx-lin"}: 0.1.0 1543481543.92   4.183730025277069e-05
{"n": 14, "noise": "sc", "circ": "cnx-lin"}: 0.1.0 1543482361.36   6.266843797872172e-05
{"n": 14, "noise": "sc", "circ": "cnx-lin"}: 0.1.0 1543483196.08   8.062598984519174e-05
{"n": 14, "noise": "sc", "circ": "cnx-lin"}: 0.1.0 1543484064.85   5.403736744058462e-05
{"n": 14, "noise": "sc", "circ": "cnx-lin"}: 0.1.0 1543484894.40   0.00010999455707633237
{"n": 14, "noise": "sc", "circ": "cnx-lin"}: 0.1.0 1543485717.95   8.904855353372483e-05
{"n": 14, "noise": "sc", "circ": "cnx-lin"}: 0.1.0 1543486566.28   1.1988797045287035e-05
{"n": 14, "noise": "sc", "circ": "cnx-lin"}: 0.1.0 1543487399.86   0.00017620956679781274
{"n": 14, "noise": "sc", "circ": "cnx-lin"}: 0.1.0 1543488248.00   4.1249207292061674e-05
{"n": 14, "noise": "sc", "circ": "cnx-lin"}: 0.1.0 1543489052.51   4.341576737481102e-05
{"n": 14, "noise": "sc", "circ": "cnx-lin"}: 0.1.0 1543489922.93   3.315027579922139e-05
{"n": 14, "noise": "sc", "circ": "cnx-lin"}: 0.1.0 1543490746.71   0.00015028332347047433
{"n": 14, "noise": "sc", "circ": "cnx-lin"}: 0.1.0 1543491600.52   6.489578902694374e-05
{"n": 14, "noise": "sc", "circ": "cnx-lin"}: 0.1.0 1543492449.26   6.8815103480523e-05
{"n": 14, "noise": "sc", "circ": "cnx-lin"}: 0.1.0 1543493255.44   5.4123541839832215e-05
{"n": 14, "noise": "sc", "circ": "cnx-lin"}: 0.1.0 1543494113.81   4.837861109693836e-05
{"n": 14, "noise": "sc", "circ": "cnx-lin"}: 0.1.0 1543495015.46   5.655834525734369e-05
{"n": 14, "noise": "sc", "circ": "cnx-lin"}: 0.1.0 1543495910.03   7.451764249794273e-06
{"n": 14, "noise": "sc", "circ": "cnx-lin"}: 0.1.0 1543496782.49   0.00010153581899511695
{"n": 14, "noise": "sc", "circ": "cnx-lin"}: 0.1.0 1543497712.77   0.00013590308256814128
{"n": 14, "noise": "sc", "circ": "cnx-lin"}: 0.1.0 1543498598.65   2.5751851344290154e-05
{"n": 14, "noise": "sc", "circ": "cnx-lin"}: 0.1.0 1543499504.37   7.199157194915601e-06
{"n": 14, "noise": "sc", "circ": "cnx-lin"}: 0.1.0 1543500328.58   8.206195298369208e-05
{"n": 14, "noise": "sc", "circ": "cnx-lin"}: 0.1.0 1543501239.92   8.67687534404871e-05
{"n": 14, "noise": "sc", "circ": "cnx-lin"}: 0.1.0 1543502178.40   8.489960221529985e-05
{"n": 14, "noise": "sc", "circ": "cnx-lin"}: 0.1.0 1543503103.59   0.00010275703737914705
{"n": 14, "noise": "sc", "circ": "cnx-lin"}: 0.1.0 1543504112.74   8.56015314186936e-05
{"n": 14, "noise": "sc", "circ": "cnx-lin"}: 0.1.0 1543505095.10   0.00011020420200771523
{"n": 14, "noise": "sc", "circ": "cnx-lin"}: 0.1.0 1543506043.17   3.5641637122036234e-05
{"n": 14, "noise": "sc", "circ": "cnx-lin"}: 0.1.0 1543506979.47   4.748212327198939e-06
{"n": 14, "noise": "sc", "circ": "cnx-lin"}: 0.1.0 1543507886.49   0.00013566133529386678
{"n": 14, "noise": "sc", "circ": "cnx-lin"}: 0.1.0 1543508851.80   6.6714030951260725e-06
{"n": 14, "noise": "sc", "circ": "cnx-lin"}: 0.1.0 1543509794.93   8.769506302495607e-05
{"n": 14, "noise": "sc", "circ": "cnx-lin"}: 0.1.0 1543510714.15   0.00011718987693143855
{"n": 14, "noise": "sc", "circ": "cnx-lin"}: 0.1.0 1543511674.23   3.518802980233661e-05
{"n": 14, "noise": "sc", "circ": "cnx-lin"}: 0.1.0 1543512647.95   5.3305222487403445e-05
{"n": 14, "noise": "sc", "circ": "cnx-lin"}: 0.1.0 1543513601.81   4.3252310709587066e-05
{"n": 14, "noise": "sc", "circ": "cnx-lin"}: 0.1.0 1543514567.32   3.995433460669406e-05
{"n": 14, "noise": "sc", "circ": "cnx-lin"}: 0.1.0 1543515527.13   0.0002088826037536523
{"n": 14, "noise": "sc", "circ": "cnx-lin"}: 0.1.0 1543516542.92   0.00040749962570941237
{"n": 14, "noise": "sc", "circ": "cnx-lin"}: 0.1.0 1543517529.17   6.469887907512728e-05
{"n": 14, "noise": "sc", "circ": "cnx-lin"}: 0.1.0 1543518438.24   0.00021923952647138947
{"n": 14, "noise": "sc", "circ": "cnx-lin"}: 0.1.0 1543519440.05   5.169108119447733e-05
{"n": 14, "noise": "sc", "circ": "cnx-lin"}: 0.1.0 1543520335.42   9.028720521518489e-05
{"n": 14, "noise": "sc", "circ": "cnx-lin"}: 0.1.0 1543521309.13   2.1212777994172404e-05
{"n": 14, "noise": "sc", "circ": "cnx-lin"}: 0.1.0 1543522289.63   8.529672803458876e-06
{"n": 14, "noise": "sc", "circ": "cnx-lin"}: 0.1.0 1543523166.59   3.823309540623711e-05
=====
{"n": 14, "noise": "sc", "circ": "cnx-lin-borrowed-1"}: 0.1.0 1543525061.04   6.897929697456848e-05
{"n": 14, "noise": "sc", "circ": "cnx-lin-borrowed-1"}: 0.1.0 1543525251.56   4.031959440738364e-05
{"n": 14, "noise": "sc", "circ": "cnx-lin-borrowed-1"}: 0.1.0 1543525450.22   2.356988408166816e-05
{"n": 14, "noise": "sc", "circ": "cnx-lin-borrowed-1"}: 0.1.0 1543525653.15   6.616926142987092e-06
{"n": 14, "noise": "sc", "circ": "cnx-lin-borrowed-1"}: 0.1.0 1543525838.17   5.261683957538323e-06
{"n": 14, "noise": "sc", "circ": "cnx-lin-borrowed-1"}: 0.1.0 1543526020.90   8.476749988771298e-07
{"n": 14, "noise": "sc", "circ": "cnx-lin-borrowed-1"}: 0.1.0 1543526227.61   2.9735374931655295e-05
{"n": 14, "noise": "sc", "circ": "cnx-lin-borrowed-1"}: 0.1.0 1543526428.99   0.9851231019377246
{"n": 14, "noise": "sc", "circ": "cnx-lin-borrowed-1"}: 0.1.0 1543526625.92   1.9263601928774973e-05
{"n": 14, "noise": "sc", "circ": "cnx-lin-borrowed-1"}: 0.1.0 1543526820.05   4.507331600295011e-05
{"n": 14, "noise": "sc", "circ": "cnx-lin-borrowed-1"}: 0.1.0 1543527012.29   0.9849170699594115
{"n": 14, "noise": "sc", "circ": "cnx-lin-borrowed-1"}: 0.1.0 1543527206.70   1.7094190855207953e-05
{"n": 14, "noise": "sc", "circ": "cnx-lin-borrowed-1"}: 0.1.0 1543527393.39   2.0841252329383488e-05
{"n": 14, "noise": "sc", "circ": "cnx-lin-borrowed-1"}: 0.1.0 1543527572.32   0.9848640695955735
{"n": 14, "noise": "sc", "circ": "cnx-lin-borrowed-1"}: 0.1.0 1543527765.50   0.9847680121970306
{"n": 14, "noise": "sc", "circ": "cnx-lin-borrowed-1"}: 0.1.0 1543527956.05   3.3004204414526705e-05
{"n": 14, "noise": "sc", "circ": "cnx-lin-borrowed-1"}: 0.1.0 1543528136.48   5.16855381427368e-05
{"n": 14, "noise": "sc", "circ": "cnx-lin-borrowed-1"}: 0.1.0 1543528332.56   1.3419158013530001e-07
{"n": 14, "noise": "sc", "circ": "cnx-lin-borrowed-1"}: 0.1.0 1543528532.68   6.391528708069394e-06
{"n": 14, "noise": "sc", "circ": "cnx-lin-borrowed-1"}: 0.1.0 1543528730.13   2.1443642811904826e-06
{"n": 14, "noise": "sc", "circ": "cnx-lin-borrowed-1"}: 0.1.0 1543528926.69   2.511426144123377e-05
{"n": 14, "noise": "sc", "circ": "cnx-lin-borrowed-1"}: 0.1.0 1543529112.35   1.5977026751558528e-05
{"n": 14, "noise": "sc", "circ": "cnx-lin-borrowed-1"}: 0.1.0 1543529297.75   2.5936106254059354e-05
{"n": 14, "noise": "sc", "circ": "cnx-lin-borrowed-1"}: 0.1.0 1543529492.18   0.9848654580668489
{"n": 14, "noise": "sc", "circ": "cnx-lin-borrowed-1"}: 0.1.0 1543529664.91   0.98482440907735
{"n": 14, "noise": "sc", "circ": "cnx-lin-borrowed-1"}: 0.1.0 1543529841.25   3.161148413080714e-05
{"n": 14, "noise": "sc", "circ": "cnx-lin-borrowed-1"}: 0.1.0 1543530040.43   5.431283970894898e-05
{"n": 14, "noise": "sc", "circ": "cnx-lin-borrowed-1"}: 0.1.0 1543530220.19   1.27332349865637e-05
{"n": 14, "noise": "sc", "circ": "cnx-lin-borrowed-1"}: 0.1.0 1543530420.97   0.9849784043220305
{"n": 14, "noise": "sc", "circ": "cnx-lin-borrowed-1"}: 0.1.0 1543530613.27   8.55892300472476e-06
{"n": 14, "noise": "sc", "circ": "cnx-lin-borrowed-1"}: 0.1.0 1543530787.82   0.9848103048845932
{"n": 14, "noise": "sc", "circ": "cnx-lin-borrowed-1"}: 0.1.0 1543530970.55   3.422048562290114e-05
{"n": 14, "noise": "sc", "circ": "cnx-lin-borrowed-1"}: 0.1.0 1543531141.48   0.00012925875420620445
{"n": 14, "noise": "sc", "circ": "cnx-lin-borrowed-1"}: 0.1.0 1543531320.53   3.9576609925117785e-05
{"n": 14, "noise": "sc", "circ": "cnx-lin-borrowed-1"}: 0.1.0 1543531516.36   1.637492558749635e-05
{"n": 14, "noise": "sc", "circ": "cnx-lin-borrowed-1"}: 0.1.0 1543531705.02   4.351262078980269e-06
{"n": 14, "noise": "sc", "circ": "cnx-lin-borrowed-1"}: 0.1.0 1543531891.52   0.00015516596045437155
{"n": 14, "noise": "sc", "circ": "cnx-lin-borrowed-1"}: 0.1.0 1543532096.82   1.2383988591831857e-05
{"n": 14, "noise": "sc", "circ": "cnx-lin-borrowed-1"}: 0.1.0 1543532289.25   0.9848969597702026
{"n": 14, "noise": "sc", "circ": "cnx-lin-borrowed-1"}: 0.1.0 1543532467.68   0.00012475748883904785
{"n": 14, "noise": "sc", "circ": "cnx-lin-borrowed-1"}: 0.1.0 1543532657.07   6.393136808318955e-05
{"n": 14, "noise": "sc", "circ": "cnx-lin-borrowed-1"}: 0.1.0 1543532846.28   0.9848398778659496
{"n": 14, "noise": "sc", "circ": "cnx-lin-borrowed-1"}: 0.1.0 1543533045.40   6.1945653753548655e-06
{"n": 14, "noise": "sc", "circ": "cnx-lin-borrowed-1"}: 0.1.0 1543533235.16   1.7956172535132014e-05
{"n": 14, "noise": "sc", "circ": "cnx-lin-borrowed-1"}: 0.1.0 1543533424.40   2.763042917869452e-05
{"n": 14, "noise": "sc", "circ": "cnx-lin-borrowed-1"}: 0.1.0 1543533608.24   5.340866367074952e-05
{"n": 14, "noise": "sc", "circ": "cnx-lin-borrowed-1"}: 0.1.0 1543533792.11   2.4062144402675677e-05
{"n": 14, "noise": "sc", "circ": "cnx-lin-borrowed-1"}: 0.1.0 1543533984.02   0.9851366644751008
{"n": 14, "noise": "sc", "circ": "cnx-lin-borrowed-1"}: 0.1.0 1543534175.07   0.9848224709586002
{"n": 14, "noise": "sc", "circ": "cnx-lin-borrowed-1"}: 0.1.0 1543534359.80   4.453893848092313e-06
{"n": 14, "noise": "sc", "circ": "cnx-lin-borrowed-1"}: 0.1.0 1543534540.24   2.330555728448784e-05
{"n": 14, "noise": "sc", "circ": "cnx-lin-borrowed-1"}: 0.1.0 1543534720.36   0.9848836013543125
{"n": 14, "noise": "sc", "circ": "cnx-lin-borrowed-1"}: 0.1.0 1543534921.21   1.163604815423326e-05
{"n": 14, "noise": "sc", "circ": "cnx-lin-borrowed-1"}: 0.1.0 1543535120.90   8.971258628345674e-05
{"n": 14, "noise": "sc", "circ": "cnx-lin-borrowed-1"}: 0.1.0 1543535324.79   0.0001274065296733823
{"n": 14, "noise": "sc", "circ": "cnx-lin-borrowed-1"}: 0.1.0 1543535517.77   7.709714446398499e-05
{"n": 14, "noise": "sc", "circ": "cnx-lin-borrowed-1"}: 0.1.0 1543535695.86   4.7056538084189934e-08
{"n": 14, "noise": "sc", "circ": "cnx-lin-borrowed-1"}: 0.1.0 1543535869.27   2.1652886260287887e-05
{"n": 14, "noise": "sc", "circ": "cnx-lin-borrowed-1"}: 0.1.0 1543536040.84   4.256546522192894e-06
{"n": 14, "noise": "sc", "circ": "cnx-lin-borrowed-1"}: 0.1.0 1543536244.68   3.230798702578759e-05
{"n": 14, "noise": "sc", "circ": "cnx-lin-borrowed-1"}: 0.1.0 1543536432.75   1.9281046639025945e-05
{"n": 14, "noise": "sc", "circ": "cnx-lin-borrowed-1"}: 0.1.0 1543536626.41   1.737906549181576e-05
{"n": 14, "noise": "sc", "circ": "cnx-lin-borrowed-1"}: 0.1.0 1543536821.04   1.3585954319653101e-05
{"n": 14, "noise": "sc", "circ": "cnx-lin-borrowed-1"}: 0.1.0 1543537025.05   0.00012274857468537795
{"n": 14, "noise": "sc", "circ": "cnx-lin-borrowed-1"}: 0.1.0 1543537214.86   0.0001391996727518868
{"n": 14, "noise": "sc", "circ": "cnx-lin-borrowed-1"}: 0.1.0 1543537393.05   1.597936276948402e-06
{"n": 14, "noise": "sc", "circ": "cnx-lin-borrowed-1"}: 0.1.0 1543537571.78   3.964791527623484e-05
{"n": 14, "noise": "sc", "circ": "cnx-lin-borrowed-1"}: 0.1.0 1543537746.16   1.8547852087619346e-05
{"n": 14, "noise": "sc", "circ": "cnx-lin-borrowed-1"}: 0.1.0 1543537927.65   8.498724133770648e-05
{"n": 14, "noise": "sc", "circ": "cnx-lin-borrowed-1"}: 0.1.0 1543538128.11   2.0707726354251546e-05
{"n": 14, "noise": "sc", "circ": "cnx-lin-borrowed-1"}: 0.1.0 1543538312.80   5.502612309680518e-05
{"n": 14, "noise": "sc", "circ": "cnx-lin-borrowed-1"}: 0.1.0 1543538496.00   0.00010649371809312043
{"n": 14, "noise": "sc", "circ": "cnx-lin-borrowed-1"}: 0.1.0 1543538678.16   2.6018412231057626e-05
{"n": 14, "noise": "sc", "circ": "cnx-lin-borrowed-1"}: 0.1.0 1543538870.57   6.141564952480568e-05
=====
{"n": 14, "noise": "sc", "circ": "cnx-lin"}: 0.1.0 1543539785.91   0.00022860307407305907
{"n": 14, "noise": "sc", "circ": "cnx-lin"}: 0.1.0 1543540698.35   4.460642796371598e-05
{"n": 14, "noise": "sc", "circ": "cnx-lin"}: 0.1.0 1543541603.01   0.0001947216911242905
{"n": 14, "noise": "sc", "circ": "cnx-lin"}: 0.1.0 1543542481.94   0.00015988885547045767
{"n": 14, "noise": "sc", "circ": "cnx-lin"}: 0.1.0 1543543332.23   4.7578625109017566e-05
{"n": 14, "noise": "sc", "circ": "cnx-lin"}: 0.1.0 1543544243.06   7.012710096892483e-05
{"n": 14, "noise": "sc", "circ": "cnx-lin"}: 0.1.0 1543545146.73   9.591935736925428e-06
{"n": 14, "noise": "sc", "circ": "cnx-lin"}: 0.1.0 1543546077.26   0.00018429805974319686
{"n": 14, "noise": "sc", "circ": "cnx-lin"}: 0.1.0 1543547020.45   2.6288854413304955e-05
=====
{"n": 14, "noise": "sc-better-gates", "circ": "cnx-btb"}: 0.1.0 1543548930.61   0.9997336809487288
{"n": 14, "noise": "sc-better-gates", "circ": "cnx-btb"}: 0.1.0 1543550269.90   0.9997311620671232
{"n": 14, "noise": "sc-better-gates", "circ": "cnx-btb"}: 0.1.0 1543551599.44   1.0885377134345117e-06
{"n": 14, "noise": "sc-better-gates", "circ": "cnx-btb"}: 0.1.0 1543552926.29   0.9997290455860496
{"n": 14, "noise": "sc-better-gates", "circ": "cnx-btb"}: 0.1.0 1543554269.94   0.9997308375381804
{"n": 14, "noise": "sc-better-gates", "circ": "cnx-btb"}: 0.1.0 1543555602.53   0.9997395970148825
{"n": 14, "noise": "sc-better-gates", "circ": "cnx-btb"}: 0.1.0 1543556935.81   7.717485739738633e-05
{"n": 14, "noise": "sc-better-gates", "circ": "cnx-btb"}: 0.1.0 1543558267.91   0.9997311869021722
{"n": 14, "noise": "sc-better-gates", "circ": "cnx-btb"}: 0.1.0 1543559603.89   0.9997368543254515
{"n": 14, "noise": "sc-better-gates", "circ": "cnx-btb"}: 0.1.0 1543560941.81   0.9997363429890377
{"n": 14, "noise": "sc-better-gates", "circ": "cnx-btb"}: 0.1.0 1543562275.72   0.9997365182869634
{"n": 14, "noise": "sc-better-gates", "circ": "cnx-btb"}: 0.1.0 1543563607.12   0.999733533217489
{"n": 14, "noise": "sc-better-gates", "circ": "cnx-btb"}: 0.1.0 1543564941.54   0.9997273838929968
{"n": 14, "noise": "sc-better-gates", "circ": "cnx-btb"}: 0.1.0 1543566267.72   3.054014671968482e-05
{"n": 14, "noise": "sc-better-gates", "circ": "cnx-btb"}: 0.1.0 1543567587.38   0.9997337520876055
{"n": 14, "noise": "sc-better-gates", "circ": "cnx-btb"}: 0.1.0 1543568916.45   0.9997298546203974
{"n": 14, "noise": "sc-better-gates", "circ": "cnx-btb"}: 0.1.0 1543570244.78   0.9997318134891883
{"n": 14, "noise": "sc-better-gates", "circ": "cnx-btb"}: 0.1.0 1543571571.02   0.9997346800838394
{"n": 14, "noise": "sc-better-gates", "circ": "cnx-btb"}: 0.1.0 1543572911.00   0.9997327575606838
{"n": 14, "noise": "sc-better-gates", "circ": "cnx-btb"}: 0.1.0 1543574245.37   0.999738044822042
{"n": 14, "noise": "sc-better-gates", "circ": "cnx-btb"}: 0.1.0 1543575572.58   0.9997330564853099
{"n": 14, "noise": "sc-better-gates", "circ": "cnx-btb"}: 0.1.0 1543576902.38   2.4708491927113066e-05
{"n": 14, "noise": "sc-better-gates", "circ": "cnx-btb"}: 0.1.0 1543578230.06   0.9997293328524058
{"n": 14, "noise": "sc-better-gates", "circ": "cnx-btb"}: 0.1.0 1543579575.85   0.999728791258254
{"n": 14, "noise": "sc-better-gates", "circ": "cnx-btb"}: 0.1.0 1543580914.02   0.9997312920043666
{"n": 14, "noise": "sc-better-gates", "circ": "cnx-btb"}: 0.1.0 1543582254.83   0.9997327764772427
{"n": 14, "noise": "sc-better-gates", "circ": "cnx-btb"}: 0.1.0 1543583590.79   0.999732209252797
{"n": 14, "noise": "sc-better-gates", "circ": "cnx-btb"}: 0.1.0 1543584915.69   0.9997384513007803
{"n": 14, "noise": "sc-better-gates", "circ": "cnx-btb"}: 0.1.0 1543586241.80   0.9997348638908055
{"n": 14, "noise": "sc-better-gates", "circ": "cnx-btb"}: 0.1.0 1543587565.75   0.9997303205997541
{"n": 14, "noise": "sc-better-gates", "circ": "cnx-btb"}: 0.1.0 1543588893.45   0.9997357725204777
{"n": 14, "noise": "sc-better-gates", "circ": "cnx-btb"}: 0.1.0 1543590216.54   0.9997361436488837
{"n": 14, "noise": "sc-better-gates", "circ": "cnx-btb"}: 0.1.0 1543591540.41   0.9997356759258511
{"n": 14, "noise": "sc-better-gates", "circ": "cnx-btb"}: 0.1.0 1543592861.90   0.9997268378900235
{"n": 14, "noise": "sc-better-gates", "circ": "cnx-btb"}: 0.1.0 1543594190.24   0.999738839867497
{"n": 14, "noise": "sc-better-gates", "circ": "cnx-btb"}: 0.1.0 1543595525.37   0.9997339271227647
{"n": 14, "noise": "sc-better-gates", "circ": "cnx-btb"}: 0.1.0 1543596850.25   0.9997286635241812
{"n": 14, "noise": "sc-better-gates", "circ": "cnx-btb"}: 0.1.0 1543598167.94   0.9997367643776324
{"n": 14, "noise": "sc-better-gates", "circ": "cnx-btb"}: 0.1.0 1543599500.84   0.9997344241059049
{"n": 14, "noise": "sc-better-gates", "circ": "cnx-btb"}: 0.1.0 1543600837.51   0.9997356267958222
{"n": 14, "noise": "sc-better-gates", "circ": "cnx-btb"}: 0.1.0 1543602175.79   0.9997355522157709
{"n": 14, "noise": "sc-better-gates", "circ": "cnx-btb"}: 0.1.0 1543603505.26   0.9997329505115831
{"n": 14, "noise": "sc-better-gates", "circ": "cnx-btb"}: 0.1.0 1543604835.42   0.9997275638278584
{"n": 14, "noise": "sc-better-gates", "circ": "cnx-btb"}: 0.1.0 1543606166.50   0.9997313679234582
{"n": 14, "noise": "sc-better-gates", "circ": "cnx-btb"}: 0.1.0 1543607502.05   0.9997328661600685
{"n": 14, "noise": "sc-better-gates", "circ": "cnx-btb"}: 0.1.0 1543608826.60   0.9997387206179954
{"n": 14, "noise": "sc-better-gates", "circ": "cnx-btb"}: 0.1.0 1543610162.80   1.0532603896019107e-05
{"n": 14, "noise": "sc-better-gates", "circ": "cnx-btb"}: 0.1.0 1543611488.14   0.9997329451278395
{"n": 14, "noise": "sc-better-gates", "circ": "cnx-btb"}: 0.1.0 1543612817.62   0.9997362123369321
{"n": 14, "noise": "sc-better-gates", "circ": "cnx-btb"}: 0.1.0 1543614144.46   8.688674643577794e-07
