=====
{"n": 14, "noise": "sc-better-t1", "circ": "cnx-btb"}: 0.1.0 1543473537.84   0.9999972937959084
{"n": 14, "noise": "sc-better-t1", "circ": "cnx-btb"}: 0.1.0 1543474828.25   0.9999974529626954
{"n": 14, "noise": "sc-better-t1", "circ": "cnx-btb"}: 0.1.0 1543476127.72   0.9999974106904038
{"n": 14, "noise": "sc-better-t1", "circ": "cnx-btb"}: 0.1.0 1543477410.41   0.028930976376084844
{"n": 14, "noise": "sc-better-t1", "circ": "cnx-btb"}: 0.1.0 1543478695.66   2.7379522802273644e-05
{"n": 14, "noise": "sc-better-t1", "circ": "cnx-btb"}: 0.1.0 1543479984.81   0.9999972387885292
{"n": 14, "noise": "sc-better-t1", "circ": "cnx-btb"}: 0.1.0 1543481282.80   0.9999972422500635
{"n": 14, "noise": "sc-better-t1", "circ": "cnx-btb"}: 0.1.0 1543482567.44   0.9999973255737469
{"n": 14, "noise": "sc-better-t1", "circ": "cnx-btb"}: 0.1.0 1543483853.59   0.9999972871655325
{"n": 14, "noise": "sc-better-t1", "circ": "cnx-btb"}: 0.1.0 1543485144.82   0.0026742402706174946
{"n": 14, "noise": "sc-better-t1", "circ": "cnx-btb"}: 0.1.0 1543486441.03   1.9688912411260046e-05
{"n": 14, "noise": "sc-better-t1", "circ": "cnx-btb"}: 0.1.0 1543487735.07   8.637543581551875e-06
{"n": 14, "noise": "sc-better-t1", "circ": "cnx-btb"}: 0.1.0 1543489023.25   0.9999973575006424
{"n": 14, "noise": "sc-better-t1", "circ": "cnx-btb"}: 0.1.0 1543490323.62   3.244898282258885e-05
{"n": 14, "noise": "sc-better-t1", "circ": "cnx-btb"}: 0.1.0 1543491615.19   8.975838868974736e-06
{"n": 14, "noise": "sc-better-t1", "circ": "cnx-btb"}: 0.1.0 1543492912.85   0.030418657490668622
{"n": 14, "noise": "sc-better-t1", "circ": "cnx-btb"}: 0.1.0 1543494213.15   0.9999973150184105
{"n": 14, "noise": "sc-better-t1", "circ": "cnx-btb"}: 0.1.0 1543495500.52   0.9999973012114157
{"n": 14, "noise": "sc-better-t1", "circ": "cnx-btb"}: 0.1.0 1543496793.51   0.9999974179633061
{"n": 14, "noise": "sc-better-t1", "circ": "cnx-btb"}: 0.1.0 1543498117.26   0.9999973535346988
{"n": 14, "noise": "sc-better-t1", "circ": "cnx-btb"}: 0.1.0 1543499444.50   0.9999972210233585
{"n": 14, "noise": "sc-better-t1", "circ": "cnx-btb"}: 0.1.0 1543500755.97   1.031505118953871e-06
{"n": 14, "noise": "sc-better-t1", "circ": "cnx-btb"}: 0.1.0 1543502058.88   0.9999973889873451
{"n": 14, "noise": "sc-better-t1", "circ": "cnx-btb"}: 0.1.0 1543503355.98   2.1318114324198306e-05
{"n": 14, "noise": "sc-better-t1", "circ": "cnx-btb"}: 0.1.0 1543504661.74   0.9999972761888405
{"n": 14, "noise": "sc-better-t1", "circ": "cnx-btb"}: 0.1.0 1543505957.34   0.9999973736261057
{"n": 14, "noise": "sc-better-t1", "circ": "cnx-btb"}: 0.1.0 1543507256.66   1.4513014340759137e-06
{"n": 14, "noise": "sc-better-t1", "circ": "cnx-btb"}: 0.1.0 1543508556.15   0.02415782181871281
{"n": 14, "noise": "sc-better-t1", "circ": "cnx-btb"}: 0.1.0 1543509848.78   0.09924602402298711
{"n": 14, "noise": "sc-better-t1", "circ": "cnx-btb"}: 0.1.0 1543511154.46   0.9999972686693369
{"n": 14, "noise": "sc-better-t1", "circ": "cnx-btb"}: 0.1.0 1543512456.98   0.9999972964336935
{"n": 14, "noise": "sc-better-t1", "circ": "cnx-btb"}: 0.1.0 1543513741.92   0.99999720611728
{"n": 14, "noise": "sc-better-t1", "circ": "cnx-btb"}: 0.1.0 1543515044.97   0.9999973573660136
{"n": 14, "noise": "sc-better-t1", "circ": "cnx-btb"}: 0.1.0 1543516343.13   0.9999973009490759
{"n": 14, "noise": "sc-better-t1", "circ": "cnx-btb"}: 0.1.0 1543517640.01   0.9999972188266184
{"n": 14, "noise": "sc-better-t1", "circ": "cnx-btb"}: 0.1.0 1543518944.05   0.9999972202576846
{"n": 14, "noise": "sc-better-t1", "circ": "cnx-btb"}: 0.1.0 1543520247.36   0.999997521011077
{"n": 14, "noise": "sc-better-t1", "circ": "cnx-btb"}: 0.1.0 1543521548.62   3.6380613221050464e-05
{"n": 14, "noise": "sc-better-t1", "circ": "cnx-btb"}: 0.1.0 1543522852.86   0.9999973691340986
=====
{"n": 14, "noise": "sc-better-gates", "circ": "cnx-btb"}: 0.1.0 1543526159.71   0.9997371007765691
{"n": 14, "noise": "sc-better-gates", "circ": "cnx-btb"}: 0.1.0 1543527453.55   0.9997349389570355
{"n": 14, "noise": "sc-better-gates", "circ": "cnx-btb"}: 0.1.0 1543528753.46   0.9997328488562623
{"n": 14, "noise": "sc-better-gates", "circ": "cnx-btb"}: 0.1.0 1543530047.51   0.9997316864126895
{"n": 14, "noise": "sc-better-gates", "circ": "cnx-btb"}: 0.1.0 1543531347.08   0.9997327543242027
{"n": 14, "noise": "sc-better-gates", "circ": "cnx-btb"}: 0.1.0 1543532648.16   0.9997351325365516
{"n": 14, "noise": "sc-better-gates", "circ": "cnx-btb"}: 0.1.0 1543533953.12   0.000158262874244909
{"n": 14, "noise": "sc-better-gates", "circ": "cnx-btb"}: 0.1.0 1543535254.42   0.9997361017296361
{"n": 14, "noise": "sc-better-gates", "circ": "cnx-btb"}: 0.1.0 1543536559.25   0.999735047186816
{"n": 14, "noise": "sc-better-gates", "circ": "cnx-btb"}: 0.1.0 1543537857.29   0.9997350365650772
=====
{"n": 14, "noise": "sc-better-t1", "circ": "cnx-btb"}: 0.1.0 1543540215.05   2.5792774810304884e-05
{"n": 14, "noise": "sc-better-t1", "circ": "cnx-btb"}: 0.1.0 1543541511.82   0.9999971843453188
{"n": 14, "noise": "sc-better-t1", "circ": "cnx-btb"}: 0.1.0 1543542819.08   0.9999973497847954
{"n": 14, "noise": "sc-better-t1", "circ": "cnx-btb"}: 0.1.0 1543544124.50   0.9999973219436418
{"n": 14, "noise": "sc-better-t1", "circ": "cnx-btb"}: 0.1.0 1543545427.96   0.9999972590679104
{"n": 14, "noise": "sc-better-t1", "circ": "cnx-btb"}: 0.1.0 1543546728.64   3.212568762927743e-05
=====
{"n": 14, "noise": "sc", "circ": "cnx-btb"}: 0.1.0 1543548868.82   7.793390861245626e-05
{"n": 14, "noise": "sc", "circ": "cnx-btb"}: 0.1.0 1543550164.78   0.999732551637056
{"n": 14, "noise": "sc", "circ": "cnx-btb"}: 0.1.0 1543551458.75   3.0172011651281904e-05
{"n": 14, "noise": "sc", "circ": "cnx-btb"}: 0.1.0 1543552759.67   0.9997340781400783
{"n": 14, "noise": "sc", "circ": "cnx-btb"}: 0.1.0 1543554063.03   0.9997351614843308
{"n": 14, "noise": "sc", "circ": "cnx-btb"}: 0.1.0 1543555385.65   0.9997345978856035
{"n": 14, "noise": "sc", "circ": "cnx-btb"}: 0.1.0 1543556702.33   1.3219616648273698e-05
{"n": 14, "noise": "sc", "circ": "cnx-btb"}: 0.1.0 1543558025.61   0.9997333974691625
{"n": 14, "noise": "sc", "circ": "cnx-btb"}: 0.1.0 1543559342.20   8.020735955973178e-06
{"n": 14, "noise": "sc", "circ": "cnx-btb"}: 0.1.0 1543560666.88   1.4305573769238987e-05
{"n": 14, "noise": "sc", "circ": "cnx-btb"}: 0.1.0 1543561986.14   0.999735964340891
{"n": 14, "noise": "sc", "circ": "cnx-btb"}: 0.1.0 1543563305.96   0.9997313958653593
{"n": 14, "noise": "sc", "circ": "cnx-btb"}: 0.1.0 1543564618.88   0.006836609246970557
{"n": 14, "noise": "sc", "circ": "cnx-btb"}: 0.1.0 1543565928.90   2.40752495530392e-05
{"n": 14, "noise": "sc", "circ": "cnx-btb"}: 0.1.0 1543567229.77   1.7273800919983156e-05
{"n": 14, "noise": "sc", "circ": "cnx-btb"}: 0.1.0 1543568493.59   6.661228004693679e-06
{"n": 14, "noise": "sc", "circ": "cnx-btb"}: 0.1.0 1543569733.34   2.9469832895180988e-05
{"n": 14, "noise": "sc", "circ": "cnx-btb"}: 0.1.0 1543570980.71   0.9997355497994809
{"n": 14, "noise": "sc", "circ": "cnx-btb"}: 0.1.0 1543572249.69   0.9997315622598072
{"n": 14, "noise": "sc", "circ": "cnx-btb"}: 0.1.0 1543573549.98   6.421297387049511e-05
{"n": 14, "noise": "sc", "circ": "cnx-btb"}: 0.1.0 1543574876.79   0.999728996047346
{"n": 14, "noise": "sc", "circ": "cnx-btb"}: 0.1.0 1543576190.37   0.9997349271386571
{"n": 14, "noise": "sc", "circ": "cnx-btb"}: 0.1.0 1543577516.40   0.9997330045537556
{"n": 14, "noise": "sc", "circ": "cnx-btb"}: 0.1.0 1543578888.31   0.9997349698985922
{"n": 14, "noise": "sc", "circ": "cnx-btb"}: 0.1.0 1543580258.63   0.9997364517843437
{"n": 14, "noise": "sc", "circ": "cnx-btb"}: 0.1.0 1543581618.08   2.0892313577831676e-05
{"n": 14, "noise": "sc", "circ": "cnx-btb"}: 0.1.0 1543582975.23   0.9997347547287565
{"n": 14, "noise": "sc", "circ": "cnx-btb"}: 0.1.0 1543584324.71   0.9997346501473587
{"n": 14, "noise": "sc", "circ": "cnx-btb"}: 0.1.0 1543585676.33   0.99973480130044
{"n": 14, "noise": "sc", "circ": "cnx-btb"}: 0.1.0 1543587028.18   5.8033305649265275e-05
{"n": 14, "noise": "sc", "circ": "cnx-btb"}: 0.1.0 1543588380.96   0.9997270094510484
{"n": 14, "noise": "sc", "circ": "cnx-btb"}: 0.1.0 1543589729.79   4.574800498292934e-05
{"n": 14, "noise": "sc", "circ": "cnx-btb"}: 0.1.0 1543591083.32   2.146145910900555e-06
{"n": 14, "noise": "sc", "circ": "cnx-btb"}: 0.1.0 1543592432.15   0.025701296270959177
{"n": 14, "noise": "sc", "circ": "cnx-btb"}: 0.1.0 1543593780.41   0.003679298807890182
{"n": 14, "noise": "sc", "circ": "cnx-btb"}: 0.1.0 1543595124.81   0.10806741092163225
{"n": 14, "noise": "sc", "circ": "cnx-btb"}: 0.1.0 1543596476.46   4.986843601681844e-06
{"n": 14, "noise": "sc", "circ": "cnx-btb"}: 0.1.0 1543597838.51   0.9997317807337922
{"n": 14, "noise": "sc", "circ": "cnx-btb"}: 0.1.0 1543599196.68   2.574048810923611e-05
{"n": 14, "noise": "sc", "circ": "cnx-btb"}: 0.1.0 1543600558.27   2.5536093878034308e-05
{"n": 14, "noise": "sc", "circ": "cnx-btb"}: 0.1.0 1543601924.20   0.9997307352554277
{"n": 14, "noise": "sc", "circ": "cnx-btb"}: 0.1.0 1543603291.09   0.9997358685976963
{"n": 14, "noise": "sc", "circ": "cnx-btb"}: 0.1.0 1543604640.26   0.9997333835356151
{"n": 14, "noise": "sc", "circ": "cnx-btb"}: 0.1.0 1543605991.73   0.9997350922171164
{"n": 14, "noise": "sc", "circ": "cnx-btb"}: 0.1.0 1543607349.41   0.9997354655369309
{"n": 14, "noise": "sc", "circ": "cnx-btb"}: 0.1.0 1543608703.16   4.352979385170716e-05
{"n": 14, "noise": "sc", "circ": "cnx-btb"}: 0.1.0 1543610055.52   0.9997334425903441
{"n": 14, "noise": "sc", "circ": "cnx-btb"}: 0.1.0 1543611408.14   0.9997326121118435
{"n": 14, "noise": "sc", "circ": "cnx-btb"}: 0.1.0 1543612756.60   0.999736692148892
{"n": 14, "noise": "sc", "circ": "cnx-btb"}: 0.1.0 1543614106.47   5.039003661885236e-05
