=====
{"n": 14, "noise": "sc", "circ": "cnx-lin"}: 0.1.0 1543473091.01   6.29708147273933e-05
{"n": 14, "noise": "sc", "circ": "cnx-lin"}: 0.1.0 1543473981.69   6.13382186809068e-05
{"n": 14, "noise": "sc", "circ": "cnx-lin"}: 0.1.0 1543474829.02   5.328690740581483e-06
{"n": 14, "noise": "sc", "circ": "cnx-lin"}: 0.1.0 1543475639.69   6.714777324936748e-05
{"n": 14, "noise": "sc", "circ": "cnx-lin"}: 0.1.0 1543476502.35   7.442868089325537e-05
{"n": 14, "noise": "sc", "circ": "cnx-lin"}: 0.1.0 1543477402.06   2.6103650614016686e-05
{"n": 14, "noise": "sc", "circ": "cnx-lin"}: 0.1.0 1543478250.91   4.786924004745098e-05
{"n": 14, "noise": "sc", "circ": "cnx-lin"}: 0.1.0 1543479163.24   4.9752995172770316e-05
{"n": 14, "noise": "sc", "circ": "cnx-lin"}: 0.1.0 1543480016.17   5.93065682166321e-05
{"n": 14, "noise": "sc", "circ": "cnx-lin"}: 0.1.0 1543480904.49   0.00010885290872101056
{"n": 14, "noise": "sc", "circ": "cnx-lin"}: 0.1.0 1543481747.94   1.0713896066089217e-05
{"n": 14, "noise": "sc", "circ": "cnx-lin"}: 0.1.0 1543482598.30   4.408738140483083e-05
{"n": 14, "noise": "sc", "circ": "cnx-lin"}: 0.1.0 1543483395.69   4.015287931030596e-05
{"n": 14, "noise": "sc", "circ": "cnx-lin"}: 0.1.0 1543484231.03   3.079910448927295e-05
{"n": 14, "noise": "sc", "circ": "cnx-lin"}: 0.1.0 1543485058.22   4.7726422268361875e-05
{"n": 14, "noise": "sc", "circ": "cnx-lin"}: 0.1.0 1543485957.70   0.00010304278623350284
{"n": 14, "noise": "sc", "circ": "cnx-lin"}: 0.1.0 1543486809.41   4.1188561644040885e-05
{"n": 14, "noise": "sc", "circ": "cnx-lin"}: 0.1.0 1543487688.20   0.00012573352290997855
{"n": 14, "noise": "sc", "circ": "cnx-lin"}: 0.1.0 1543488479.95   2.59418718544314e-05
{"n": 14, "noise": "sc", "circ": "cnx-lin"}: 0.1.0 1543489329.82   0.0001651439695669618
{"n": 14, "noise": "sc", "circ": "cnx-lin"}: 0.1.0 1543490160.41   4.409719528516763e-05
{"n": 14, "noise": "sc", "circ": "cnx-lin"}: 0.1.0 1543490988.03   0.00011115609301024292
{"n": 14, "noise": "sc", "circ": "cnx-lin"}: 0.1.0 1543491867.85   0.00016897718764432966
{"n": 14, "noise": "sc", "circ": "cnx-lin"}: 0.1.0 1543492732.31   3.795551848865894e-05
{"n": 14, "noise": "sc", "circ": "cnx-lin"}: 0.1.0 1543493595.29   9.173809451114324e-05
{"n": 14, "noise": "sc", "circ": "cnx-lin"}: 0.1.0 1543494461.27   2.7091014554736434e-06
{"n": 14, "noise": "sc", "circ": "cnx-lin"}: 0.1.0 1543495354.59   1.0735295415916913e-05
{"n": 14, "noise": "sc", "circ": "cnx-lin"}: 0.1.0 1543496257.93   9.219906252149193e-05
{"n": 14, "noise": "sc", "circ": "cnx-lin"}: 0.1.0 1543497176.74   4.6848561299028296e-05
{"n": 14, "noise": "sc", "circ": "cnx-lin"}: 0.1.0 1543498075.23   3.644256729103261e-05
{"n": 14, "noise": "sc", "circ": "cnx-lin"}: 0.1.0 1543498956.41   6.352297921639993e-05
{"n": 14, "noise": "sc", "circ": "cnx-lin"}: 0.1.0 1543499823.04   1.0228449649614591e-05
{"n": 14, "noise": "sc", "circ": "cnx-lin"}: 0.1.0 1543500717.40   8.422955797675749e-05
{"n": 14, "noise": "sc", "circ": "cnx-lin"}: 0.1.0 1543501606.09   1.9142827482235826e-05
{"n": 14, "noise": "sc", "circ": "cnx-lin"}: 0.1.0 1543502496.00   7.656599942608388e-05
{"n": 14, "noise": "sc", "circ": "cnx-lin"}: 0.1.0 1543503473.27   3.7667294083839395e-06
{"n": 14, "noise": "sc", "circ": "cnx-lin"}: 0.1.0 1543504382.76   4.260370908526083e-05
{"n": 14, "noise": "sc", "circ": "cnx-lin"}: 0.1.0 1543505305.43   8.800109029247775e-05
{"n": 14, "noise": "sc", "circ": "cnx-lin"}: 0.1.0 1543506204.80   1.3089302432756003e-05
{"n": 14, "noise": "sc", "circ": "cnx-lin"}: 0.1.0 1543507144.51   2.3256738480786195e-06
{"n": 14, "noise": "sc", "circ": "cnx-lin"}: 0.1.0 1543508061.45   3.367002021400397e-05
{"n": 14, "noise": "sc", "circ": "cnx-lin"}: 0.1.0 1543508928.28   4.3135565005681536e-05
{"n": 14, "noise": "sc", "circ": "cnx-lin"}: 0.1.0 1543509821.22   0.00011217621982764334
{"n": 14, "noise": "sc", "circ": "cnx-lin"}: 0.1.0 1543510714.18   1.4547821298400232e-06
{"n": 14, "noise": "sc", "circ": "cnx-lin"}: 0.1.0 1543511650.76   0.00016528814294844137
{"n": 14, "noise": "sc", "circ": "cnx-lin"}: 0.1.0 1543512496.62   0.00011296454201132434
{"n": 14, "noise": "sc", "circ": "cnx-lin"}: 0.1.0 1543513317.81   4.228197798936067e-05
{"n": 14, "noise": "sc", "circ": "cnx-lin"}: 0.1.0 1543514198.76   1.5094060602590003e-05
{"n": 14, "noise": "sc", "circ": "cnx-lin"}: 0.1.0 1543515156.11   1.2282640469956388e-05
{"n": 14, "noise": "sc", "circ": "cnx-lin"}: 0.1.0 1543516044.89   1.904561001508674e-05
{"n": 14, "noise": "sc", "circ": "cnx-lin"}: 0.1.0 1543516927.26   2.182049227438277e-05
{"n": 14, "noise": "sc", "circ": "cnx-lin"}: 0.1.0 1543517819.89   0.00013000530592191254
{"n": 14, "noise": "sc", "circ": "cnx-lin"}: 0.1.0 1543518793.06   6.901389920080613e-05
{"n": 14, "noise": "sc", "circ": "cnx-lin"}: 0.1.0 1543519692.12   6.26264366564639e-05
{"n": 14, "noise": "sc", "circ": "cnx-lin"}: 0.1.0 1543520589.76   0.00012881221794761765
{"n": 14, "noise": "sc", "circ": "cnx-lin"}: 0.1.0 1543521571.90   4.614682169138075e-05
{"n": 14, "noise": "sc", "circ": "cnx-lin"}: 0.1.0 1543522479.43   6.810688047752715e-05
{"n": 14, "noise": "sc", "circ": "cnx-lin"}: 0.1.0 1543523453.55   2.3738844165721407e-06
=====
{"n": 14, "noise": "sc", "circ": "cnx-lin-borrowed-1"}: 0.1.0 1543525054.76   5.3447959840833976e-05
{"n": 14, "noise": "sc", "circ": "cnx-lin-borrowed-1"}: 0.1.0 1543525232.27   3.973485682040368e-06
{"n": 14, "noise": "sc", "circ": "cnx-lin-borrowed-1"}: 0.1.0 1543525428.07   0.984997609758503
{"n": 14, "noise": "sc", "circ": "cnx-lin-borrowed-1"}: 0.1.0 1543525612.79   8.383558138644485e-05
{"n": 14, "noise": "sc", "circ": "cnx-lin-borrowed-1"}: 0.1.0 1543525781.25   1.5809934377527347e-05
{"n": 14, "noise": "sc", "circ": "cnx-lin-borrowed-1"}: 0.1.0 1543525957.02   0.0014247207212531377
{"n": 14, "noise": "sc", "circ": "cnx-lin-borrowed-1"}: 0.1.0 1543526149.66   2.946963266336631e-05
{"n": 14, "noise": "sc", "circ": "cnx-lin-borrowed-1"}: 0.1.0 1543526334.54   5.6281050710734445e-05
{"n": 14, "noise": "sc", "circ": "cnx-lin-borrowed-1"}: 0.1.0 1543526507.81   0.984727146072231
{"n": 14, "noise": "sc", "circ": "cnx-lin-borrowed-1"}: 0.1.0 1543526699.03   0.9849203634147026
{"n": 14, "noise": "sc", "circ": "cnx-lin-borrowed-1"}: 0.1.0 1543526874.70   1.1142961571027822e-05
{"n": 14, "noise": "sc", "circ": "cnx-lin-borrowed-1"}: 0.1.0 1543527048.17   6.843279107740557e-06
{"n": 14, "noise": "sc", "circ": "cnx-lin-borrowed-1"}: 0.1.0 1543527215.92   1.9245435101271774e-05
{"n": 14, "noise": "sc", "circ": "cnx-lin-borrowed-1"}: 0.1.0 1543527387.82   9.573545715858061e-06
{"n": 14, "noise": "sc", "circ": "cnx-lin-borrowed-1"}: 0.1.0 1543527570.01   0.985075517159106
{"n": 14, "noise": "sc", "circ": "cnx-lin-borrowed-1"}: 0.1.0 1543527756.69   3.9599098736914225e-05
{"n": 14, "noise": "sc", "circ": "cnx-lin-borrowed-1"}: 0.1.0 1543527921.08   4.407093572139607e-05
{"n": 14, "noise": "sc", "circ": "cnx-lin-borrowed-1"}: 0.1.0 1543528103.82   0.9846993651501607
{"n": 14, "noise": "sc", "circ": "cnx-lin-borrowed-1"}: 0.1.0 1543528280.54   0.00016144933676408
{"n": 14, "noise": "sc", "circ": "cnx-lin-borrowed-1"}: 0.1.0 1543528464.68   2.2712930302038873e-06
{"n": 14, "noise": "sc", "circ": "cnx-lin-borrowed-1"}: 0.1.0 1543528629.31   7.949818133285322e-06
{"n": 14, "noise": "sc", "circ": "cnx-lin-borrowed-1"}: 0.1.0 1543528803.11   0.9848287893753879
{"n": 14, "noise": "sc", "circ": "cnx-lin-borrowed-1"}: 0.1.0 1543528971.93   5.844011268224542e-05
{"n": 14, "noise": "sc", "circ": "cnx-lin-borrowed-1"}: 0.1.0 1543529152.66   0.9850451391813404
{"n": 14, "noise": "sc", "circ": "cnx-lin-borrowed-1"}: 0.1.0 1543529339.61   2.9903003498618738e-05
{"n": 14, "noise": "sc", "circ": "cnx-lin-borrowed-1"}: 0.1.0 1543529514.57   1.7292344329661927e-05
{"n": 14, "noise": "sc", "circ": "cnx-lin-borrowed-1"}: 0.1.0 1543529700.95   2.0070241268104544e-05
{"n": 14, "noise": "sc", "circ": "cnx-lin-borrowed-1"}: 0.1.0 1543529875.05   0.00013466410720905657
{"n": 14, "noise": "sc", "circ": "cnx-lin-borrowed-1"}: 0.1.0 1543530059.93   5.927656029107399e-05
{"n": 14, "noise": "sc", "circ": "cnx-lin-borrowed-1"}: 0.1.0 1543530245.40   0.9849848639868545
{"n": 14, "noise": "sc", "circ": "cnx-lin-borrowed-1"}: 0.1.0 1543530419.78   4.3039906438657036e-05
{"n": 14, "noise": "sc", "circ": "cnx-lin-borrowed-1"}: 0.1.0 1543530602.93   2.855489260328276e-05
{"n": 14, "noise": "sc", "circ": "cnx-lin-borrowed-1"}: 0.1.0 1543530778.54   4.6630700754547926e-07
{"n": 14, "noise": "sc", "circ": "cnx-lin-borrowed-1"}: 0.1.0 1543530954.15   4.423098090148925e-05
{"n": 14, "noise": "sc", "circ": "cnx-lin-borrowed-1"}: 0.1.0 1543531133.72   2.0149667067186366e-05
{"n": 14, "noise": "sc", "circ": "cnx-lin-borrowed-1"}: 0.1.0 1543531300.67   0.0001580357337236836
{"n": 14, "noise": "sc", "circ": "cnx-lin-borrowed-1"}: 0.1.0 1543531484.88   1.010182945913714e-06
{"n": 14, "noise": "sc", "circ": "cnx-lin-borrowed-1"}: 0.1.0 1543531660.78   2.140343737447051e-06
{"n": 14, "noise": "sc", "circ": "cnx-lin-borrowed-1"}: 0.1.0 1543531838.42   2.563285954283651e-05
{"n": 14, "noise": "sc", "circ": "cnx-lin-borrowed-1"}: 0.1.0 1543532010.21   6.693389574617617e-06
{"n": 14, "noise": "sc", "circ": "cnx-lin-borrowed-1"}: 0.1.0 1543532188.55   6.187484369128042e-05
{"n": 14, "noise": "sc", "circ": "cnx-lin-borrowed-1"}: 0.1.0 1543532362.57   0.9849227445127693
{"n": 14, "noise": "sc", "circ": "cnx-lin-borrowed-1"}: 0.1.0 1543532527.71   0.00021154190933255057
{"n": 14, "noise": "sc", "circ": "cnx-lin-borrowed-1"}: 0.1.0 1543532706.87   4.318148197140409e-07
{"n": 14, "noise": "sc", "circ": "cnx-lin-borrowed-1"}: 0.1.0 1543532878.87   0.984868510473058
{"n": 14, "noise": "sc", "circ": "cnx-lin-borrowed-1"}: 0.1.0 1543533064.95   6.390387530408185e-06
{"n": 14, "noise": "sc", "circ": "cnx-lin-borrowed-1"}: 0.1.0 1543533242.88   0.0002244743022635099
{"n": 14, "noise": "sc", "circ": "cnx-lin-borrowed-1"}: 0.1.0 1543533429.71   0.984882774486687
{"n": 14, "noise": "sc", "circ": "cnx-lin-borrowed-1"}: 0.1.0 1543533602.52   1.8213302384430144e-06
{"n": 14, "noise": "sc", "circ": "cnx-lin-borrowed-1"}: 0.1.0 1543533777.65   8.908220399709378e-06
{"n": 14, "noise": "sc", "circ": "cnx-lin-borrowed-1"}: 0.1.0 1543533963.33   1.655357655926676e-05
{"n": 14, "noise": "sc", "circ": "cnx-lin-borrowed-1"}: 0.1.0 1543534149.89   5.4635092266192655e-06
{"n": 14, "noise": "sc", "circ": "cnx-lin-borrowed-1"}: 0.1.0 1543534316.92   9.99370961490122e-05
{"n": 14, "noise": "sc", "circ": "cnx-lin-borrowed-1"}: 0.1.0 1543534480.24   4.420821086443699e-06
{"n": 14, "noise": "sc", "circ": "cnx-lin-borrowed-1"}: 0.1.0 1543534665.49   0.9849715492029201
{"n": 14, "noise": "sc", "circ": "cnx-lin-borrowed-1"}: 0.1.0 1543534848.75   0.9850128925758452
{"n": 14, "noise": "sc", "circ": "cnx-lin-borrowed-1"}: 0.1.0 1543535010.78   2.3334749209908145e-06
{"n": 14, "noise": "sc", "circ": "cnx-lin-borrowed-1"}: 0.1.0 1543535186.62   3.503219222171285e-05
{"n": 14, "noise": "sc", "circ": "cnx-lin-borrowed-1"}: 0.1.0 1543535353.78   1.0107045245418467e-05
{"n": 14, "noise": "sc", "circ": "cnx-lin-borrowed-1"}: 0.1.0 1543535544.52   0.9850667679986148
{"n": 14, "noise": "sc", "circ": "cnx-lin-borrowed-1"}: 0.1.0 1543535722.66   0.9849907309627084
{"n": 14, "noise": "sc", "circ": "cnx-lin-borrowed-1"}: 0.1.0 1543535912.54   4.505951643659891e-05
{"n": 14, "noise": "sc", "circ": "cnx-lin-borrowed-1"}: 0.1.0 1543536099.93   6.163360144512504e-05
{"n": 14, "noise": "sc", "circ": "cnx-lin-borrowed-1"}: 0.1.0 1543536276.55   2.4328394977395786e-05
{"n": 14, "noise": "sc", "circ": "cnx-lin-borrowed-1"}: 0.1.0 1543536452.25   1.2961939880035127e-05
{"n": 14, "noise": "sc", "circ": "cnx-lin-borrowed-1"}: 0.1.0 1543536624.26   5.508507421299302e-06
{"n": 14, "noise": "sc", "circ": "cnx-lin-borrowed-1"}: 0.1.0 1543536808.14   0.00014284331740062016
{"n": 14, "noise": "sc", "circ": "cnx-lin-borrowed-1"}: 0.1.0 1543536991.88   0.9849793362621229
{"n": 14, "noise": "sc", "circ": "cnx-lin-borrowed-1"}: 0.1.0 1543537171.61   3.827417188952056e-06
{"n": 14, "noise": "sc", "circ": "cnx-lin-borrowed-1"}: 0.1.0 1543537342.69   1.4838636789660557e-05
{"n": 14, "noise": "sc", "circ": "cnx-lin-borrowed-1"}: 0.1.0 1543537528.70   0.9848629911813376
{"n": 14, "noise": "sc", "circ": "cnx-lin-borrowed-1"}: 0.1.0 1543537715.06   1.039187635999939e-05
{"n": 14, "noise": "sc", "circ": "cnx-lin-borrowed-1"}: 0.1.0 1543537903.76   4.767952919930637e-06
{"n": 14, "noise": "sc", "circ": "cnx-lin-borrowed-1"}: 0.1.0 1543538076.77   5.57941540675644e-06
{"n": 14, "noise": "sc", "circ": "cnx-lin-borrowed-1"}: 0.1.0 1543538256.82   4.566259814112066e-06
{"n": 14, "noise": "sc", "circ": "cnx-lin-borrowed-1"}: 0.1.0 1543538440.33   7.569251593138073e-06
{"n": 14, "noise": "sc", "circ": "cnx-lin-borrowed-1"}: 0.1.0 1543538625.19   1.5992039064914727e-05
{"n": 14, "noise": "sc", "circ": "cnx-lin-borrowed-1"}: 0.1.0 1543538818.58   0.000112682961915283
=====
{"n": 14, "noise": "sc", "circ": "cnx-lin"}: 0.1.0 1543539786.35   2.0643993036572326e-05
{"n": 14, "noise": "sc", "circ": "cnx-lin"}: 0.1.0 1543540629.07   4.81136720726768e-05
{"n": 14, "noise": "sc", "circ": "cnx-lin"}: 0.1.0 1543541395.63   7.468527942096154e-06
{"n": 14, "noise": "sc", "circ": "cnx-lin"}: 0.1.0 1543542219.42   0.00025572840063836226
{"n": 14, "noise": "sc", "circ": "cnx-lin"}: 0.1.0 1543543132.86   5.2922364634471826e-05
{"n": 14, "noise": "sc", "circ": "cnx-lin"}: 0.1.0 1543544006.81   3.114825550753178e-06
{"n": 14, "noise": "sc", "circ": "cnx-lin"}: 0.1.0 1543544768.60   3.13798722704018e-05
{"n": 14, "noise": "sc", "circ": "cnx-lin"}: 0.1.0 1543545583.76   3.9817689486119296e-05
{"n": 14, "noise": "sc", "circ": "cnx-lin"}: 0.1.0 1543546518.35   2.4351985300885855e-05
{"n": 14, "noise": "sc", "circ": "cnx-lin"}: 0.1.0 1543547407.60   0.0002541357756257389
=====
{"n": 14, "noise": "sc-better-t1-and-gates", "circ": "cnx-btb"}: 0.1.0 1543548932.76   0.9999974629428767
{"n": 14, "noise": "sc-better-t1-and-gates", "circ": "cnx-btb"}: 0.1.0 1543550252.00   0.9999972295681571
{"n": 14, "noise": "sc-better-t1-and-gates", "circ": "cnx-btb"}: 0.1.0 1543551567.57   0.9999972336140114
{"n": 14, "noise": "sc-better-t1-and-gates", "circ": "cnx-btb"}: 0.1.0 1543552889.85   0.9999972392983414
{"n": 14, "noise": "sc-better-t1-and-gates", "circ": "cnx-btb"}: 0.1.0 1543554217.03   0.9999973819443759
{"n": 14, "noise": "sc-better-t1-and-gates", "circ": "cnx-btb"}: 0.1.0 1543555546.95   0.9999972319413948
{"n": 14, "noise": "sc-better-t1-and-gates", "circ": "cnx-btb"}: 0.1.0 1543556860.85   0.9999974427704007
{"n": 14, "noise": "sc-better-t1-and-gates", "circ": "cnx-btb"}: 0.1.0 1543558178.50   0.999997294711021
{"n": 14, "noise": "sc-better-t1-and-gates", "circ": "cnx-btb"}: 0.1.0 1543559497.49   0.9999974019743337
{"n": 14, "noise": "sc-better-t1-and-gates", "circ": "cnx-btb"}: 0.1.0 1543560815.22   2.2283203790615242e-05
{"n": 14, "noise": "sc-better-t1-and-gates", "circ": "cnx-btb"}: 0.1.0 1543562134.38   0.9999973603380101
{"n": 14, "noise": "sc-better-t1-and-gates", "circ": "cnx-btb"}: 0.1.0 1543563454.96   0.9999974326725043
{"n": 14, "noise": "sc-better-t1-and-gates", "circ": "cnx-btb"}: 0.1.0 1543564775.19   0.9999973180154907
{"n": 14, "noise": "sc-better-t1-and-gates", "circ": "cnx-btb"}: 0.1.0 1543566094.31   0.9999971944600938
{"n": 14, "noise": "sc-better-t1-and-gates", "circ": "cnx-btb"}: 0.1.0 1543567409.72   0.9999972235388718
{"n": 14, "noise": "sc-better-t1-and-gates", "circ": "cnx-btb"}: 0.1.0 1543568725.60   0.9999973806532165
{"n": 14, "noise": "sc-better-t1-and-gates", "circ": "cnx-btb"}: 0.1.0 1543570041.94   0.9999972987364719
{"n": 14, "noise": "sc-better-t1-and-gates", "circ": "cnx-btb"}: 0.1.0 1543571359.17   0.9999974095407519
{"n": 14, "noise": "sc-better-t1-and-gates", "circ": "cnx-btb"}: 0.1.0 1543572680.50   0.9999973538885715
{"n": 14, "noise": "sc-better-t1-and-gates", "circ": "cnx-btb"}: 0.1.0 1543573997.01   0.9999973141508043
{"n": 14, "noise": "sc-better-t1-and-gates", "circ": "cnx-btb"}: 0.1.0 1543575321.75   0.9999974081908625
{"n": 14, "noise": "sc-better-t1-and-gates", "circ": "cnx-btb"}: 0.1.0 1543576640.95   0.9999974097589872
{"n": 14, "noise": "sc-better-t1-and-gates", "circ": "cnx-btb"}: 0.1.0 1543577957.00   0.9999972663854363
{"n": 14, "noise": "sc-better-t1-and-gates", "circ": "cnx-btb"}: 0.1.0 1543579281.36   0.9999973013394529
{"n": 14, "noise": "sc-better-t1-and-gates", "circ": "cnx-btb"}: 0.1.0 1543580603.77   0.9999972593373041
{"n": 14, "noise": "sc-better-t1-and-gates", "circ": "cnx-btb"}: 0.1.0 1543581914.73   0.9999972212672666
{"n": 14, "noise": "sc-better-t1-and-gates", "circ": "cnx-btb"}: 0.1.0 1543583232.99   0.9999974946457364
{"n": 14, "noise": "sc-better-t1-and-gates", "circ": "cnx-btb"}: 0.1.0 1543584556.10   0.9999974022992449
{"n": 14, "noise": "sc-better-t1-and-gates", "circ": "cnx-btb"}: 0.1.0 1543585888.16   0.9999972276063336
{"n": 14, "noise": "sc-better-t1-and-gates", "circ": "cnx-btb"}: 0.1.0 1543587215.20   0.9999972108162367
{"n": 14, "noise": "sc-better-t1-and-gates", "circ": "cnx-btb"}: 0.1.0 1543588535.73   0.9999973096703452
{"n": 14, "noise": "sc-better-t1-and-gates", "circ": "cnx-btb"}: 0.1.0 1543589866.27   1.2379587009301215e-05
{"n": 14, "noise": "sc-better-t1-and-gates", "circ": "cnx-btb"}: 0.1.0 1543591188.73   0.9999971247018555
{"n": 14, "noise": "sc-better-t1-and-gates", "circ": "cnx-btb"}: 0.1.0 1543592512.59   0.9999973021041486
{"n": 14, "noise": "sc-better-t1-and-gates", "circ": "cnx-btb"}: 0.1.0 1543593829.41   0.9999973505911262
{"n": 14, "noise": "sc-better-t1-and-gates", "circ": "cnx-btb"}: 0.1.0 1543595149.92   0.9999971767758544
{"n": 14, "noise": "sc-better-t1-and-gates", "circ": "cnx-btb"}: 0.1.0 1543596465.46   1.039187100925693e-05
{"n": 14, "noise": "sc-better-t1-and-gates", "circ": "cnx-btb"}: 0.1.0 1543597786.04   6.906650068384492e-06
{"n": 14, "noise": "sc-better-t1-and-gates", "circ": "cnx-btb"}: 0.1.0 1543599103.46   0.9999972688938903
{"n": 14, "noise": "sc-better-t1-and-gates", "circ": "cnx-btb"}: 0.1.0 1543600413.73   2.49517624071636e-05
{"n": 14, "noise": "sc-better-t1-and-gates", "circ": "cnx-btb"}: 0.1.0 1543601734.81   0.9999971775578294
{"n": 14, "noise": "sc-better-t1-and-gates", "circ": "cnx-btb"}: 0.1.0 1543603059.23   0.9999972887472109
{"n": 14, "noise": "sc-better-t1-and-gates", "circ": "cnx-btb"}: 0.1.0 1543604379.28   0.999997334858237
{"n": 14, "noise": "sc-better-t1-and-gates", "circ": "cnx-btb"}: 0.1.0 1543605710.61   0.9999973133452136
{"n": 14, "noise": "sc-better-t1-and-gates", "circ": "cnx-btb"}: 0.1.0 1543607025.68   0.9999974060244905
{"n": 14, "noise": "sc-better-t1-and-gates", "circ": "cnx-btb"}: 0.1.0 1543608345.25   0.9999972363433353
{"n": 14, "noise": "sc-better-t1-and-gates", "circ": "cnx-btb"}: 0.1.0 1543609669.28   0.9999972737221919
{"n": 14, "noise": "sc-better-t1-and-gates", "circ": "cnx-btb"}: 0.1.0 1543610999.28   0.9999972474477495
{"n": 14, "noise": "sc-better-t1-and-gates", "circ": "cnx-btb"}: 0.1.0 1543612330.28   0.9999974603537578
{"n": 14, "noise": "sc-better-t1-and-gates", "circ": "cnx-btb"}: 0.1.0 1543613651.41   0.9999973879452213
{"n": 14, "noise": "sc-better-t1-and-gates", "circ": "cnx-btb"}: 0.1.0 1543614973.84   0.9999972728407678
