=====
{"n": 14, "noise": "sc-better-gates", "circ": "cnx-lin"}: 0.1.0 1543473107.23   2.5184707541259815e-05
{"n": 14, "noise": "sc-better-gates", "circ": "cnx-lin"}: 0.1.0 1543473968.34   9.549945300935743e-05
{"n": 14, "noise": "sc-better-gates", "circ": "cnx-lin"}: 0.1.0 1543474813.81   3.24840819752446e-05
{"n": 14, "noise": "sc-better-gates", "circ": "cnx-lin"}: 0.1.0 1543475700.89   4.1608229590014296e-05
{"n": 14, "noise": "sc-better-gates", "circ": "cnx-lin"}: 0.1.0 1543476544.46   3.982379635693151e-06
{"n": 14, "noise": "sc-better-gates", "circ": "cnx-lin"}: 0.1.0 1543477416.06   3.840441688449249e-06
{"n": 14, "noise": "sc-better-gates", "circ": "cnx-lin"}: 0.1.0 1543478266.12   5.081755614376784e-05
{"n": 14, "noise": "sc-better-gates", "circ": "cnx-lin"}: 0.1.0 1543479134.60   0.00020276052448549384
{"n": 14, "noise": "sc-better-gates", "circ": "cnx-lin"}: 0.1.0 1543479993.66   0.00014272971040010235
{"n": 14, "noise": "sc-better-gates", "circ": "cnx-lin"}: 0.1.0 1543480785.23   2.1916254680565416e-05
{"n": 14, "noise": "sc-better-gates", "circ": "cnx-lin"}: 0.1.0 1543481567.25   8.527989076470882e-06
{"n": 14, "noise": "sc-better-gates", "circ": "cnx-lin"}: 0.1.0 1543482419.16   0.00013025160146728435
{"n": 14, "noise": "sc-better-gates", "circ": "cnx-lin"}: 0.1.0 1543483328.24   3.104696911739439e-05
{"n": 14, "noise": "sc-better-gates", "circ": "cnx-lin"}: 0.1.0 1543484163.51   0.00010474088541375186
{"n": 14, "noise": "sc-better-gates", "circ": "cnx-lin"}: 0.1.0 1543484995.16   0.0001141141542074428
{"n": 14, "noise": "sc-better-gates", "circ": "cnx-lin"}: 0.1.0 1543485894.65   4.0768725682964525e-05
{"n": 14, "noise": "sc-better-gates", "circ": "cnx-lin"}: 0.1.0 1543486768.10   2.9505813224637932e-05
{"n": 14, "noise": "sc-better-gates", "circ": "cnx-lin"}: 0.1.0 1543487657.85   0.00013335764094597036
{"n": 14, "noise": "sc-better-gates", "circ": "cnx-lin"}: 0.1.0 1543488531.15   6.607710087058638e-05
{"n": 14, "noise": "sc-better-gates", "circ": "cnx-lin"}: 0.1.0 1543489364.98   1.2247899238477592e-05
{"n": 14, "noise": "sc-better-gates", "circ": "cnx-lin"}: 0.1.0 1543490205.97   4.886190283207978e-05
{"n": 14, "noise": "sc-better-gates", "circ": "cnx-lin"}: 0.1.0 1543491047.65   0.00040101033178977104
{"n": 14, "noise": "sc-better-gates", "circ": "cnx-lin"}: 0.1.0 1543491905.14   0.00015198836616771183
{"n": 14, "noise": "sc-better-gates", "circ": "cnx-lin"}: 0.1.0 1543492723.35   9.460446660924295e-06
{"n": 14, "noise": "sc-better-gates", "circ": "cnx-lin"}: 0.1.0 1543493614.61   0.00015686969215000944
{"n": 14, "noise": "sc-better-gates", "circ": "cnx-lin"}: 0.1.0 1543494450.09   2.7698861262725737e-05
{"n": 14, "noise": "sc-better-gates", "circ": "cnx-lin"}: 0.1.0 1543495307.45   5.90340805050482e-05
{"n": 14, "noise": "sc-better-gates", "circ": "cnx-lin"}: 0.1.0 1543496157.17   9.459601926936815e-05
{"n": 14, "noise": "sc-better-gates", "circ": "cnx-lin"}: 0.1.0 1543496991.87   0.00012332651968935334
{"n": 14, "noise": "sc-better-gates", "circ": "cnx-lin"}: 0.1.0 1543497842.42   1.4002908115072338e-05
{"n": 14, "noise": "sc-better-gates", "circ": "cnx-lin"}: 0.1.0 1543498679.41   8.812567194723901e-05
{"n": 14, "noise": "sc-better-gates", "circ": "cnx-lin"}: 0.1.0 1543499594.35   5.191853951541295e-06
{"n": 14, "noise": "sc-better-gates", "circ": "cnx-lin"}: 0.1.0 1543500470.29   8.379869406025305e-05
{"n": 14, "noise": "sc-better-gates", "circ": "cnx-lin"}: 0.1.0 1543501374.83   1.6247478912007455e-05
{"n": 14, "noise": "sc-better-gates", "circ": "cnx-lin"}: 0.1.0 1543502234.81   8.187404354740642e-08
{"n": 14, "noise": "sc-better-gates", "circ": "cnx-lin"}: 0.1.0 1543503117.18   1.3362264004135529e-05
{"n": 14, "noise": "sc-better-gates", "circ": "cnx-lin"}: 0.1.0 1543504041.08   4.791717167141932e-05
{"n": 14, "noise": "sc-better-gates", "circ": "cnx-lin"}: 0.1.0 1543504954.32   0.00021444248466282487
{"n": 14, "noise": "sc-better-gates", "circ": "cnx-lin"}: 0.1.0 1543505815.98   0.00016643717547761778
{"n": 14, "noise": "sc-better-gates", "circ": "cnx-lin"}: 0.1.0 1543506668.87   2.3700765735254125e-05
{"n": 14, "noise": "sc-better-gates", "circ": "cnx-lin"}: 0.1.0 1543507498.12   4.4679643127737104e-05
{"n": 14, "noise": "sc-better-gates", "circ": "cnx-lin"}: 0.1.0 1543508366.76   9.005690722055532e-05
{"n": 14, "noise": "sc-better-gates", "circ": "cnx-lin"}: 0.1.0 1543509215.23   7.687365097854064e-06
{"n": 14, "noise": "sc-better-gates", "circ": "cnx-lin"}: 0.1.0 1543510113.17   1.6504237578707904e-05
{"n": 14, "noise": "sc-better-gates", "circ": "cnx-lin"}: 0.1.0 1543510999.61   0.00023378171193727716
{"n": 14, "noise": "sc-better-gates", "circ": "cnx-lin"}: 0.1.0 1543511889.27   7.179570091310735e-05
{"n": 14, "noise": "sc-better-gates", "circ": "cnx-lin"}: 0.1.0 1543512712.00   3.6325153403630777e-05
{"n": 14, "noise": "sc-better-gates", "circ": "cnx-lin"}: 0.1.0 1543513549.59   4.5363753735446425e-05
{"n": 14, "noise": "sc-better-gates", "circ": "cnx-lin"}: 0.1.0 1543514360.15   2.4685424760646955e-05
{"n": 14, "noise": "sc-better-gates", "circ": "cnx-lin"}: 0.1.0 1543515245.94   1.1454258457561586e-05
{"n": 14, "noise": "sc-better-gates", "circ": "cnx-lin"}: 0.1.0 1543516124.67   3.968377752366013e-05
{"n": 14, "noise": "sc-better-gates", "circ": "cnx-lin"}: 0.1.0 1543516996.39   2.544096644245335e-05
{"n": 14, "noise": "sc-better-gates", "circ": "cnx-lin"}: 0.1.0 1543517858.18   0.0002708343414705949
{"n": 14, "noise": "sc-better-gates", "circ": "cnx-lin"}: 0.1.0 1543518661.16   7.15227391065751e-05
{"n": 14, "noise": "sc-better-gates", "circ": "cnx-lin"}: 0.1.0 1543519530.11   2.8611281354039904e-05
{"n": 14, "noise": "sc-better-gates", "circ": "cnx-lin"}: 0.1.0 1543520326.07   0.0001729881495610382
{"n": 14, "noise": "sc-better-gates", "circ": "cnx-lin"}: 0.1.0 1543521269.10   2.9488200341580927e-05
{"n": 14, "noise": "sc-better-gates", "circ": "cnx-lin"}: 0.1.0 1543522129.88   3.9802212878204965e-06
{"n": 14, "noise": "sc-better-gates", "circ": "cnx-lin"}: 0.1.0 1543523000.47   2.6555078974925496e-05
{"n": 14, "noise": "sc-better-gates", "circ": "cnx-lin"}: 0.1.0 1543523864.43   1.9898326822967108e-05
=====
{"n": 14, "noise": "sc-better-gates", "circ": "cnx-lin-borrowed-1"}: 0.1.0 1543525049.63   0.0001502214618024364
{"n": 14, "noise": "sc-better-gates", "circ": "cnx-lin-borrowed-1"}: 0.1.0 1543525230.10   0.9849427357795947
{"n": 14, "noise": "sc-better-gates", "circ": "cnx-lin-borrowed-1"}: 0.1.0 1543525416.42   8.736382181692312e-06
{"n": 14, "noise": "sc-better-gates", "circ": "cnx-lin-borrowed-1"}: 0.1.0 1543525587.84   0.9851011956245651
{"n": 14, "noise": "sc-better-gates", "circ": "cnx-lin-borrowed-1"}: 0.1.0 1543525771.54   2.645407978360658e-05
{"n": 14, "noise": "sc-better-gates", "circ": "cnx-lin-borrowed-1"}: 0.1.0 1543525963.18   0.00013786167759712058
{"n": 14, "noise": "sc-better-gates", "circ": "cnx-lin-borrowed-1"}: 0.1.0 1543526151.48   1.7060721076502215e-05
{"n": 14, "noise": "sc-better-gates", "circ": "cnx-lin-borrowed-1"}: 0.1.0 1543526335.91   2.5954914293098356e-05
{"n": 14, "noise": "sc-better-gates", "circ": "cnx-lin-borrowed-1"}: 0.1.0 1543526520.78   3.5766574163895366e-06
{"n": 14, "noise": "sc-better-gates", "circ": "cnx-lin-borrowed-1"}: 0.1.0 1543526691.82   0.984679587948312
{"n": 14, "noise": "sc-better-gates", "circ": "cnx-lin-borrowed-1"}: 0.1.0 1543526872.73   0.9850176112575839
{"n": 14, "noise": "sc-better-gates", "circ": "cnx-lin-borrowed-1"}: 0.1.0 1543527050.13   4.002337615134769e-05
{"n": 14, "noise": "sc-better-gates", "circ": "cnx-lin-borrowed-1"}: 0.1.0 1543527231.75   3.892042657539607e-05
{"n": 14, "noise": "sc-better-gates", "circ": "cnx-lin-borrowed-1"}: 0.1.0 1543527400.23   3.900146018191168e-05
{"n": 14, "noise": "sc-better-gates", "circ": "cnx-lin-borrowed-1"}: 0.1.0 1543527584.47   4.9231960426497694e-05
{"n": 14, "noise": "sc-better-gates", "circ": "cnx-lin-borrowed-1"}: 0.1.0 1543527776.25   0.9849419505241613
{"n": 14, "noise": "sc-better-gates", "circ": "cnx-lin-borrowed-1"}: 0.1.0 1543527962.21   2.0179022045586864e-05
{"n": 14, "noise": "sc-better-gates", "circ": "cnx-lin-borrowed-1"}: 0.1.0 1543528141.16   4.2917364659572255e-05
{"n": 14, "noise": "sc-better-gates", "circ": "cnx-lin-borrowed-1"}: 0.1.0 1543528319.75   3.0805740918078945e-05
{"n": 14, "noise": "sc-better-gates", "circ": "cnx-lin-borrowed-1"}: 0.1.0 1543528493.94   3.9167674138866745e-05
{"n": 14, "noise": "sc-better-gates", "circ": "cnx-lin-borrowed-1"}: 0.1.0 1543528669.39   4.393849308667922e-05
{"n": 14, "noise": "sc-better-gates", "circ": "cnx-lin-borrowed-1"}: 0.1.0 1543528841.36   0.9849109983618702
{"n": 14, "noise": "sc-better-gates", "circ": "cnx-lin-borrowed-1"}: 0.1.0 1543529013.83   5.674369111125653e-05
{"n": 14, "noise": "sc-better-gates", "circ": "cnx-lin-borrowed-1"}: 0.1.0 1543529197.97   7.126069892601317e-05
{"n": 14, "noise": "sc-better-gates", "circ": "cnx-lin-borrowed-1"}: 0.1.0 1543529370.21   8.065699804687102e-06
{"n": 14, "noise": "sc-better-gates", "circ": "cnx-lin-borrowed-1"}: 0.1.0 1543529544.15   9.385018273715806e-05
{"n": 14, "noise": "sc-better-gates", "circ": "cnx-lin-borrowed-1"}: 0.1.0 1543529712.97   0.9848157303920413
{"n": 14, "noise": "sc-better-gates", "circ": "cnx-lin-borrowed-1"}: 0.1.0 1543529893.98   0.9848124520339551
{"n": 14, "noise": "sc-better-gates", "circ": "cnx-lin-borrowed-1"}: 0.1.0 1543530061.38   2.887396043020814e-06
{"n": 14, "noise": "sc-better-gates", "circ": "cnx-lin-borrowed-1"}: 0.1.0 1543530225.42   5.000871722287967e-05
{"n": 14, "noise": "sc-better-gates", "circ": "cnx-lin-borrowed-1"}: 0.1.0 1543530399.98   0.984859945760553
{"n": 14, "noise": "sc-better-gates", "circ": "cnx-lin-borrowed-1"}: 0.1.0 1543530575.88   2.1173306757141632e-05
{"n": 14, "noise": "sc-better-gates", "circ": "cnx-lin-borrowed-1"}: 0.1.0 1543530749.00   4.038784481401928e-06
{"n": 14, "noise": "sc-better-gates", "circ": "cnx-lin-borrowed-1"}: 0.1.0 1543530926.49   0.9849949347859481
{"n": 14, "noise": "sc-better-gates", "circ": "cnx-lin-borrowed-1"}: 0.1.0 1543531120.79   8.788741600165655e-05
{"n": 14, "noise": "sc-better-gates", "circ": "cnx-lin-borrowed-1"}: 0.1.0 1543531308.04   0.00018241941921512145
{"n": 14, "noise": "sc-better-gates", "circ": "cnx-lin-borrowed-1"}: 0.1.0 1543531491.64   3.982643056108144e-05
{"n": 14, "noise": "sc-better-gates", "circ": "cnx-lin-borrowed-1"}: 0.1.0 1543531673.08   2.5870666181154916e-05
{"n": 14, "noise": "sc-better-gates", "circ": "cnx-lin-borrowed-1"}: 0.1.0 1543531848.79   0.9848610974955747
{"n": 14, "noise": "sc-better-gates", "circ": "cnx-lin-borrowed-1"}: 0.1.0 1543532030.17   8.169821629340689e-06
{"n": 14, "noise": "sc-better-gates", "circ": "cnx-lin-borrowed-1"}: 0.1.0 1543532207.22   0.984865116091058
{"n": 14, "noise": "sc-better-gates", "circ": "cnx-lin-borrowed-1"}: 0.1.0 1543532385.60   0.9849696266517073
{"n": 14, "noise": "sc-better-gates", "circ": "cnx-lin-borrowed-1"}: 0.1.0 1543532568.10   1.4372323157192966e-06
{"n": 14, "noise": "sc-better-gates", "circ": "cnx-lin-borrowed-1"}: 0.1.0 1543532750.42   1.4291095176011574e-05
{"n": 14, "noise": "sc-better-gates", "circ": "cnx-lin-borrowed-1"}: 0.1.0 1543532929.07   0.984832518668536
{"n": 14, "noise": "sc-better-gates", "circ": "cnx-lin-borrowed-1"}: 0.1.0 1543533103.92   0.9848026449234034
{"n": 14, "noise": "sc-better-gates", "circ": "cnx-lin-borrowed-1"}: 0.1.0 1543533282.10   9.071872050300322e-05
{"n": 14, "noise": "sc-better-gates", "circ": "cnx-lin-borrowed-1"}: 0.1.0 1543533463.45   6.352224033404072e-05
{"n": 14, "noise": "sc-better-gates", "circ": "cnx-lin-borrowed-1"}: 0.1.0 1543533639.66   5.3403314507333056e-05
{"n": 14, "noise": "sc-better-gates", "circ": "cnx-lin-borrowed-1"}: 0.1.0 1543533818.53   0.9847630580634403
{"n": 14, "noise": "sc-better-gates", "circ": "cnx-lin-borrowed-1"}: 0.1.0 1543533988.16   0.9849848947363027
{"n": 14, "noise": "sc-better-gates", "circ": "cnx-lin-borrowed-1"}: 0.1.0 1543534163.52   2.3526346062020757e-05
{"n": 14, "noise": "sc-better-gates", "circ": "cnx-lin-borrowed-1"}: 0.1.0 1543534349.01   6.96938552396333e-05
{"n": 14, "noise": "sc-better-gates", "circ": "cnx-lin-borrowed-1"}: 0.1.0 1543534535.18   2.482365206575766e-06
{"n": 14, "noise": "sc-better-gates", "circ": "cnx-lin-borrowed-1"}: 0.1.0 1543534711.01   1.4162832242830379e-05
{"n": 14, "noise": "sc-better-gates", "circ": "cnx-lin-borrowed-1"}: 0.1.0 1543534896.03   0.9848866511205511
{"n": 14, "noise": "sc-better-gates", "circ": "cnx-lin-borrowed-1"}: 0.1.0 1543535078.12   0.9849575314963029
{"n": 14, "noise": "sc-better-gates", "circ": "cnx-lin-borrowed-1"}: 0.1.0 1543535265.01   7.443390437538496e-05
{"n": 14, "noise": "sc-better-gates", "circ": "cnx-lin-borrowed-1"}: 0.1.0 1543535453.88   3.9944693703778485e-05
{"n": 14, "noise": "sc-better-gates", "circ": "cnx-lin-borrowed-1"}: 0.1.0 1543535637.25   2.1131984238313906e-06
{"n": 14, "noise": "sc-better-gates", "circ": "cnx-lin-borrowed-1"}: 0.1.0 1543535805.90   0.9848814725649332
{"n": 14, "noise": "sc-better-gates", "circ": "cnx-lin-borrowed-1"}: 0.1.0 1543535983.35   2.2367199382047874e-05
{"n": 14, "noise": "sc-better-gates", "circ": "cnx-lin-borrowed-1"}: 0.1.0 1543536160.33   0.9849587632184904
{"n": 14, "noise": "sc-better-gates", "circ": "cnx-lin-borrowed-1"}: 0.1.0 1543536340.68   2.420525206726004e-06
{"n": 14, "noise": "sc-better-gates", "circ": "cnx-lin-borrowed-1"}: 0.1.0 1543536517.40   1.3662347775983615e-05
{"n": 14, "noise": "sc-better-gates", "circ": "cnx-lin-borrowed-1"}: 0.1.0 1543536705.24   0.9848690046082468
{"n": 14, "noise": "sc-better-gates", "circ": "cnx-lin-borrowed-1"}: 0.1.0 1543536884.14   8.512873511715658e-07
{"n": 14, "noise": "sc-better-gates", "circ": "cnx-lin-borrowed-1"}: 0.1.0 1543537059.01   4.2325816889106386e-05
{"n": 14, "noise": "sc-better-gates", "circ": "cnx-lin-borrowed-1"}: 0.1.0 1543537247.20   2.7784791282762343e-05
{"n": 14, "noise": "sc-better-gates", "circ": "cnx-lin-borrowed-1"}: 0.1.0 1543537426.12   2.9510287787704475e-07
{"n": 14, "noise": "sc-better-gates", "circ": "cnx-lin-borrowed-1"}: 0.1.0 1543537599.12   5.486706866611409e-05
{"n": 14, "noise": "sc-better-gates", "circ": "cnx-lin-borrowed-1"}: 0.1.0 1543537771.53   1.9064006863565965e-05
{"n": 14, "noise": "sc-better-gates", "circ": "cnx-lin-borrowed-1"}: 0.1.0 1543537957.10   0.9849762748170945
{"n": 14, "noise": "sc-better-gates", "circ": "cnx-lin-borrowed-1"}: 0.1.0 1543538140.92   9.661666132463227e-06
{"n": 14, "noise": "sc-better-gates", "circ": "cnx-lin-borrowed-1"}: 0.1.0 1543538315.67   0.9849059085948382
{"n": 14, "noise": "sc-better-gates", "circ": "cnx-lin-borrowed-1"}: 0.1.0 1543538497.02   0.9848668403530132
{"n": 14, "noise": "sc-better-gates", "circ": "cnx-lin-borrowed-1"}: 0.1.0 1543538684.56   1.1316667124180223e-05
{"n": 14, "noise": "sc-better-gates", "circ": "cnx-lin-borrowed-1"}: 0.1.0 1543538856.21   3.726391905685567e-05
=====
{"n": 14, "noise": "sc-better-gates", "circ": "cnx-lin"}: 0.1.0 1543539723.69   0.0001226925764186061
{"n": 14, "noise": "sc-better-gates", "circ": "cnx-lin"}: 0.1.0 1543540616.78   3.2370557774047114e-05
{"n": 14, "noise": "sc-better-gates", "circ": "cnx-lin"}: 0.1.0 1543541437.83   8.671736541349657e-05
{"n": 14, "noise": "sc-better-gates", "circ": "cnx-lin"}: 0.1.0 1543542253.26   6.23458910711775e-07
{"n": 14, "noise": "sc-better-gates", "circ": "cnx-lin"}: 0.1.0 1543543074.45   4.066157408353509e-05
{"n": 14, "noise": "sc-better-gates", "circ": "cnx-lin"}: 0.1.0 1543543936.92   5.23200964478702e-05
{"n": 14, "noise": "sc-better-gates", "circ": "cnx-lin"}: 0.1.0 1543544784.42   4.560470321613154e-05
{"n": 14, "noise": "sc-better-gates", "circ": "cnx-lin"}: 0.1.0 1543545613.37   5.0915412259012846e-05
{"n": 14, "noise": "sc-better-gates", "circ": "cnx-lin"}: 0.1.0 1543546456.15   2.9626192347754954e-06
{"n": 14, "noise": "sc-better-gates", "circ": "cnx-lin"}: 0.1.0 1543547352.22   4.076913279099684e-05
=====
{"n": 14, "noise": "sc", "circ": "cnx-lin"}: 0.1.0 1543548377.15   2.7025379480486273e-05
{"n": 14, "noise": "sc", "circ": "cnx-lin"}: 0.1.0 1543549220.37   0.00010226662567528192
{"n": 14, "noise": "sc", "circ": "cnx-lin"}: 0.1.0 1543550067.12   2.438074879082343e-05
{"n": 14, "noise": "sc", "circ": "cnx-lin"}: 0.1.0 1543550933.81   4.0883017468383315e-05
{"n": 14, "noise": "sc", "circ": "cnx-lin"}: 0.1.0 1543551797.68   2.0650738541386623e-05
{"n": 14, "noise": "sc", "circ": "cnx-lin"}: 0.1.0 1543552645.67   1.8372559143869578e-05
{"n": 14, "noise": "sc", "circ": "cnx-lin"}: 0.1.0 1543553435.86   5.0450587290241476e-05
{"n": 14, "noise": "sc", "circ": "cnx-lin"}: 0.1.0 1543554310.74   0.00012075708891308577
{"n": 14, "noise": "sc", "circ": "cnx-lin"}: 0.1.0 1543555127.03   0.00014097001105995314
{"n": 14, "noise": "sc", "circ": "cnx-lin"}: 0.1.0 1543555952.50   0.00018893133208525335
{"n": 14, "noise": "sc", "circ": "cnx-lin"}: 0.1.0 1543556812.77   4.228731878566995e-05
{"n": 14, "noise": "sc", "circ": "cnx-lin"}: 0.1.0 1543557677.27   2.6997213301627428e-05
{"n": 14, "noise": "sc", "circ": "cnx-lin"}: 0.1.0 1543558569.49   4.249822313053198e-06
{"n": 14, "noise": "sc", "circ": "cnx-lin"}: 0.1.0 1543559447.88   4.757963194538465e-05
{"n": 14, "noise": "sc", "circ": "cnx-lin"}: 0.1.0 1543560323.64   0.00014589577224449464
{"n": 14, "noise": "sc", "circ": "cnx-lin"}: 0.1.0 1543561155.36   4.9721766765529996e-05
{"n": 14, "noise": "sc", "circ": "cnx-lin"}: 0.1.0 1543561955.17   4.0320873617922266e-05
{"n": 14, "noise": "sc", "circ": "cnx-lin"}: 0.1.0 1543562836.15   7.855262390721019e-05
{"n": 14, "noise": "sc", "circ": "cnx-lin"}: 0.1.0 1543563709.09   3.488444053173228e-05
{"n": 14, "noise": "sc", "circ": "cnx-lin"}: 0.1.0 1543564638.93   1.5008032312118358e-05
{"n": 14, "noise": "sc", "circ": "cnx-lin"}: 0.1.0 1543565535.93   2.2840362109743163e-05
{"n": 14, "noise": "sc", "circ": "cnx-lin"}: 0.1.0 1543566346.73   2.394128447431928e-05
{"n": 14, "noise": "sc", "circ": "cnx-lin"}: 0.1.0 1543567242.16   7.610706178517391e-05
{"n": 14, "noise": "sc", "circ": "cnx-lin"}: 0.1.0 1543568094.53   0.00016479291960778673
{"n": 14, "noise": "sc", "circ": "cnx-lin"}: 0.1.0 1543568972.67   0.00012345938850625432
{"n": 14, "noise": "sc", "circ": "cnx-lin"}: 0.1.0 1543569816.22   2.290063806079375e-05
{"n": 14, "noise": "sc", "circ": "cnx-lin"}: 0.1.0 1543570718.60   5.3044915688333666e-05
{"n": 14, "noise": "sc", "circ": "cnx-lin"}: 0.1.0 1543571643.22   5.01598558186154e-05
{"n": 14, "noise": "sc", "circ": "cnx-lin"}: 0.1.0 1543572556.67   1.039197734160389e-05
{"n": 14, "noise": "sc", "circ": "cnx-lin"}: 0.1.0 1543573426.53   4.3358953791280386e-05
{"n": 14, "noise": "sc", "circ": "cnx-lin"}: 0.1.0 1543574285.24   2.8463621118918158e-05
{"n": 14, "noise": "sc", "circ": "cnx-lin"}: 0.1.0 1543575236.48   0.00012465314400982144
{"n": 14, "noise": "sc", "circ": "cnx-lin"}: 0.1.0 1543576089.66   0.00010922772798315399
{"n": 14, "noise": "sc", "circ": "cnx-lin"}: 0.1.0 1543576991.99   6.839332850580866e-05
{"n": 14, "noise": "sc", "circ": "cnx-lin"}: 0.1.0 1543577908.12   6.242037745370976e-05
{"n": 14, "noise": "sc", "circ": "cnx-lin"}: 0.1.0 1543578851.30   8.18155148589132e-05
{"n": 14, "noise": "sc", "circ": "cnx-lin"}: 0.1.0 1543579803.85   6.866734304671094e-05
{"n": 14, "noise": "sc", "circ": "cnx-lin"}: 0.1.0 1543580760.60   7.867298190115832e-05
{"n": 14, "noise": "sc", "circ": "cnx-lin"}: 0.1.0 1543581664.57   2.7274778911733977e-05
{"n": 14, "noise": "sc", "circ": "cnx-lin"}: 0.1.0 1543582608.55   5.370289688365414e-05
{"n": 14, "noise": "sc", "circ": "cnx-lin"}: 0.1.0 1543583467.99   0.00012341890727263422
{"n": 14, "noise": "sc", "circ": "cnx-lin"}: 0.1.0 1543584382.41   0.00012303545187336722
{"n": 14, "noise": "sc", "circ": "cnx-lin"}: 0.1.0 1543585321.20   1.82455508444111e-05
{"n": 14, "noise": "sc", "circ": "cnx-lin"}: 0.1.0 1543586257.10   0.000263178841846353
{"n": 14, "noise": "sc", "circ": "cnx-lin"}: 0.1.0 1543587145.82   7.224630966645272e-05
{"n": 14, "noise": "sc", "circ": "cnx-lin"}: 0.1.0 1543588068.65   4.6860453866945765e-05
{"n": 14, "noise": "sc", "circ": "cnx-lin"}: 0.1.0 1543588988.44   5.6295785006052806e-05
{"n": 14, "noise": "sc", "circ": "cnx-lin"}: 0.1.0 1543589871.84   9.6205180970952e-05
{"n": 14, "noise": "sc", "circ": "cnx-lin"}: 0.1.0 1543590753.32   4.810224539455171e-05
{"n": 14, "noise": "sc", "circ": "cnx-lin"}: 0.1.0 1543591682.22   0.00013144082904730295
{"n": 14, "noise": "sc", "circ": "cnx-lin"}: 0.1.0 1543592576.26   3.086339341703804e-05
{"n": 14, "noise": "sc", "circ": "cnx-lin"}: 0.1.0 1543593449.83   0.00014947937917321138
{"n": 14, "noise": "sc", "circ": "cnx-lin"}: 0.1.0 1543594259.09   1.0728216662977093e-05
{"n": 14, "noise": "sc", "circ": "cnx-lin"}: 0.1.0 1543595137.10   1.7876233919965496e-06
{"n": 14, "noise": "sc", "circ": "cnx-lin"}: 0.1.0 1543596056.44   1.0675829723905343e-06
{"n": 14, "noise": "sc", "circ": "cnx-lin"}: 0.1.0 1543596868.63   0.00022810798690486487
{"n": 14, "noise": "sc", "circ": "cnx-lin"}: 0.1.0 1543597755.69   8.026122250635937e-06
{"n": 14, "noise": "sc", "circ": "cnx-lin"}: 0.1.0 1543598649.37   0.0001190331048329737
{"n": 14, "noise": "sc", "circ": "cnx-lin"}: 0.1.0 1543599561.23   6.330271505618292e-05
{"n": 14, "noise": "sc", "circ": "cnx-lin"}: 0.1.0 1543600462.76   2.605503706172063e-05
{"n": 14, "noise": "sc", "circ": "cnx-lin"}: 0.1.0 1543601317.30   4.1617767137320476e-05
{"n": 14, "noise": "sc", "circ": "cnx-lin"}: 0.1.0 1543602154.84   0.00012482244798284127
{"n": 14, "noise": "sc", "circ": "cnx-lin"}: 0.1.0 1543603039.34   9.809792531376069e-05
{"n": 14, "noise": "sc", "circ": "cnx-lin"}: 0.1.0 1543603848.16   9.147961323136881e-05
{"n": 14, "noise": "sc", "circ": "cnx-lin"}: 0.1.0 1543604729.89   4.067418909003225e-05
{"n": 14, "noise": "sc", "circ": "cnx-lin"}: 0.1.0 1543605612.77   0.00013334476332880392
{"n": 14, "noise": "sc", "circ": "cnx-lin"}: 0.1.0 1543606467.88   1.8721676575604988e-05
{"n": 14, "noise": "sc", "circ": "cnx-lin"}: 0.1.0 1543607348.39   7.284091846459027e-05
{"n": 14, "noise": "sc", "circ": "cnx-lin"}: 0.1.0 1543608241.20   0.00015021908342737915
{"n": 14, "noise": "sc", "circ": "cnx-lin"}: 0.1.0 1543609157.98   0.00010501204970356257
{"n": 14, "noise": "sc", "circ": "cnx-lin"}: 0.1.0 1543610061.78   0.00012579874198850839
{"n": 14, "noise": "sc", "circ": "cnx-lin"}: 0.1.0 1543610974.83   1.0422128915434326e-06
{"n": 14, "noise": "sc", "circ": "cnx-lin"}: 0.1.0 1543611844.69   8.785166869096933e-05
{"n": 14, "noise": "sc", "circ": "cnx-lin"}: 0.1.0 1543612761.89   1.864259965086262e-05
{"n": 14, "noise": "sc", "circ": "cnx-lin"}: 0.1.0 1543613667.60   9.432587703610809e-05
{"n": 14, "noise": "sc", "circ": "cnx-lin"}: 0.1.0 1543614561.13   0.00010498973830571502
