=====
{"n": 14, "noise": "sc-better-gates", "circ": "cnx-btb"}: 0.1.0 1543473543.15   0.9997384795538705
{"n": 14, "noise": "sc-better-gates", "circ": "cnx-btb"}: 0.1.0 1543474849.22   4.8260003357583595e-05
{"n": 14, "noise": "sc-better-gates", "circ": "cnx-btb"}: 0.1.0 1543476143.04   2.086840946830924e-05
{"n": 14, "noise": "sc-better-gates", "circ": "cnx-btb"}: 0.1.0 1543477448.40   0.9997381324191094
{"n": 14, "noise": "sc-better-gates", "circ": "cnx-btb"}: 0.1.0 1543478741.63   0.9997320731375072
{"n": 14, "noise": "sc-better-gates", "circ": "cnx-btb"}: 0.1.0 1543480041.54   4.0284752849281315e-06
{"n": 14, "noise": "sc-better-gates", "circ": "cnx-btb"}: 0.1.0 1543481343.20   0.9997335865206547
{"n": 14, "noise": "sc-better-gates", "circ": "cnx-btb"}: 0.1.0 1543482639.18   0.00012637966292009464
{"n": 14, "noise": "sc-better-gates", "circ": "cnx-btb"}: 0.1.0 1543483933.97   0.999734805080701
{"n": 14, "noise": "sc-better-gates", "circ": "cnx-btb"}: 0.1.0 1543485233.98   0.9997383405025321
{"n": 14, "noise": "sc-better-gates", "circ": "cnx-btb"}: 0.1.0 1543486542.19   0.9997375434440445
{"n": 14, "noise": "sc-better-gates", "circ": "cnx-btb"}: 0.1.0 1543487847.74   0.10854697222292702
{"n": 14, "noise": "sc-better-gates", "circ": "cnx-btb"}: 0.1.0 1543489151.05   0.9997331342374474
{"n": 14, "noise": "sc-better-gates", "circ": "cnx-btb"}: 0.1.0 1543490458.14   0.9997347837271424
{"n": 14, "noise": "sc-better-gates", "circ": "cnx-btb"}: 0.1.0 1543491761.96   0.9997299031070929
{"n": 14, "noise": "sc-better-gates", "circ": "cnx-btb"}: 0.1.0 1543493069.67   0.9997293423007524
{"n": 14, "noise": "sc-better-gates", "circ": "cnx-btb"}: 0.1.0 1543494382.20   0.9997368009946158
{"n": 14, "noise": "sc-better-gates", "circ": "cnx-btb"}: 0.1.0 1543495683.03   0.9997360231562444
{"n": 14, "noise": "sc-better-gates", "circ": "cnx-btb"}: 0.1.0 1543496996.91   0.999737452252001
{"n": 14, "noise": "sc-better-gates", "circ": "cnx-btb"}: 0.1.0 1543498300.08   0.9997347660868129
{"n": 14, "noise": "sc-better-gates", "circ": "cnx-btb"}: 0.1.0 1543499598.25   2.6188312345700967e-05
{"n": 14, "noise": "sc-better-gates", "circ": "cnx-btb"}: 0.1.0 1543500903.14   0.999728878088958
{"n": 14, "noise": "sc-better-gates", "circ": "cnx-btb"}: 0.1.0 1543502214.98   0.9997305844050638
{"n": 14, "noise": "sc-better-gates", "circ": "cnx-btb"}: 0.1.0 1543503521.94   0.9997359909614691
{"n": 14, "noise": "sc-better-gates", "circ": "cnx-btb"}: 0.1.0 1543504823.58   0.9997346006896113
{"n": 14, "noise": "sc-better-gates", "circ": "cnx-btb"}: 0.1.0 1543506122.01   0.9997324572730341
{"n": 14, "noise": "sc-better-gates", "circ": "cnx-btb"}: 0.1.0 1543507423.41   0.9997355678951713
{"n": 14, "noise": "sc-better-gates", "circ": "cnx-btb"}: 0.1.0 1543508727.24   0.9997321038888675
{"n": 14, "noise": "sc-better-gates", "circ": "cnx-btb"}: 0.1.0 1543510035.82   0.0
{"n": 14, "noise": "sc-better-gates", "circ": "cnx-btb"}: 0.1.0 1543511347.31   0.9997310566211794
{"n": 14, "noise": "sc-better-gates", "circ": "cnx-btb"}: 0.1.0 1543512643.10   0.999734960350373
{"n": 14, "noise": "sc-better-gates", "circ": "cnx-btb"}: 0.1.0 1543513942.69   0.9997297806966783
{"n": 14, "noise": "sc-better-gates", "circ": "cnx-btb"}: 0.1.0 1543515244.89   0.9997326909143567
{"n": 14, "noise": "sc-better-gates", "circ": "cnx-btb"}: 0.1.0 1543516551.75   0.9997317388301866
{"n": 14, "noise": "sc-better-gates", "circ": "cnx-btb"}: 0.1.0 1543517861.78   0.9997285049410354
{"n": 14, "noise": "sc-better-gates", "circ": "cnx-btb"}: 0.1.0 1543519167.64   0.9997347061745526
{"n": 14, "noise": "sc-better-gates", "circ": "cnx-btb"}: 0.1.0 1543520480.49   0.9997297255731161
{"n": 14, "noise": "sc-better-gates", "circ": "cnx-btb"}: 0.1.0 1543521790.66   0.9997347635939093
{"n": 14, "noise": "sc-better-gates", "circ": "cnx-btb"}: 0.1.0 1543523098.24   0.9997361344969031
=====
{"n": 14, "noise": "sc", "circ": "cnx-lin"}: 0.1.0 1543525757.81   5.142561037179078e-05
{"n": 14, "noise": "sc", "circ": "cnx-lin"}: 0.1.0 1543526663.31   0.00021507913524303904
{"n": 14, "noise": "sc", "circ": "cnx-lin"}: 0.1.0 1543527589.76   2.1692056889436634e-05
{"n": 14, "noise": "sc", "circ": "cnx-lin"}: 0.1.0 1543528510.09   0.0002648316208530737
{"n": 14, "noise": "sc", "circ": "cnx-lin"}: 0.1.0 1543529496.51   2.307586399520233e-05
{"n": 14, "noise": "sc", "circ": "cnx-lin"}: 0.1.0 1543530449.17   7.418742026321477e-05
{"n": 14, "noise": "sc", "circ": "cnx-lin"}: 0.1.0 1543531368.11   5.3656228565143465e-05
{"n": 14, "noise": "sc", "circ": "cnx-lin"}: 0.1.0 1543532322.09   7.778117007769312e-05
{"n": 14, "noise": "sc", "circ": "cnx-lin"}: 0.1.0 1543533272.61   9.94138049786249e-06
{"n": 14, "noise": "sc", "circ": "cnx-lin"}: 0.1.0 1543534234.46   8.191668163227735e-05
{"n": 14, "noise": "sc", "circ": "cnx-lin"}: 0.1.0 1543535227.58   5.279608547519384e-05
{"n": 14, "noise": "sc", "circ": "cnx-lin"}: 0.1.0 1543536195.43   8.464735385564202e-05
{"n": 14, "noise": "sc", "circ": "cnx-lin"}: 0.1.0 1543537171.33   4.20501660751315e-05
{"n": 14, "noise": "sc", "circ": "cnx-lin"}: 0.1.0 1543538150.83   4.8751243533957074e-05
=====
{"n": 14, "noise": "sc-better-gates", "circ": "cnx-btb"}: 0.1.0 1543540222.29   0.9997311441089318
{"n": 14, "noise": "sc-better-gates", "circ": "cnx-btb"}: 0.1.0 1543541540.91   9.793815921638556e-05
{"n": 14, "noise": "sc-better-gates", "circ": "cnx-btb"}: 0.1.0 1543542865.37   7.579762057895952e-05
{"n": 14, "noise": "sc-better-gates", "circ": "cnx-btb"}: 0.1.0 1543544168.84   0.9997320243246477
{"n": 14, "noise": "sc-better-gates", "circ": "cnx-btb"}: 0.1.0 1543545476.00   0.9997324797626014
{"n": 14, "noise": "sc-better-gates", "circ": "cnx-btb"}: 0.1.0 1543546788.72   0.9997371681058509
=====
{"n": 14, "noise": "sc-better-t1", "circ": "cnx-btb"}: 0.1.0 1543548887.23   4.1335108185088664e-05
{"n": 14, "noise": "sc-better-t1", "circ": "cnx-btb"}: 0.1.0 1543550192.63   4.6041123185363896e-05
{"n": 14, "noise": "sc-better-t1", "circ": "cnx-btb"}: 0.1.0 1543551493.31   0.9999972559632059
{"n": 14, "noise": "sc-better-t1", "circ": "cnx-btb"}: 0.1.0 1543552793.48   0.99999719688556
{"n": 14, "noise": "sc-better-t1", "circ": "cnx-btb"}: 0.1.0 1543554093.97   0.005103271013284379
{"n": 14, "noise": "sc-better-t1", "circ": "cnx-btb"}: 0.1.0 1543555392.84   0.9999973975643873
{"n": 14, "noise": "sc-better-t1", "circ": "cnx-btb"}: 0.1.0 1543556689.79   4.226393678013733e-06
{"n": 14, "noise": "sc-better-t1", "circ": "cnx-btb"}: 0.1.0 1543557988.60   9.007399386550475e-06
{"n": 14, "noise": "sc-better-t1", "circ": "cnx-btb"}: 0.1.0 1543559291.46   2.5203512984403693e-05
{"n": 14, "noise": "sc-better-t1", "circ": "cnx-btb"}: 0.1.0 1543560598.13   0.9999973813009977
{"n": 14, "noise": "sc-better-t1", "circ": "cnx-btb"}: 0.1.0 1543561889.56   0.9999972677039276
{"n": 14, "noise": "sc-better-t1", "circ": "cnx-btb"}: 0.1.0 1543563182.26   9.728081516275428e-06
{"n": 14, "noise": "sc-better-t1", "circ": "cnx-btb"}: 0.1.0 1543564477.43   0.9999974393696301
{"n": 14, "noise": "sc-better-t1", "circ": "cnx-btb"}: 0.1.0 1543565780.81   0.9999972976370188
{"n": 14, "noise": "sc-better-t1", "circ": "cnx-btb"}: 0.1.0 1543567073.37   0.9999971959752357
{"n": 14, "noise": "sc-better-t1", "circ": "cnx-btb"}: 0.1.0 1543568374.14   0.0034494834051118795
{"n": 14, "noise": "sc-better-t1", "circ": "cnx-btb"}: 0.1.0 1543569663.42   0.9999973325605538
{"n": 14, "noise": "sc-better-t1", "circ": "cnx-btb"}: 0.1.0 1543570966.14   0.999997211662727
{"n": 14, "noise": "sc-better-t1", "circ": "cnx-btb"}: 0.1.0 1543572269.45   0.9999973860776126
{"n": 14, "noise": "sc-better-t1", "circ": "cnx-btb"}: 0.1.0 1543573557.46   2.2755304069555273e-06
{"n": 14, "noise": "sc-better-t1", "circ": "cnx-btb"}: 0.1.0 1543574848.27   0.9999972753780451
{"n": 14, "noise": "sc-better-t1", "circ": "cnx-btb"}: 0.1.0 1543576150.60   0.99999741706447
{"n": 14, "noise": "sc-better-t1", "circ": "cnx-btb"}: 0.1.0 1543577441.31   0.9999971949650057
{"n": 14, "noise": "sc-better-t1", "circ": "cnx-btb"}: 0.1.0 1543578744.44   0.9999973239559345
{"n": 14, "noise": "sc-better-t1", "circ": "cnx-btb"}: 0.1.0 1543580045.32   0.9999974652286574
{"n": 14, "noise": "sc-better-t1", "circ": "cnx-btb"}: 0.1.0 1543581334.71   0.9999974965120236
{"n": 14, "noise": "sc-better-t1", "circ": "cnx-btb"}: 0.1.0 1543582633.24   0.9999972170832877
{"n": 14, "noise": "sc-better-t1", "circ": "cnx-btb"}: 0.1.0 1543583935.62   0.006772751131118465
{"n": 14, "noise": "sc-better-t1", "circ": "cnx-btb"}: 0.1.0 1543585226.69   0.9999973355980323
{"n": 14, "noise": "sc-better-t1", "circ": "cnx-btb"}: 0.1.0 1543586524.26   0.9999972525000509
{"n": 14, "noise": "sc-better-t1", "circ": "cnx-btb"}: 0.1.0 1543587828.56   0.0
{"n": 14, "noise": "sc-better-t1", "circ": "cnx-btb"}: 0.1.0 1543589127.22   0.9999973272574638
{"n": 14, "noise": "sc-better-t1", "circ": "cnx-btb"}: 0.1.0 1543590423.98   0.9999972487544758
{"n": 14, "noise": "sc-better-t1", "circ": "cnx-btb"}: 0.1.0 1543591727.34   0.999997364151881
{"n": 14, "noise": "sc-better-t1", "circ": "cnx-btb"}: 0.1.0 1543593028.64   0.9999973300201833
{"n": 14, "noise": "sc-better-t1", "circ": "cnx-btb"}: 0.1.0 1543594338.47   0.003793377419532346
{"n": 14, "noise": "sc-better-t1", "circ": "cnx-btb"}: 0.1.0 1543595637.16   1.951336309815234e-06
{"n": 14, "noise": "sc-better-t1", "circ": "cnx-btb"}: 0.1.0 1543596929.35   0.014656694621555803
{"n": 14, "noise": "sc-better-t1", "circ": "cnx-btb"}: 0.1.0 1543598231.41   0.00014096598133499471
{"n": 14, "noise": "sc-better-t1", "circ": "cnx-btb"}: 0.1.0 1543599528.23   0.9999974032809269
{"n": 14, "noise": "sc-better-t1", "circ": "cnx-btb"}: 0.1.0 1543600836.21   0.999997389617588
{"n": 14, "noise": "sc-better-t1", "circ": "cnx-btb"}: 0.1.0 1543602139.51   0.9999974840788683
{"n": 14, "noise": "sc-better-t1", "circ": "cnx-btb"}: 0.1.0 1543603439.85   0.9999973669146729
{"n": 14, "noise": "sc-better-t1", "circ": "cnx-btb"}: 0.1.0 1543604738.69   0.9999972595906746
{"n": 14, "noise": "sc-better-t1", "circ": "cnx-btb"}: 0.1.0 1543606042.43   0.9999974053610682
{"n": 14, "noise": "sc-better-t1", "circ": "cnx-btb"}: 0.1.0 1543607338.62   1.1608857183341907e-05
{"n": 14, "noise": "sc-better-t1", "circ": "cnx-btb"}: 0.1.0 1543608647.17   3.7190097086767765e-05
{"n": 14, "noise": "sc-better-t1", "circ": "cnx-btb"}: 0.1.0 1543609960.23   0.9999974798194695
{"n": 14, "noise": "sc-better-t1", "circ": "cnx-btb"}: 0.1.0 1543611255.75   0.99999726407533
{"n": 14, "noise": "sc-better-t1", "circ": "cnx-btb"}: 0.1.0 1543612555.44   1.3825755548641887e-05
{"n": 14, "noise": "sc-better-t1", "circ": "cnx-btb"}: 0.1.0 1543613862.90   2.778808106838742e-06
{"n": 14, "noise": "sc-better-t1", "circ": "cnx-btb"}: 0.1.0 1543615158.64   0.9999972975749803
